[2024-01-26T12:56:05.097+0000] {processor.py:157} INFO - Started process (PID=34) to work on /opt/airflow/dags/create_dag_with_python_operator.py
[2024-01-26T12:56:05.106+0000] {processor.py:826} INFO - Processing file /opt/airflow/dags/create_dag_with_python_operator.py for tasks to queue
[2024-01-26T12:56:05.119+0000] {logging_mixin.py:149} INFO - [2024-01-26T12:56:05.112+0000] {dagbag.py:541} INFO - Filling up the DagBag from /opt/airflow/dags/create_dag_with_python_operator.py
[2024-01-26T12:56:05.378+0000] {processor.py:836} INFO - DAG(s) dict_keys(['our_dag_with_python_operator_v07']) retrieved from /opt/airflow/dags/create_dag_with_python_operator.py
[2024-01-26T12:56:06.431+0000] {logging_mixin.py:149} INFO - [2024-01-26T12:56:06.430+0000] {manager.py:504} INFO - Created Permission View: can delete on DAG:our_dag_with_python_operator_v07
[2024-01-26T12:56:06.478+0000] {logging_mixin.py:149} INFO - [2024-01-26T12:56:06.478+0000] {manager.py:504} INFO - Created Permission View: can edit on DAG:our_dag_with_python_operator_v07
[2024-01-26T12:56:06.516+0000] {logging_mixin.py:149} INFO - [2024-01-26T12:56:06.515+0000] {manager.py:504} INFO - Created Permission View: can read on DAG:our_dag_with_python_operator_v07
[2024-01-26T12:56:06.576+0000] {logging_mixin.py:149} INFO - [2024-01-26T12:56:06.576+0000] {dag.py:2726} INFO - Sync 1 DAGs
[2024-01-26T12:56:06.629+0000] {logging_mixin.py:149} INFO - [2024-01-26T12:56:06.628+0000] {dag.py:2747} INFO - Creating ORM DAG for our_dag_with_python_operator_v07
[2024-01-26T12:56:06.680+0000] {logging_mixin.py:149} INFO - [2024-01-26T12:56:06.679+0000] {dag.py:3486} INFO - Setting next_dagrun for our_dag_with_python_operator_v07 to 2024-01-24T16:00:00+00:00, run_after=2024-01-25T16:00:00+00:00
[2024-01-26T12:56:06.748+0000] {processor.py:179} INFO - Processing /opt/airflow/dags/create_dag_with_python_operator.py took 1.673 seconds
[2024-01-26T12:56:36.955+0000] {processor.py:157} INFO - Started process (PID=51) to work on /opt/airflow/dags/create_dag_with_python_operator.py
[2024-01-26T12:56:36.964+0000] {processor.py:826} INFO - Processing file /opt/airflow/dags/create_dag_with_python_operator.py for tasks to queue
[2024-01-26T12:56:36.970+0000] {logging_mixin.py:149} INFO - [2024-01-26T12:56:36.969+0000] {dagbag.py:541} INFO - Filling up the DagBag from /opt/airflow/dags/create_dag_with_python_operator.py
[2024-01-26T12:56:37.143+0000] {processor.py:836} INFO - DAG(s) dict_keys(['our_dag_with_python_operator_v07']) retrieved from /opt/airflow/dags/create_dag_with_python_operator.py
[2024-01-26T12:56:37.724+0000] {logging_mixin.py:149} INFO - [2024-01-26T12:56:37.724+0000] {dag.py:2726} INFO - Sync 1 DAGs
[2024-01-26T12:56:37.873+0000] {logging_mixin.py:149} INFO - [2024-01-26T12:56:37.872+0000] {dag.py:3486} INFO - Setting next_dagrun for our_dag_with_python_operator_v07 to 2024-01-24T16:00:00+00:00, run_after=2024-01-25T16:00:00+00:00
[2024-01-26T12:56:37.959+0000] {processor.py:179} INFO - Processing /opt/airflow/dags/create_dag_with_python_operator.py took 1.027 seconds
[2024-01-26T12:57:09.182+0000] {processor.py:157} INFO - Started process (PID=68) to work on /opt/airflow/dags/create_dag_with_python_operator.py
[2024-01-26T12:57:09.216+0000] {processor.py:826} INFO - Processing file /opt/airflow/dags/create_dag_with_python_operator.py for tasks to queue
[2024-01-26T12:57:09.238+0000] {logging_mixin.py:149} INFO - [2024-01-26T12:57:09.235+0000] {dagbag.py:541} INFO - Filling up the DagBag from /opt/airflow/dags/create_dag_with_python_operator.py
[2024-01-26T12:57:09.569+0000] {processor.py:836} INFO - DAG(s) dict_keys(['our_dag_with_python_operator_v07']) retrieved from /opt/airflow/dags/create_dag_with_python_operator.py
[2024-01-26T12:57:10.130+0000] {logging_mixin.py:149} INFO - [2024-01-26T12:57:10.128+0000] {dag.py:2726} INFO - Sync 1 DAGs
[2024-01-26T12:57:11.416+0000] {logging_mixin.py:149} INFO - [2024-01-26T12:57:11.415+0000] {dag.py:3486} INFO - Setting next_dagrun for our_dag_with_python_operator_v07 to 2024-01-24T16:00:00+00:00, run_after=2024-01-25T16:00:00+00:00
[2024-01-26T12:57:14.966+0000] {processor.py:179} INFO - Processing /opt/airflow/dags/create_dag_with_python_operator.py took 5.855 seconds
[2024-01-26T12:57:47.669+0000] {processor.py:157} INFO - Started process (PID=84) to work on /opt/airflow/dags/create_dag_with_python_operator.py
[2024-01-26T12:57:47.709+0000] {processor.py:826} INFO - Processing file /opt/airflow/dags/create_dag_with_python_operator.py for tasks to queue
[2024-01-26T12:57:47.732+0000] {logging_mixin.py:149} INFO - [2024-01-26T12:57:47.731+0000] {dagbag.py:541} INFO - Filling up the DagBag from /opt/airflow/dags/create_dag_with_python_operator.py
[2024-01-26T12:57:47.976+0000] {processor.py:836} INFO - DAG(s) dict_keys(['our_dag_with_python_operator_v07']) retrieved from /opt/airflow/dags/create_dag_with_python_operator.py
[2024-01-26T12:57:48.558+0000] {logging_mixin.py:149} INFO - [2024-01-26T12:57:48.555+0000] {dag.py:2726} INFO - Sync 1 DAGs
[2024-01-26T12:57:50.765+0000] {logging_mixin.py:149} INFO - [2024-01-26T12:57:50.763+0000] {dag.py:3486} INFO - Setting next_dagrun for our_dag_with_python_operator_v07 to 2024-01-24T16:00:00+00:00, run_after=2024-01-25T16:00:00+00:00
[2024-01-26T12:57:51.105+0000] {processor.py:179} INFO - Processing /opt/airflow/dags/create_dag_with_python_operator.py took 3.513 seconds
[2024-01-26T12:58:21.548+0000] {processor.py:157} INFO - Started process (PID=100) to work on /opt/airflow/dags/create_dag_with_python_operator.py
[2024-01-26T12:58:21.553+0000] {processor.py:826} INFO - Processing file /opt/airflow/dags/create_dag_with_python_operator.py for tasks to queue
[2024-01-26T12:58:21.559+0000] {logging_mixin.py:149} INFO - [2024-01-26T12:58:21.559+0000] {dagbag.py:541} INFO - Filling up the DagBag from /opt/airflow/dags/create_dag_with_python_operator.py
[2024-01-26T12:58:21.612+0000] {processor.py:836} INFO - DAG(s) dict_keys(['our_dag_with_python_operator_v07']) retrieved from /opt/airflow/dags/create_dag_with_python_operator.py
[2024-01-26T12:58:21.708+0000] {logging_mixin.py:149} INFO - [2024-01-26T12:58:21.708+0000] {dag.py:2726} INFO - Sync 1 DAGs
[2024-01-26T12:58:22.015+0000] {logging_mixin.py:149} INFO - [2024-01-26T12:58:22.015+0000] {dag.py:3486} INFO - Setting next_dagrun for our_dag_with_python_operator_v07 to 2024-01-24T16:00:00+00:00, run_after=2024-01-25T16:00:00+00:00
[2024-01-26T12:58:22.057+0000] {processor.py:179} INFO - Processing /opt/airflow/dags/create_dag_with_python_operator.py took 0.522 seconds
[2024-01-26T12:58:53.033+0000] {processor.py:157} INFO - Started process (PID=116) to work on /opt/airflow/dags/create_dag_with_python_operator.py
[2024-01-26T12:58:53.037+0000] {processor.py:826} INFO - Processing file /opt/airflow/dags/create_dag_with_python_operator.py for tasks to queue
[2024-01-26T12:58:53.041+0000] {logging_mixin.py:149} INFO - [2024-01-26T12:58:53.041+0000] {dagbag.py:541} INFO - Filling up the DagBag from /opt/airflow/dags/create_dag_with_python_operator.py
[2024-01-26T12:58:53.079+0000] {processor.py:836} INFO - DAG(s) dict_keys(['our_dag_with_python_operator_v07']) retrieved from /opt/airflow/dags/create_dag_with_python_operator.py
[2024-01-26T12:58:53.336+0000] {logging_mixin.py:149} INFO - [2024-01-26T12:58:53.336+0000] {dag.py:2726} INFO - Sync 1 DAGs
[2024-01-26T12:58:53.381+0000] {logging_mixin.py:149} INFO - [2024-01-26T12:58:53.381+0000] {dag.py:3486} INFO - Setting next_dagrun for our_dag_with_python_operator_v07 to 2024-01-24T16:00:00+00:00, run_after=2024-01-25T16:00:00+00:00
[2024-01-26T12:58:53.416+0000] {processor.py:179} INFO - Processing /opt/airflow/dags/create_dag_with_python_operator.py took 0.394 seconds
[2024-01-26T12:59:24.099+0000] {processor.py:157} INFO - Started process (PID=132) to work on /opt/airflow/dags/create_dag_with_python_operator.py
[2024-01-26T12:59:24.105+0000] {processor.py:826} INFO - Processing file /opt/airflow/dags/create_dag_with_python_operator.py for tasks to queue
[2024-01-26T12:59:24.109+0000] {logging_mixin.py:149} INFO - [2024-01-26T12:59:24.109+0000] {dagbag.py:541} INFO - Filling up the DagBag from /opt/airflow/dags/create_dag_with_python_operator.py
[2024-01-26T12:59:24.689+0000] {processor.py:836} INFO - DAG(s) dict_keys(['our_dag_with_python_operator_v07']) retrieved from /opt/airflow/dags/create_dag_with_python_operator.py
[2024-01-26T12:59:24.790+0000] {logging_mixin.py:149} INFO - [2024-01-26T12:59:24.789+0000] {dag.py:2726} INFO - Sync 1 DAGs
[2024-01-26T12:59:24.868+0000] {logging_mixin.py:149} INFO - [2024-01-26T12:59:24.867+0000] {dag.py:3486} INFO - Setting next_dagrun for our_dag_with_python_operator_v07 to 2024-01-24T16:00:00+00:00, run_after=2024-01-25T16:00:00+00:00
[2024-01-26T12:59:24.937+0000] {processor.py:179} INFO - Processing /opt/airflow/dags/create_dag_with_python_operator.py took 0.851 seconds
[2024-01-26T12:59:55.325+0000] {processor.py:157} INFO - Started process (PID=148) to work on /opt/airflow/dags/create_dag_with_python_operator.py
[2024-01-26T12:59:55.330+0000] {processor.py:826} INFO - Processing file /opt/airflow/dags/create_dag_with_python_operator.py for tasks to queue
[2024-01-26T12:59:55.336+0000] {logging_mixin.py:149} INFO - [2024-01-26T12:59:55.335+0000] {dagbag.py:541} INFO - Filling up the DagBag from /opt/airflow/dags/create_dag_with_python_operator.py
[2024-01-26T12:59:55.387+0000] {processor.py:836} INFO - DAG(s) dict_keys(['our_dag_with_python_operator_v07']) retrieved from /opt/airflow/dags/create_dag_with_python_operator.py
[2024-01-26T12:59:55.474+0000] {logging_mixin.py:149} INFO - [2024-01-26T12:59:55.474+0000] {dag.py:2726} INFO - Sync 1 DAGs
[2024-01-26T12:59:55.544+0000] {logging_mixin.py:149} INFO - [2024-01-26T12:59:55.544+0000] {dag.py:3486} INFO - Setting next_dagrun for our_dag_with_python_operator_v07 to 2024-01-24T16:00:00+00:00, run_after=2024-01-25T16:00:00+00:00
[2024-01-26T12:59:55.596+0000] {processor.py:179} INFO - Processing /opt/airflow/dags/create_dag_with_python_operator.py took 0.283 seconds
[2024-01-26T13:00:25.734+0000] {processor.py:157} INFO - Started process (PID=164) to work on /opt/airflow/dags/create_dag_with_python_operator.py
[2024-01-26T13:00:25.743+0000] {processor.py:826} INFO - Processing file /opt/airflow/dags/create_dag_with_python_operator.py for tasks to queue
[2024-01-26T13:00:25.752+0000] {logging_mixin.py:149} INFO - [2024-01-26T13:00:25.751+0000] {dagbag.py:541} INFO - Filling up the DagBag from /opt/airflow/dags/create_dag_with_python_operator.py
[2024-01-26T13:00:25.844+0000] {processor.py:836} INFO - DAG(s) dict_keys(['our_dag_with_python_operator_v07']) retrieved from /opt/airflow/dags/create_dag_with_python_operator.py
[2024-01-26T13:00:26.108+0000] {logging_mixin.py:149} INFO - [2024-01-26T13:00:26.108+0000] {dag.py:2726} INFO - Sync 1 DAGs
[2024-01-26T13:00:26.245+0000] {logging_mixin.py:149} INFO - [2024-01-26T13:00:26.244+0000] {dag.py:3486} INFO - Setting next_dagrun for our_dag_with_python_operator_v07 to 2024-01-24T16:00:00+00:00, run_after=2024-01-25T16:00:00+00:00
[2024-01-26T13:00:26.335+0000] {processor.py:179} INFO - Processing /opt/airflow/dags/create_dag_with_python_operator.py took 0.617 seconds
[2024-01-26T13:00:56.674+0000] {processor.py:157} INFO - Started process (PID=180) to work on /opt/airflow/dags/create_dag_with_python_operator.py
[2024-01-26T13:00:56.677+0000] {processor.py:826} INFO - Processing file /opt/airflow/dags/create_dag_with_python_operator.py for tasks to queue
[2024-01-26T13:00:56.681+0000] {logging_mixin.py:149} INFO - [2024-01-26T13:00:56.680+0000] {dagbag.py:541} INFO - Filling up the DagBag from /opt/airflow/dags/create_dag_with_python_operator.py
[2024-01-26T13:00:56.717+0000] {processor.py:836} INFO - DAG(s) dict_keys(['our_dag_with_python_operator_v07']) retrieved from /opt/airflow/dags/create_dag_with_python_operator.py
[2024-01-26T13:00:56.779+0000] {logging_mixin.py:149} INFO - [2024-01-26T13:00:56.779+0000] {dag.py:2726} INFO - Sync 1 DAGs
[2024-01-26T13:00:56.831+0000] {logging_mixin.py:149} INFO - [2024-01-26T13:00:56.831+0000] {dag.py:3486} INFO - Setting next_dagrun for our_dag_with_python_operator_v07 to 2024-01-24T16:00:00+00:00, run_after=2024-01-25T16:00:00+00:00
[2024-01-26T13:00:56.868+0000] {processor.py:179} INFO - Processing /opt/airflow/dags/create_dag_with_python_operator.py took 0.203 seconds
[2024-01-26T13:01:27.160+0000] {processor.py:157} INFO - Started process (PID=196) to work on /opt/airflow/dags/create_dag_with_python_operator.py
[2024-01-26T13:01:27.166+0000] {processor.py:826} INFO - Processing file /opt/airflow/dags/create_dag_with_python_operator.py for tasks to queue
[2024-01-26T13:01:27.169+0000] {logging_mixin.py:149} INFO - [2024-01-26T13:01:27.168+0000] {dagbag.py:541} INFO - Filling up the DagBag from /opt/airflow/dags/create_dag_with_python_operator.py
[2024-01-26T13:01:27.198+0000] {processor.py:836} INFO - DAG(s) dict_keys(['our_dag_with_python_operator_v07']) retrieved from /opt/airflow/dags/create_dag_with_python_operator.py
[2024-01-26T13:01:27.256+0000] {logging_mixin.py:149} INFO - [2024-01-26T13:01:27.256+0000] {dag.py:2726} INFO - Sync 1 DAGs
[2024-01-26T13:01:27.300+0000] {logging_mixin.py:149} INFO - [2024-01-26T13:01:27.300+0000] {dag.py:3486} INFO - Setting next_dagrun for our_dag_with_python_operator_v07 to 2024-01-24T16:00:00+00:00, run_after=2024-01-25T16:00:00+00:00
[2024-01-26T13:01:27.333+0000] {processor.py:179} INFO - Processing /opt/airflow/dags/create_dag_with_python_operator.py took 0.179 seconds
[2024-01-26T13:01:58.332+0000] {processor.py:157} INFO - Started process (PID=212) to work on /opt/airflow/dags/create_dag_with_python_operator.py
[2024-01-26T13:01:58.339+0000] {processor.py:826} INFO - Processing file /opt/airflow/dags/create_dag_with_python_operator.py for tasks to queue
[2024-01-26T13:01:58.361+0000] {logging_mixin.py:149} INFO - [2024-01-26T13:01:58.360+0000] {dagbag.py:541} INFO - Filling up the DagBag from /opt/airflow/dags/create_dag_with_python_operator.py
[2024-01-26T13:01:58.420+0000] {processor.py:836} INFO - DAG(s) dict_keys(['our_dag_with_python_operator_v07']) retrieved from /opt/airflow/dags/create_dag_with_python_operator.py
[2024-01-26T13:01:58.500+0000] {logging_mixin.py:149} INFO - [2024-01-26T13:01:58.499+0000] {dag.py:2726} INFO - Sync 1 DAGs
[2024-01-26T13:01:58.579+0000] {logging_mixin.py:149} INFO - [2024-01-26T13:01:58.579+0000] {dag.py:3486} INFO - Setting next_dagrun for our_dag_with_python_operator_v07 to 2024-01-24T16:00:00+00:00, run_after=2024-01-25T16:00:00+00:00
[2024-01-26T13:01:58.626+0000] {processor.py:179} INFO - Processing /opt/airflow/dags/create_dag_with_python_operator.py took 0.301 seconds
[2024-01-26T13:02:28.955+0000] {processor.py:157} INFO - Started process (PID=228) to work on /opt/airflow/dags/create_dag_with_python_operator.py
[2024-01-26T13:02:28.963+0000] {processor.py:826} INFO - Processing file /opt/airflow/dags/create_dag_with_python_operator.py for tasks to queue
[2024-01-26T13:02:28.968+0000] {logging_mixin.py:149} INFO - [2024-01-26T13:02:28.967+0000] {dagbag.py:541} INFO - Filling up the DagBag from /opt/airflow/dags/create_dag_with_python_operator.py
[2024-01-26T13:02:28.997+0000] {processor.py:836} INFO - DAG(s) dict_keys(['our_dag_with_python_operator_v07']) retrieved from /opt/airflow/dags/create_dag_with_python_operator.py
[2024-01-26T13:02:29.121+0000] {logging_mixin.py:149} INFO - [2024-01-26T13:02:29.120+0000] {dag.py:2726} INFO - Sync 1 DAGs
[2024-01-26T13:02:29.198+0000] {logging_mixin.py:149} INFO - [2024-01-26T13:02:29.198+0000] {dag.py:3486} INFO - Setting next_dagrun for our_dag_with_python_operator_v07 to 2024-01-24T16:00:00+00:00, run_after=2024-01-25T16:00:00+00:00
[2024-01-26T13:02:29.250+0000] {processor.py:179} INFO - Processing /opt/airflow/dags/create_dag_with_python_operator.py took 0.322 seconds
[2024-01-26T13:02:59.316+0000] {processor.py:157} INFO - Started process (PID=244) to work on /opt/airflow/dags/create_dag_with_python_operator.py
[2024-01-26T13:02:59.320+0000] {processor.py:826} INFO - Processing file /opt/airflow/dags/create_dag_with_python_operator.py for tasks to queue
[2024-01-26T13:02:59.322+0000] {logging_mixin.py:149} INFO - [2024-01-26T13:02:59.322+0000] {dagbag.py:541} INFO - Filling up the DagBag from /opt/airflow/dags/create_dag_with_python_operator.py
[2024-01-26T13:02:59.354+0000] {processor.py:836} INFO - DAG(s) dict_keys(['our_dag_with_python_operator_v07']) retrieved from /opt/airflow/dags/create_dag_with_python_operator.py
[2024-01-26T13:02:59.415+0000] {logging_mixin.py:149} INFO - [2024-01-26T13:02:59.415+0000] {dag.py:2726} INFO - Sync 1 DAGs
[2024-01-26T13:02:59.467+0000] {logging_mixin.py:149} INFO - [2024-01-26T13:02:59.467+0000] {dag.py:3486} INFO - Setting next_dagrun for our_dag_with_python_operator_v07 to 2024-01-24T16:00:00+00:00, run_after=2024-01-25T16:00:00+00:00
[2024-01-26T13:02:59.498+0000] {processor.py:179} INFO - Processing /opt/airflow/dags/create_dag_with_python_operator.py took 0.188 seconds
[2024-01-26T13:03:29.849+0000] {processor.py:157} INFO - Started process (PID=260) to work on /opt/airflow/dags/create_dag_with_python_operator.py
[2024-01-26T13:03:29.854+0000] {processor.py:826} INFO - Processing file /opt/airflow/dags/create_dag_with_python_operator.py for tasks to queue
[2024-01-26T13:03:29.860+0000] {logging_mixin.py:149} INFO - [2024-01-26T13:03:29.859+0000] {dagbag.py:541} INFO - Filling up the DagBag from /opt/airflow/dags/create_dag_with_python_operator.py
[2024-01-26T13:03:29.928+0000] {processor.py:836} INFO - DAG(s) dict_keys(['our_dag_with_python_operator_v07']) retrieved from /opt/airflow/dags/create_dag_with_python_operator.py
[2024-01-26T13:03:30.029+0000] {logging_mixin.py:149} INFO - [2024-01-26T13:03:30.029+0000] {dag.py:2726} INFO - Sync 1 DAGs
[2024-01-26T13:03:30.094+0000] {logging_mixin.py:149} INFO - [2024-01-26T13:03:30.094+0000] {dag.py:3486} INFO - Setting next_dagrun for our_dag_with_python_operator_v07 to 2024-01-24T16:00:00+00:00, run_after=2024-01-25T16:00:00+00:00
[2024-01-26T13:03:30.141+0000] {processor.py:179} INFO - Processing /opt/airflow/dags/create_dag_with_python_operator.py took 0.303 seconds
[2024-01-26T13:04:01.927+0000] {processor.py:157} INFO - Started process (PID=276) to work on /opt/airflow/dags/create_dag_with_python_operator.py
[2024-01-26T13:04:01.938+0000] {processor.py:826} INFO - Processing file /opt/airflow/dags/create_dag_with_python_operator.py for tasks to queue
[2024-01-26T13:04:01.945+0000] {logging_mixin.py:149} INFO - [2024-01-26T13:04:01.944+0000] {dagbag.py:541} INFO - Filling up the DagBag from /opt/airflow/dags/create_dag_with_python_operator.py
[2024-01-26T13:04:02.087+0000] {processor.py:836} INFO - DAG(s) dict_keys(['our_dag_with_python_operator_v07']) retrieved from /opt/airflow/dags/create_dag_with_python_operator.py
[2024-01-26T13:04:02.260+0000] {logging_mixin.py:149} INFO - [2024-01-26T13:04:02.260+0000] {dag.py:2726} INFO - Sync 1 DAGs
[2024-01-26T13:04:02.352+0000] {logging_mixin.py:149} INFO - [2024-01-26T13:04:02.352+0000] {dag.py:3486} INFO - Setting next_dagrun for our_dag_with_python_operator_v07 to 2024-01-24T16:00:00+00:00, run_after=2024-01-25T16:00:00+00:00
[2024-01-26T13:04:02.414+0000] {processor.py:179} INFO - Processing /opt/airflow/dags/create_dag_with_python_operator.py took 0.509 seconds
[2024-01-26T13:04:32.837+0000] {processor.py:157} INFO - Started process (PID=291) to work on /opt/airflow/dags/create_dag_with_python_operator.py
[2024-01-26T13:04:32.840+0000] {processor.py:826} INFO - Processing file /opt/airflow/dags/create_dag_with_python_operator.py for tasks to queue
[2024-01-26T13:04:32.844+0000] {logging_mixin.py:149} INFO - [2024-01-26T13:04:32.844+0000] {dagbag.py:541} INFO - Filling up the DagBag from /opt/airflow/dags/create_dag_with_python_operator.py
[2024-01-26T13:04:32.883+0000] {processor.py:836} INFO - DAG(s) dict_keys(['our_dag_with_python_operator_v07']) retrieved from /opt/airflow/dags/create_dag_with_python_operator.py
[2024-01-26T13:04:32.972+0000] {logging_mixin.py:149} INFO - [2024-01-26T13:04:32.971+0000] {dag.py:2726} INFO - Sync 1 DAGs
[2024-01-26T13:04:33.067+0000] {logging_mixin.py:149} INFO - [2024-01-26T13:04:33.066+0000] {dag.py:3486} INFO - Setting next_dagrun for our_dag_with_python_operator_v07 to 2024-01-24T16:00:00+00:00, run_after=2024-01-25T16:00:00+00:00
[2024-01-26T13:04:33.144+0000] {processor.py:179} INFO - Processing /opt/airflow/dags/create_dag_with_python_operator.py took 0.315 seconds
[2024-01-26T13:12:04.858+0000] {processor.py:157} INFO - Started process (PID=42) to work on /opt/airflow/dags/create_dag_with_python_operator.py
[2024-01-26T13:12:04.885+0000] {processor.py:826} INFO - Processing file /opt/airflow/dags/create_dag_with_python_operator.py for tasks to queue
[2024-01-26T13:12:04.900+0000] {logging_mixin.py:149} INFO - [2024-01-26T13:12:04.898+0000] {dagbag.py:541} INFO - Filling up the DagBag from /opt/airflow/dags/create_dag_with_python_operator.py
[2024-01-26T13:12:05.193+0000] {processor.py:836} INFO - DAG(s) dict_keys(['our_dag_with_python_operator_v07']) retrieved from /opt/airflow/dags/create_dag_with_python_operator.py
[2024-01-26T13:12:05.822+0000] {logging_mixin.py:149} INFO - [2024-01-26T13:12:05.821+0000] {dag.py:2726} INFO - Sync 1 DAGs
[2024-01-26T13:12:06.041+0000] {logging_mixin.py:149} INFO - [2024-01-26T13:12:06.040+0000] {dag.py:3486} INFO - Setting next_dagrun for our_dag_with_python_operator_v07 to 2024-01-24T16:00:00+00:00, run_after=2024-01-25T16:00:00+00:00
[2024-01-26T13:12:06.236+0000] {processor.py:179} INFO - Processing /opt/airflow/dags/create_dag_with_python_operator.py took 1.453 seconds
[2024-01-26T13:12:37.187+0000] {processor.py:157} INFO - Started process (PID=56) to work on /opt/airflow/dags/create_dag_with_python_operator.py
[2024-01-26T13:12:37.200+0000] {processor.py:826} INFO - Processing file /opt/airflow/dags/create_dag_with_python_operator.py for tasks to queue
[2024-01-26T13:12:37.212+0000] {logging_mixin.py:149} INFO - [2024-01-26T13:12:37.211+0000] {dagbag.py:541} INFO - Filling up the DagBag from /opt/airflow/dags/create_dag_with_python_operator.py
[2024-01-26T13:12:37.505+0000] {processor.py:836} INFO - DAG(s) dict_keys(['our_dag_with_python_operator_v07']) retrieved from /opt/airflow/dags/create_dag_with_python_operator.py
[2024-01-26T13:12:37.898+0000] {logging_mixin.py:149} INFO - [2024-01-26T13:12:37.897+0000] {dag.py:2726} INFO - Sync 1 DAGs
[2024-01-26T13:12:38.360+0000] {logging_mixin.py:149} INFO - [2024-01-26T13:12:38.359+0000] {dag.py:3486} INFO - Setting next_dagrun for our_dag_with_python_operator_v07 to 2024-01-24T16:00:00+00:00, run_after=2024-01-25T16:00:00+00:00
[2024-01-26T13:12:38.574+0000] {processor.py:179} INFO - Processing /opt/airflow/dags/create_dag_with_python_operator.py took 1.461 seconds
[2024-01-26T13:13:09.055+0000] {processor.py:157} INFO - Started process (PID=71) to work on /opt/airflow/dags/create_dag_with_python_operator.py
[2024-01-26T13:13:09.068+0000] {processor.py:826} INFO - Processing file /opt/airflow/dags/create_dag_with_python_operator.py for tasks to queue
[2024-01-26T13:13:09.078+0000] {logging_mixin.py:149} INFO - [2024-01-26T13:13:09.077+0000] {dagbag.py:541} INFO - Filling up the DagBag from /opt/airflow/dags/create_dag_with_python_operator.py
[2024-01-26T13:13:09.204+0000] {processor.py:836} INFO - DAG(s) dict_keys(['our_dag_with_python_operator_v07']) retrieved from /opt/airflow/dags/create_dag_with_python_operator.py
[2024-01-26T13:13:09.403+0000] {logging_mixin.py:149} INFO - [2024-01-26T13:13:09.402+0000] {dag.py:2726} INFO - Sync 1 DAGs
[2024-01-26T13:13:09.545+0000] {logging_mixin.py:149} INFO - [2024-01-26T13:13:09.544+0000] {dag.py:3486} INFO - Setting next_dagrun for our_dag_with_python_operator_v07 to 2024-01-24T16:00:00+00:00, run_after=2024-01-25T16:00:00+00:00
[2024-01-26T13:13:09.651+0000] {processor.py:179} INFO - Processing /opt/airflow/dags/create_dag_with_python_operator.py took 0.613 seconds
[2024-01-26T13:13:40.469+0000] {processor.py:157} INFO - Started process (PID=86) to work on /opt/airflow/dags/create_dag_with_python_operator.py
[2024-01-26T13:13:40.479+0000] {processor.py:826} INFO - Processing file /opt/airflow/dags/create_dag_with_python_operator.py for tasks to queue
[2024-01-26T13:13:40.490+0000] {logging_mixin.py:149} INFO - [2024-01-26T13:13:40.489+0000] {dagbag.py:541} INFO - Filling up the DagBag from /opt/airflow/dags/create_dag_with_python_operator.py
[2024-01-26T13:13:40.610+0000] {processor.py:836} INFO - DAG(s) dict_keys(['our_dag_with_python_operator_v07']) retrieved from /opt/airflow/dags/create_dag_with_python_operator.py
[2024-01-26T13:13:40.785+0000] {logging_mixin.py:149} INFO - [2024-01-26T13:13:40.785+0000] {dag.py:2726} INFO - Sync 1 DAGs
[2024-01-26T13:13:40.918+0000] {logging_mixin.py:149} INFO - [2024-01-26T13:13:40.918+0000] {dag.py:3486} INFO - Setting next_dagrun for our_dag_with_python_operator_v07 to 2024-01-24T16:00:00+00:00, run_after=2024-01-25T16:00:00+00:00
[2024-01-26T13:13:41.392+0000] {processor.py:179} INFO - Processing /opt/airflow/dags/create_dag_with_python_operator.py took 0.940 seconds
[2024-01-26T13:14:14.078+0000] {processor.py:157} INFO - Started process (PID=101) to work on /opt/airflow/dags/create_dag_with_python_operator.py
[2024-01-26T13:14:14.286+0000] {processor.py:826} INFO - Processing file /opt/airflow/dags/create_dag_with_python_operator.py for tasks to queue
[2024-01-26T13:14:14.372+0000] {logging_mixin.py:149} INFO - [2024-01-26T13:14:14.370+0000] {dagbag.py:541} INFO - Filling up the DagBag from /opt/airflow/dags/create_dag_with_python_operator.py
[2024-01-26T13:14:14.716+0000] {processor.py:836} INFO - DAG(s) dict_keys(['our_dag_with_python_operator_v07']) retrieved from /opt/airflow/dags/create_dag_with_python_operator.py
[2024-01-26T13:14:14.951+0000] {logging_mixin.py:149} INFO - [2024-01-26T13:14:14.950+0000] {dag.py:2726} INFO - Sync 1 DAGs
[2024-01-26T13:14:16.313+0000] {logging_mixin.py:149} INFO - [2024-01-26T13:14:16.312+0000] {dag.py:3486} INFO - Setting next_dagrun for our_dag_with_python_operator_v07 to 2024-01-24T16:00:00+00:00, run_after=2024-01-25T16:00:00+00:00
[2024-01-26T13:14:16.385+0000] {processor.py:179} INFO - Processing /opt/airflow/dags/create_dag_with_python_operator.py took 3.273 seconds
[2024-01-26T13:14:46.687+0000] {processor.py:157} INFO - Started process (PID=116) to work on /opt/airflow/dags/create_dag_with_python_operator.py
[2024-01-26T13:14:46.691+0000] {processor.py:826} INFO - Processing file /opt/airflow/dags/create_dag_with_python_operator.py for tasks to queue
[2024-01-26T13:14:46.693+0000] {logging_mixin.py:149} INFO - [2024-01-26T13:14:46.693+0000] {dagbag.py:541} INFO - Filling up the DagBag from /opt/airflow/dags/create_dag_with_python_operator.py
[2024-01-26T13:14:46.721+0000] {processor.py:836} INFO - DAG(s) dict_keys(['our_dag_with_python_operator_v07']) retrieved from /opt/airflow/dags/create_dag_with_python_operator.py
[2024-01-26T13:14:46.930+0000] {logging_mixin.py:149} INFO - [2024-01-26T13:14:46.930+0000] {dag.py:2726} INFO - Sync 1 DAGs
[2024-01-26T13:14:46.968+0000] {logging_mixin.py:149} INFO - [2024-01-26T13:14:46.968+0000] {dag.py:3486} INFO - Setting next_dagrun for our_dag_with_python_operator_v07 to 2024-01-24T16:00:00+00:00, run_after=2024-01-25T16:00:00+00:00
[2024-01-26T13:14:46.997+0000] {processor.py:179} INFO - Processing /opt/airflow/dags/create_dag_with_python_operator.py took 0.316 seconds
[2024-01-26T13:15:17.599+0000] {processor.py:157} INFO - Started process (PID=131) to work on /opt/airflow/dags/create_dag_with_python_operator.py
[2024-01-26T13:15:17.603+0000] {processor.py:826} INFO - Processing file /opt/airflow/dags/create_dag_with_python_operator.py for tasks to queue
[2024-01-26T13:15:17.605+0000] {logging_mixin.py:149} INFO - [2024-01-26T13:15:17.605+0000] {dagbag.py:541} INFO - Filling up the DagBag from /opt/airflow/dags/create_dag_with_python_operator.py
[2024-01-26T13:15:17.634+0000] {processor.py:836} INFO - DAG(s) dict_keys(['our_dag_with_python_operator_v07']) retrieved from /opt/airflow/dags/create_dag_with_python_operator.py
[2024-01-26T13:15:17.847+0000] {logging_mixin.py:149} INFO - [2024-01-26T13:15:17.846+0000] {dag.py:2726} INFO - Sync 1 DAGs
[2024-01-26T13:15:17.885+0000] {logging_mixin.py:149} INFO - [2024-01-26T13:15:17.885+0000] {dag.py:3486} INFO - Setting next_dagrun for our_dag_with_python_operator_v07 to 2024-01-24T16:00:00+00:00, run_after=2024-01-25T16:00:00+00:00
[2024-01-26T13:15:17.920+0000] {processor.py:179} INFO - Processing /opt/airflow/dags/create_dag_with_python_operator.py took 0.327 seconds
[2024-01-26T13:15:48.333+0000] {processor.py:157} INFO - Started process (PID=146) to work on /opt/airflow/dags/create_dag_with_python_operator.py
[2024-01-26T13:15:48.337+0000] {processor.py:826} INFO - Processing file /opt/airflow/dags/create_dag_with_python_operator.py for tasks to queue
[2024-01-26T13:15:48.339+0000] {logging_mixin.py:149} INFO - [2024-01-26T13:15:48.339+0000] {dagbag.py:541} INFO - Filling up the DagBag from /opt/airflow/dags/create_dag_with_python_operator.py
[2024-01-26T13:15:48.367+0000] {processor.py:836} INFO - DAG(s) dict_keys(['our_dag_with_python_operator_v07']) retrieved from /opt/airflow/dags/create_dag_with_python_operator.py
[2024-01-26T13:15:48.420+0000] {logging_mixin.py:149} INFO - [2024-01-26T13:15:48.420+0000] {dag.py:2726} INFO - Sync 1 DAGs
[2024-01-26T13:15:48.462+0000] {logging_mixin.py:149} INFO - [2024-01-26T13:15:48.462+0000] {dag.py:3486} INFO - Setting next_dagrun for our_dag_with_python_operator_v07 to 2024-01-24T16:00:00+00:00, run_after=2024-01-25T16:00:00+00:00
[2024-01-26T13:15:48.493+0000] {processor.py:179} INFO - Processing /opt/airflow/dags/create_dag_with_python_operator.py took 0.166 seconds
[2024-01-26T13:16:19.172+0000] {processor.py:157} INFO - Started process (PID=161) to work on /opt/airflow/dags/create_dag_with_python_operator.py
[2024-01-26T13:16:19.176+0000] {processor.py:826} INFO - Processing file /opt/airflow/dags/create_dag_with_python_operator.py for tasks to queue
[2024-01-26T13:16:19.179+0000] {logging_mixin.py:149} INFO - [2024-01-26T13:16:19.179+0000] {dagbag.py:541} INFO - Filling up the DagBag from /opt/airflow/dags/create_dag_with_python_operator.py
[2024-01-26T13:16:19.208+0000] {processor.py:836} INFO - DAG(s) dict_keys(['our_dag_with_python_operator_v07']) retrieved from /opt/airflow/dags/create_dag_with_python_operator.py
[2024-01-26T13:16:19.272+0000] {logging_mixin.py:149} INFO - [2024-01-26T13:16:19.271+0000] {dag.py:2726} INFO - Sync 1 DAGs
[2024-01-26T13:16:19.321+0000] {logging_mixin.py:149} INFO - [2024-01-26T13:16:19.321+0000] {dag.py:3486} INFO - Setting next_dagrun for our_dag_with_python_operator_v07 to 2024-01-24T16:00:00+00:00, run_after=2024-01-25T16:00:00+00:00
[2024-01-26T13:16:19.359+0000] {processor.py:179} INFO - Processing /opt/airflow/dags/create_dag_with_python_operator.py took 0.193 seconds
[2024-01-26T13:16:49.992+0000] {processor.py:157} INFO - Started process (PID=176) to work on /opt/airflow/dags/create_dag_with_python_operator.py
[2024-01-26T13:16:49.995+0000] {processor.py:826} INFO - Processing file /opt/airflow/dags/create_dag_with_python_operator.py for tasks to queue
[2024-01-26T13:16:49.997+0000] {logging_mixin.py:149} INFO - [2024-01-26T13:16:49.997+0000] {dagbag.py:541} INFO - Filling up the DagBag from /opt/airflow/dags/create_dag_with_python_operator.py
[2024-01-26T13:16:50.036+0000] {processor.py:836} INFO - DAG(s) dict_keys(['our_dag_with_python_operator_v07']) retrieved from /opt/airflow/dags/create_dag_with_python_operator.py
[2024-01-26T13:16:50.092+0000] {logging_mixin.py:149} INFO - [2024-01-26T13:16:50.092+0000] {dag.py:2726} INFO - Sync 1 DAGs
[2024-01-26T13:16:50.134+0000] {logging_mixin.py:149} INFO - [2024-01-26T13:16:50.134+0000] {dag.py:3486} INFO - Setting next_dagrun for our_dag_with_python_operator_v07 to 2024-01-24T16:00:00+00:00, run_after=2024-01-25T16:00:00+00:00
[2024-01-26T13:16:50.164+0000] {processor.py:179} INFO - Processing /opt/airflow/dags/create_dag_with_python_operator.py took 0.179 seconds
[2024-01-26T13:17:20.352+0000] {processor.py:157} INFO - Started process (PID=195) to work on /opt/airflow/dags/create_dag_with_python_operator.py
[2024-01-26T13:17:20.358+0000] {processor.py:826} INFO - Processing file /opt/airflow/dags/create_dag_with_python_operator.py for tasks to queue
[2024-01-26T13:17:20.361+0000] {logging_mixin.py:149} INFO - [2024-01-26T13:17:20.361+0000] {dagbag.py:541} INFO - Filling up the DagBag from /opt/airflow/dags/create_dag_with_python_operator.py
[2024-01-26T13:17:20.402+0000] {processor.py:836} INFO - DAG(s) dict_keys(['our_dag_with_python_operator_v07']) retrieved from /opt/airflow/dags/create_dag_with_python_operator.py
[2024-01-26T13:17:20.487+0000] {logging_mixin.py:149} INFO - [2024-01-26T13:17:20.487+0000] {dag.py:2726} INFO - Sync 1 DAGs
[2024-01-26T13:17:20.542+0000] {logging_mixin.py:149} INFO - [2024-01-26T13:17:20.542+0000] {dag.py:3486} INFO - Setting next_dagrun for our_dag_with_python_operator_v07 to 2024-01-24T16:00:00+00:00, run_after=2024-01-25T16:00:00+00:00
[2024-01-26T13:17:20.614+0000] {processor.py:179} INFO - Processing /opt/airflow/dags/create_dag_with_python_operator.py took 0.273 seconds
[2024-01-26T13:17:50.840+0000] {processor.py:157} INFO - Started process (PID=210) to work on /opt/airflow/dags/create_dag_with_python_operator.py
[2024-01-26T13:17:50.844+0000] {processor.py:826} INFO - Processing file /opt/airflow/dags/create_dag_with_python_operator.py for tasks to queue
[2024-01-26T13:17:50.847+0000] {logging_mixin.py:149} INFO - [2024-01-26T13:17:50.846+0000] {dagbag.py:541} INFO - Filling up the DagBag from /opt/airflow/dags/create_dag_with_python_operator.py
[2024-01-26T13:17:50.879+0000] {processor.py:836} INFO - DAG(s) dict_keys(['our_dag_with_python_operator_v07']) retrieved from /opt/airflow/dags/create_dag_with_python_operator.py
[2024-01-26T13:17:50.937+0000] {logging_mixin.py:149} INFO - [2024-01-26T13:17:50.937+0000] {dag.py:2726} INFO - Sync 1 DAGs
[2024-01-26T13:17:50.981+0000] {logging_mixin.py:149} INFO - [2024-01-26T13:17:50.981+0000] {dag.py:3486} INFO - Setting next_dagrun for our_dag_with_python_operator_v07 to 2024-01-24T16:00:00+00:00, run_after=2024-01-25T16:00:00+00:00
[2024-01-26T13:17:51.018+0000] {processor.py:179} INFO - Processing /opt/airflow/dags/create_dag_with_python_operator.py took 0.185 seconds
[2024-01-26T13:18:21.969+0000] {processor.py:157} INFO - Started process (PID=225) to work on /opt/airflow/dags/create_dag_with_python_operator.py
[2024-01-26T13:18:21.973+0000] {processor.py:826} INFO - Processing file /opt/airflow/dags/create_dag_with_python_operator.py for tasks to queue
[2024-01-26T13:18:21.976+0000] {logging_mixin.py:149} INFO - [2024-01-26T13:18:21.976+0000] {dagbag.py:541} INFO - Filling up the DagBag from /opt/airflow/dags/create_dag_with_python_operator.py
[2024-01-26T13:18:22.006+0000] {processor.py:836} INFO - DAG(s) dict_keys(['our_dag_with_python_operator_v07']) retrieved from /opt/airflow/dags/create_dag_with_python_operator.py
[2024-01-26T13:18:22.061+0000] {logging_mixin.py:149} INFO - [2024-01-26T13:18:22.061+0000] {dag.py:2726} INFO - Sync 1 DAGs
[2024-01-26T13:18:22.102+0000] {logging_mixin.py:149} INFO - [2024-01-26T13:18:22.102+0000] {dag.py:3486} INFO - Setting next_dagrun for our_dag_with_python_operator_v07 to 2024-01-24T16:00:00+00:00, run_after=2024-01-25T16:00:00+00:00
[2024-01-26T13:18:22.135+0000] {processor.py:179} INFO - Processing /opt/airflow/dags/create_dag_with_python_operator.py took 0.174 seconds
[2024-01-26T13:18:52.399+0000] {processor.py:157} INFO - Started process (PID=240) to work on /opt/airflow/dags/create_dag_with_python_operator.py
[2024-01-26T13:18:52.404+0000] {processor.py:826} INFO - Processing file /opt/airflow/dags/create_dag_with_python_operator.py for tasks to queue
[2024-01-26T13:18:52.407+0000] {logging_mixin.py:149} INFO - [2024-01-26T13:18:52.407+0000] {dagbag.py:541} INFO - Filling up the DagBag from /opt/airflow/dags/create_dag_with_python_operator.py
[2024-01-26T13:18:52.445+0000] {processor.py:836} INFO - DAG(s) dict_keys(['our_dag_with_python_operator_v07']) retrieved from /opt/airflow/dags/create_dag_with_python_operator.py
[2024-01-26T13:18:52.513+0000] {logging_mixin.py:149} INFO - [2024-01-26T13:18:52.513+0000] {dag.py:2726} INFO - Sync 1 DAGs
[2024-01-26T13:18:52.561+0000] {logging_mixin.py:149} INFO - [2024-01-26T13:18:52.561+0000] {dag.py:3486} INFO - Setting next_dagrun for our_dag_with_python_operator_v07 to 2024-01-24T16:00:00+00:00, run_after=2024-01-25T16:00:00+00:00
[2024-01-26T13:18:52.597+0000] {processor.py:179} INFO - Processing /opt/airflow/dags/create_dag_with_python_operator.py took 0.207 seconds
[2024-01-26T13:19:22.876+0000] {processor.py:157} INFO - Started process (PID=255) to work on /opt/airflow/dags/create_dag_with_python_operator.py
[2024-01-26T13:19:22.882+0000] {processor.py:826} INFO - Processing file /opt/airflow/dags/create_dag_with_python_operator.py for tasks to queue
[2024-01-26T13:19:22.884+0000] {logging_mixin.py:149} INFO - [2024-01-26T13:19:22.884+0000] {dagbag.py:541} INFO - Filling up the DagBag from /opt/airflow/dags/create_dag_with_python_operator.py
[2024-01-26T13:19:22.923+0000] {processor.py:836} INFO - DAG(s) dict_keys(['our_dag_with_python_operator_v07']) retrieved from /opt/airflow/dags/create_dag_with_python_operator.py
[2024-01-26T13:19:22.982+0000] {logging_mixin.py:149} INFO - [2024-01-26T13:19:22.982+0000] {dag.py:2726} INFO - Sync 1 DAGs
[2024-01-26T13:19:23.048+0000] {logging_mixin.py:149} INFO - [2024-01-26T13:19:23.048+0000] {dag.py:3486} INFO - Setting next_dagrun for our_dag_with_python_operator_v07 to 2024-01-24T16:00:00+00:00, run_after=2024-01-25T16:00:00+00:00
[2024-01-26T13:19:23.087+0000] {processor.py:179} INFO - Processing /opt/airflow/dags/create_dag_with_python_operator.py took 0.218 seconds
[2024-01-26T13:19:53.190+0000] {processor.py:157} INFO - Started process (PID=270) to work on /opt/airflow/dags/create_dag_with_python_operator.py
[2024-01-26T13:19:53.193+0000] {processor.py:826} INFO - Processing file /opt/airflow/dags/create_dag_with_python_operator.py for tasks to queue
[2024-01-26T13:19:53.195+0000] {logging_mixin.py:149} INFO - [2024-01-26T13:19:53.195+0000] {dagbag.py:541} INFO - Filling up the DagBag from /opt/airflow/dags/create_dag_with_python_operator.py
[2024-01-26T13:19:53.223+0000] {processor.py:836} INFO - DAG(s) dict_keys(['our_dag_with_python_operator_v07']) retrieved from /opt/airflow/dags/create_dag_with_python_operator.py
[2024-01-26T13:19:53.278+0000] {logging_mixin.py:149} INFO - [2024-01-26T13:19:53.277+0000] {dag.py:2726} INFO - Sync 1 DAGs
[2024-01-26T13:19:53.319+0000] {logging_mixin.py:149} INFO - [2024-01-26T13:19:53.319+0000] {dag.py:3486} INFO - Setting next_dagrun for our_dag_with_python_operator_v07 to 2024-01-24T16:00:00+00:00, run_after=2024-01-25T16:00:00+00:00
[2024-01-26T13:19:53.350+0000] {processor.py:179} INFO - Processing /opt/airflow/dags/create_dag_with_python_operator.py took 0.167 seconds
[2024-01-26T13:20:24.177+0000] {processor.py:157} INFO - Started process (PID=285) to work on /opt/airflow/dags/create_dag_with_python_operator.py
[2024-01-26T13:20:24.181+0000] {processor.py:826} INFO - Processing file /opt/airflow/dags/create_dag_with_python_operator.py for tasks to queue
[2024-01-26T13:20:24.184+0000] {logging_mixin.py:149} INFO - [2024-01-26T13:20:24.184+0000] {dagbag.py:541} INFO - Filling up the DagBag from /opt/airflow/dags/create_dag_with_python_operator.py
[2024-01-26T13:20:24.224+0000] {processor.py:836} INFO - DAG(s) dict_keys(['our_dag_with_python_operator_v07']) retrieved from /opt/airflow/dags/create_dag_with_python_operator.py
[2024-01-26T13:20:24.283+0000] {logging_mixin.py:149} INFO - [2024-01-26T13:20:24.283+0000] {dag.py:2726} INFO - Sync 1 DAGs
[2024-01-26T13:20:24.325+0000] {logging_mixin.py:149} INFO - [2024-01-26T13:20:24.324+0000] {dag.py:3486} INFO - Setting next_dagrun for our_dag_with_python_operator_v07 to 2024-01-24T16:00:00+00:00, run_after=2024-01-25T16:00:00+00:00
[2024-01-26T13:20:24.358+0000] {processor.py:179} INFO - Processing /opt/airflow/dags/create_dag_with_python_operator.py took 0.187 seconds
[2024-01-26T13:20:55.341+0000] {processor.py:157} INFO - Started process (PID=300) to work on /opt/airflow/dags/create_dag_with_python_operator.py
[2024-01-26T13:20:55.350+0000] {processor.py:826} INFO - Processing file /opt/airflow/dags/create_dag_with_python_operator.py for tasks to queue
[2024-01-26T13:20:55.355+0000] {logging_mixin.py:149} INFO - [2024-01-26T13:20:55.354+0000] {dagbag.py:541} INFO - Filling up the DagBag from /opt/airflow/dags/create_dag_with_python_operator.py
[2024-01-26T13:20:55.448+0000] {processor.py:836} INFO - DAG(s) dict_keys(['our_dag_with_python_operator_v07']) retrieved from /opt/airflow/dags/create_dag_with_python_operator.py
[2024-01-26T13:20:55.595+0000] {logging_mixin.py:149} INFO - [2024-01-26T13:20:55.594+0000] {dag.py:2726} INFO - Sync 1 DAGs
[2024-01-26T13:20:55.692+0000] {logging_mixin.py:149} INFO - [2024-01-26T13:20:55.691+0000] {dag.py:3486} INFO - Setting next_dagrun for our_dag_with_python_operator_v07 to 2024-01-24T16:00:00+00:00, run_after=2024-01-25T16:00:00+00:00
[2024-01-26T13:20:55.749+0000] {processor.py:179} INFO - Processing /opt/airflow/dags/create_dag_with_python_operator.py took 0.432 seconds
[2024-01-26T13:21:25.863+0000] {processor.py:157} INFO - Started process (PID=325) to work on /opt/airflow/dags/create_dag_with_python_operator.py
[2024-01-26T13:21:25.867+0000] {processor.py:826} INFO - Processing file /opt/airflow/dags/create_dag_with_python_operator.py for tasks to queue
[2024-01-26T13:21:25.870+0000] {logging_mixin.py:149} INFO - [2024-01-26T13:21:25.869+0000] {dagbag.py:541} INFO - Filling up the DagBag from /opt/airflow/dags/create_dag_with_python_operator.py
[2024-01-26T13:21:25.899+0000] {processor.py:836} INFO - DAG(s) dict_keys(['our_dag_with_python_operator_v07']) retrieved from /opt/airflow/dags/create_dag_with_python_operator.py
[2024-01-26T13:21:25.959+0000] {logging_mixin.py:149} INFO - [2024-01-26T13:21:25.958+0000] {dag.py:2726} INFO - Sync 1 DAGs
[2024-01-26T13:21:26.002+0000] {logging_mixin.py:149} INFO - [2024-01-26T13:21:26.001+0000] {dag.py:3486} INFO - Setting next_dagrun for our_dag_with_python_operator_v07 to 2024-01-24T16:00:00+00:00, run_after=2024-01-25T16:00:00+00:00
[2024-01-26T13:21:26.035+0000] {processor.py:179} INFO - Processing /opt/airflow/dags/create_dag_with_python_operator.py took 0.179 seconds
[2024-01-26T13:21:56.733+0000] {processor.py:157} INFO - Started process (PID=340) to work on /opt/airflow/dags/create_dag_with_python_operator.py
[2024-01-26T13:21:56.737+0000] {processor.py:826} INFO - Processing file /opt/airflow/dags/create_dag_with_python_operator.py for tasks to queue
[2024-01-26T13:21:56.740+0000] {logging_mixin.py:149} INFO - [2024-01-26T13:21:56.739+0000] {dagbag.py:541} INFO - Filling up the DagBag from /opt/airflow/dags/create_dag_with_python_operator.py
[2024-01-26T13:21:56.770+0000] {processor.py:836} INFO - DAG(s) dict_keys(['our_dag_with_python_operator_v07']) retrieved from /opt/airflow/dags/create_dag_with_python_operator.py
[2024-01-26T13:21:56.824+0000] {logging_mixin.py:149} INFO - [2024-01-26T13:21:56.824+0000] {dag.py:2726} INFO - Sync 1 DAGs
[2024-01-26T13:21:56.870+0000] {logging_mixin.py:149} INFO - [2024-01-26T13:21:56.870+0000] {dag.py:3486} INFO - Setting next_dagrun for our_dag_with_python_operator_v07 to 2024-01-24T16:00:00+00:00, run_after=2024-01-25T16:00:00+00:00
[2024-01-26T13:21:56.903+0000] {processor.py:179} INFO - Processing /opt/airflow/dags/create_dag_with_python_operator.py took 0.177 seconds
[2024-01-26T13:22:27.895+0000] {processor.py:157} INFO - Started process (PID=355) to work on /opt/airflow/dags/create_dag_with_python_operator.py
[2024-01-26T13:22:27.899+0000] {processor.py:826} INFO - Processing file /opt/airflow/dags/create_dag_with_python_operator.py for tasks to queue
[2024-01-26T13:22:27.903+0000] {logging_mixin.py:149} INFO - [2024-01-26T13:22:27.903+0000] {dagbag.py:541} INFO - Filling up the DagBag from /opt/airflow/dags/create_dag_with_python_operator.py
[2024-01-26T13:22:27.948+0000] {processor.py:836} INFO - DAG(s) dict_keys(['our_dag_with_python_operator_v07']) retrieved from /opt/airflow/dags/create_dag_with_python_operator.py
[2024-01-26T13:22:28.010+0000] {logging_mixin.py:149} INFO - [2024-01-26T13:22:28.010+0000] {dag.py:2726} INFO - Sync 1 DAGs
[2024-01-26T13:22:28.059+0000] {logging_mixin.py:149} INFO - [2024-01-26T13:22:28.059+0000] {dag.py:3486} INFO - Setting next_dagrun for our_dag_with_python_operator_v07 to 2024-01-24T16:00:00+00:00, run_after=2024-01-25T16:00:00+00:00
[2024-01-26T13:22:28.108+0000] {processor.py:179} INFO - Processing /opt/airflow/dags/create_dag_with_python_operator.py took 0.224 seconds
[2024-01-26T13:22:58.340+0000] {processor.py:157} INFO - Started process (PID=370) to work on /opt/airflow/dags/create_dag_with_python_operator.py
[2024-01-26T13:22:58.344+0000] {processor.py:826} INFO - Processing file /opt/airflow/dags/create_dag_with_python_operator.py for tasks to queue
[2024-01-26T13:22:58.347+0000] {logging_mixin.py:149} INFO - [2024-01-26T13:22:58.347+0000] {dagbag.py:541} INFO - Filling up the DagBag from /opt/airflow/dags/create_dag_with_python_operator.py
[2024-01-26T13:22:58.383+0000] {processor.py:836} INFO - DAG(s) dict_keys(['our_dag_with_python_operator_v07']) retrieved from /opt/airflow/dags/create_dag_with_python_operator.py
[2024-01-26T13:22:58.441+0000] {logging_mixin.py:149} INFO - [2024-01-26T13:22:58.440+0000] {dag.py:2726} INFO - Sync 1 DAGs
[2024-01-26T13:22:58.497+0000] {logging_mixin.py:149} INFO - [2024-01-26T13:22:58.497+0000] {dag.py:3486} INFO - Setting next_dagrun for our_dag_with_python_operator_v07 to 2024-01-24T16:00:00+00:00, run_after=2024-01-25T16:00:00+00:00
[2024-01-26T13:22:58.547+0000] {processor.py:179} INFO - Processing /opt/airflow/dags/create_dag_with_python_operator.py took 0.216 seconds
[2024-01-26T13:23:28.727+0000] {processor.py:157} INFO - Started process (PID=385) to work on /opt/airflow/dags/create_dag_with_python_operator.py
[2024-01-26T13:23:28.730+0000] {processor.py:826} INFO - Processing file /opt/airflow/dags/create_dag_with_python_operator.py for tasks to queue
[2024-01-26T13:23:28.732+0000] {logging_mixin.py:149} INFO - [2024-01-26T13:23:28.732+0000] {dagbag.py:541} INFO - Filling up the DagBag from /opt/airflow/dags/create_dag_with_python_operator.py
[2024-01-26T13:23:28.762+0000] {processor.py:836} INFO - DAG(s) dict_keys(['our_dag_with_python_operator_v07']) retrieved from /opt/airflow/dags/create_dag_with_python_operator.py
[2024-01-26T13:23:28.817+0000] {logging_mixin.py:149} INFO - [2024-01-26T13:23:28.817+0000] {dag.py:2726} INFO - Sync 1 DAGs
[2024-01-26T13:23:28.862+0000] {logging_mixin.py:149} INFO - [2024-01-26T13:23:28.862+0000] {dag.py:3486} INFO - Setting next_dagrun for our_dag_with_python_operator_v07 to 2024-01-24T16:00:00+00:00, run_after=2024-01-25T16:00:00+00:00
[2024-01-26T13:23:28.894+0000] {processor.py:179} INFO - Processing /opt/airflow/dags/create_dag_with_python_operator.py took 0.175 seconds
