[2024-01-26T12:56:09.055+0000] {processor.py:157} INFO - Started process (PID=38) to work on /opt/airflow/dags/dag_with_postgres_hooks.py
[2024-01-26T12:56:09.063+0000] {processor.py:826} INFO - Processing file /opt/airflow/dags/dag_with_postgres_hooks.py for tasks to queue
[2024-01-26T12:56:09.070+0000] {logging_mixin.py:149} INFO - [2024-01-26T12:56:09.069+0000] {dagbag.py:541} INFO - Filling up the DagBag from /opt/airflow/dags/dag_with_postgres_hooks.py
[2024-01-26T12:56:09.168+0000] {processor.py:836} INFO - DAG(s) dict_keys(['dag_with_postgres_hooks_v04']) retrieved from /opt/airflow/dags/dag_with_postgres_hooks.py
[2024-01-26T12:56:09.663+0000] {logging_mixin.py:149} INFO - [2024-01-26T12:56:09.663+0000] {manager.py:504} INFO - Created Permission View: can delete on DAG:dag_with_postgres_hooks_v04
[2024-01-26T12:56:09.712+0000] {logging_mixin.py:149} INFO - [2024-01-26T12:56:09.712+0000] {manager.py:504} INFO - Created Permission View: can edit on DAG:dag_with_postgres_hooks_v04
[2024-01-26T12:56:09.739+0000] {logging_mixin.py:149} INFO - [2024-01-26T12:56:09.739+0000] {manager.py:504} INFO - Created Permission View: can read on DAG:dag_with_postgres_hooks_v04
[2024-01-26T12:56:10.155+0000] {logging_mixin.py:149} INFO - [2024-01-26T12:56:10.154+0000] {dag.py:2726} INFO - Sync 1 DAGs
[2024-01-26T12:56:10.279+0000] {logging_mixin.py:149} INFO - [2024-01-26T12:56:10.278+0000] {dag.py:2747} INFO - Creating ORM DAG for dag_with_postgres_hooks_v04
[2024-01-26T12:56:10.353+0000] {logging_mixin.py:149} INFO - [2024-01-26T12:56:10.353+0000] {dag.py:3486} INFO - Setting next_dagrun for dag_with_postgres_hooks_v04 to 2024-01-24T16:00:00+00:00, run_after=2024-01-25T16:00:00+00:00
[2024-01-26T12:56:10.474+0000] {processor.py:179} INFO - Processing /opt/airflow/dags/dag_with_postgres_hooks.py took 1.435 seconds
[2024-01-26T12:56:41.463+0000] {processor.py:157} INFO - Started process (PID=55) to work on /opt/airflow/dags/dag_with_postgres_hooks.py
[2024-01-26T12:56:41.467+0000] {processor.py:826} INFO - Processing file /opt/airflow/dags/dag_with_postgres_hooks.py for tasks to queue
[2024-01-26T12:56:41.474+0000] {logging_mixin.py:149} INFO - [2024-01-26T12:56:41.473+0000] {dagbag.py:541} INFO - Filling up the DagBag from /opt/airflow/dags/dag_with_postgres_hooks.py
[2024-01-26T12:56:41.529+0000] {processor.py:836} INFO - DAG(s) dict_keys(['dag_with_postgres_hooks_v04']) retrieved from /opt/airflow/dags/dag_with_postgres_hooks.py
[2024-01-26T12:56:41.621+0000] {logging_mixin.py:149} INFO - [2024-01-26T12:56:41.621+0000] {dag.py:2726} INFO - Sync 1 DAGs
[2024-01-26T12:56:41.709+0000] {logging_mixin.py:149} INFO - [2024-01-26T12:56:41.709+0000] {dag.py:3486} INFO - Setting next_dagrun for dag_with_postgres_hooks_v04 to 2024-01-24T16:00:00+00:00, run_after=2024-01-25T16:00:00+00:00
[2024-01-26T12:56:41.784+0000] {processor.py:179} INFO - Processing /opt/airflow/dags/dag_with_postgres_hooks.py took 0.331 seconds
[2024-01-26T12:57:16.666+0000] {processor.py:157} INFO - Started process (PID=72) to work on /opt/airflow/dags/dag_with_postgres_hooks.py
[2024-01-26T12:57:16.685+0000] {processor.py:826} INFO - Processing file /opt/airflow/dags/dag_with_postgres_hooks.py for tasks to queue
[2024-01-26T12:57:16.712+0000] {logging_mixin.py:149} INFO - [2024-01-26T12:57:16.710+0000] {dagbag.py:541} INFO - Filling up the DagBag from /opt/airflow/dags/dag_with_postgres_hooks.py
[2024-01-26T12:57:16.913+0000] {processor.py:836} INFO - DAG(s) dict_keys(['dag_with_postgres_hooks_v04']) retrieved from /opt/airflow/dags/dag_with_postgres_hooks.py
[2024-01-26T12:57:17.277+0000] {logging_mixin.py:149} INFO - [2024-01-26T12:57:17.275+0000] {dag.py:2726} INFO - Sync 1 DAGs
[2024-01-26T12:57:17.653+0000] {logging_mixin.py:149} INFO - [2024-01-26T12:57:17.650+0000] {dag.py:3486} INFO - Setting next_dagrun for dag_with_postgres_hooks_v04 to 2024-01-24T16:00:00+00:00, run_after=2024-01-25T16:00:00+00:00
[2024-01-26T12:57:19.140+0000] {processor.py:179} INFO - Processing /opt/airflow/dags/dag_with_postgres_hooks.py took 2.524 seconds
[2024-01-26T12:57:52.295+0000] {processor.py:157} INFO - Started process (PID=88) to work on /opt/airflow/dags/dag_with_postgres_hooks.py
[2024-01-26T12:57:52.340+0000] {processor.py:826} INFO - Processing file /opt/airflow/dags/dag_with_postgres_hooks.py for tasks to queue
[2024-01-26T12:57:52.372+0000] {logging_mixin.py:149} INFO - [2024-01-26T12:57:52.370+0000] {dagbag.py:541} INFO - Filling up the DagBag from /opt/airflow/dags/dag_with_postgres_hooks.py
[2024-01-26T12:57:52.562+0000] {processor.py:836} INFO - DAG(s) dict_keys(['dag_with_postgres_hooks_v04']) retrieved from /opt/airflow/dags/dag_with_postgres_hooks.py
[2024-01-26T12:57:53.133+0000] {logging_mixin.py:149} INFO - [2024-01-26T12:57:53.131+0000] {dag.py:2726} INFO - Sync 1 DAGs
[2024-01-26T12:57:54.308+0000] {logging_mixin.py:149} INFO - [2024-01-26T12:57:54.305+0000] {dag.py:3486} INFO - Setting next_dagrun for dag_with_postgres_hooks_v04 to 2024-01-24T16:00:00+00:00, run_after=2024-01-25T16:00:00+00:00
[2024-01-26T12:57:54.499+0000] {processor.py:179} INFO - Processing /opt/airflow/dags/dag_with_postgres_hooks.py took 2.267 seconds
[2024-01-26T12:58:24.790+0000] {processor.py:157} INFO - Started process (PID=104) to work on /opt/airflow/dags/dag_with_postgres_hooks.py
[2024-01-26T12:58:24.796+0000] {processor.py:826} INFO - Processing file /opt/airflow/dags/dag_with_postgres_hooks.py for tasks to queue
[2024-01-26T12:58:24.802+0000] {logging_mixin.py:149} INFO - [2024-01-26T12:58:24.802+0000] {dagbag.py:541} INFO - Filling up the DagBag from /opt/airflow/dags/dag_with_postgres_hooks.py
[2024-01-26T12:58:24.851+0000] {processor.py:836} INFO - DAG(s) dict_keys(['dag_with_postgres_hooks_v04']) retrieved from /opt/airflow/dags/dag_with_postgres_hooks.py
[2024-01-26T12:58:25.044+0000] {logging_mixin.py:149} INFO - [2024-01-26T12:58:25.043+0000] {dag.py:2726} INFO - Sync 1 DAGs
[2024-01-26T12:58:25.556+0000] {logging_mixin.py:149} INFO - [2024-01-26T12:58:25.556+0000] {dag.py:3486} INFO - Setting next_dagrun for dag_with_postgres_hooks_v04 to 2024-01-24T16:00:00+00:00, run_after=2024-01-25T16:00:00+00:00
[2024-01-26T12:58:25.629+0000] {processor.py:179} INFO - Processing /opt/airflow/dags/dag_with_postgres_hooks.py took 0.852 seconds
[2024-01-26T12:58:56.537+0000] {processor.py:157} INFO - Started process (PID=120) to work on /opt/airflow/dags/dag_with_postgres_hooks.py
[2024-01-26T12:58:56.541+0000] {processor.py:826} INFO - Processing file /opt/airflow/dags/dag_with_postgres_hooks.py for tasks to queue
[2024-01-26T12:58:56.543+0000] {logging_mixin.py:149} INFO - [2024-01-26T12:58:56.543+0000] {dagbag.py:541} INFO - Filling up the DagBag from /opt/airflow/dags/dag_with_postgres_hooks.py
[2024-01-26T12:58:56.574+0000] {processor.py:836} INFO - DAG(s) dict_keys(['dag_with_postgres_hooks_v04']) retrieved from /opt/airflow/dags/dag_with_postgres_hooks.py
[2024-01-26T12:58:56.800+0000] {logging_mixin.py:149} INFO - [2024-01-26T12:58:56.800+0000] {dag.py:2726} INFO - Sync 1 DAGs
[2024-01-26T12:58:56.841+0000] {logging_mixin.py:149} INFO - [2024-01-26T12:58:56.841+0000] {dag.py:3486} INFO - Setting next_dagrun for dag_with_postgres_hooks_v04 to 2024-01-24T16:00:00+00:00, run_after=2024-01-25T16:00:00+00:00
[2024-01-26T12:58:56.874+0000] {processor.py:179} INFO - Processing /opt/airflow/dags/dag_with_postgres_hooks.py took 0.345 seconds
[2024-01-26T12:59:27.271+0000] {processor.py:157} INFO - Started process (PID=136) to work on /opt/airflow/dags/dag_with_postgres_hooks.py
[2024-01-26T12:59:27.282+0000] {processor.py:826} INFO - Processing file /opt/airflow/dags/dag_with_postgres_hooks.py for tasks to queue
[2024-01-26T12:59:27.293+0000] {logging_mixin.py:149} INFO - [2024-01-26T12:59:27.291+0000] {dagbag.py:541} INFO - Filling up the DagBag from /opt/airflow/dags/dag_with_postgres_hooks.py
[2024-01-26T12:59:28.119+0000] {processor.py:836} INFO - DAG(s) dict_keys(['dag_with_postgres_hooks_v04']) retrieved from /opt/airflow/dags/dag_with_postgres_hooks.py
[2024-01-26T12:59:28.207+0000] {logging_mixin.py:149} INFO - [2024-01-26T12:59:28.207+0000] {dag.py:2726} INFO - Sync 1 DAGs
[2024-01-26T12:59:28.298+0000] {logging_mixin.py:149} INFO - [2024-01-26T12:59:28.297+0000] {dag.py:3486} INFO - Setting next_dagrun for dag_with_postgres_hooks_v04 to 2024-01-24T16:00:00+00:00, run_after=2024-01-25T16:00:00+00:00
[2024-01-26T12:59:28.365+0000] {processor.py:179} INFO - Processing /opt/airflow/dags/dag_with_postgres_hooks.py took 1.117 seconds
[2024-01-26T12:59:58.795+0000] {processor.py:157} INFO - Started process (PID=152) to work on /opt/airflow/dags/dag_with_postgres_hooks.py
[2024-01-26T12:59:58.801+0000] {processor.py:826} INFO - Processing file /opt/airflow/dags/dag_with_postgres_hooks.py for tasks to queue
[2024-01-26T12:59:58.809+0000] {logging_mixin.py:149} INFO - [2024-01-26T12:59:58.809+0000] {dagbag.py:541} INFO - Filling up the DagBag from /opt/airflow/dags/dag_with_postgres_hooks.py
[2024-01-26T12:59:58.876+0000] {processor.py:836} INFO - DAG(s) dict_keys(['dag_with_postgres_hooks_v04']) retrieved from /opt/airflow/dags/dag_with_postgres_hooks.py
[2024-01-26T12:59:59.001+0000] {logging_mixin.py:149} INFO - [2024-01-26T12:59:59.000+0000] {dag.py:2726} INFO - Sync 1 DAGs
[2024-01-26T12:59:59.089+0000] {logging_mixin.py:149} INFO - [2024-01-26T12:59:59.089+0000] {dag.py:3486} INFO - Setting next_dagrun for dag_with_postgres_hooks_v04 to 2024-01-24T16:00:00+00:00, run_after=2024-01-25T16:00:00+00:00
[2024-01-26T12:59:59.155+0000] {processor.py:179} INFO - Processing /opt/airflow/dags/dag_with_postgres_hooks.py took 0.379 seconds
[2024-01-26T13:00:29.515+0000] {processor.py:157} INFO - Started process (PID=168) to work on /opt/airflow/dags/dag_with_postgres_hooks.py
[2024-01-26T13:00:29.520+0000] {processor.py:826} INFO - Processing file /opt/airflow/dags/dag_with_postgres_hooks.py for tasks to queue
[2024-01-26T13:00:29.524+0000] {logging_mixin.py:149} INFO - [2024-01-26T13:00:29.523+0000] {dagbag.py:541} INFO - Filling up the DagBag from /opt/airflow/dags/dag_with_postgres_hooks.py
[2024-01-26T13:00:29.569+0000] {processor.py:836} INFO - DAG(s) dict_keys(['dag_with_postgres_hooks_v04']) retrieved from /opt/airflow/dags/dag_with_postgres_hooks.py
[2024-01-26T13:00:29.644+0000] {logging_mixin.py:149} INFO - [2024-01-26T13:00:29.644+0000] {dag.py:2726} INFO - Sync 1 DAGs
[2024-01-26T13:00:29.706+0000] {logging_mixin.py:149} INFO - [2024-01-26T13:00:29.705+0000] {dag.py:3486} INFO - Setting next_dagrun for dag_with_postgres_hooks_v04 to 2024-01-24T16:00:00+00:00, run_after=2024-01-25T16:00:00+00:00
[2024-01-26T13:00:29.754+0000] {processor.py:179} INFO - Processing /opt/airflow/dags/dag_with_postgres_hooks.py took 0.251 seconds
[2024-01-26T13:01:01.112+0000] {processor.py:157} INFO - Started process (PID=184) to work on /opt/airflow/dags/dag_with_postgres_hooks.py
[2024-01-26T13:01:01.129+0000] {processor.py:826} INFO - Processing file /opt/airflow/dags/dag_with_postgres_hooks.py for tasks to queue
[2024-01-26T13:01:01.140+0000] {logging_mixin.py:149} INFO - [2024-01-26T13:01:01.138+0000] {dagbag.py:541} INFO - Filling up the DagBag from /opt/airflow/dags/dag_with_postgres_hooks.py
[2024-01-26T13:01:01.500+0000] {processor.py:836} INFO - DAG(s) dict_keys(['dag_with_postgres_hooks_v04']) retrieved from /opt/airflow/dags/dag_with_postgres_hooks.py
[2024-01-26T13:01:01.909+0000] {logging_mixin.py:149} INFO - [2024-01-26T13:01:01.909+0000] {dag.py:2726} INFO - Sync 1 DAGs
[2024-01-26T13:01:02.065+0000] {logging_mixin.py:149} INFO - [2024-01-26T13:01:02.064+0000] {dag.py:3486} INFO - Setting next_dagrun for dag_with_postgres_hooks_v04 to 2024-01-24T16:00:00+00:00, run_after=2024-01-25T16:00:00+00:00
[2024-01-26T13:01:02.273+0000] {processor.py:179} INFO - Processing /opt/airflow/dags/dag_with_postgres_hooks.py took 1.198 seconds
[2024-01-26T13:01:32.454+0000] {processor.py:157} INFO - Started process (PID=200) to work on /opt/airflow/dags/dag_with_postgres_hooks.py
[2024-01-26T13:01:32.457+0000] {processor.py:826} INFO - Processing file /opt/airflow/dags/dag_with_postgres_hooks.py for tasks to queue
[2024-01-26T13:01:32.460+0000] {logging_mixin.py:149} INFO - [2024-01-26T13:01:32.460+0000] {dagbag.py:541} INFO - Filling up the DagBag from /opt/airflow/dags/dag_with_postgres_hooks.py
[2024-01-26T13:01:32.489+0000] {processor.py:836} INFO - DAG(s) dict_keys(['dag_with_postgres_hooks_v04']) retrieved from /opt/airflow/dags/dag_with_postgres_hooks.py
[2024-01-26T13:01:32.541+0000] {logging_mixin.py:149} INFO - [2024-01-26T13:01:32.540+0000] {dag.py:2726} INFO - Sync 1 DAGs
[2024-01-26T13:01:32.580+0000] {logging_mixin.py:149} INFO - [2024-01-26T13:01:32.580+0000] {dag.py:3486} INFO - Setting next_dagrun for dag_with_postgres_hooks_v04 to 2024-01-24T16:00:00+00:00, run_after=2024-01-25T16:00:00+00:00
[2024-01-26T13:01:32.610+0000] {processor.py:179} INFO - Processing /opt/airflow/dags/dag_with_postgres_hooks.py took 0.163 seconds
[2024-01-26T13:02:02.782+0000] {processor.py:157} INFO - Started process (PID=216) to work on /opt/airflow/dags/dag_with_postgres_hooks.py
[2024-01-26T13:02:02.785+0000] {processor.py:826} INFO - Processing file /opt/airflow/dags/dag_with_postgres_hooks.py for tasks to queue
[2024-01-26T13:02:02.788+0000] {logging_mixin.py:149} INFO - [2024-01-26T13:02:02.787+0000] {dagbag.py:541} INFO - Filling up the DagBag from /opt/airflow/dags/dag_with_postgres_hooks.py
[2024-01-26T13:02:02.815+0000] {processor.py:836} INFO - DAG(s) dict_keys(['dag_with_postgres_hooks_v04']) retrieved from /opt/airflow/dags/dag_with_postgres_hooks.py
[2024-01-26T13:02:02.890+0000] {logging_mixin.py:149} INFO - [2024-01-26T13:02:02.890+0000] {dag.py:2726} INFO - Sync 1 DAGs
[2024-01-26T13:02:02.964+0000] {logging_mixin.py:149} INFO - [2024-01-26T13:02:02.964+0000] {dag.py:3486} INFO - Setting next_dagrun for dag_with_postgres_hooks_v04 to 2024-01-24T16:00:00+00:00, run_after=2024-01-25T16:00:00+00:00
[2024-01-26T13:02:03.007+0000] {processor.py:179} INFO - Processing /opt/airflow/dags/dag_with_postgres_hooks.py took 0.232 seconds
[2024-01-26T13:02:33.402+0000] {processor.py:157} INFO - Started process (PID=239) to work on /opt/airflow/dags/dag_with_postgres_hooks.py
[2024-01-26T13:02:33.405+0000] {processor.py:826} INFO - Processing file /opt/airflow/dags/dag_with_postgres_hooks.py for tasks to queue
[2024-01-26T13:02:33.409+0000] {logging_mixin.py:149} INFO - [2024-01-26T13:02:33.409+0000] {dagbag.py:541} INFO - Filling up the DagBag from /opt/airflow/dags/dag_with_postgres_hooks.py
[2024-01-26T13:02:33.454+0000] {processor.py:836} INFO - DAG(s) dict_keys(['dag_with_postgres_hooks_v04']) retrieved from /opt/airflow/dags/dag_with_postgres_hooks.py
[2024-01-26T13:02:33.536+0000] {logging_mixin.py:149} INFO - [2024-01-26T13:02:33.535+0000] {dag.py:2726} INFO - Sync 1 DAGs
[2024-01-26T13:02:33.595+0000] {logging_mixin.py:149} INFO - [2024-01-26T13:02:33.594+0000] {dag.py:3486} INFO - Setting next_dagrun for dag_with_postgres_hooks_v04 to 2024-01-24T16:00:00+00:00, run_after=2024-01-25T16:00:00+00:00
[2024-01-26T13:02:33.656+0000] {processor.py:179} INFO - Processing /opt/airflow/dags/dag_with_postgres_hooks.py took 0.264 seconds
[2024-01-26T13:03:03.964+0000] {processor.py:157} INFO - Started process (PID=255) to work on /opt/airflow/dags/dag_with_postgres_hooks.py
[2024-01-26T13:03:03.968+0000] {processor.py:826} INFO - Processing file /opt/airflow/dags/dag_with_postgres_hooks.py for tasks to queue
[2024-01-26T13:03:03.972+0000] {logging_mixin.py:149} INFO - [2024-01-26T13:03:03.972+0000] {dagbag.py:541} INFO - Filling up the DagBag from /opt/airflow/dags/dag_with_postgres_hooks.py
[2024-01-26T13:03:04.001+0000] {processor.py:836} INFO - DAG(s) dict_keys(['dag_with_postgres_hooks_v04']) retrieved from /opt/airflow/dags/dag_with_postgres_hooks.py
[2024-01-26T13:03:04.052+0000] {logging_mixin.py:149} INFO - [2024-01-26T13:03:04.051+0000] {dag.py:2726} INFO - Sync 1 DAGs
[2024-01-26T13:03:04.106+0000] {logging_mixin.py:149} INFO - [2024-01-26T13:03:04.106+0000] {dag.py:3486} INFO - Setting next_dagrun for dag_with_postgres_hooks_v04 to 2024-01-24T16:00:00+00:00, run_after=2024-01-25T16:00:00+00:00
[2024-01-26T13:03:04.136+0000] {processor.py:179} INFO - Processing /opt/airflow/dags/dag_with_postgres_hooks.py took 0.181 seconds
[2024-01-26T13:03:34.286+0000] {processor.py:157} INFO - Started process (PID=271) to work on /opt/airflow/dags/dag_with_postgres_hooks.py
[2024-01-26T13:03:34.294+0000] {processor.py:826} INFO - Processing file /opt/airflow/dags/dag_with_postgres_hooks.py for tasks to queue
[2024-01-26T13:03:34.298+0000] {logging_mixin.py:149} INFO - [2024-01-26T13:03:34.297+0000] {dagbag.py:541} INFO - Filling up the DagBag from /opt/airflow/dags/dag_with_postgres_hooks.py
[2024-01-26T13:03:34.338+0000] {processor.py:836} INFO - DAG(s) dict_keys(['dag_with_postgres_hooks_v04']) retrieved from /opt/airflow/dags/dag_with_postgres_hooks.py
[2024-01-26T13:03:34.419+0000] {logging_mixin.py:149} INFO - [2024-01-26T13:03:34.419+0000] {dag.py:2726} INFO - Sync 1 DAGs
[2024-01-26T13:03:34.479+0000] {logging_mixin.py:149} INFO - [2024-01-26T13:03:34.478+0000] {dag.py:3486} INFO - Setting next_dagrun for dag_with_postgres_hooks_v04 to 2024-01-24T16:00:00+00:00, run_after=2024-01-25T16:00:00+00:00
[2024-01-26T13:03:34.535+0000] {processor.py:179} INFO - Processing /opt/airflow/dags/dag_with_postgres_hooks.py took 0.264 seconds
[2024-01-26T13:04:05.569+0000] {processor.py:157} INFO - Started process (PID=286) to work on /opt/airflow/dags/dag_with_postgres_hooks.py
[2024-01-26T13:04:05.575+0000] {processor.py:826} INFO - Processing file /opt/airflow/dags/dag_with_postgres_hooks.py for tasks to queue
[2024-01-26T13:04:05.583+0000] {logging_mixin.py:149} INFO - [2024-01-26T13:04:05.582+0000] {dagbag.py:541} INFO - Filling up the DagBag from /opt/airflow/dags/dag_with_postgres_hooks.py
[2024-01-26T13:04:05.631+0000] {processor.py:836} INFO - DAG(s) dict_keys(['dag_with_postgres_hooks_v04']) retrieved from /opt/airflow/dags/dag_with_postgres_hooks.py
[2024-01-26T13:04:05.721+0000] {logging_mixin.py:149} INFO - [2024-01-26T13:04:05.721+0000] {dag.py:2726} INFO - Sync 1 DAGs
[2024-01-26T13:04:05.792+0000] {logging_mixin.py:149} INFO - [2024-01-26T13:04:05.792+0000] {dag.py:3486} INFO - Setting next_dagrun for dag_with_postgres_hooks_v04 to 2024-01-24T16:00:00+00:00, run_after=2024-01-25T16:00:00+00:00
[2024-01-26T13:04:05.847+0000] {processor.py:179} INFO - Processing /opt/airflow/dags/dag_with_postgres_hooks.py took 0.291 seconds
[2024-01-26T13:04:36.308+0000] {processor.py:157} INFO - Started process (PID=301) to work on /opt/airflow/dags/dag_with_postgres_hooks.py
[2024-01-26T13:04:36.316+0000] {processor.py:826} INFO - Processing file /opt/airflow/dags/dag_with_postgres_hooks.py for tasks to queue
[2024-01-26T13:04:36.324+0000] {logging_mixin.py:149} INFO - [2024-01-26T13:04:36.323+0000] {dagbag.py:541} INFO - Filling up the DagBag from /opt/airflow/dags/dag_with_postgres_hooks.py
[2024-01-26T13:04:36.403+0000] {processor.py:836} INFO - DAG(s) dict_keys(['dag_with_postgres_hooks_v04']) retrieved from /opt/airflow/dags/dag_with_postgres_hooks.py
[2024-01-26T13:04:36.590+0000] {logging_mixin.py:149} INFO - [2024-01-26T13:04:36.589+0000] {dag.py:2726} INFO - Sync 1 DAGs
[2024-01-26T13:04:36.688+0000] {logging_mixin.py:149} INFO - [2024-01-26T13:04:36.688+0000] {dag.py:3486} INFO - Setting next_dagrun for dag_with_postgres_hooks_v04 to 2024-01-24T16:00:00+00:00, run_after=2024-01-25T16:00:00+00:00
[2024-01-26T13:04:36.736+0000] {processor.py:179} INFO - Processing /opt/airflow/dags/dag_with_postgres_hooks.py took 0.455 seconds
[2024-01-26T13:12:20.173+0000] {processor.py:157} INFO - Started process (PID=45) to work on /opt/airflow/dags/dag_with_postgres_hooks.py
[2024-01-26T13:12:20.202+0000] {processor.py:826} INFO - Processing file /opt/airflow/dags/dag_with_postgres_hooks.py for tasks to queue
[2024-01-26T13:12:20.218+0000] {logging_mixin.py:149} INFO - [2024-01-26T13:12:20.214+0000] {dagbag.py:541} INFO - Filling up the DagBag from /opt/airflow/dags/dag_with_postgres_hooks.py
[2024-01-26T13:12:20.590+0000] {processor.py:836} INFO - DAG(s) dict_keys(['dag_with_postgres_hooks_v04']) retrieved from /opt/airflow/dags/dag_with_postgres_hooks.py
[2024-01-26T13:12:21.094+0000] {logging_mixin.py:149} INFO - [2024-01-26T13:12:21.093+0000] {dag.py:2726} INFO - Sync 1 DAGs
[2024-01-26T13:12:21.444+0000] {logging_mixin.py:149} INFO - [2024-01-26T13:12:21.442+0000] {dag.py:3486} INFO - Setting next_dagrun for dag_with_postgres_hooks_v04 to 2024-01-24T16:00:00+00:00, run_after=2024-01-25T16:00:00+00:00
[2024-01-26T13:12:21.755+0000] {processor.py:179} INFO - Processing /opt/airflow/dags/dag_with_postgres_hooks.py took 1.658 seconds
[2024-01-26T13:12:52.270+0000] {processor.py:157} INFO - Started process (PID=59) to work on /opt/airflow/dags/dag_with_postgres_hooks.py
[2024-01-26T13:12:52.284+0000] {processor.py:826} INFO - Processing file /opt/airflow/dags/dag_with_postgres_hooks.py for tasks to queue
[2024-01-26T13:12:52.297+0000] {logging_mixin.py:149} INFO - [2024-01-26T13:12:52.296+0000] {dagbag.py:541} INFO - Filling up the DagBag from /opt/airflow/dags/dag_with_postgres_hooks.py
[2024-01-26T13:12:52.490+0000] {processor.py:836} INFO - DAG(s) dict_keys(['dag_with_postgres_hooks_v04']) retrieved from /opt/airflow/dags/dag_with_postgres_hooks.py
[2024-01-26T13:12:53.450+0000] {logging_mixin.py:149} INFO - [2024-01-26T13:12:53.448+0000] {dag.py:2726} INFO - Sync 1 DAGs
[2024-01-26T13:12:53.969+0000] {logging_mixin.py:149} INFO - [2024-01-26T13:12:53.964+0000] {dag.py:3486} INFO - Setting next_dagrun for dag_with_postgres_hooks_v04 to 2024-01-24T16:00:00+00:00, run_after=2024-01-25T16:00:00+00:00
[2024-01-26T13:12:54.170+0000] {processor.py:179} INFO - Processing /opt/airflow/dags/dag_with_postgres_hooks.py took 1.929 seconds
[2024-01-26T13:13:24.375+0000] {processor.py:157} INFO - Started process (PID=74) to work on /opt/airflow/dags/dag_with_postgres_hooks.py
[2024-01-26T13:13:24.383+0000] {processor.py:826} INFO - Processing file /opt/airflow/dags/dag_with_postgres_hooks.py for tasks to queue
[2024-01-26T13:13:24.390+0000] {logging_mixin.py:149} INFO - [2024-01-26T13:13:24.389+0000] {dagbag.py:541} INFO - Filling up the DagBag from /opt/airflow/dags/dag_with_postgres_hooks.py
[2024-01-26T13:13:24.462+0000] {processor.py:836} INFO - DAG(s) dict_keys(['dag_with_postgres_hooks_v04']) retrieved from /opt/airflow/dags/dag_with_postgres_hooks.py
[2024-01-26T13:13:24.581+0000] {logging_mixin.py:149} INFO - [2024-01-26T13:13:24.581+0000] {dag.py:2726} INFO - Sync 1 DAGs
[2024-01-26T13:13:24.674+0000] {logging_mixin.py:149} INFO - [2024-01-26T13:13:24.674+0000] {dag.py:3486} INFO - Setting next_dagrun for dag_with_postgres_hooks_v04 to 2024-01-24T16:00:00+00:00, run_after=2024-01-25T16:00:00+00:00
[2024-01-26T13:13:25.041+0000] {processor.py:179} INFO - Processing /opt/airflow/dags/dag_with_postgres_hooks.py took 0.680 seconds
[2024-01-26T13:13:55.146+0000] {processor.py:157} INFO - Started process (PID=89) to work on /opt/airflow/dags/dag_with_postgres_hooks.py
[2024-01-26T13:13:55.151+0000] {processor.py:826} INFO - Processing file /opt/airflow/dags/dag_with_postgres_hooks.py for tasks to queue
[2024-01-26T13:13:55.156+0000] {logging_mixin.py:149} INFO - [2024-01-26T13:13:55.155+0000] {dagbag.py:541} INFO - Filling up the DagBag from /opt/airflow/dags/dag_with_postgres_hooks.py
[2024-01-26T13:13:55.200+0000] {processor.py:836} INFO - DAG(s) dict_keys(['dag_with_postgres_hooks_v04']) retrieved from /opt/airflow/dags/dag_with_postgres_hooks.py
[2024-01-26T13:13:55.283+0000] {logging_mixin.py:149} INFO - [2024-01-26T13:13:55.283+0000] {dag.py:2726} INFO - Sync 1 DAGs
[2024-01-26T13:13:55.609+0000] {logging_mixin.py:149} INFO - [2024-01-26T13:13:55.608+0000] {dag.py:3486} INFO - Setting next_dagrun for dag_with_postgres_hooks_v04 to 2024-01-24T16:00:00+00:00, run_after=2024-01-25T16:00:00+00:00
[2024-01-26T13:13:55.668+0000] {processor.py:179} INFO - Processing /opt/airflow/dags/dag_with_postgres_hooks.py took 0.533 seconds
[2024-01-26T13:14:26.116+0000] {processor.py:157} INFO - Started process (PID=104) to work on /opt/airflow/dags/dag_with_postgres_hooks.py
[2024-01-26T13:14:26.120+0000] {processor.py:826} INFO - Processing file /opt/airflow/dags/dag_with_postgres_hooks.py for tasks to queue
[2024-01-26T13:14:26.125+0000] {logging_mixin.py:149} INFO - [2024-01-26T13:14:26.125+0000] {dagbag.py:541} INFO - Filling up the DagBag from /opt/airflow/dags/dag_with_postgres_hooks.py
[2024-01-26T13:14:26.165+0000] {processor.py:836} INFO - DAG(s) dict_keys(['dag_with_postgres_hooks_v04']) retrieved from /opt/airflow/dags/dag_with_postgres_hooks.py
[2024-01-26T13:14:26.237+0000] {logging_mixin.py:149} INFO - [2024-01-26T13:14:26.236+0000] {dag.py:2726} INFO - Sync 1 DAGs
[2024-01-26T13:14:26.479+0000] {logging_mixin.py:149} INFO - [2024-01-26T13:14:26.478+0000] {dag.py:3486} INFO - Setting next_dagrun for dag_with_postgres_hooks_v04 to 2024-01-24T16:00:00+00:00, run_after=2024-01-25T16:00:00+00:00
[2024-01-26T13:14:26.517+0000] {processor.py:179} INFO - Processing /opt/airflow/dags/dag_with_postgres_hooks.py took 0.410 seconds
[2024-01-26T13:14:57.140+0000] {processor.py:157} INFO - Started process (PID=119) to work on /opt/airflow/dags/dag_with_postgres_hooks.py
[2024-01-26T13:14:57.143+0000] {processor.py:826} INFO - Processing file /opt/airflow/dags/dag_with_postgres_hooks.py for tasks to queue
[2024-01-26T13:14:57.145+0000] {logging_mixin.py:149} INFO - [2024-01-26T13:14:57.145+0000] {dagbag.py:541} INFO - Filling up the DagBag from /opt/airflow/dags/dag_with_postgres_hooks.py
[2024-01-26T13:14:57.172+0000] {processor.py:836} INFO - DAG(s) dict_keys(['dag_with_postgres_hooks_v04']) retrieved from /opt/airflow/dags/dag_with_postgres_hooks.py
[2024-01-26T13:14:57.371+0000] {logging_mixin.py:149} INFO - [2024-01-26T13:14:57.371+0000] {dag.py:2726} INFO - Sync 1 DAGs
[2024-01-26T13:14:57.406+0000] {logging_mixin.py:149} INFO - [2024-01-26T13:14:57.405+0000] {dag.py:3486} INFO - Setting next_dagrun for dag_with_postgres_hooks_v04 to 2024-01-24T16:00:00+00:00, run_after=2024-01-25T16:00:00+00:00
[2024-01-26T13:14:57.433+0000] {processor.py:179} INFO - Processing /opt/airflow/dags/dag_with_postgres_hooks.py took 0.300 seconds
[2024-01-26T13:15:28.054+0000] {processor.py:157} INFO - Started process (PID=134) to work on /opt/airflow/dags/dag_with_postgres_hooks.py
[2024-01-26T13:15:28.058+0000] {processor.py:826} INFO - Processing file /opt/airflow/dags/dag_with_postgres_hooks.py for tasks to queue
[2024-01-26T13:15:28.060+0000] {logging_mixin.py:149} INFO - [2024-01-26T13:15:28.060+0000] {dagbag.py:541} INFO - Filling up the DagBag from /opt/airflow/dags/dag_with_postgres_hooks.py
[2024-01-26T13:15:28.087+0000] {processor.py:836} INFO - DAG(s) dict_keys(['dag_with_postgres_hooks_v04']) retrieved from /opt/airflow/dags/dag_with_postgres_hooks.py
[2024-01-26T13:15:28.281+0000] {logging_mixin.py:149} INFO - [2024-01-26T13:15:28.280+0000] {dag.py:2726} INFO - Sync 1 DAGs
[2024-01-26T13:15:28.314+0000] {logging_mixin.py:149} INFO - [2024-01-26T13:15:28.314+0000] {dag.py:3486} INFO - Setting next_dagrun for dag_with_postgres_hooks_v04 to 2024-01-24T16:00:00+00:00, run_after=2024-01-25T16:00:00+00:00
[2024-01-26T13:15:28.341+0000] {processor.py:179} INFO - Processing /opt/airflow/dags/dag_with_postgres_hooks.py took 0.293 seconds
[2024-01-26T13:15:58.590+0000] {processor.py:157} INFO - Started process (PID=149) to work on /opt/airflow/dags/dag_with_postgres_hooks.py
[2024-01-26T13:15:58.593+0000] {processor.py:826} INFO - Processing file /opt/airflow/dags/dag_with_postgres_hooks.py for tasks to queue
[2024-01-26T13:15:58.596+0000] {logging_mixin.py:149} INFO - [2024-01-26T13:15:58.595+0000] {dagbag.py:541} INFO - Filling up the DagBag from /opt/airflow/dags/dag_with_postgres_hooks.py
[2024-01-26T13:15:58.622+0000] {processor.py:836} INFO - DAG(s) dict_keys(['dag_with_postgres_hooks_v04']) retrieved from /opt/airflow/dags/dag_with_postgres_hooks.py
[2024-01-26T13:15:58.672+0000] {logging_mixin.py:149} INFO - [2024-01-26T13:15:58.672+0000] {dag.py:2726} INFO - Sync 1 DAGs
[2024-01-26T13:15:58.712+0000] {logging_mixin.py:149} INFO - [2024-01-26T13:15:58.711+0000] {dag.py:3486} INFO - Setting next_dagrun for dag_with_postgres_hooks_v04 to 2024-01-24T16:00:00+00:00, run_after=2024-01-25T16:00:00+00:00
[2024-01-26T13:15:58.742+0000] {processor.py:179} INFO - Processing /opt/airflow/dags/dag_with_postgres_hooks.py took 0.159 seconds
[2024-01-26T13:16:29.494+0000] {processor.py:157} INFO - Started process (PID=164) to work on /opt/airflow/dags/dag_with_postgres_hooks.py
[2024-01-26T13:16:29.500+0000] {processor.py:826} INFO - Processing file /opt/airflow/dags/dag_with_postgres_hooks.py for tasks to queue
[2024-01-26T13:16:29.503+0000] {logging_mixin.py:149} INFO - [2024-01-26T13:16:29.502+0000] {dagbag.py:541} INFO - Filling up the DagBag from /opt/airflow/dags/dag_with_postgres_hooks.py
[2024-01-26T13:16:29.530+0000] {processor.py:836} INFO - DAG(s) dict_keys(['dag_with_postgres_hooks_v04']) retrieved from /opt/airflow/dags/dag_with_postgres_hooks.py
[2024-01-26T13:16:29.580+0000] {logging_mixin.py:149} INFO - [2024-01-26T13:16:29.580+0000] {dag.py:2726} INFO - Sync 1 DAGs
[2024-01-26T13:16:29.621+0000] {logging_mixin.py:149} INFO - [2024-01-26T13:16:29.621+0000] {dag.py:3486} INFO - Setting next_dagrun for dag_with_postgres_hooks_v04 to 2024-01-24T16:00:00+00:00, run_after=2024-01-25T16:00:00+00:00
[2024-01-26T13:16:29.651+0000] {processor.py:179} INFO - Processing /opt/airflow/dags/dag_with_postgres_hooks.py took 0.163 seconds
[2024-01-26T13:17:00.346+0000] {processor.py:157} INFO - Started process (PID=179) to work on /opt/airflow/dags/dag_with_postgres_hooks.py
[2024-01-26T13:17:00.350+0000] {processor.py:826} INFO - Processing file /opt/airflow/dags/dag_with_postgres_hooks.py for tasks to queue
[2024-01-26T13:17:00.355+0000] {logging_mixin.py:149} INFO - [2024-01-26T13:17:00.355+0000] {dagbag.py:541} INFO - Filling up the DagBag from /opt/airflow/dags/dag_with_postgres_hooks.py
[2024-01-26T13:17:00.399+0000] {processor.py:836} INFO - DAG(s) dict_keys(['dag_with_postgres_hooks_v04']) retrieved from /opt/airflow/dags/dag_with_postgres_hooks.py
[2024-01-26T13:17:00.469+0000] {logging_mixin.py:149} INFO - [2024-01-26T13:17:00.469+0000] {dag.py:2726} INFO - Sync 1 DAGs
[2024-01-26T13:17:00.517+0000] {logging_mixin.py:149} INFO - [2024-01-26T13:17:00.517+0000] {dag.py:3486} INFO - Setting next_dagrun for dag_with_postgres_hooks_v04 to 2024-01-24T16:00:00+00:00, run_after=2024-01-25T16:00:00+00:00
[2024-01-26T13:17:00.557+0000] {processor.py:179} INFO - Processing /opt/airflow/dags/dag_with_postgres_hooks.py took 0.220 seconds
[2024-01-26T13:17:30.758+0000] {processor.py:157} INFO - Started process (PID=198) to work on /opt/airflow/dags/dag_with_postgres_hooks.py
[2024-01-26T13:17:30.762+0000] {processor.py:826} INFO - Processing file /opt/airflow/dags/dag_with_postgres_hooks.py for tasks to queue
[2024-01-26T13:17:30.766+0000] {logging_mixin.py:149} INFO - [2024-01-26T13:17:30.766+0000] {dagbag.py:541} INFO - Filling up the DagBag from /opt/airflow/dags/dag_with_postgres_hooks.py
[2024-01-26T13:17:30.797+0000] {processor.py:836} INFO - DAG(s) dict_keys(['dag_with_postgres_hooks_v04']) retrieved from /opt/airflow/dags/dag_with_postgres_hooks.py
[2024-01-26T13:17:30.851+0000] {logging_mixin.py:149} INFO - [2024-01-26T13:17:30.851+0000] {dag.py:2726} INFO - Sync 1 DAGs
[2024-01-26T13:17:30.895+0000] {logging_mixin.py:149} INFO - [2024-01-26T13:17:30.895+0000] {dag.py:3486} INFO - Setting next_dagrun for dag_with_postgres_hooks_v04 to 2024-01-24T16:00:00+00:00, run_after=2024-01-25T16:00:00+00:00
[2024-01-26T13:17:30.926+0000] {processor.py:179} INFO - Processing /opt/airflow/dags/dag_with_postgres_hooks.py took 0.175 seconds
[2024-01-26T13:18:01.130+0000] {processor.py:157} INFO - Started process (PID=213) to work on /opt/airflow/dags/dag_with_postgres_hooks.py
[2024-01-26T13:18:01.133+0000] {processor.py:826} INFO - Processing file /opt/airflow/dags/dag_with_postgres_hooks.py for tasks to queue
[2024-01-26T13:18:01.136+0000] {logging_mixin.py:149} INFO - [2024-01-26T13:18:01.135+0000] {dagbag.py:541} INFO - Filling up the DagBag from /opt/airflow/dags/dag_with_postgres_hooks.py
[2024-01-26T13:18:01.164+0000] {processor.py:836} INFO - DAG(s) dict_keys(['dag_with_postgres_hooks_v04']) retrieved from /opt/airflow/dags/dag_with_postgres_hooks.py
[2024-01-26T13:18:01.214+0000] {logging_mixin.py:149} INFO - [2024-01-26T13:18:01.214+0000] {dag.py:2726} INFO - Sync 1 DAGs
[2024-01-26T13:18:01.255+0000] {logging_mixin.py:149} INFO - [2024-01-26T13:18:01.254+0000] {dag.py:3486} INFO - Setting next_dagrun for dag_with_postgres_hooks_v04 to 2024-01-24T16:00:00+00:00, run_after=2024-01-25T16:00:00+00:00
[2024-01-26T13:18:01.285+0000] {processor.py:179} INFO - Processing /opt/airflow/dags/dag_with_postgres_hooks.py took 0.162 seconds
[2024-01-26T13:18:31.477+0000] {processor.py:157} INFO - Started process (PID=228) to work on /opt/airflow/dags/dag_with_postgres_hooks.py
[2024-01-26T13:18:31.483+0000] {processor.py:826} INFO - Processing file /opt/airflow/dags/dag_with_postgres_hooks.py for tasks to queue
[2024-01-26T13:18:31.488+0000] {logging_mixin.py:149} INFO - [2024-01-26T13:18:31.487+0000] {dagbag.py:541} INFO - Filling up the DagBag from /opt/airflow/dags/dag_with_postgres_hooks.py
[2024-01-26T13:18:31.523+0000] {processor.py:836} INFO - DAG(s) dict_keys(['dag_with_postgres_hooks_v04']) retrieved from /opt/airflow/dags/dag_with_postgres_hooks.py
[2024-01-26T13:18:31.592+0000] {logging_mixin.py:149} INFO - [2024-01-26T13:18:31.592+0000] {dag.py:2726} INFO - Sync 1 DAGs
[2024-01-26T13:18:31.637+0000] {logging_mixin.py:149} INFO - [2024-01-26T13:18:31.637+0000] {dag.py:3486} INFO - Setting next_dagrun for dag_with_postgres_hooks_v04 to 2024-01-24T16:00:00+00:00, run_after=2024-01-25T16:00:00+00:00
[2024-01-26T13:18:31.720+0000] {processor.py:179} INFO - Processing /opt/airflow/dags/dag_with_postgres_hooks.py took 0.250 seconds
[2024-01-26T13:19:01.869+0000] {processor.py:157} INFO - Started process (PID=243) to work on /opt/airflow/dags/dag_with_postgres_hooks.py
[2024-01-26T13:19:01.872+0000] {processor.py:826} INFO - Processing file /opt/airflow/dags/dag_with_postgres_hooks.py for tasks to queue
[2024-01-26T13:19:01.874+0000] {logging_mixin.py:149} INFO - [2024-01-26T13:19:01.874+0000] {dagbag.py:541} INFO - Filling up the DagBag from /opt/airflow/dags/dag_with_postgres_hooks.py
[2024-01-26T13:19:01.900+0000] {processor.py:836} INFO - DAG(s) dict_keys(['dag_with_postgres_hooks_v04']) retrieved from /opt/airflow/dags/dag_with_postgres_hooks.py
[2024-01-26T13:19:01.952+0000] {logging_mixin.py:149} INFO - [2024-01-26T13:19:01.952+0000] {dag.py:2726} INFO - Sync 1 DAGs
[2024-01-26T13:19:01.994+0000] {logging_mixin.py:149} INFO - [2024-01-26T13:19:01.993+0000] {dag.py:3486} INFO - Setting next_dagrun for dag_with_postgres_hooks_v04 to 2024-01-24T16:00:00+00:00, run_after=2024-01-25T16:00:00+00:00
[2024-01-26T13:19:02.022+0000] {processor.py:179} INFO - Processing /opt/airflow/dags/dag_with_postgres_hooks.py took 0.159 seconds
[2024-01-26T13:19:32.156+0000] {processor.py:157} INFO - Started process (PID=258) to work on /opt/airflow/dags/dag_with_postgres_hooks.py
[2024-01-26T13:19:32.159+0000] {processor.py:826} INFO - Processing file /opt/airflow/dags/dag_with_postgres_hooks.py for tasks to queue
[2024-01-26T13:19:32.162+0000] {logging_mixin.py:149} INFO - [2024-01-26T13:19:32.161+0000] {dagbag.py:541} INFO - Filling up the DagBag from /opt/airflow/dags/dag_with_postgres_hooks.py
[2024-01-26T13:19:32.188+0000] {processor.py:836} INFO - DAG(s) dict_keys(['dag_with_postgres_hooks_v04']) retrieved from /opt/airflow/dags/dag_with_postgres_hooks.py
[2024-01-26T13:19:32.253+0000] {logging_mixin.py:149} INFO - [2024-01-26T13:19:32.253+0000] {dag.py:2726} INFO - Sync 1 DAGs
[2024-01-26T13:19:32.324+0000] {logging_mixin.py:149} INFO - [2024-01-26T13:19:32.324+0000] {dag.py:3486} INFO - Setting next_dagrun for dag_with_postgres_hooks_v04 to 2024-01-24T16:00:00+00:00, run_after=2024-01-25T16:00:00+00:00
[2024-01-26T13:19:32.354+0000] {processor.py:179} INFO - Processing /opt/airflow/dags/dag_with_postgres_hooks.py took 0.204 seconds
[2024-01-26T13:20:02.463+0000] {processor.py:157} INFO - Started process (PID=273) to work on /opt/airflow/dags/dag_with_postgres_hooks.py
[2024-01-26T13:20:02.466+0000] {processor.py:826} INFO - Processing file /opt/airflow/dags/dag_with_postgres_hooks.py for tasks to queue
[2024-01-26T13:20:02.470+0000] {logging_mixin.py:149} INFO - [2024-01-26T13:20:02.469+0000] {dagbag.py:541} INFO - Filling up the DagBag from /opt/airflow/dags/dag_with_postgres_hooks.py
[2024-01-26T13:20:02.500+0000] {processor.py:836} INFO - DAG(s) dict_keys(['dag_with_postgres_hooks_v04']) retrieved from /opt/airflow/dags/dag_with_postgres_hooks.py
[2024-01-26T13:20:02.551+0000] {logging_mixin.py:149} INFO - [2024-01-26T13:20:02.551+0000] {dag.py:2726} INFO - Sync 1 DAGs
[2024-01-26T13:20:02.592+0000] {logging_mixin.py:149} INFO - [2024-01-26T13:20:02.592+0000] {dag.py:3486} INFO - Setting next_dagrun for dag_with_postgres_hooks_v04 to 2024-01-24T16:00:00+00:00, run_after=2024-01-25T16:00:00+00:00
[2024-01-26T13:20:02.621+0000] {processor.py:179} INFO - Processing /opt/airflow/dags/dag_with_postgres_hooks.py took 0.163 seconds
[2024-01-26T13:20:33.295+0000] {processor.py:157} INFO - Started process (PID=288) to work on /opt/airflow/dags/dag_with_postgres_hooks.py
[2024-01-26T13:20:33.299+0000] {processor.py:826} INFO - Processing file /opt/airflow/dags/dag_with_postgres_hooks.py for tasks to queue
[2024-01-26T13:20:33.302+0000] {logging_mixin.py:149} INFO - [2024-01-26T13:20:33.302+0000] {dagbag.py:541} INFO - Filling up the DagBag from /opt/airflow/dags/dag_with_postgres_hooks.py
[2024-01-26T13:20:33.336+0000] {processor.py:836} INFO - DAG(s) dict_keys(['dag_with_postgres_hooks_v04']) retrieved from /opt/airflow/dags/dag_with_postgres_hooks.py
[2024-01-26T13:20:33.396+0000] {logging_mixin.py:149} INFO - [2024-01-26T13:20:33.395+0000] {dag.py:2726} INFO - Sync 1 DAGs
[2024-01-26T13:20:33.448+0000] {logging_mixin.py:149} INFO - [2024-01-26T13:20:33.447+0000] {dag.py:3486} INFO - Setting next_dagrun for dag_with_postgres_hooks_v04 to 2024-01-24T16:00:00+00:00, run_after=2024-01-25T16:00:00+00:00
[2024-01-26T13:20:33.487+0000] {processor.py:179} INFO - Processing /opt/airflow/dags/dag_with_postgres_hooks.py took 0.201 seconds
[2024-01-26T13:21:03.914+0000] {processor.py:157} INFO - Started process (PID=303) to work on /opt/airflow/dags/dag_with_postgres_hooks.py
[2024-01-26T13:21:03.920+0000] {processor.py:826} INFO - Processing file /opt/airflow/dags/dag_with_postgres_hooks.py for tasks to queue
[2024-01-26T13:21:03.925+0000] {logging_mixin.py:149} INFO - [2024-01-26T13:21:03.925+0000] {dagbag.py:541} INFO - Filling up the DagBag from /opt/airflow/dags/dag_with_postgres_hooks.py
[2024-01-26T13:21:03.972+0000] {processor.py:836} INFO - DAG(s) dict_keys(['dag_with_postgres_hooks_v04']) retrieved from /opt/airflow/dags/dag_with_postgres_hooks.py
[2024-01-26T13:21:04.053+0000] {logging_mixin.py:149} INFO - [2024-01-26T13:21:04.053+0000] {dag.py:2726} INFO - Sync 1 DAGs
[2024-01-26T13:21:04.130+0000] {logging_mixin.py:149} INFO - [2024-01-26T13:21:04.130+0000] {dag.py:3486} INFO - Setting next_dagrun for dag_with_postgres_hooks_v04 to 2024-01-24T16:00:00+00:00, run_after=2024-01-25T16:00:00+00:00
[2024-01-26T13:21:04.206+0000] {processor.py:179} INFO - Processing /opt/airflow/dags/dag_with_postgres_hooks.py took 0.306 seconds
[2024-01-26T13:21:35.149+0000] {processor.py:157} INFO - Started process (PID=328) to work on /opt/airflow/dags/dag_with_postgres_hooks.py
[2024-01-26T13:21:35.152+0000] {processor.py:826} INFO - Processing file /opt/airflow/dags/dag_with_postgres_hooks.py for tasks to queue
[2024-01-26T13:21:35.155+0000] {logging_mixin.py:149} INFO - [2024-01-26T13:21:35.155+0000] {dagbag.py:541} INFO - Filling up the DagBag from /opt/airflow/dags/dag_with_postgres_hooks.py
[2024-01-26T13:21:35.182+0000] {processor.py:836} INFO - DAG(s) dict_keys(['dag_with_postgres_hooks_v04']) retrieved from /opt/airflow/dags/dag_with_postgres_hooks.py
[2024-01-26T13:21:35.231+0000] {logging_mixin.py:149} INFO - [2024-01-26T13:21:35.231+0000] {dag.py:2726} INFO - Sync 1 DAGs
[2024-01-26T13:21:35.274+0000] {logging_mixin.py:149} INFO - [2024-01-26T13:21:35.274+0000] {dag.py:3486} INFO - Setting next_dagrun for dag_with_postgres_hooks_v04 to 2024-01-24T16:00:00+00:00, run_after=2024-01-25T16:00:00+00:00
[2024-01-26T13:21:35.301+0000] {processor.py:179} INFO - Processing /opt/airflow/dags/dag_with_postgres_hooks.py took 0.158 seconds
[2024-01-26T13:22:06.087+0000] {processor.py:157} INFO - Started process (PID=343) to work on /opt/airflow/dags/dag_with_postgres_hooks.py
[2024-01-26T13:22:06.091+0000] {processor.py:826} INFO - Processing file /opt/airflow/dags/dag_with_postgres_hooks.py for tasks to queue
[2024-01-26T13:22:06.094+0000] {logging_mixin.py:149} INFO - [2024-01-26T13:22:06.093+0000] {dagbag.py:541} INFO - Filling up the DagBag from /opt/airflow/dags/dag_with_postgres_hooks.py
[2024-01-26T13:22:06.119+0000] {processor.py:836} INFO - DAG(s) dict_keys(['dag_with_postgres_hooks_v04']) retrieved from /opt/airflow/dags/dag_with_postgres_hooks.py
[2024-01-26T13:22:06.170+0000] {logging_mixin.py:149} INFO - [2024-01-26T13:22:06.169+0000] {dag.py:2726} INFO - Sync 1 DAGs
[2024-01-26T13:22:06.212+0000] {logging_mixin.py:149} INFO - [2024-01-26T13:22:06.212+0000] {dag.py:3486} INFO - Setting next_dagrun for dag_with_postgres_hooks_v04 to 2024-01-24T16:00:00+00:00, run_after=2024-01-25T16:00:00+00:00
[2024-01-26T13:22:06.243+0000] {processor.py:179} INFO - Processing /opt/airflow/dags/dag_with_postgres_hooks.py took 0.162 seconds
[2024-01-26T13:22:37.239+0000] {processor.py:157} INFO - Started process (PID=358) to work on /opt/airflow/dags/dag_with_postgres_hooks.py
[2024-01-26T13:22:37.242+0000] {processor.py:826} INFO - Processing file /opt/airflow/dags/dag_with_postgres_hooks.py for tasks to queue
[2024-01-26T13:22:37.244+0000] {logging_mixin.py:149} INFO - [2024-01-26T13:22:37.244+0000] {dagbag.py:541} INFO - Filling up the DagBag from /opt/airflow/dags/dag_with_postgres_hooks.py
[2024-01-26T13:22:37.275+0000] {processor.py:836} INFO - DAG(s) dict_keys(['dag_with_postgres_hooks_v04']) retrieved from /opt/airflow/dags/dag_with_postgres_hooks.py
[2024-01-26T13:22:37.335+0000] {logging_mixin.py:149} INFO - [2024-01-26T13:22:37.335+0000] {dag.py:2726} INFO - Sync 1 DAGs
[2024-01-26T13:22:37.407+0000] {logging_mixin.py:149} INFO - [2024-01-26T13:22:37.407+0000] {dag.py:3486} INFO - Setting next_dagrun for dag_with_postgres_hooks_v04 to 2024-01-24T16:00:00+00:00, run_after=2024-01-25T16:00:00+00:00
[2024-01-26T13:22:37.444+0000] {processor.py:179} INFO - Processing /opt/airflow/dags/dag_with_postgres_hooks.py took 0.211 seconds
[2024-01-26T13:23:07.682+0000] {processor.py:157} INFO - Started process (PID=373) to work on /opt/airflow/dags/dag_with_postgres_hooks.py
[2024-01-26T13:23:07.685+0000] {processor.py:826} INFO - Processing file /opt/airflow/dags/dag_with_postgres_hooks.py for tasks to queue
[2024-01-26T13:23:07.688+0000] {logging_mixin.py:149} INFO - [2024-01-26T13:23:07.688+0000] {dagbag.py:541} INFO - Filling up the DagBag from /opt/airflow/dags/dag_with_postgres_hooks.py
[2024-01-26T13:23:07.718+0000] {processor.py:836} INFO - DAG(s) dict_keys(['dag_with_postgres_hooks_v04']) retrieved from /opt/airflow/dags/dag_with_postgres_hooks.py
[2024-01-26T13:23:07.769+0000] {logging_mixin.py:149} INFO - [2024-01-26T13:23:07.768+0000] {dag.py:2726} INFO - Sync 1 DAGs
[2024-01-26T13:23:07.812+0000] {logging_mixin.py:149} INFO - [2024-01-26T13:23:07.812+0000] {dag.py:3486} INFO - Setting next_dagrun for dag_with_postgres_hooks_v04 to 2024-01-24T16:00:00+00:00, run_after=2024-01-25T16:00:00+00:00
[2024-01-26T13:23:07.848+0000] {processor.py:179} INFO - Processing /opt/airflow/dags/dag_with_postgres_hooks.py took 0.174 seconds
[2024-01-26T21:06:58.124+0000] {processor.py:157} INFO - Started process (PID=153) to work on /opt/airflow/dags/dag_with_postgres_hooks.py
[2024-01-26T21:06:58.925+0000] {processor.py:826} INFO - Processing file /opt/airflow/dags/dag_with_postgres_hooks.py for tasks to queue
[2024-01-26T21:06:59.038+0000] {logging_mixin.py:149} INFO - [2024-01-26T21:06:59.035+0000] {dagbag.py:541} INFO - Filling up the DagBag from /opt/airflow/dags/dag_with_postgres_hooks.py
[2024-01-26T21:06:59.835+0000] {processor.py:836} INFO - DAG(s) dict_keys(['dag_with_postgres_hooks_v04']) retrieved from /opt/airflow/dags/dag_with_postgres_hooks.py
[2024-01-26T21:07:10.397+0000] {logging_mixin.py:149} INFO - [2024-01-26T21:07:10.396+0000] {manager.py:504} INFO - Created Permission View: can delete on DAG:dag_with_postgres_hooks_v04
[2024-01-26T21:07:14.509+0000] {logging_mixin.py:149} INFO - [2024-01-26T21:07:14.508+0000] {manager.py:504} INFO - Created Permission View: can edit on DAG:dag_with_postgres_hooks_v04
[2024-01-26T21:07:14.620+0000] {logging_mixin.py:149} INFO - [2024-01-26T21:07:14.619+0000] {manager.py:504} INFO - Created Permission View: can read on DAG:dag_with_postgres_hooks_v04
[2024-01-26T21:07:14.815+0000] {logging_mixin.py:149} INFO - [2024-01-26T21:07:14.814+0000] {dag.py:2726} INFO - Sync 1 DAGs
[2024-01-26T21:07:15.086+0000] {logging_mixin.py:149} INFO - [2024-01-26T21:07:15.085+0000] {dag.py:2747} INFO - Creating ORM DAG for dag_with_postgres_hooks_v04
[2024-01-26T21:07:15.320+0000] {logging_mixin.py:149} INFO - [2024-01-26T21:07:15.317+0000] {dag.py:3486} INFO - Setting next_dagrun for dag_with_postgres_hooks_v04 to 2024-01-25T16:00:00+00:00, run_after=2024-01-26T16:00:00+00:00
[2024-01-26T21:07:15.549+0000] {processor.py:179} INFO - Processing /opt/airflow/dags/dag_with_postgres_hooks.py took 17.705 seconds
[2024-01-26T21:07:46.428+0000] {processor.py:157} INFO - Started process (PID=174) to work on /opt/airflow/dags/dag_with_postgres_hooks.py
[2024-01-26T21:07:46.456+0000] {processor.py:826} INFO - Processing file /opt/airflow/dags/dag_with_postgres_hooks.py for tasks to queue
[2024-01-26T21:07:46.480+0000] {logging_mixin.py:149} INFO - [2024-01-26T21:07:46.477+0000] {dagbag.py:541} INFO - Filling up the DagBag from /opt/airflow/dags/dag_with_postgres_hooks.py
[2024-01-26T21:07:46.815+0000] {processor.py:836} INFO - DAG(s) dict_keys(['dag_with_postgres_hooks_v04']) retrieved from /opt/airflow/dags/dag_with_postgres_hooks.py
[2024-01-26T21:07:47.655+0000] {logging_mixin.py:149} INFO - [2024-01-26T21:07:47.653+0000] {dag.py:2726} INFO - Sync 1 DAGs
[2024-01-26T21:07:48.364+0000] {logging_mixin.py:149} INFO - [2024-01-26T21:07:48.362+0000] {dag.py:3486} INFO - Setting next_dagrun for dag_with_postgres_hooks_v04 to 2024-01-25T16:00:00+00:00, run_after=2024-01-26T16:00:00+00:00
[2024-01-26T21:07:48.946+0000] {processor.py:179} INFO - Processing /opt/airflow/dags/dag_with_postgres_hooks.py took 2.610 seconds
[2024-01-26T21:09:23.316+0000] {processor.py:157} INFO - Started process (PID=196) to work on /opt/airflow/dags/dag_with_postgres_hooks.py
[2024-01-26T21:09:23.461+0000] {processor.py:826} INFO - Processing file /opt/airflow/dags/dag_with_postgres_hooks.py for tasks to queue
[2024-01-26T21:09:23.854+0000] {logging_mixin.py:149} INFO - [2024-01-26T21:09:23.850+0000] {dagbag.py:541} INFO - Filling up the DagBag from /opt/airflow/dags/dag_with_postgres_hooks.py
[2024-01-26T21:09:25.167+0000] {processor.py:836} INFO - DAG(s) dict_keys(['dag_with_postgres_hooks_v04']) retrieved from /opt/airflow/dags/dag_with_postgres_hooks.py
[2024-01-26T21:09:28.147+0000] {logging_mixin.py:149} INFO - [2024-01-26T21:09:28.141+0000] {dag.py:2726} INFO - Sync 1 DAGs
[2024-01-26T21:09:42.923+0000] {logging_mixin.py:149} INFO - [2024-01-26T21:09:42.922+0000] {dag.py:3486} INFO - Setting next_dagrun for dag_with_postgres_hooks_v04 to 2024-01-25T16:00:00+00:00, run_after=2024-01-26T16:00:00+00:00
[2024-01-26T21:09:46.839+0000] {processor.py:179} INFO - Processing /opt/airflow/dags/dag_with_postgres_hooks.py took 23.930 seconds
[2024-01-26T21:11:25.848+0000] {processor.py:157} INFO - Started process (PID=226) to work on /opt/airflow/dags/dag_with_postgres_hooks.py
[2024-01-26T21:11:25.876+0000] {processor.py:826} INFO - Processing file /opt/airflow/dags/dag_with_postgres_hooks.py for tasks to queue
[2024-01-26T21:11:25.935+0000] {logging_mixin.py:149} INFO - [2024-01-26T21:11:25.931+0000] {dagbag.py:541} INFO - Filling up the DagBag from /opt/airflow/dags/dag_with_postgres_hooks.py
[2024-01-26T21:11:27.377+0000] {processor.py:836} INFO - DAG(s) dict_keys(['dag_with_postgres_hooks_v04']) retrieved from /opt/airflow/dags/dag_with_postgres_hooks.py
[2024-01-26T21:11:45.458+0000] {logging_mixin.py:149} INFO - [2024-01-26T21:11:45.456+0000] {dag.py:2726} INFO - Sync 1 DAGs
[2024-01-26T21:11:48.685+0000] {logging_mixin.py:149} INFO - [2024-01-26T21:11:48.683+0000] {dag.py:3486} INFO - Setting next_dagrun for dag_with_postgres_hooks_v04 to 2024-01-25T16:00:00+00:00, run_after=2024-01-26T16:00:00+00:00
[2024-01-26T21:11:57.006+0000] {processor.py:179} INFO - Processing /opt/airflow/dags/dag_with_postgres_hooks.py took 31.315 seconds
[2024-01-26T21:13:00.790+0000] {processor.py:157} INFO - Started process (PID=256) to work on /opt/airflow/dags/dag_with_postgres_hooks.py
[2024-01-26T21:13:00.842+0000] {processor.py:826} INFO - Processing file /opt/airflow/dags/dag_with_postgres_hooks.py for tasks to queue
[2024-01-26T21:13:00.855+0000] {logging_mixin.py:149} INFO - [2024-01-26T21:13:00.853+0000] {dagbag.py:541} INFO - Filling up the DagBag from /opt/airflow/dags/dag_with_postgres_hooks.py
[2024-01-26T21:13:01.331+0000] {processor.py:836} INFO - DAG(s) dict_keys(['dag_with_postgres_hooks_v04']) retrieved from /opt/airflow/dags/dag_with_postgres_hooks.py
[2024-01-26T21:13:01.920+0000] {logging_mixin.py:149} INFO - [2024-01-26T21:13:01.915+0000] {dag.py:2726} INFO - Sync 1 DAGs
[2024-01-26T21:13:02.778+0000] {logging_mixin.py:149} INFO - [2024-01-26T21:13:02.776+0000] {dag.py:3486} INFO - Setting next_dagrun for dag_with_postgres_hooks_v04 to 2024-01-25T16:00:00+00:00, run_after=2024-01-26T16:00:00+00:00
[2024-01-26T21:13:03.689+0000] {processor.py:179} INFO - Processing /opt/airflow/dags/dag_with_postgres_hooks.py took 2.985 seconds
[2024-01-26T21:13:50.396+0000] {processor.py:157} INFO - Started process (PID=270) to work on /opt/airflow/dags/dag_with_postgres_hooks.py
[2024-01-26T21:13:50.547+0000] {processor.py:826} INFO - Processing file /opt/airflow/dags/dag_with_postgres_hooks.py for tasks to queue
[2024-01-26T21:13:50.853+0000] {logging_mixin.py:149} INFO - [2024-01-26T21:13:50.804+0000] {dagbag.py:541} INFO - Filling up the DagBag from /opt/airflow/dags/dag_with_postgres_hooks.py
[2024-01-26T21:13:52.349+0000] {processor.py:836} INFO - DAG(s) dict_keys(['dag_with_postgres_hooks_v04']) retrieved from /opt/airflow/dags/dag_with_postgres_hooks.py
[2024-01-26T21:14:01.400+0000] {logging_mixin.py:149} INFO - [2024-01-26T21:14:01.399+0000] {dag.py:2726} INFO - Sync 1 DAGs
[2024-01-26T21:14:06.575+0000] {logging_mixin.py:149} INFO - [2024-01-26T21:14:06.574+0000] {dag.py:3486} INFO - Setting next_dagrun for dag_with_postgres_hooks_v04 to 2024-01-25T16:00:00+00:00, run_after=2024-01-26T16:00:00+00:00
[2024-01-26T21:14:11.432+0000] {processor.py:179} INFO - Processing /opt/airflow/dags/dag_with_postgres_hooks.py took 21.369 seconds
[2024-01-26T21:15:38.842+0000] {processor.py:157} INFO - Started process (PID=298) to work on /opt/airflow/dags/dag_with_postgres_hooks.py
[2024-01-26T21:15:38.876+0000] {processor.py:826} INFO - Processing file /opt/airflow/dags/dag_with_postgres_hooks.py for tasks to queue
[2024-01-26T21:15:38.955+0000] {logging_mixin.py:149} INFO - [2024-01-26T21:15:38.930+0000] {dagbag.py:541} INFO - Filling up the DagBag from /opt/airflow/dags/dag_with_postgres_hooks.py
[2024-01-26T21:15:39.563+0000] {processor.py:836} INFO - DAG(s) dict_keys(['dag_with_postgres_hooks_v04']) retrieved from /opt/airflow/dags/dag_with_postgres_hooks.py
[2024-01-26T21:15:41.090+0000] {logging_mixin.py:149} INFO - [2024-01-26T21:15:41.088+0000] {dag.py:2726} INFO - Sync 1 DAGs
[2024-01-26T21:15:42.920+0000] {logging_mixin.py:149} INFO - [2024-01-26T21:15:42.916+0000] {dag.py:3486} INFO - Setting next_dagrun for dag_with_postgres_hooks_v04 to 2024-01-25T16:00:00+00:00, run_after=2024-01-26T16:00:00+00:00
[2024-01-26T21:15:43.564+0000] {processor.py:179} INFO - Processing /opt/airflow/dags/dag_with_postgres_hooks.py took 4.872 seconds
[2024-01-26T21:17:33.119+0000] {processor.py:157} INFO - Started process (PID=320) to work on /opt/airflow/dags/dag_with_postgres_hooks.py
[2024-01-26T21:17:33.184+0000] {processor.py:826} INFO - Processing file /opt/airflow/dags/dag_with_postgres_hooks.py for tasks to queue
[2024-01-26T21:17:33.392+0000] {logging_mixin.py:149} INFO - [2024-01-26T21:17:33.256+0000] {dagbag.py:541} INFO - Filling up the DagBag from /opt/airflow/dags/dag_with_postgres_hooks.py
[2024-01-26T21:17:34.738+0000] {processor.py:836} INFO - DAG(s) dict_keys(['dag_with_postgres_hooks_v04']) retrieved from /opt/airflow/dags/dag_with_postgres_hooks.py
[2024-01-26T21:17:40.646+0000] {logging_mixin.py:149} INFO - [2024-01-26T21:17:40.440+0000] {dag.py:2726} INFO - Sync 1 DAGs
[2024-01-26T21:17:46.454+0000] {logging_mixin.py:149} INFO - [2024-01-26T21:17:46.451+0000] {dag.py:3486} INFO - Setting next_dagrun for dag_with_postgres_hooks_v04 to 2024-01-25T16:00:00+00:00, run_after=2024-01-26T16:00:00+00:00
[2024-01-26T21:17:48.429+0000] {processor.py:179} INFO - Processing /opt/airflow/dags/dag_with_postgres_hooks.py took 15.302 seconds
[2024-01-26T21:19:10.327+0000] {processor.py:157} INFO - Started process (PID=333) to work on /opt/airflow/dags/dag_with_postgres_hooks.py
[2024-01-26T21:19:10.350+0000] {processor.py:826} INFO - Processing file /opt/airflow/dags/dag_with_postgres_hooks.py for tasks to queue
[2024-01-26T21:19:10.377+0000] {logging_mixin.py:149} INFO - [2024-01-26T21:19:10.373+0000] {dagbag.py:541} INFO - Filling up the DagBag from /opt/airflow/dags/dag_with_postgres_hooks.py
[2024-01-26T21:19:11.134+0000] {processor.py:836} INFO - DAG(s) dict_keys(['dag_with_postgres_hooks_v04']) retrieved from /opt/airflow/dags/dag_with_postgres_hooks.py
[2024-01-26T21:19:12.576+0000] {logging_mixin.py:149} INFO - [2024-01-26T21:19:12.575+0000] {dag.py:2726} INFO - Sync 1 DAGs
[2024-01-26T21:19:13.476+0000] {logging_mixin.py:149} INFO - [2024-01-26T21:19:13.475+0000] {dag.py:3486} INFO - Setting next_dagrun for dag_with_postgres_hooks_v04 to 2024-01-25T16:00:00+00:00, run_after=2024-01-26T16:00:00+00:00
[2024-01-26T21:19:13.864+0000] {processor.py:179} INFO - Processing /opt/airflow/dags/dag_with_postgres_hooks.py took 3.822 seconds
[2024-01-26T21:19:53.083+0000] {processor.py:157} INFO - Started process (PID=347) to work on /opt/airflow/dags/dag_with_postgres_hooks.py
[2024-01-26T21:19:53.200+0000] {processor.py:826} INFO - Processing file /opt/airflow/dags/dag_with_postgres_hooks.py for tasks to queue
[2024-01-26T21:19:53.338+0000] {logging_mixin.py:149} INFO - [2024-01-26T21:19:53.270+0000] {dagbag.py:541} INFO - Filling up the DagBag from /opt/airflow/dags/dag_with_postgres_hooks.py
[2024-01-26T21:19:56.500+0000] {processor.py:836} INFO - DAG(s) dict_keys(['dag_with_postgres_hooks_v04']) retrieved from /opt/airflow/dags/dag_with_postgres_hooks.py
[2024-01-26T21:20:00.772+0000] {logging_mixin.py:149} INFO - [2024-01-26T21:20:00.758+0000] {dag.py:2726} INFO - Sync 1 DAGs
[2024-01-26T21:20:05.424+0000] {logging_mixin.py:149} INFO - [2024-01-26T21:20:05.393+0000] {dag.py:3486} INFO - Setting next_dagrun for dag_with_postgres_hooks_v04 to 2024-01-25T16:00:00+00:00, run_after=2024-01-26T16:00:00+00:00
[2024-01-26T21:20:09.000+0000] {processor.py:179} INFO - Processing /opt/airflow/dags/dag_with_postgres_hooks.py took 16.270 seconds
[2024-01-26T21:20:48.060+0000] {processor.py:157} INFO - Started process (PID=368) to work on /opt/airflow/dags/dag_with_postgres_hooks.py
[2024-01-26T21:20:48.094+0000] {processor.py:826} INFO - Processing file /opt/airflow/dags/dag_with_postgres_hooks.py for tasks to queue
[2024-01-26T21:20:48.127+0000] {logging_mixin.py:149} INFO - [2024-01-26T21:20:48.125+0000] {dagbag.py:541} INFO - Filling up the DagBag from /opt/airflow/dags/dag_with_postgres_hooks.py
[2024-01-26T21:20:48.634+0000] {processor.py:836} INFO - DAG(s) dict_keys(['dag_with_postgres_hooks_v04']) retrieved from /opt/airflow/dags/dag_with_postgres_hooks.py
[2024-01-26T21:20:50.434+0000] {logging_mixin.py:149} INFO - [2024-01-26T21:20:50.418+0000] {dag.py:2726} INFO - Sync 1 DAGs
[2024-01-26T21:20:52.221+0000] {logging_mixin.py:149} INFO - [2024-01-26T21:20:52.205+0000] {dag.py:3486} INFO - Setting next_dagrun for dag_with_postgres_hooks_v04 to 2024-01-25T16:00:00+00:00, run_after=2024-01-26T16:00:00+00:00
[2024-01-26T21:20:53.314+0000] {processor.py:179} INFO - Processing /opt/airflow/dags/dag_with_postgres_hooks.py took 5.423 seconds
[2024-01-26T21:21:38.218+0000] {processor.py:157} INFO - Started process (PID=383) to work on /opt/airflow/dags/dag_with_postgres_hooks.py
[2024-01-26T21:21:38.544+0000] {processor.py:826} INFO - Processing file /opt/airflow/dags/dag_with_postgres_hooks.py for tasks to queue
[2024-01-26T21:21:38.589+0000] {logging_mixin.py:149} INFO - [2024-01-26T21:21:38.587+0000] {dagbag.py:541} INFO - Filling up the DagBag from /opt/airflow/dags/dag_with_postgres_hooks.py
[2024-01-26T21:21:40.872+0000] {processor.py:836} INFO - DAG(s) dict_keys(['dag_with_postgres_hooks_v04']) retrieved from /opt/airflow/dags/dag_with_postgres_hooks.py
[2024-01-26T21:21:43.420+0000] {logging_mixin.py:149} INFO - [2024-01-26T21:21:43.419+0000] {dag.py:2726} INFO - Sync 1 DAGs
[2024-01-26T21:21:44.784+0000] {logging_mixin.py:149} INFO - [2024-01-26T21:21:44.782+0000] {dag.py:3486} INFO - Setting next_dagrun for dag_with_postgres_hooks_v04 to 2024-01-25T16:00:00+00:00, run_after=2024-01-26T16:00:00+00:00
[2024-01-26T21:21:45.683+0000] {processor.py:179} INFO - Processing /opt/airflow/dags/dag_with_postgres_hooks.py took 7.612 seconds
[2024-01-26T21:22:34.643+0000] {processor.py:157} INFO - Started process (PID=405) to work on /opt/airflow/dags/dag_with_postgres_hooks.py
[2024-01-26T21:22:34.742+0000] {processor.py:826} INFO - Processing file /opt/airflow/dags/dag_with_postgres_hooks.py for tasks to queue
[2024-01-26T21:22:35.316+0000] {logging_mixin.py:149} INFO - [2024-01-26T21:22:34.867+0000] {dagbag.py:541} INFO - Filling up the DagBag from /opt/airflow/dags/dag_with_postgres_hooks.py
[2024-01-26T21:22:39.334+0000] {processor.py:836} INFO - DAG(s) dict_keys(['dag_with_postgres_hooks_v04']) retrieved from /opt/airflow/dags/dag_with_postgres_hooks.py
[2024-01-26T21:23:09.768+0000] {logging_mixin.py:149} INFO - [2024-01-26T21:23:09.767+0000] {dag.py:2726} INFO - Sync 1 DAGs
[2024-01-26T21:23:18.714+0000] {logging_mixin.py:149} INFO - [2024-01-26T21:23:18.713+0000] {dag.py:3486} INFO - Setting next_dagrun for dag_with_postgres_hooks_v04 to 2024-01-25T16:00:00+00:00, run_after=2024-01-26T16:00:00+00:00
[2024-01-26T21:23:20.113+0000] {processor.py:179} INFO - Processing /opt/airflow/dags/dag_with_postgres_hooks.py took 46.186 seconds
[2024-01-26T21:23:51.703+0000] {processor.py:157} INFO - Started process (PID=427) to work on /opt/airflow/dags/dag_with_postgres_hooks.py
[2024-01-26T21:23:51.760+0000] {processor.py:826} INFO - Processing file /opt/airflow/dags/dag_with_postgres_hooks.py for tasks to queue
[2024-01-26T21:23:51.879+0000] {logging_mixin.py:149} INFO - [2024-01-26T21:23:51.869+0000] {dagbag.py:541} INFO - Filling up the DagBag from /opt/airflow/dags/dag_with_postgres_hooks.py
[2024-01-26T21:23:54.279+0000] {processor.py:836} INFO - DAG(s) dict_keys(['dag_with_postgres_hooks_v04']) retrieved from /opt/airflow/dags/dag_with_postgres_hooks.py
[2024-01-26T21:23:56.792+0000] {logging_mixin.py:149} INFO - [2024-01-26T21:23:56.786+0000] {dag.py:2726} INFO - Sync 1 DAGs
[2024-01-26T21:24:01.339+0000] {logging_mixin.py:149} INFO - [2024-01-26T21:24:01.338+0000] {dag.py:3486} INFO - Setting next_dagrun for dag_with_postgres_hooks_v04 to 2024-01-25T16:00:00+00:00, run_after=2024-01-26T16:00:00+00:00
[2024-01-26T21:24:04.782+0000] {processor.py:179} INFO - Processing /opt/airflow/dags/dag_with_postgres_hooks.py took 13.311 seconds
[2024-01-26T21:25:22.708+0000] {processor.py:157} INFO - Started process (PID=442) to work on /opt/airflow/dags/dag_with_postgres_hooks.py
[2024-01-26T21:25:22.746+0000] {processor.py:826} INFO - Processing file /opt/airflow/dags/dag_with_postgres_hooks.py for tasks to queue
[2024-01-26T21:25:22.774+0000] {logging_mixin.py:149} INFO - [2024-01-26T21:25:22.772+0000] {dagbag.py:541} INFO - Filling up the DagBag from /opt/airflow/dags/dag_with_postgres_hooks.py
[2024-01-26T21:25:23.216+0000] {processor.py:836} INFO - DAG(s) dict_keys(['dag_with_postgres_hooks_v04']) retrieved from /opt/airflow/dags/dag_with_postgres_hooks.py
[2024-01-26T21:25:23.874+0000] {logging_mixin.py:149} INFO - [2024-01-26T21:25:23.873+0000] {dag.py:2726} INFO - Sync 1 DAGs
[2024-01-26T21:25:25.320+0000] {logging_mixin.py:149} INFO - [2024-01-26T21:25:25.318+0000] {dag.py:3486} INFO - Setting next_dagrun for dag_with_postgres_hooks_v04 to 2024-01-25T16:00:00+00:00, run_after=2024-01-26T16:00:00+00:00
[2024-01-26T21:25:25.934+0000] {processor.py:179} INFO - Processing /opt/airflow/dags/dag_with_postgres_hooks.py took 3.389 seconds
[2024-01-26T21:27:50.380+0000] {processor.py:157} INFO - Started process (PID=468) to work on /opt/airflow/dags/dag_with_postgres_hooks.py
[2024-01-26T21:27:50.505+0000] {processor.py:826} INFO - Processing file /opt/airflow/dags/dag_with_postgres_hooks.py for tasks to queue
[2024-01-26T21:27:50.731+0000] {logging_mixin.py:149} INFO - [2024-01-26T21:27:50.730+0000] {dagbag.py:541} INFO - Filling up the DagBag from /opt/airflow/dags/dag_with_postgres_hooks.py
[2024-01-26T21:27:52.282+0000] {processor.py:836} INFO - DAG(s) dict_keys(['dag_with_postgres_hooks_v04']) retrieved from /opt/airflow/dags/dag_with_postgres_hooks.py
[2024-01-26T21:27:54.613+0000] {logging_mixin.py:149} INFO - [2024-01-26T21:27:54.603+0000] {dag.py:2726} INFO - Sync 1 DAGs
[2024-01-26T21:27:56.374+0000] {logging_mixin.py:149} INFO - [2024-01-26T21:27:56.361+0000] {dag.py:3486} INFO - Setting next_dagrun for dag_with_postgres_hooks_v04 to 2024-01-25T16:00:00+00:00, run_after=2024-01-26T16:00:00+00:00
[2024-01-26T21:27:57.332+0000] {processor.py:179} INFO - Processing /opt/airflow/dags/dag_with_postgres_hooks.py took 7.132 seconds
[2024-01-26T21:29:58.304+0000] {processor.py:157} INFO - Started process (PID=490) to work on /opt/airflow/dags/dag_with_postgres_hooks.py
[2024-01-26T21:29:58.336+0000] {processor.py:826} INFO - Processing file /opt/airflow/dags/dag_with_postgres_hooks.py for tasks to queue
[2024-01-26T21:29:58.476+0000] {logging_mixin.py:149} INFO - [2024-01-26T21:29:58.476+0000] {dagbag.py:541} INFO - Filling up the DagBag from /opt/airflow/dags/dag_with_postgres_hooks.py
[2024-01-26T21:30:02.115+0000] {processor.py:836} INFO - DAG(s) dict_keys(['dag_with_postgres_hooks_v04']) retrieved from /opt/airflow/dags/dag_with_postgres_hooks.py
[2024-01-26T21:30:07.147+0000] {logging_mixin.py:149} INFO - [2024-01-26T21:30:07.141+0000] {dag.py:2726} INFO - Sync 1 DAGs
[2024-01-26T21:30:11.256+0000] {logging_mixin.py:149} INFO - [2024-01-26T21:30:11.225+0000] {dag.py:3486} INFO - Setting next_dagrun for dag_with_postgres_hooks_v04 to 2024-01-25T16:00:00+00:00, run_after=2024-01-26T16:00:00+00:00
[2024-01-26T21:30:13.779+0000] {processor.py:179} INFO - Processing /opt/airflow/dags/dag_with_postgres_hooks.py took 15.694 seconds
[2024-01-26T21:31:50.748+0000] {processor.py:157} INFO - Started process (PID=519) to work on /opt/airflow/dags/dag_with_postgres_hooks.py
[2024-01-26T21:31:50.797+0000] {processor.py:826} INFO - Processing file /opt/airflow/dags/dag_with_postgres_hooks.py for tasks to queue
[2024-01-26T21:31:50.886+0000] {logging_mixin.py:149} INFO - [2024-01-26T21:31:50.851+0000] {dagbag.py:541} INFO - Filling up the DagBag from /opt/airflow/dags/dag_with_postgres_hooks.py
[2024-01-26T21:31:51.846+0000] {processor.py:836} INFO - DAG(s) dict_keys(['dag_with_postgres_hooks_v04']) retrieved from /opt/airflow/dags/dag_with_postgres_hooks.py
[2024-01-26T21:31:52.836+0000] {logging_mixin.py:149} INFO - [2024-01-26T21:31:52.758+0000] {dag.py:2726} INFO - Sync 1 DAGs
[2024-01-26T21:31:54.107+0000] {logging_mixin.py:149} INFO - [2024-01-26T21:31:54.105+0000] {dag.py:3486} INFO - Setting next_dagrun for dag_with_postgres_hooks_v04 to 2024-01-25T16:00:00+00:00, run_after=2024-01-26T16:00:00+00:00
[2024-01-26T21:31:54.993+0000] {processor.py:179} INFO - Processing /opt/airflow/dags/dag_with_postgres_hooks.py took 4.559 seconds
[2024-01-26T21:33:12.293+0000] {processor.py:157} INFO - Started process (PID=534) to work on /opt/airflow/dags/dag_with_postgres_hooks.py
[2024-01-26T21:33:12.610+0000] {processor.py:826} INFO - Processing file /opt/airflow/dags/dag_with_postgres_hooks.py for tasks to queue
[2024-01-26T21:33:13.279+0000] {logging_mixin.py:149} INFO - [2024-01-26T21:33:13.277+0000] {dagbag.py:541} INFO - Filling up the DagBag from /opt/airflow/dags/dag_with_postgres_hooks.py
[2024-01-26T21:33:26.210+0000] {processor.py:836} INFO - DAG(s) dict_keys(['dag_with_postgres_hooks_v04']) retrieved from /opt/airflow/dags/dag_with_postgres_hooks.py
[2024-01-26T21:33:36.481+0000] {logging_mixin.py:149} INFO - [2024-01-26T21:33:36.480+0000] {dag.py:2726} INFO - Sync 1 DAGs
[2024-01-26T21:34:13.385+0000] {processor.py:157} INFO - Started process (PID=549) to work on /opt/airflow/dags/dag_with_postgres_hooks.py
[2024-01-26T21:34:13.539+0000] {processor.py:826} INFO - Processing file /opt/airflow/dags/dag_with_postgres_hooks.py for tasks to queue
[2024-01-26T21:34:13.761+0000] {logging_mixin.py:149} INFO - [2024-01-26T21:34:13.759+0000] {dagbag.py:541} INFO - Filling up the DagBag from /opt/airflow/dags/dag_with_postgres_hooks.py
[2024-01-26T21:34:14.592+0000] {processor.py:836} INFO - DAG(s) dict_keys(['dag_with_postgres_hooks_v04']) retrieved from /opt/airflow/dags/dag_with_postgres_hooks.py
[2024-01-26T21:34:21.963+0000] {logging_mixin.py:149} INFO - [2024-01-26T21:34:21.956+0000] {dag.py:2726} INFO - Sync 1 DAGs
[2024-01-26T21:34:23.085+0000] {logging_mixin.py:149} INFO - [2024-01-26T21:34:23.068+0000] {dag.py:3486} INFO - Setting next_dagrun for dag_with_postgres_hooks_v04 to 2024-01-25T16:00:00+00:00, run_after=2024-01-26T16:00:00+00:00
[2024-01-26T21:34:23.782+0000] {processor.py:179} INFO - Processing /opt/airflow/dags/dag_with_postgres_hooks.py took 10.885 seconds
[2024-01-26T21:36:14.505+0000] {processor.py:157} INFO - Started process (PID=578) to work on /opt/airflow/dags/dag_with_postgres_hooks.py
[2024-01-26T21:36:15.695+0000] {processor.py:826} INFO - Processing file /opt/airflow/dags/dag_with_postgres_hooks.py for tasks to queue
[2024-01-26T21:36:18.147+0000] {logging_mixin.py:149} INFO - [2024-01-26T21:36:18.135+0000] {dagbag.py:541} INFO - Filling up the DagBag from /opt/airflow/dags/dag_with_postgres_hooks.py
[2024-01-26T21:36:21.616+0000] {processor.py:836} INFO - DAG(s) dict_keys(['dag_with_postgres_hooks_v04']) retrieved from /opt/airflow/dags/dag_with_postgres_hooks.py
[2024-01-26T21:36:27.760+0000] {logging_mixin.py:149} INFO - [2024-01-26T21:36:27.759+0000] {dag.py:2726} INFO - Sync 1 DAGs
[2024-01-26T21:36:31.722+0000] {logging_mixin.py:149} INFO - [2024-01-26T21:36:31.696+0000] {dag.py:3486} INFO - Setting next_dagrun for dag_with_postgres_hooks_v04 to 2024-01-25T16:00:00+00:00, run_after=2024-01-26T16:00:00+00:00
[2024-01-26T21:36:33.781+0000] {processor.py:179} INFO - Processing /opt/airflow/dags/dag_with_postgres_hooks.py took 19.452 seconds
