[2024-01-26T12:56:05.183+0000] {processor.py:157} INFO - Started process (PID=35) to work on /opt/airflow/dags/dag_with_catchup_and_backfill.py
[2024-01-26T12:56:05.198+0000] {processor.py:826} INFO - Processing file /opt/airflow/dags/dag_with_catchup_and_backfill.py for tasks to queue
[2024-01-26T12:56:05.205+0000] {logging_mixin.py:149} INFO - [2024-01-26T12:56:05.205+0000] {dagbag.py:541} INFO - Filling up the DagBag from /opt/airflow/dags/dag_with_catchup_and_backfill.py
[2024-01-26T12:56:05.426+0000] {processor.py:836} INFO - DAG(s) dict_keys(['dag_with_catchup_backfill_v02']) retrieved from /opt/airflow/dags/dag_with_catchup_and_backfill.py
[2024-01-26T12:56:06.439+0000] {logging_mixin.py:149} INFO - [2024-01-26T12:56:06.438+0000] {manager.py:504} INFO - Created Permission View: can delete on DAG:dag_with_catchup_backfill_v02
[2024-01-26T12:56:06.496+0000] {logging_mixin.py:149} INFO - [2024-01-26T12:56:06.495+0000] {manager.py:504} INFO - Created Permission View: can edit on DAG:dag_with_catchup_backfill_v02
[2024-01-26T12:56:06.532+0000] {logging_mixin.py:149} INFO - [2024-01-26T12:56:06.531+0000] {manager.py:504} INFO - Created Permission View: can read on DAG:dag_with_catchup_backfill_v02
[2024-01-26T12:56:06.598+0000] {logging_mixin.py:149} INFO - [2024-01-26T12:56:06.597+0000] {dag.py:2726} INFO - Sync 1 DAGs
[2024-01-26T12:56:06.659+0000] {logging_mixin.py:149} INFO - [2024-01-26T12:56:06.658+0000] {dag.py:2747} INFO - Creating ORM DAG for dag_with_catchup_backfill_v02
[2024-01-26T12:56:06.719+0000] {logging_mixin.py:149} INFO - [2024-01-26T12:56:06.719+0000] {dag.py:3486} INFO - Setting next_dagrun for dag_with_catchup_backfill_v02 to 2024-01-24T16:00:00+00:00, run_after=2024-01-25T16:00:00+00:00
[2024-01-26T12:56:06.803+0000] {processor.py:179} INFO - Processing /opt/airflow/dags/dag_with_catchup_and_backfill.py took 1.645 seconds
[2024-01-26T12:56:37.004+0000] {processor.py:157} INFO - Started process (PID=52) to work on /opt/airflow/dags/dag_with_catchup_and_backfill.py
[2024-01-26T12:56:37.017+0000] {processor.py:826} INFO - Processing file /opt/airflow/dags/dag_with_catchup_and_backfill.py for tasks to queue
[2024-01-26T12:56:37.024+0000] {logging_mixin.py:149} INFO - [2024-01-26T12:56:37.023+0000] {dagbag.py:541} INFO - Filling up the DagBag from /opt/airflow/dags/dag_with_catchup_and_backfill.py
[2024-01-26T12:56:37.151+0000] {processor.py:836} INFO - DAG(s) dict_keys(['dag_with_catchup_backfill_v02']) retrieved from /opt/airflow/dags/dag_with_catchup_and_backfill.py
[2024-01-26T12:56:37.705+0000] {logging_mixin.py:149} INFO - [2024-01-26T12:56:37.704+0000] {dag.py:2726} INFO - Sync 1 DAGs
[2024-01-26T12:56:37.860+0000] {logging_mixin.py:149} INFO - [2024-01-26T12:56:37.859+0000] {dag.py:3486} INFO - Setting next_dagrun for dag_with_catchup_backfill_v02 to 2024-01-24T16:00:00+00:00, run_after=2024-01-25T16:00:00+00:00
[2024-01-26T12:56:37.960+0000] {processor.py:179} INFO - Processing /opt/airflow/dags/dag_with_catchup_and_backfill.py took 0.992 seconds
[2024-01-26T12:57:09.242+0000] {processor.py:157} INFO - Started process (PID=69) to work on /opt/airflow/dags/dag_with_catchup_and_backfill.py
[2024-01-26T12:57:09.270+0000] {processor.py:826} INFO - Processing file /opt/airflow/dags/dag_with_catchup_and_backfill.py for tasks to queue
[2024-01-26T12:57:09.289+0000] {logging_mixin.py:149} INFO - [2024-01-26T12:57:09.287+0000] {dagbag.py:541} INFO - Filling up the DagBag from /opt/airflow/dags/dag_with_catchup_and_backfill.py
[2024-01-26T12:57:09.580+0000] {processor.py:836} INFO - DAG(s) dict_keys(['dag_with_catchup_backfill_v02']) retrieved from /opt/airflow/dags/dag_with_catchup_and_backfill.py
[2024-01-26T12:57:10.124+0000] {logging_mixin.py:149} INFO - [2024-01-26T12:57:10.122+0000] {dag.py:2726} INFO - Sync 1 DAGs
[2024-01-26T12:57:11.569+0000] {logging_mixin.py:149} INFO - [2024-01-26T12:57:11.543+0000] {dag.py:3486} INFO - Setting next_dagrun for dag_with_catchup_backfill_v02 to 2024-01-24T16:00:00+00:00, run_after=2024-01-25T16:00:00+00:00
[2024-01-26T12:57:14.957+0000] {processor.py:179} INFO - Processing /opt/airflow/dags/dag_with_catchup_and_backfill.py took 5.794 seconds
[2024-01-26T12:57:47.709+0000] {processor.py:157} INFO - Started process (PID=85) to work on /opt/airflow/dags/dag_with_catchup_and_backfill.py
[2024-01-26T12:57:47.731+0000] {processor.py:826} INFO - Processing file /opt/airflow/dags/dag_with_catchup_and_backfill.py for tasks to queue
[2024-01-26T12:57:47.751+0000] {logging_mixin.py:149} INFO - [2024-01-26T12:57:47.750+0000] {dagbag.py:541} INFO - Filling up the DagBag from /opt/airflow/dags/dag_with_catchup_and_backfill.py
[2024-01-26T12:57:47.956+0000] {processor.py:836} INFO - DAG(s) dict_keys(['dag_with_catchup_backfill_v02']) retrieved from /opt/airflow/dags/dag_with_catchup_and_backfill.py
[2024-01-26T12:57:48.540+0000] {logging_mixin.py:149} INFO - [2024-01-26T12:57:48.539+0000] {dag.py:2726} INFO - Sync 1 DAGs
[2024-01-26T12:57:50.838+0000] {logging_mixin.py:149} INFO - [2024-01-26T12:57:50.835+0000] {dag.py:3486} INFO - Setting next_dagrun for dag_with_catchup_backfill_v02 to 2024-01-24T16:00:00+00:00, run_after=2024-01-25T16:00:00+00:00
[2024-01-26T12:57:51.173+0000] {processor.py:179} INFO - Processing /opt/airflow/dags/dag_with_catchup_and_backfill.py took 3.514 seconds
[2024-01-26T12:58:22.153+0000] {processor.py:157} INFO - Started process (PID=101) to work on /opt/airflow/dags/dag_with_catchup_and_backfill.py
[2024-01-26T12:58:22.158+0000] {processor.py:826} INFO - Processing file /opt/airflow/dags/dag_with_catchup_and_backfill.py for tasks to queue
[2024-01-26T12:58:22.164+0000] {logging_mixin.py:149} INFO - [2024-01-26T12:58:22.163+0000] {dagbag.py:541} INFO - Filling up the DagBag from /opt/airflow/dags/dag_with_catchup_and_backfill.py
[2024-01-26T12:58:22.224+0000] {processor.py:836} INFO - DAG(s) dict_keys(['dag_with_catchup_backfill_v02']) retrieved from /opt/airflow/dags/dag_with_catchup_and_backfill.py
[2024-01-26T12:58:22.325+0000] {logging_mixin.py:149} INFO - [2024-01-26T12:58:22.324+0000] {dag.py:2726} INFO - Sync 1 DAGs
[2024-01-26T12:58:22.602+0000] {logging_mixin.py:149} INFO - [2024-01-26T12:58:22.601+0000] {dag.py:3486} INFO - Setting next_dagrun for dag_with_catchup_backfill_v02 to 2024-01-24T16:00:00+00:00, run_after=2024-01-25T16:00:00+00:00
[2024-01-26T12:58:22.643+0000] {processor.py:179} INFO - Processing /opt/airflow/dags/dag_with_catchup_and_backfill.py took 0.500 seconds
[2024-01-26T12:58:53.044+0000] {processor.py:157} INFO - Started process (PID=117) to work on /opt/airflow/dags/dag_with_catchup_and_backfill.py
[2024-01-26T12:58:53.047+0000] {processor.py:826} INFO - Processing file /opt/airflow/dags/dag_with_catchup_and_backfill.py for tasks to queue
[2024-01-26T12:58:53.052+0000] {logging_mixin.py:149} INFO - [2024-01-26T12:58:53.051+0000] {dagbag.py:541} INFO - Filling up the DagBag from /opt/airflow/dags/dag_with_catchup_and_backfill.py
[2024-01-26T12:58:53.086+0000] {processor.py:836} INFO - DAG(s) dict_keys(['dag_with_catchup_backfill_v02']) retrieved from /opt/airflow/dags/dag_with_catchup_and_backfill.py
[2024-01-26T12:58:53.336+0000] {logging_mixin.py:149} INFO - [2024-01-26T12:58:53.336+0000] {dag.py:2726} INFO - Sync 1 DAGs
[2024-01-26T12:58:53.380+0000] {logging_mixin.py:149} INFO - [2024-01-26T12:58:53.380+0000] {dag.py:3486} INFO - Setting next_dagrun for dag_with_catchup_backfill_v02 to 2024-01-24T16:00:00+00:00, run_after=2024-01-25T16:00:00+00:00
[2024-01-26T12:58:53.416+0000] {processor.py:179} INFO - Processing /opt/airflow/dags/dag_with_catchup_and_backfill.py took 0.379 seconds
[2024-01-26T12:59:24.116+0000] {processor.py:157} INFO - Started process (PID=133) to work on /opt/airflow/dags/dag_with_catchup_and_backfill.py
[2024-01-26T12:59:24.120+0000] {processor.py:826} INFO - Processing file /opt/airflow/dags/dag_with_catchup_and_backfill.py for tasks to queue
[2024-01-26T12:59:24.125+0000] {logging_mixin.py:149} INFO - [2024-01-26T12:59:24.124+0000] {dagbag.py:541} INFO - Filling up the DagBag from /opt/airflow/dags/dag_with_catchup_and_backfill.py
[2024-01-26T12:59:24.690+0000] {processor.py:836} INFO - DAG(s) dict_keys(['dag_with_catchup_backfill_v02']) retrieved from /opt/airflow/dags/dag_with_catchup_and_backfill.py
[2024-01-26T12:59:24.790+0000] {logging_mixin.py:149} INFO - [2024-01-26T12:59:24.789+0000] {dag.py:2726} INFO - Sync 1 DAGs
[2024-01-26T12:59:24.875+0000] {logging_mixin.py:149} INFO - [2024-01-26T12:59:24.874+0000] {dag.py:3486} INFO - Setting next_dagrun for dag_with_catchup_backfill_v02 to 2024-01-24T16:00:00+00:00, run_after=2024-01-25T16:00:00+00:00
[2024-01-26T12:59:24.940+0000] {processor.py:179} INFO - Processing /opt/airflow/dags/dag_with_catchup_and_backfill.py took 0.832 seconds
[2024-01-26T12:59:55.350+0000] {processor.py:157} INFO - Started process (PID=149) to work on /opt/airflow/dags/dag_with_catchup_and_backfill.py
[2024-01-26T12:59:55.356+0000] {processor.py:826} INFO - Processing file /opt/airflow/dags/dag_with_catchup_and_backfill.py for tasks to queue
[2024-01-26T12:59:55.361+0000] {logging_mixin.py:149} INFO - [2024-01-26T12:59:55.360+0000] {dagbag.py:541} INFO - Filling up the DagBag from /opt/airflow/dags/dag_with_catchup_and_backfill.py
[2024-01-26T12:59:55.411+0000] {processor.py:836} INFO - DAG(s) dict_keys(['dag_with_catchup_backfill_v02']) retrieved from /opt/airflow/dags/dag_with_catchup_and_backfill.py
[2024-01-26T12:59:55.489+0000] {logging_mixin.py:149} INFO - [2024-01-26T12:59:55.488+0000] {dag.py:2726} INFO - Sync 1 DAGs
[2024-01-26T12:59:55.556+0000] {logging_mixin.py:149} INFO - [2024-01-26T12:59:55.556+0000] {dag.py:3486} INFO - Setting next_dagrun for dag_with_catchup_backfill_v02 to 2024-01-24T16:00:00+00:00, run_after=2024-01-25T16:00:00+00:00
[2024-01-26T12:59:55.607+0000] {processor.py:179} INFO - Processing /opt/airflow/dags/dag_with_catchup_and_backfill.py took 0.266 seconds
[2024-01-26T13:00:25.783+0000] {processor.py:157} INFO - Started process (PID=165) to work on /opt/airflow/dags/dag_with_catchup_and_backfill.py
[2024-01-26T13:00:25.792+0000] {processor.py:826} INFO - Processing file /opt/airflow/dags/dag_with_catchup_and_backfill.py for tasks to queue
[2024-01-26T13:00:25.801+0000] {logging_mixin.py:149} INFO - [2024-01-26T13:00:25.799+0000] {dagbag.py:541} INFO - Filling up the DagBag from /opt/airflow/dags/dag_with_catchup_and_backfill.py
[2024-01-26T13:00:25.941+0000] {processor.py:836} INFO - DAG(s) dict_keys(['dag_with_catchup_backfill_v02']) retrieved from /opt/airflow/dags/dag_with_catchup_and_backfill.py
[2024-01-26T13:00:26.142+0000] {logging_mixin.py:149} INFO - [2024-01-26T13:00:26.141+0000] {dag.py:2726} INFO - Sync 1 DAGs
[2024-01-26T13:00:26.269+0000] {logging_mixin.py:149} INFO - [2024-01-26T13:00:26.269+0000] {dag.py:3486} INFO - Setting next_dagrun for dag_with_catchup_backfill_v02 to 2024-01-24T16:00:00+00:00, run_after=2024-01-25T16:00:00+00:00
[2024-01-26T13:00:26.363+0000] {processor.py:179} INFO - Processing /opt/airflow/dags/dag_with_catchup_and_backfill.py took 0.601 seconds
[2024-01-26T13:00:56.692+0000] {processor.py:157} INFO - Started process (PID=181) to work on /opt/airflow/dags/dag_with_catchup_and_backfill.py
[2024-01-26T13:00:56.696+0000] {processor.py:826} INFO - Processing file /opt/airflow/dags/dag_with_catchup_and_backfill.py for tasks to queue
[2024-01-26T13:00:56.699+0000] {logging_mixin.py:149} INFO - [2024-01-26T13:00:56.698+0000] {dagbag.py:541} INFO - Filling up the DagBag from /opt/airflow/dags/dag_with_catchup_and_backfill.py
[2024-01-26T13:00:56.734+0000] {processor.py:836} INFO - DAG(s) dict_keys(['dag_with_catchup_backfill_v02']) retrieved from /opt/airflow/dags/dag_with_catchup_and_backfill.py
[2024-01-26T13:00:56.795+0000] {logging_mixin.py:149} INFO - [2024-01-26T13:00:56.795+0000] {dag.py:2726} INFO - Sync 1 DAGs
[2024-01-26T13:00:56.848+0000] {logging_mixin.py:149} INFO - [2024-01-26T13:00:56.848+0000] {dag.py:3486} INFO - Setting next_dagrun for dag_with_catchup_backfill_v02 to 2024-01-24T16:00:00+00:00, run_after=2024-01-25T16:00:00+00:00
[2024-01-26T13:00:56.891+0000] {processor.py:179} INFO - Processing /opt/airflow/dags/dag_with_catchup_and_backfill.py took 0.209 seconds
[2024-01-26T13:01:27.173+0000] {processor.py:157} INFO - Started process (PID=197) to work on /opt/airflow/dags/dag_with_catchup_and_backfill.py
[2024-01-26T13:01:27.178+0000] {processor.py:826} INFO - Processing file /opt/airflow/dags/dag_with_catchup_and_backfill.py for tasks to queue
[2024-01-26T13:01:27.180+0000] {logging_mixin.py:149} INFO - [2024-01-26T13:01:27.180+0000] {dagbag.py:541} INFO - Filling up the DagBag from /opt/airflow/dags/dag_with_catchup_and_backfill.py
[2024-01-26T13:01:27.210+0000] {processor.py:836} INFO - DAG(s) dict_keys(['dag_with_catchup_backfill_v02']) retrieved from /opt/airflow/dags/dag_with_catchup_and_backfill.py
[2024-01-26T13:01:27.265+0000] {logging_mixin.py:149} INFO - [2024-01-26T13:01:27.265+0000] {dag.py:2726} INFO - Sync 1 DAGs
[2024-01-26T13:01:27.308+0000] {logging_mixin.py:149} INFO - [2024-01-26T13:01:27.308+0000] {dag.py:3486} INFO - Setting next_dagrun for dag_with_catchup_backfill_v02 to 2024-01-24T16:00:00+00:00, run_after=2024-01-25T16:00:00+00:00
[2024-01-26T13:01:27.339+0000] {processor.py:179} INFO - Processing /opt/airflow/dags/dag_with_catchup_and_backfill.py took 0.173 seconds
[2024-01-26T13:01:58.344+0000] {processor.py:157} INFO - Started process (PID=213) to work on /opt/airflow/dags/dag_with_catchup_and_backfill.py
[2024-01-26T13:01:58.360+0000] {processor.py:826} INFO - Processing file /opt/airflow/dags/dag_with_catchup_and_backfill.py for tasks to queue
[2024-01-26T13:01:58.383+0000] {logging_mixin.py:149} INFO - [2024-01-26T13:01:58.383+0000] {dagbag.py:541} INFO - Filling up the DagBag from /opt/airflow/dags/dag_with_catchup_and_backfill.py
[2024-01-26T13:01:58.451+0000] {processor.py:836} INFO - DAG(s) dict_keys(['dag_with_catchup_backfill_v02']) retrieved from /opt/airflow/dags/dag_with_catchup_and_backfill.py
[2024-01-26T13:01:58.546+0000] {logging_mixin.py:149} INFO - [2024-01-26T13:01:58.545+0000] {dag.py:2726} INFO - Sync 1 DAGs
[2024-01-26T13:01:58.613+0000] {logging_mixin.py:149} INFO - [2024-01-26T13:01:58.613+0000] {dag.py:3486} INFO - Setting next_dagrun for dag_with_catchup_backfill_v02 to 2024-01-24T16:00:00+00:00, run_after=2024-01-25T16:00:00+00:00
[2024-01-26T13:01:58.669+0000] {processor.py:179} INFO - Processing /opt/airflow/dags/dag_with_catchup_and_backfill.py took 0.330 seconds
[2024-01-26T13:02:28.983+0000] {processor.py:157} INFO - Started process (PID=229) to work on /opt/airflow/dags/dag_with_catchup_and_backfill.py
[2024-01-26T13:02:28.989+0000] {processor.py:826} INFO - Processing file /opt/airflow/dags/dag_with_catchup_and_backfill.py for tasks to queue
[2024-01-26T13:02:28.993+0000] {logging_mixin.py:149} INFO - [2024-01-26T13:02:28.992+0000] {dagbag.py:541} INFO - Filling up the DagBag from /opt/airflow/dags/dag_with_catchup_and_backfill.py
[2024-01-26T13:02:29.058+0000] {processor.py:836} INFO - DAG(s) dict_keys(['dag_with_catchup_backfill_v02']) retrieved from /opt/airflow/dags/dag_with_catchup_and_backfill.py
[2024-01-26T13:02:29.175+0000] {logging_mixin.py:149} INFO - [2024-01-26T13:02:29.175+0000] {dag.py:2726} INFO - Sync 1 DAGs
[2024-01-26T13:02:29.229+0000] {logging_mixin.py:149} INFO - [2024-01-26T13:02:29.229+0000] {dag.py:3486} INFO - Setting next_dagrun for dag_with_catchup_backfill_v02 to 2024-01-24T16:00:00+00:00, run_after=2024-01-25T16:00:00+00:00
[2024-01-26T13:02:29.287+0000] {processor.py:179} INFO - Processing /opt/airflow/dags/dag_with_catchup_and_backfill.py took 0.321 seconds
[2024-01-26T13:02:59.346+0000] {processor.py:157} INFO - Started process (PID=245) to work on /opt/airflow/dags/dag_with_catchup_and_backfill.py
[2024-01-26T13:02:59.350+0000] {processor.py:826} INFO - Processing file /opt/airflow/dags/dag_with_catchup_and_backfill.py for tasks to queue
[2024-01-26T13:02:59.354+0000] {logging_mixin.py:149} INFO - [2024-01-26T13:02:59.354+0000] {dagbag.py:541} INFO - Filling up the DagBag from /opt/airflow/dags/dag_with_catchup_and_backfill.py
[2024-01-26T13:02:59.389+0000] {processor.py:836} INFO - DAG(s) dict_keys(['dag_with_catchup_backfill_v02']) retrieved from /opt/airflow/dags/dag_with_catchup_and_backfill.py
[2024-01-26T13:02:59.448+0000] {logging_mixin.py:149} INFO - [2024-01-26T13:02:59.447+0000] {dag.py:2726} INFO - Sync 1 DAGs
[2024-01-26T13:02:59.498+0000] {logging_mixin.py:149} INFO - [2024-01-26T13:02:59.498+0000] {dag.py:3486} INFO - Setting next_dagrun for dag_with_catchup_backfill_v02 to 2024-01-24T16:00:00+00:00, run_after=2024-01-25T16:00:00+00:00
[2024-01-26T13:02:59.538+0000] {processor.py:179} INFO - Processing /opt/airflow/dags/dag_with_catchup_and_backfill.py took 0.198 seconds
[2024-01-26T13:03:29.878+0000] {processor.py:157} INFO - Started process (PID=261) to work on /opt/airflow/dags/dag_with_catchup_and_backfill.py
[2024-01-26T13:03:29.885+0000] {processor.py:826} INFO - Processing file /opt/airflow/dags/dag_with_catchup_and_backfill.py for tasks to queue
[2024-01-26T13:03:29.890+0000] {logging_mixin.py:149} INFO - [2024-01-26T13:03:29.890+0000] {dagbag.py:541} INFO - Filling up the DagBag from /opt/airflow/dags/dag_with_catchup_and_backfill.py
[2024-01-26T13:03:29.953+0000] {processor.py:836} INFO - DAG(s) dict_keys(['dag_with_catchup_backfill_v02']) retrieved from /opt/airflow/dags/dag_with_catchup_and_backfill.py
[2024-01-26T13:03:30.049+0000] {logging_mixin.py:149} INFO - [2024-01-26T13:03:30.049+0000] {dag.py:2726} INFO - Sync 1 DAGs
[2024-01-26T13:03:30.110+0000] {logging_mixin.py:149} INFO - [2024-01-26T13:03:30.109+0000] {dag.py:3486} INFO - Setting next_dagrun for dag_with_catchup_backfill_v02 to 2024-01-24T16:00:00+00:00, run_after=2024-01-25T16:00:00+00:00
[2024-01-26T13:03:30.152+0000] {processor.py:179} INFO - Processing /opt/airflow/dags/dag_with_catchup_and_backfill.py took 0.285 seconds
[2024-01-26T13:04:01.953+0000] {processor.py:157} INFO - Started process (PID=277) to work on /opt/airflow/dags/dag_with_catchup_and_backfill.py
[2024-01-26T13:04:01.963+0000] {processor.py:826} INFO - Processing file /opt/airflow/dags/dag_with_catchup_and_backfill.py for tasks to queue
[2024-01-26T13:04:01.971+0000] {logging_mixin.py:149} INFO - [2024-01-26T13:04:01.970+0000] {dagbag.py:541} INFO - Filling up the DagBag from /opt/airflow/dags/dag_with_catchup_and_backfill.py
[2024-01-26T13:04:02.086+0000] {processor.py:836} INFO - DAG(s) dict_keys(['dag_with_catchup_backfill_v02']) retrieved from /opt/airflow/dags/dag_with_catchup_and_backfill.py
[2024-01-26T13:04:02.249+0000] {logging_mixin.py:149} INFO - [2024-01-26T13:04:02.249+0000] {dag.py:2726} INFO - Sync 1 DAGs
[2024-01-26T13:04:02.349+0000] {logging_mixin.py:149} INFO - [2024-01-26T13:04:02.348+0000] {dag.py:3486} INFO - Setting next_dagrun for dag_with_catchup_backfill_v02 to 2024-01-24T16:00:00+00:00, run_after=2024-01-25T16:00:00+00:00
[2024-01-26T13:04:02.457+0000] {processor.py:179} INFO - Processing /opt/airflow/dags/dag_with_catchup_and_backfill.py took 0.535 seconds
[2024-01-26T13:04:32.852+0000] {processor.py:157} INFO - Started process (PID=292) to work on /opt/airflow/dags/dag_with_catchup_and_backfill.py
[2024-01-26T13:04:32.856+0000] {processor.py:826} INFO - Processing file /opt/airflow/dags/dag_with_catchup_and_backfill.py for tasks to queue
[2024-01-26T13:04:32.861+0000] {logging_mixin.py:149} INFO - [2024-01-26T13:04:32.860+0000] {dagbag.py:541} INFO - Filling up the DagBag from /opt/airflow/dags/dag_with_catchup_and_backfill.py
[2024-01-26T13:04:32.899+0000] {processor.py:836} INFO - DAG(s) dict_keys(['dag_with_catchup_backfill_v02']) retrieved from /opt/airflow/dags/dag_with_catchup_and_backfill.py
[2024-01-26T13:04:32.990+0000] {logging_mixin.py:149} INFO - [2024-01-26T13:04:32.990+0000] {dag.py:2726} INFO - Sync 1 DAGs
[2024-01-26T13:04:33.099+0000] {logging_mixin.py:149} INFO - [2024-01-26T13:04:33.099+0000] {dag.py:3486} INFO - Setting next_dagrun for dag_with_catchup_backfill_v02 to 2024-01-24T16:00:00+00:00, run_after=2024-01-25T16:00:00+00:00
[2024-01-26T13:04:33.174+0000] {processor.py:179} INFO - Processing /opt/airflow/dags/dag_with_catchup_and_backfill.py took 0.330 seconds
[2024-01-26T13:12:04.995+0000] {processor.py:157} INFO - Started process (PID=43) to work on /opt/airflow/dags/dag_with_catchup_and_backfill.py
[2024-01-26T13:12:05.018+0000] {processor.py:826} INFO - Processing file /opt/airflow/dags/dag_with_catchup_and_backfill.py for tasks to queue
[2024-01-26T13:12:05.039+0000] {logging_mixin.py:149} INFO - [2024-01-26T13:12:05.038+0000] {dagbag.py:541} INFO - Filling up the DagBag from /opt/airflow/dags/dag_with_catchup_and_backfill.py
[2024-01-26T13:12:05.233+0000] {processor.py:836} INFO - DAG(s) dict_keys(['dag_with_catchup_backfill_v02']) retrieved from /opt/airflow/dags/dag_with_catchup_and_backfill.py
[2024-01-26T13:12:05.819+0000] {logging_mixin.py:149} INFO - [2024-01-26T13:12:05.818+0000] {dag.py:2726} INFO - Sync 1 DAGs
[2024-01-26T13:12:06.044+0000] {logging_mixin.py:149} INFO - [2024-01-26T13:12:06.043+0000] {dag.py:3486} INFO - Setting next_dagrun for dag_with_catchup_backfill_v02 to 2024-01-24T16:00:00+00:00, run_after=2024-01-25T16:00:00+00:00
[2024-01-26T13:12:06.238+0000] {processor.py:179} INFO - Processing /opt/airflow/dags/dag_with_catchup_and_backfill.py took 1.276 seconds
[2024-01-26T13:12:37.253+0000] {processor.py:157} INFO - Started process (PID=57) to work on /opt/airflow/dags/dag_with_catchup_and_backfill.py
[2024-01-26T13:12:37.270+0000] {processor.py:826} INFO - Processing file /opt/airflow/dags/dag_with_catchup_and_backfill.py for tasks to queue
[2024-01-26T13:12:37.281+0000] {logging_mixin.py:149} INFO - [2024-01-26T13:12:37.279+0000] {dagbag.py:541} INFO - Filling up the DagBag from /opt/airflow/dags/dag_with_catchup_and_backfill.py
[2024-01-26T13:12:37.524+0000] {processor.py:836} INFO - DAG(s) dict_keys(['dag_with_catchup_backfill_v02']) retrieved from /opt/airflow/dags/dag_with_catchup_and_backfill.py
[2024-01-26T13:12:37.904+0000] {logging_mixin.py:149} INFO - [2024-01-26T13:12:37.903+0000] {dag.py:2726} INFO - Sync 1 DAGs
[2024-01-26T13:12:38.268+0000] {logging_mixin.py:149} INFO - [2024-01-26T13:12:38.267+0000] {dag.py:3486} INFO - Setting next_dagrun for dag_with_catchup_backfill_v02 to 2024-01-24T16:00:00+00:00, run_after=2024-01-25T16:00:00+00:00
[2024-01-26T13:12:38.434+0000] {processor.py:179} INFO - Processing /opt/airflow/dags/dag_with_catchup_and_backfill.py took 1.237 seconds
[2024-01-26T13:13:09.126+0000] {processor.py:157} INFO - Started process (PID=72) to work on /opt/airflow/dags/dag_with_catchup_and_backfill.py
[2024-01-26T13:13:09.138+0000] {processor.py:826} INFO - Processing file /opt/airflow/dags/dag_with_catchup_and_backfill.py for tasks to queue
[2024-01-26T13:13:09.148+0000] {logging_mixin.py:149} INFO - [2024-01-26T13:13:09.147+0000] {dagbag.py:541} INFO - Filling up the DagBag from /opt/airflow/dags/dag_with_catchup_and_backfill.py
[2024-01-26T13:13:09.266+0000] {processor.py:836} INFO - DAG(s) dict_keys(['dag_with_catchup_backfill_v02']) retrieved from /opt/airflow/dags/dag_with_catchup_and_backfill.py
[2024-01-26T13:13:09.421+0000] {logging_mixin.py:149} INFO - [2024-01-26T13:13:09.420+0000] {dag.py:2726} INFO - Sync 1 DAGs
[2024-01-26T13:13:09.555+0000] {logging_mixin.py:149} INFO - [2024-01-26T13:13:09.555+0000] {dag.py:3486} INFO - Setting next_dagrun for dag_with_catchup_backfill_v02 to 2024-01-24T16:00:00+00:00, run_after=2024-01-25T16:00:00+00:00
[2024-01-26T13:13:09.652+0000] {processor.py:179} INFO - Processing /opt/airflow/dags/dag_with_catchup_and_backfill.py took 0.563 seconds
[2024-01-26T13:13:40.530+0000] {processor.py:157} INFO - Started process (PID=87) to work on /opt/airflow/dags/dag_with_catchup_and_backfill.py
[2024-01-26T13:13:40.545+0000] {processor.py:826} INFO - Processing file /opt/airflow/dags/dag_with_catchup_and_backfill.py for tasks to queue
[2024-01-26T13:13:40.556+0000] {logging_mixin.py:149} INFO - [2024-01-26T13:13:40.555+0000] {dagbag.py:541} INFO - Filling up the DagBag from /opt/airflow/dags/dag_with_catchup_and_backfill.py
[2024-01-26T13:13:40.650+0000] {processor.py:836} INFO - DAG(s) dict_keys(['dag_with_catchup_backfill_v02']) retrieved from /opt/airflow/dags/dag_with_catchup_and_backfill.py
[2024-01-26T13:13:40.806+0000] {logging_mixin.py:149} INFO - [2024-01-26T13:13:40.805+0000] {dag.py:2726} INFO - Sync 1 DAGs
[2024-01-26T13:13:40.923+0000] {logging_mixin.py:149} INFO - [2024-01-26T13:13:40.922+0000] {dag.py:3486} INFO - Setting next_dagrun for dag_with_catchup_backfill_v02 to 2024-01-24T16:00:00+00:00, run_after=2024-01-25T16:00:00+00:00
[2024-01-26T13:13:41.370+0000] {processor.py:179} INFO - Processing /opt/airflow/dags/dag_with_catchup_and_backfill.py took 0.878 seconds
[2024-01-26T13:14:14.401+0000] {processor.py:157} INFO - Started process (PID=102) to work on /opt/airflow/dags/dag_with_catchup_and_backfill.py
[2024-01-26T13:14:14.434+0000] {processor.py:826} INFO - Processing file /opt/airflow/dags/dag_with_catchup_and_backfill.py for tasks to queue
[2024-01-26T13:14:14.445+0000] {logging_mixin.py:149} INFO - [2024-01-26T13:14:14.444+0000] {dagbag.py:541} INFO - Filling up the DagBag from /opt/airflow/dags/dag_with_catchup_and_backfill.py
[2024-01-26T13:14:14.730+0000] {processor.py:836} INFO - DAG(s) dict_keys(['dag_with_catchup_backfill_v02']) retrieved from /opt/airflow/dags/dag_with_catchup_and_backfill.py
[2024-01-26T13:14:14.951+0000] {logging_mixin.py:149} INFO - [2024-01-26T13:14:14.950+0000] {dag.py:2726} INFO - Sync 1 DAGs
[2024-01-26T13:14:16.316+0000] {logging_mixin.py:149} INFO - [2024-01-26T13:14:16.316+0000] {dag.py:3486} INFO - Setting next_dagrun for dag_with_catchup_backfill_v02 to 2024-01-24T16:00:00+00:00, run_after=2024-01-25T16:00:00+00:00
[2024-01-26T13:14:16.387+0000] {processor.py:179} INFO - Processing /opt/airflow/dags/dag_with_catchup_and_backfill.py took 2.103 seconds
[2024-01-26T13:14:46.700+0000] {processor.py:157} INFO - Started process (PID=117) to work on /opt/airflow/dags/dag_with_catchup_and_backfill.py
[2024-01-26T13:14:46.703+0000] {processor.py:826} INFO - Processing file /opt/airflow/dags/dag_with_catchup_and_backfill.py for tasks to queue
[2024-01-26T13:14:46.705+0000] {logging_mixin.py:149} INFO - [2024-01-26T13:14:46.705+0000] {dagbag.py:541} INFO - Filling up the DagBag from /opt/airflow/dags/dag_with_catchup_and_backfill.py
[2024-01-26T13:14:46.731+0000] {processor.py:836} INFO - DAG(s) dict_keys(['dag_with_catchup_backfill_v02']) retrieved from /opt/airflow/dags/dag_with_catchup_and_backfill.py
[2024-01-26T13:14:46.938+0000] {logging_mixin.py:149} INFO - [2024-01-26T13:14:46.938+0000] {dag.py:2726} INFO - Sync 1 DAGs
[2024-01-26T13:14:46.976+0000] {logging_mixin.py:149} INFO - [2024-01-26T13:14:46.976+0000] {dag.py:3486} INFO - Setting next_dagrun for dag_with_catchup_backfill_v02 to 2024-01-24T16:00:00+00:00, run_after=2024-01-25T16:00:00+00:00
[2024-01-26T13:14:47.005+0000] {processor.py:179} INFO - Processing /opt/airflow/dags/dag_with_catchup_and_backfill.py took 0.312 seconds
[2024-01-26T13:15:17.615+0000] {processor.py:157} INFO - Started process (PID=132) to work on /opt/airflow/dags/dag_with_catchup_and_backfill.py
[2024-01-26T13:15:17.619+0000] {processor.py:826} INFO - Processing file /opt/airflow/dags/dag_with_catchup_and_backfill.py for tasks to queue
[2024-01-26T13:15:17.622+0000] {logging_mixin.py:149} INFO - [2024-01-26T13:15:17.622+0000] {dagbag.py:541} INFO - Filling up the DagBag from /opt/airflow/dags/dag_with_catchup_and_backfill.py
[2024-01-26T13:15:17.650+0000] {processor.py:836} INFO - DAG(s) dict_keys(['dag_with_catchup_backfill_v02']) retrieved from /opt/airflow/dags/dag_with_catchup_and_backfill.py
[2024-01-26T13:15:17.860+0000] {logging_mixin.py:149} INFO - [2024-01-26T13:15:17.860+0000] {dag.py:2726} INFO - Sync 1 DAGs
[2024-01-26T13:15:17.901+0000] {logging_mixin.py:149} INFO - [2024-01-26T13:15:17.901+0000] {dag.py:3486} INFO - Setting next_dagrun for dag_with_catchup_backfill_v02 to 2024-01-24T16:00:00+00:00, run_after=2024-01-25T16:00:00+00:00
[2024-01-26T13:15:17.936+0000] {processor.py:179} INFO - Processing /opt/airflow/dags/dag_with_catchup_and_backfill.py took 0.329 seconds
[2024-01-26T13:15:48.346+0000] {processor.py:157} INFO - Started process (PID=147) to work on /opt/airflow/dags/dag_with_catchup_and_backfill.py
[2024-01-26T13:15:48.349+0000] {processor.py:826} INFO - Processing file /opt/airflow/dags/dag_with_catchup_and_backfill.py for tasks to queue
[2024-01-26T13:15:48.351+0000] {logging_mixin.py:149} INFO - [2024-01-26T13:15:48.351+0000] {dagbag.py:541} INFO - Filling up the DagBag from /opt/airflow/dags/dag_with_catchup_and_backfill.py
[2024-01-26T13:15:48.380+0000] {processor.py:836} INFO - DAG(s) dict_keys(['dag_with_catchup_backfill_v02']) retrieved from /opt/airflow/dags/dag_with_catchup_and_backfill.py
[2024-01-26T13:15:48.428+0000] {logging_mixin.py:149} INFO - [2024-01-26T13:15:48.427+0000] {dag.py:2726} INFO - Sync 1 DAGs
[2024-01-26T13:15:48.467+0000] {logging_mixin.py:149} INFO - [2024-01-26T13:15:48.467+0000] {dag.py:3486} INFO - Setting next_dagrun for dag_with_catchup_backfill_v02 to 2024-01-24T16:00:00+00:00, run_after=2024-01-25T16:00:00+00:00
[2024-01-26T13:15:48.497+0000] {processor.py:179} INFO - Processing /opt/airflow/dags/dag_with_catchup_and_backfill.py took 0.157 seconds
[2024-01-26T13:16:19.187+0000] {processor.py:157} INFO - Started process (PID=162) to work on /opt/airflow/dags/dag_with_catchup_and_backfill.py
[2024-01-26T13:16:19.191+0000] {processor.py:826} INFO - Processing file /opt/airflow/dags/dag_with_catchup_and_backfill.py for tasks to queue
[2024-01-26T13:16:19.193+0000] {logging_mixin.py:149} INFO - [2024-01-26T13:16:19.193+0000] {dagbag.py:541} INFO - Filling up the DagBag from /opt/airflow/dags/dag_with_catchup_and_backfill.py
[2024-01-26T13:16:19.222+0000] {processor.py:836} INFO - DAG(s) dict_keys(['dag_with_catchup_backfill_v02']) retrieved from /opt/airflow/dags/dag_with_catchup_and_backfill.py
[2024-01-26T13:16:19.291+0000] {logging_mixin.py:149} INFO - [2024-01-26T13:16:19.291+0000] {dag.py:2726} INFO - Sync 1 DAGs
[2024-01-26T13:16:19.340+0000] {logging_mixin.py:149} INFO - [2024-01-26T13:16:19.340+0000] {dag.py:3486} INFO - Setting next_dagrun for dag_with_catchup_backfill_v02 to 2024-01-24T16:00:00+00:00, run_after=2024-01-25T16:00:00+00:00
[2024-01-26T13:16:19.380+0000] {processor.py:179} INFO - Processing /opt/airflow/dags/dag_with_catchup_and_backfill.py took 0.199 seconds
[2024-01-26T13:16:50.009+0000] {processor.py:157} INFO - Started process (PID=177) to work on /opt/airflow/dags/dag_with_catchup_and_backfill.py
[2024-01-26T13:16:50.014+0000] {processor.py:826} INFO - Processing file /opt/airflow/dags/dag_with_catchup_and_backfill.py for tasks to queue
[2024-01-26T13:16:50.018+0000] {logging_mixin.py:149} INFO - [2024-01-26T13:16:50.018+0000] {dagbag.py:541} INFO - Filling up the DagBag from /opt/airflow/dags/dag_with_catchup_and_backfill.py
[2024-01-26T13:16:50.051+0000] {processor.py:836} INFO - DAG(s) dict_keys(['dag_with_catchup_backfill_v02']) retrieved from /opt/airflow/dags/dag_with_catchup_and_backfill.py
[2024-01-26T13:16:50.103+0000] {logging_mixin.py:149} INFO - [2024-01-26T13:16:50.103+0000] {dag.py:2726} INFO - Sync 1 DAGs
[2024-01-26T13:16:50.145+0000] {logging_mixin.py:149} INFO - [2024-01-26T13:16:50.144+0000] {dag.py:3486} INFO - Setting next_dagrun for dag_with_catchup_backfill_v02 to 2024-01-24T16:00:00+00:00, run_after=2024-01-25T16:00:00+00:00
[2024-01-26T13:16:50.175+0000] {processor.py:179} INFO - Processing /opt/airflow/dags/dag_with_catchup_and_backfill.py took 0.176 seconds
[2024-01-26T13:17:20.366+0000] {processor.py:157} INFO - Started process (PID=196) to work on /opt/airflow/dags/dag_with_catchup_and_backfill.py
[2024-01-26T13:17:20.371+0000] {processor.py:826} INFO - Processing file /opt/airflow/dags/dag_with_catchup_and_backfill.py for tasks to queue
[2024-01-26T13:17:20.376+0000] {logging_mixin.py:149} INFO - [2024-01-26T13:17:20.376+0000] {dagbag.py:541} INFO - Filling up the DagBag from /opt/airflow/dags/dag_with_catchup_and_backfill.py
[2024-01-26T13:17:20.415+0000] {processor.py:836} INFO - DAG(s) dict_keys(['dag_with_catchup_backfill_v02']) retrieved from /opt/airflow/dags/dag_with_catchup_and_backfill.py
[2024-01-26T13:17:20.496+0000] {logging_mixin.py:149} INFO - [2024-01-26T13:17:20.495+0000] {dag.py:2726} INFO - Sync 1 DAGs
[2024-01-26T13:17:20.557+0000] {logging_mixin.py:149} INFO - [2024-01-26T13:17:20.557+0000] {dag.py:3486} INFO - Setting next_dagrun for dag_with_catchup_backfill_v02 to 2024-01-25T16:00:00+00:00, run_after=2024-01-26T16:00:00+00:00
[2024-01-26T13:17:20.638+0000] {processor.py:179} INFO - Processing /opt/airflow/dags/dag_with_catchup_and_backfill.py took 0.283 seconds
[2024-01-26T13:17:50.852+0000] {processor.py:157} INFO - Started process (PID=211) to work on /opt/airflow/dags/dag_with_catchup_and_backfill.py
[2024-01-26T13:17:50.855+0000] {processor.py:826} INFO - Processing file /opt/airflow/dags/dag_with_catchup_and_backfill.py for tasks to queue
[2024-01-26T13:17:50.859+0000] {logging_mixin.py:149} INFO - [2024-01-26T13:17:50.859+0000] {dagbag.py:541} INFO - Filling up the DagBag from /opt/airflow/dags/dag_with_catchup_and_backfill.py
[2024-01-26T13:17:50.891+0000] {processor.py:836} INFO - DAG(s) dict_keys(['dag_with_catchup_backfill_v02']) retrieved from /opt/airflow/dags/dag_with_catchup_and_backfill.py
[2024-01-26T13:17:50.946+0000] {logging_mixin.py:149} INFO - [2024-01-26T13:17:50.945+0000] {dag.py:2726} INFO - Sync 1 DAGs
[2024-01-26T13:17:50.989+0000] {logging_mixin.py:149} INFO - [2024-01-26T13:17:50.988+0000] {dag.py:3486} INFO - Setting next_dagrun for dag_with_catchup_backfill_v02 to 2024-01-25T16:00:00+00:00, run_after=2024-01-26T16:00:00+00:00
[2024-01-26T13:17:51.025+0000] {processor.py:179} INFO - Processing /opt/airflow/dags/dag_with_catchup_and_backfill.py took 0.181 seconds
[2024-01-26T13:18:21.984+0000] {processor.py:157} INFO - Started process (PID=226) to work on /opt/airflow/dags/dag_with_catchup_and_backfill.py
[2024-01-26T13:18:21.987+0000] {processor.py:826} INFO - Processing file /opt/airflow/dags/dag_with_catchup_and_backfill.py for tasks to queue
[2024-01-26T13:18:21.990+0000] {logging_mixin.py:149} INFO - [2024-01-26T13:18:21.990+0000] {dagbag.py:541} INFO - Filling up the DagBag from /opt/airflow/dags/dag_with_catchup_and_backfill.py
[2024-01-26T13:18:22.020+0000] {processor.py:836} INFO - DAG(s) dict_keys(['dag_with_catchup_backfill_v02']) retrieved from /opt/airflow/dags/dag_with_catchup_and_backfill.py
[2024-01-26T13:18:22.071+0000] {logging_mixin.py:149} INFO - [2024-01-26T13:18:22.071+0000] {dag.py:2726} INFO - Sync 1 DAGs
[2024-01-26T13:18:22.113+0000] {logging_mixin.py:149} INFO - [2024-01-26T13:18:22.113+0000] {dag.py:3486} INFO - Setting next_dagrun for dag_with_catchup_backfill_v02 to 2024-01-25T16:00:00+00:00, run_after=2024-01-26T16:00:00+00:00
[2024-01-26T13:18:22.147+0000] {processor.py:179} INFO - Processing /opt/airflow/dags/dag_with_catchup_and_backfill.py took 0.171 seconds
[2024-01-26T13:18:52.414+0000] {processor.py:157} INFO - Started process (PID=241) to work on /opt/airflow/dags/dag_with_catchup_and_backfill.py
[2024-01-26T13:18:52.418+0000] {processor.py:826} INFO - Processing file /opt/airflow/dags/dag_with_catchup_and_backfill.py for tasks to queue
[2024-01-26T13:18:52.421+0000] {logging_mixin.py:149} INFO - [2024-01-26T13:18:52.420+0000] {dagbag.py:541} INFO - Filling up the DagBag from /opt/airflow/dags/dag_with_catchup_and_backfill.py
[2024-01-26T13:18:52.457+0000] {processor.py:836} INFO - DAG(s) dict_keys(['dag_with_catchup_backfill_v02']) retrieved from /opt/airflow/dags/dag_with_catchup_and_backfill.py
[2024-01-26T13:18:52.523+0000] {logging_mixin.py:149} INFO - [2024-01-26T13:18:52.523+0000] {dag.py:2726} INFO - Sync 1 DAGs
[2024-01-26T13:18:52.571+0000] {logging_mixin.py:149} INFO - [2024-01-26T13:18:52.570+0000] {dag.py:3486} INFO - Setting next_dagrun for dag_with_catchup_backfill_v02 to 2024-01-25T16:00:00+00:00, run_after=2024-01-26T16:00:00+00:00
[2024-01-26T13:18:52.604+0000] {processor.py:179} INFO - Processing /opt/airflow/dags/dag_with_catchup_and_backfill.py took 0.199 seconds
[2024-01-26T13:19:22.891+0000] {processor.py:157} INFO - Started process (PID=256) to work on /opt/airflow/dags/dag_with_catchup_and_backfill.py
[2024-01-26T13:19:22.895+0000] {processor.py:826} INFO - Processing file /opt/airflow/dags/dag_with_catchup_and_backfill.py for tasks to queue
[2024-01-26T13:19:22.898+0000] {logging_mixin.py:149} INFO - [2024-01-26T13:19:22.898+0000] {dagbag.py:541} INFO - Filling up the DagBag from /opt/airflow/dags/dag_with_catchup_and_backfill.py
[2024-01-26T13:19:22.935+0000] {processor.py:836} INFO - DAG(s) dict_keys(['dag_with_catchup_backfill_v02']) retrieved from /opt/airflow/dags/dag_with_catchup_and_backfill.py
[2024-01-26T13:19:22.992+0000] {logging_mixin.py:149} INFO - [2024-01-26T13:19:22.991+0000] {dag.py:2726} INFO - Sync 1 DAGs
[2024-01-26T13:19:23.055+0000] {logging_mixin.py:149} INFO - [2024-01-26T13:19:23.055+0000] {dag.py:3486} INFO - Setting next_dagrun for dag_with_catchup_backfill_v02 to 2024-01-25T16:00:00+00:00, run_after=2024-01-26T16:00:00+00:00
[2024-01-26T13:19:23.091+0000] {processor.py:179} INFO - Processing /opt/airflow/dags/dag_with_catchup_and_backfill.py took 0.209 seconds
[2024-01-26T13:19:53.205+0000] {processor.py:157} INFO - Started process (PID=271) to work on /opt/airflow/dags/dag_with_catchup_and_backfill.py
[2024-01-26T13:19:53.208+0000] {processor.py:826} INFO - Processing file /opt/airflow/dags/dag_with_catchup_and_backfill.py for tasks to queue
[2024-01-26T13:19:53.211+0000] {logging_mixin.py:149} INFO - [2024-01-26T13:19:53.211+0000] {dagbag.py:541} INFO - Filling up the DagBag from /opt/airflow/dags/dag_with_catchup_and_backfill.py
[2024-01-26T13:19:53.240+0000] {processor.py:836} INFO - DAG(s) dict_keys(['dag_with_catchup_backfill_v02']) retrieved from /opt/airflow/dags/dag_with_catchup_and_backfill.py
[2024-01-26T13:19:53.293+0000] {logging_mixin.py:149} INFO - [2024-01-26T13:19:53.292+0000] {dag.py:2726} INFO - Sync 1 DAGs
[2024-01-26T13:19:53.336+0000] {logging_mixin.py:149} INFO - [2024-01-26T13:19:53.336+0000] {dag.py:3486} INFO - Setting next_dagrun for dag_with_catchup_backfill_v02 to 2024-01-25T16:00:00+00:00, run_after=2024-01-26T16:00:00+00:00
[2024-01-26T13:19:53.368+0000] {processor.py:179} INFO - Processing /opt/airflow/dags/dag_with_catchup_and_backfill.py took 0.170 seconds
[2024-01-26T13:20:24.189+0000] {processor.py:157} INFO - Started process (PID=286) to work on /opt/airflow/dags/dag_with_catchup_and_backfill.py
[2024-01-26T13:20:24.201+0000] {processor.py:826} INFO - Processing file /opt/airflow/dags/dag_with_catchup_and_backfill.py for tasks to queue
[2024-01-26T13:20:24.204+0000] {logging_mixin.py:149} INFO - [2024-01-26T13:20:24.203+0000] {dagbag.py:541} INFO - Filling up the DagBag from /opt/airflow/dags/dag_with_catchup_and_backfill.py
[2024-01-26T13:20:24.232+0000] {processor.py:836} INFO - DAG(s) dict_keys(['dag_with_catchup_backfill_v02']) retrieved from /opt/airflow/dags/dag_with_catchup_and_backfill.py
[2024-01-26T13:20:24.287+0000] {logging_mixin.py:149} INFO - [2024-01-26T13:20:24.286+0000] {dag.py:2726} INFO - Sync 1 DAGs
[2024-01-26T13:20:24.327+0000] {logging_mixin.py:149} INFO - [2024-01-26T13:20:24.327+0000] {dag.py:3486} INFO - Setting next_dagrun for dag_with_catchup_backfill_v02 to 2024-01-25T16:00:00+00:00, run_after=2024-01-26T16:00:00+00:00
[2024-01-26T13:20:24.358+0000] {processor.py:179} INFO - Processing /opt/airflow/dags/dag_with_catchup_and_backfill.py took 0.175 seconds
[2024-01-26T13:20:55.363+0000] {processor.py:157} INFO - Started process (PID=301) to work on /opt/airflow/dags/dag_with_catchup_and_backfill.py
[2024-01-26T13:20:55.368+0000] {processor.py:826} INFO - Processing file /opt/airflow/dags/dag_with_catchup_and_backfill.py for tasks to queue
[2024-01-26T13:20:55.373+0000] {logging_mixin.py:149} INFO - [2024-01-26T13:20:55.373+0000] {dagbag.py:541} INFO - Filling up the DagBag from /opt/airflow/dags/dag_with_catchup_and_backfill.py
[2024-01-26T13:20:55.451+0000] {processor.py:836} INFO - DAG(s) dict_keys(['dag_with_catchup_backfill_v02']) retrieved from /opt/airflow/dags/dag_with_catchup_and_backfill.py
[2024-01-26T13:20:55.595+0000] {logging_mixin.py:149} INFO - [2024-01-26T13:20:55.594+0000] {dag.py:2726} INFO - Sync 1 DAGs
[2024-01-26T13:20:55.695+0000] {logging_mixin.py:149} INFO - [2024-01-26T13:20:55.695+0000] {dag.py:3486} INFO - Setting next_dagrun for dag_with_catchup_backfill_v02 to 2024-01-25T16:00:00+00:00, run_after=2024-01-26T16:00:00+00:00
[2024-01-26T13:20:55.749+0000] {processor.py:179} INFO - Processing /opt/airflow/dags/dag_with_catchup_and_backfill.py took 0.397 seconds
[2024-01-26T13:21:25.877+0000] {processor.py:157} INFO - Started process (PID=326) to work on /opt/airflow/dags/dag_with_catchup_and_backfill.py
[2024-01-26T13:21:25.880+0000] {processor.py:826} INFO - Processing file /opt/airflow/dags/dag_with_catchup_and_backfill.py for tasks to queue
[2024-01-26T13:21:25.883+0000] {logging_mixin.py:149} INFO - [2024-01-26T13:21:25.883+0000] {dagbag.py:541} INFO - Filling up the DagBag from /opt/airflow/dags/dag_with_catchup_and_backfill.py
[2024-01-26T13:21:25.915+0000] {processor.py:836} INFO - DAG(s) dict_keys(['dag_with_catchup_backfill_v02']) retrieved from /opt/airflow/dags/dag_with_catchup_and_backfill.py
[2024-01-26T13:21:25.971+0000] {logging_mixin.py:149} INFO - [2024-01-26T13:21:25.971+0000] {dag.py:2726} INFO - Sync 1 DAGs
[2024-01-26T13:21:26.015+0000] {logging_mixin.py:149} INFO - [2024-01-26T13:21:26.015+0000] {dag.py:3486} INFO - Setting next_dagrun for dag_with_catchup_backfill_v02 to 2024-01-25T16:00:00+00:00, run_after=2024-01-26T16:00:00+00:00
[2024-01-26T13:21:26.050+0000] {processor.py:179} INFO - Processing /opt/airflow/dags/dag_with_catchup_and_backfill.py took 0.181 seconds
[2024-01-26T13:21:56.749+0000] {processor.py:157} INFO - Started process (PID=341) to work on /opt/airflow/dags/dag_with_catchup_and_backfill.py
[2024-01-26T13:21:56.753+0000] {processor.py:826} INFO - Processing file /opt/airflow/dags/dag_with_catchup_and_backfill.py for tasks to queue
[2024-01-26T13:21:56.756+0000] {logging_mixin.py:149} INFO - [2024-01-26T13:21:56.756+0000] {dagbag.py:541} INFO - Filling up the DagBag from /opt/airflow/dags/dag_with_catchup_and_backfill.py
[2024-01-26T13:21:56.784+0000] {processor.py:836} INFO - DAG(s) dict_keys(['dag_with_catchup_backfill_v02']) retrieved from /opt/airflow/dags/dag_with_catchup_and_backfill.py
[2024-01-26T13:21:56.836+0000] {logging_mixin.py:149} INFO - [2024-01-26T13:21:56.836+0000] {dag.py:2726} INFO - Sync 1 DAGs
[2024-01-26T13:21:56.883+0000] {logging_mixin.py:149} INFO - [2024-01-26T13:21:56.882+0000] {dag.py:3486} INFO - Setting next_dagrun for dag_with_catchup_backfill_v02 to 2024-01-25T16:00:00+00:00, run_after=2024-01-26T16:00:00+00:00
[2024-01-26T13:21:56.917+0000] {processor.py:179} INFO - Processing /opt/airflow/dags/dag_with_catchup_and_backfill.py took 0.176 seconds
[2024-01-26T13:22:27.918+0000] {processor.py:157} INFO - Started process (PID=356) to work on /opt/airflow/dags/dag_with_catchup_and_backfill.py
[2024-01-26T13:22:27.925+0000] {processor.py:826} INFO - Processing file /opt/airflow/dags/dag_with_catchup_and_backfill.py for tasks to queue
[2024-01-26T13:22:27.930+0000] {logging_mixin.py:149} INFO - [2024-01-26T13:22:27.930+0000] {dagbag.py:541} INFO - Filling up the DagBag from /opt/airflow/dags/dag_with_catchup_and_backfill.py
[2024-01-26T13:22:27.973+0000] {processor.py:836} INFO - DAG(s) dict_keys(['dag_with_catchup_backfill_v02']) retrieved from /opt/airflow/dags/dag_with_catchup_and_backfill.py
[2024-01-26T13:22:28.033+0000] {logging_mixin.py:149} INFO - [2024-01-26T13:22:28.033+0000] {dag.py:2726} INFO - Sync 1 DAGs
[2024-01-26T13:22:28.088+0000] {logging_mixin.py:149} INFO - [2024-01-26T13:22:28.088+0000] {dag.py:3486} INFO - Setting next_dagrun for dag_with_catchup_backfill_v02 to 2024-01-25T16:00:00+00:00, run_after=2024-01-26T16:00:00+00:00
[2024-01-26T13:22:28.140+0000] {processor.py:179} INFO - Processing /opt/airflow/dags/dag_with_catchup_and_backfill.py took 0.237 seconds
[2024-01-26T13:22:58.355+0000] {processor.py:157} INFO - Started process (PID=371) to work on /opt/airflow/dags/dag_with_catchup_and_backfill.py
[2024-01-26T13:22:58.359+0000] {processor.py:826} INFO - Processing file /opt/airflow/dags/dag_with_catchup_and_backfill.py for tasks to queue
[2024-01-26T13:22:58.364+0000] {logging_mixin.py:149} INFO - [2024-01-26T13:22:58.364+0000] {dagbag.py:541} INFO - Filling up the DagBag from /opt/airflow/dags/dag_with_catchup_and_backfill.py
[2024-01-26T13:22:58.397+0000] {processor.py:836} INFO - DAG(s) dict_keys(['dag_with_catchup_backfill_v02']) retrieved from /opt/airflow/dags/dag_with_catchup_and_backfill.py
[2024-01-26T13:22:58.455+0000] {logging_mixin.py:149} INFO - [2024-01-26T13:22:58.454+0000] {dag.py:2726} INFO - Sync 1 DAGs
[2024-01-26T13:22:58.518+0000] {logging_mixin.py:149} INFO - [2024-01-26T13:22:58.518+0000] {dag.py:3486} INFO - Setting next_dagrun for dag_with_catchup_backfill_v02 to 2024-01-25T16:00:00+00:00, run_after=2024-01-26T16:00:00+00:00
[2024-01-26T13:22:58.565+0000] {processor.py:179} INFO - Processing /opt/airflow/dags/dag_with_catchup_and_backfill.py took 0.219 seconds
[2024-01-26T13:23:28.742+0000] {processor.py:157} INFO - Started process (PID=386) to work on /opt/airflow/dags/dag_with_catchup_and_backfill.py
[2024-01-26T13:23:28.745+0000] {processor.py:826} INFO - Processing file /opt/airflow/dags/dag_with_catchup_and_backfill.py for tasks to queue
[2024-01-26T13:23:28.748+0000] {logging_mixin.py:149} INFO - [2024-01-26T13:23:28.748+0000] {dagbag.py:541} INFO - Filling up the DagBag from /opt/airflow/dags/dag_with_catchup_and_backfill.py
[2024-01-26T13:23:28.776+0000] {processor.py:836} INFO - DAG(s) dict_keys(['dag_with_catchup_backfill_v02']) retrieved from /opt/airflow/dags/dag_with_catchup_and_backfill.py
[2024-01-26T13:23:28.830+0000] {logging_mixin.py:149} INFO - [2024-01-26T13:23:28.830+0000] {dag.py:2726} INFO - Sync 1 DAGs
[2024-01-26T13:23:28.874+0000] {logging_mixin.py:149} INFO - [2024-01-26T13:23:28.874+0000] {dag.py:3486} INFO - Setting next_dagrun for dag_with_catchup_backfill_v02 to 2024-01-25T16:00:00+00:00, run_after=2024-01-26T16:00:00+00:00
[2024-01-26T13:23:28.906+0000] {processor.py:179} INFO - Processing /opt/airflow/dags/dag_with_catchup_and_backfill.py took 0.171 seconds
[2024-01-26T21:06:06.798+0000] {processor.py:157} INFO - Started process (PID=144) to work on /opt/airflow/dags/dag_with_catchup_and_backfill.py
[2024-01-26T21:06:07.193+0000] {processor.py:826} INFO - Processing file /opt/airflow/dags/dag_with_catchup_and_backfill.py for tasks to queue
[2024-01-26T21:06:07.254+0000] {logging_mixin.py:149} INFO - [2024-01-26T21:06:07.252+0000] {dagbag.py:541} INFO - Filling up the DagBag from /opt/airflow/dags/dag_with_catchup_and_backfill.py
[2024-01-26T21:06:09.643+0000] {processor.py:836} INFO - DAG(s) dict_keys(['dag_with_catchup_backfill_v02']) retrieved from /opt/airflow/dags/dag_with_catchup_and_backfill.py
[2024-01-26T21:06:34.708+0000] {logging_mixin.py:149} INFO - [2024-01-26T21:06:34.707+0000] {manager.py:504} INFO - Created Permission View: can delete on DAG:dag_with_catchup_backfill_v02
[2024-01-26T21:06:35.299+0000] {logging_mixin.py:149} INFO - [2024-01-26T21:06:35.298+0000] {manager.py:504} INFO - Created Permission View: can edit on DAG:dag_with_catchup_backfill_v02
[2024-01-26T21:06:35.608+0000] {logging_mixin.py:149} INFO - [2024-01-26T21:06:35.605+0000] {manager.py:504} INFO - Created Permission View: can read on DAG:dag_with_catchup_backfill_v02
[2024-01-26T21:06:36.034+0000] {logging_mixin.py:149} INFO - [2024-01-26T21:06:36.033+0000] {dag.py:2726} INFO - Sync 1 DAGs
[2024-01-26T21:06:36.413+0000] {logging_mixin.py:149} INFO - [2024-01-26T21:06:36.412+0000] {dag.py:2747} INFO - Creating ORM DAG for dag_with_catchup_backfill_v02
[2024-01-26T21:06:37.083+0000] {logging_mixin.py:149} INFO - [2024-01-26T21:06:37.075+0000] {dag.py:3486} INFO - Setting next_dagrun for dag_with_catchup_backfill_v02 to 2024-01-25T16:00:00+00:00, run_after=2024-01-26T16:00:00+00:00
[2024-01-26T21:06:38.278+0000] {processor.py:179} INFO - Processing /opt/airflow/dags/dag_with_catchup_and_backfill.py took 31.848 seconds
[2024-01-26T21:07:30.652+0000] {processor.py:157} INFO - Started process (PID=165) to work on /opt/airflow/dags/dag_with_catchup_and_backfill.py
[2024-01-26T21:07:30.693+0000] {processor.py:826} INFO - Processing file /opt/airflow/dags/dag_with_catchup_and_backfill.py for tasks to queue
[2024-01-26T21:07:30.734+0000] {logging_mixin.py:149} INFO - [2024-01-26T21:07:30.727+0000] {dagbag.py:541} INFO - Filling up the DagBag from /opt/airflow/dags/dag_with_catchup_and_backfill.py
[2024-01-26T21:07:31.327+0000] {processor.py:836} INFO - DAG(s) dict_keys(['dag_with_catchup_backfill_v02']) retrieved from /opt/airflow/dags/dag_with_catchup_and_backfill.py
[2024-01-26T21:07:32.031+0000] {logging_mixin.py:149} INFO - [2024-01-26T21:07:32.023+0000] {dag.py:2726} INFO - Sync 1 DAGs
[2024-01-26T21:07:32.721+0000] {logging_mixin.py:149} INFO - [2024-01-26T21:07:32.714+0000] {dag.py:3486} INFO - Setting next_dagrun for dag_with_catchup_backfill_v02 to 2024-01-25T16:00:00+00:00, run_after=2024-01-26T16:00:00+00:00
[2024-01-26T21:07:33.597+0000] {processor.py:179} INFO - Processing /opt/airflow/dags/dag_with_catchup_and_backfill.py took 3.045 seconds
[2024-01-26T21:08:33.603+0000] {processor.py:157} INFO - Started process (PID=186) to work on /opt/airflow/dags/dag_with_catchup_and_backfill.py
[2024-01-26T21:08:34.038+0000] {processor.py:826} INFO - Processing file /opt/airflow/dags/dag_with_catchup_and_backfill.py for tasks to queue
[2024-01-26T21:08:34.870+0000] {logging_mixin.py:149} INFO - [2024-01-26T21:08:34.838+0000] {dagbag.py:541} INFO - Filling up the DagBag from /opt/airflow/dags/dag_with_catchup_and_backfill.py
[2024-01-26T21:08:42.139+0000] {processor.py:836} INFO - DAG(s) dict_keys(['dag_with_catchup_backfill_v02']) retrieved from /opt/airflow/dags/dag_with_catchup_and_backfill.py
[2024-01-26T21:08:47.854+0000] {logging_mixin.py:149} INFO - [2024-01-26T21:08:47.853+0000] {dag.py:2726} INFO - Sync 1 DAGs
[2024-01-26T21:09:09.253+0000] {logging_mixin.py:149} INFO - [2024-01-26T21:09:09.248+0000] {dag.py:3486} INFO - Setting next_dagrun for dag_with_catchup_backfill_v02 to 2024-01-25T16:00:00+00:00, run_after=2024-01-26T16:00:00+00:00
[2024-01-26T21:09:10.211+0000] {processor.py:179} INFO - Processing /opt/airflow/dags/dag_with_catchup_and_backfill.py took 37.439 seconds
[2024-01-26T21:10:59.266+0000] {processor.py:157} INFO - Started process (PID=222) to work on /opt/airflow/dags/dag_with_catchup_and_backfill.py
[2024-01-26T21:10:59.530+0000] {processor.py:826} INFO - Processing file /opt/airflow/dags/dag_with_catchup_and_backfill.py for tasks to queue
[2024-01-26T21:10:59.596+0000] {logging_mixin.py:149} INFO - [2024-01-26T21:10:59.592+0000] {dagbag.py:541} INFO - Filling up the DagBag from /opt/airflow/dags/dag_with_catchup_and_backfill.py
[2024-01-26T21:11:01.120+0000] {processor.py:836} INFO - DAG(s) dict_keys(['dag_with_catchup_backfill_v02']) retrieved from /opt/airflow/dags/dag_with_catchup_and_backfill.py
[2024-01-26T21:11:09.934+0000] {logging_mixin.py:149} INFO - [2024-01-26T21:11:09.932+0000] {dag.py:2726} INFO - Sync 1 DAGs
[2024-01-26T21:11:10.826+0000] {logging_mixin.py:149} INFO - [2024-01-26T21:11:10.825+0000] {dag.py:3486} INFO - Setting next_dagrun for dag_with_catchup_backfill_v02 to 2024-01-25T16:00:00+00:00, run_after=2024-01-26T16:00:00+00:00
[2024-01-26T21:11:11.484+0000] {processor.py:179} INFO - Processing /opt/airflow/dags/dag_with_catchup_and_backfill.py took 12.464 seconds
[2024-01-26T21:12:55.883+0000] {processor.py:157} INFO - Started process (PID=253) to work on /opt/airflow/dags/dag_with_catchup_and_backfill.py
[2024-01-26T21:12:55.932+0000] {processor.py:826} INFO - Processing file /opt/airflow/dags/dag_with_catchup_and_backfill.py for tasks to queue
[2024-01-26T21:12:55.957+0000] {logging_mixin.py:149} INFO - [2024-01-26T21:12:55.953+0000] {dagbag.py:541} INFO - Filling up the DagBag from /opt/airflow/dags/dag_with_catchup_and_backfill.py
[2024-01-26T21:12:56.351+0000] {processor.py:836} INFO - DAG(s) dict_keys(['dag_with_catchup_backfill_v02']) retrieved from /opt/airflow/dags/dag_with_catchup_and_backfill.py
[2024-01-26T21:12:57.520+0000] {logging_mixin.py:149} INFO - [2024-01-26T21:12:57.520+0000] {dag.py:2726} INFO - Sync 1 DAGs
[2024-01-26T21:12:58.451+0000] {logging_mixin.py:149} INFO - [2024-01-26T21:12:58.449+0000] {dag.py:3486} INFO - Setting next_dagrun for dag_with_catchup_backfill_v02 to 2024-01-25T16:00:00+00:00, run_after=2024-01-26T16:00:00+00:00
[2024-01-26T21:12:58.822+0000] {processor.py:179} INFO - Processing /opt/airflow/dags/dag_with_catchup_and_backfill.py took 3.008 seconds
[2024-01-26T21:13:38.951+0000] {processor.py:157} INFO - Started process (PID=268) to work on /opt/airflow/dags/dag_with_catchup_and_backfill.py
[2024-01-26T21:13:39.023+0000] {processor.py:826} INFO - Processing file /opt/airflow/dags/dag_with_catchup_and_backfill.py for tasks to queue
[2024-01-26T21:13:39.143+0000] {logging_mixin.py:149} INFO - [2024-01-26T21:13:39.141+0000] {dagbag.py:541} INFO - Filling up the DagBag from /opt/airflow/dags/dag_with_catchup_and_backfill.py
[2024-01-26T21:13:40.008+0000] {processor.py:836} INFO - DAG(s) dict_keys(['dag_with_catchup_backfill_v02']) retrieved from /opt/airflow/dags/dag_with_catchup_and_backfill.py
[2024-01-26T21:13:43.741+0000] {logging_mixin.py:149} INFO - [2024-01-26T21:13:43.726+0000] {dag.py:2726} INFO - Sync 1 DAGs
[2024-01-26T21:13:46.201+0000] {logging_mixin.py:149} INFO - [2024-01-26T21:13:46.197+0000] {dag.py:3486} INFO - Setting next_dagrun for dag_with_catchup_backfill_v02 to 2024-01-25T16:00:00+00:00, run_after=2024-01-26T16:00:00+00:00
[2024-01-26T21:13:48.030+0000] {processor.py:179} INFO - Processing /opt/airflow/dags/dag_with_catchup_and_backfill.py took 9.178 seconds
[2024-01-26T21:15:19.821+0000] {processor.py:157} INFO - Started process (PID=293) to work on /opt/airflow/dags/dag_with_catchup_and_backfill.py
[2024-01-26T21:15:20.022+0000] {processor.py:826} INFO - Processing file /opt/airflow/dags/dag_with_catchup_and_backfill.py for tasks to queue
[2024-01-26T21:15:20.306+0000] {logging_mixin.py:149} INFO - [2024-01-26T21:15:20.305+0000] {dagbag.py:541} INFO - Filling up the DagBag from /opt/airflow/dags/dag_with_catchup_and_backfill.py
[2024-01-26T21:15:25.722+0000] {processor.py:836} INFO - DAG(s) dict_keys(['dag_with_catchup_backfill_v02']) retrieved from /opt/airflow/dags/dag_with_catchup_and_backfill.py
[2024-01-26T21:15:29.100+0000] {logging_mixin.py:149} INFO - [2024-01-26T21:15:29.099+0000] {dag.py:2726} INFO - Sync 1 DAGs
[2024-01-26T21:15:30.853+0000] {logging_mixin.py:149} INFO - [2024-01-26T21:15:30.837+0000] {dag.py:3486} INFO - Setting next_dagrun for dag_with_catchup_backfill_v02 to 2024-01-25T16:00:00+00:00, run_after=2024-01-26T16:00:00+00:00
[2024-01-26T21:15:31.472+0000] {processor.py:179} INFO - Processing /opt/airflow/dags/dag_with_catchup_and_backfill.py took 12.896 seconds
[2024-01-26T21:16:06.126+0000] {processor.py:157} INFO - Started process (PID=309) to work on /opt/airflow/dags/dag_with_catchup_and_backfill.py
[2024-01-26T21:16:06.372+0000] {processor.py:826} INFO - Processing file /opt/airflow/dags/dag_with_catchup_and_backfill.py for tasks to queue
[2024-01-26T21:16:06.832+0000] {logging_mixin.py:149} INFO - [2024-01-26T21:16:06.830+0000] {dagbag.py:541} INFO - Filling up the DagBag from /opt/airflow/dags/dag_with_catchup_and_backfill.py
[2024-01-26T21:16:10.600+0000] {processor.py:836} INFO - DAG(s) dict_keys(['dag_with_catchup_backfill_v02']) retrieved from /opt/airflow/dags/dag_with_catchup_and_backfill.py
[2024-01-26T21:16:14.686+0000] {logging_mixin.py:149} INFO - [2024-01-26T21:16:14.644+0000] {dag.py:2726} INFO - Sync 1 DAGs
[2024-01-26T21:18:45.305+0000] {processor.py:157} INFO - Started process (PID=323) to work on /opt/airflow/dags/dag_with_catchup_and_backfill.py
[2024-01-26T21:18:45.436+0000] {processor.py:826} INFO - Processing file /opt/airflow/dags/dag_with_catchup_and_backfill.py for tasks to queue
[2024-01-26T21:18:45.799+0000] {logging_mixin.py:149} INFO - [2024-01-26T21:18:45.798+0000] {dagbag.py:541} INFO - Filling up the DagBag from /opt/airflow/dags/dag_with_catchup_and_backfill.py
[2024-01-26T21:18:49.512+0000] {processor.py:836} INFO - DAG(s) dict_keys(['dag_with_catchup_backfill_v02']) retrieved from /opt/airflow/dags/dag_with_catchup_and_backfill.py
[2024-01-26T21:19:02.209+0000] {logging_mixin.py:149} INFO - [2024-01-26T21:19:02.208+0000] {dag.py:2726} INFO - Sync 1 DAGs
[2024-01-26T21:19:03.749+0000] {logging_mixin.py:149} INFO - [2024-01-26T21:19:03.748+0000] {dag.py:3486} INFO - Setting next_dagrun for dag_with_catchup_backfill_v02 to 2024-01-25T16:00:00+00:00, run_after=2024-01-26T16:00:00+00:00
[2024-01-26T21:19:04.580+0000] {processor.py:179} INFO - Processing /opt/airflow/dags/dag_with_catchup_and_backfill.py took 19.838 seconds
[2024-01-26T21:19:35.850+0000] {processor.py:157} INFO - Started process (PID=344) to work on /opt/airflow/dags/dag_with_catchup_and_backfill.py
[2024-01-26T21:19:35.863+0000] {processor.py:826} INFO - Processing file /opt/airflow/dags/dag_with_catchup_and_backfill.py for tasks to queue
[2024-01-26T21:19:35.883+0000] {logging_mixin.py:149} INFO - [2024-01-26T21:19:35.882+0000] {dagbag.py:541} INFO - Filling up the DagBag from /opt/airflow/dags/dag_with_catchup_and_backfill.py
[2024-01-26T21:19:36.579+0000] {processor.py:836} INFO - DAG(s) dict_keys(['dag_with_catchup_backfill_v02']) retrieved from /opt/airflow/dags/dag_with_catchup_and_backfill.py
[2024-01-26T21:19:38.553+0000] {logging_mixin.py:149} INFO - [2024-01-26T21:19:38.552+0000] {dag.py:2726} INFO - Sync 1 DAGs
[2024-01-26T21:19:39.853+0000] {logging_mixin.py:149} INFO - [2024-01-26T21:19:39.852+0000] {dag.py:3486} INFO - Setting next_dagrun for dag_with_catchup_backfill_v02 to 2024-01-25T16:00:00+00:00, run_after=2024-01-26T16:00:00+00:00
[2024-01-26T21:19:40.249+0000] {processor.py:179} INFO - Processing /opt/airflow/dags/dag_with_catchup_and_backfill.py took 4.717 seconds
[2024-01-26T21:20:34.425+0000] {processor.py:157} INFO - Started process (PID=357) to work on /opt/airflow/dags/dag_with_catchup_and_backfill.py
[2024-01-26T21:20:34.517+0000] {processor.py:826} INFO - Processing file /opt/airflow/dags/dag_with_catchup_and_backfill.py for tasks to queue
[2024-01-26T21:20:34.567+0000] {logging_mixin.py:149} INFO - [2024-01-26T21:20:34.566+0000] {dagbag.py:541} INFO - Filling up the DagBag from /opt/airflow/dags/dag_with_catchup_and_backfill.py
[2024-01-26T21:20:35.499+0000] {processor.py:836} INFO - DAG(s) dict_keys(['dag_with_catchup_backfill_v02']) retrieved from /opt/airflow/dags/dag_with_catchup_and_backfill.py
[2024-01-26T21:20:37.570+0000] {logging_mixin.py:149} INFO - [2024-01-26T21:20:37.525+0000] {dag.py:2726} INFO - Sync 1 DAGs
[2024-01-26T21:20:39.194+0000] {logging_mixin.py:149} INFO - [2024-01-26T21:20:39.192+0000] {dag.py:3486} INFO - Setting next_dagrun for dag_with_catchup_backfill_v02 to 2024-01-25T16:00:00+00:00, run_after=2024-01-26T16:00:00+00:00
[2024-01-26T21:20:39.991+0000] {processor.py:179} INFO - Processing /opt/airflow/dags/dag_with_catchup_and_backfill.py took 5.743 seconds
[2024-01-26T21:21:17.065+0000] {processor.py:157} INFO - Started process (PID=379) to work on /opt/airflow/dags/dag_with_catchup_and_backfill.py
[2024-01-26T21:21:17.102+0000] {processor.py:826} INFO - Processing file /opt/airflow/dags/dag_with_catchup_and_backfill.py for tasks to queue
[2024-01-26T21:21:17.128+0000] {logging_mixin.py:149} INFO - [2024-01-26T21:21:17.126+0000] {dagbag.py:541} INFO - Filling up the DagBag from /opt/airflow/dags/dag_with_catchup_and_backfill.py
[2024-01-26T21:21:17.968+0000] {processor.py:836} INFO - DAG(s) dict_keys(['dag_with_catchup_backfill_v02']) retrieved from /opt/airflow/dags/dag_with_catchup_and_backfill.py
[2024-01-26T21:21:21.127+0000] {logging_mixin.py:149} INFO - [2024-01-26T21:21:21.104+0000] {dag.py:2726} INFO - Sync 1 DAGs
[2024-01-26T21:21:22.950+0000] {logging_mixin.py:149} INFO - [2024-01-26T21:21:22.947+0000] {dag.py:3486} INFO - Setting next_dagrun for dag_with_catchup_backfill_v02 to 2024-01-25T16:00:00+00:00, run_after=2024-01-26T16:00:00+00:00
[2024-01-26T21:21:23.612+0000] {processor.py:179} INFO - Processing /opt/airflow/dags/dag_with_catchup_and_backfill.py took 6.717 seconds
[2024-01-26T21:22:00.375+0000] {processor.py:157} INFO - Started process (PID=394) to work on /opt/airflow/dags/dag_with_catchup_and_backfill.py
[2024-01-26T21:22:00.489+0000] {processor.py:826} INFO - Processing file /opt/airflow/dags/dag_with_catchup_and_backfill.py for tasks to queue
[2024-01-26T21:22:00.533+0000] {logging_mixin.py:149} INFO - [2024-01-26T21:22:00.532+0000] {dagbag.py:541} INFO - Filling up the DagBag from /opt/airflow/dags/dag_with_catchup_and_backfill.py
[2024-01-26T21:22:01.596+0000] {processor.py:836} INFO - DAG(s) dict_keys(['dag_with_catchup_backfill_v02']) retrieved from /opt/airflow/dags/dag_with_catchup_and_backfill.py
[2024-01-26T21:22:03.075+0000] {logging_mixin.py:149} INFO - [2024-01-26T21:22:03.056+0000] {dag.py:2726} INFO - Sync 1 DAGs
[2024-01-26T21:22:03.866+0000] {logging_mixin.py:149} INFO - [2024-01-26T21:22:03.865+0000] {dag.py:3486} INFO - Setting next_dagrun for dag_with_catchup_backfill_v02 to 2024-01-25T16:00:00+00:00, run_after=2024-01-26T16:00:00+00:00
[2024-01-26T21:22:04.468+0000] {processor.py:179} INFO - Processing /opt/airflow/dags/dag_with_catchup_and_backfill.py took 4.338 seconds
[2024-01-26T21:23:27.165+0000] {processor.py:157} INFO - Started process (PID=417) to work on /opt/airflow/dags/dag_with_catchup_and_backfill.py
[2024-01-26T21:23:27.263+0000] {processor.py:826} INFO - Processing file /opt/airflow/dags/dag_with_catchup_and_backfill.py for tasks to queue
[2024-01-26T21:23:27.315+0000] {logging_mixin.py:149} INFO - [2024-01-26T21:23:27.314+0000] {dagbag.py:541} INFO - Filling up the DagBag from /opt/airflow/dags/dag_with_catchup_and_backfill.py
[2024-01-26T21:23:27.832+0000] {processor.py:836} INFO - DAG(s) dict_keys(['dag_with_catchup_backfill_v02']) retrieved from /opt/airflow/dags/dag_with_catchup_and_backfill.py
[2024-01-26T21:23:29.035+0000] {logging_mixin.py:149} INFO - [2024-01-26T21:23:29.031+0000] {dag.py:2726} INFO - Sync 1 DAGs
[2024-01-26T21:23:30.310+0000] {logging_mixin.py:149} INFO - [2024-01-26T21:23:30.285+0000] {dag.py:3486} INFO - Setting next_dagrun for dag_with_catchup_backfill_v02 to 2024-01-25T16:00:00+00:00, run_after=2024-01-26T16:00:00+00:00
[2024-01-26T21:23:31.191+0000] {processor.py:179} INFO - Processing /opt/airflow/dags/dag_with_catchup_and_backfill.py took 4.377 seconds
[2024-01-26T21:25:05.285+0000] {processor.py:157} INFO - Started process (PID=437) to work on /opt/airflow/dags/dag_with_catchup_and_backfill.py
[2024-01-26T21:25:05.679+0000] {processor.py:826} INFO - Processing file /opt/airflow/dags/dag_with_catchup_and_backfill.py for tasks to queue
[2024-01-26T21:25:06.170+0000] {logging_mixin.py:149} INFO - [2024-01-26T21:25:06.021+0000] {dagbag.py:541} INFO - Filling up the DagBag from /opt/airflow/dags/dag_with_catchup_and_backfill.py
[2024-01-26T21:25:07.587+0000] {processor.py:836} INFO - DAG(s) dict_keys(['dag_with_catchup_backfill_v02']) retrieved from /opt/airflow/dags/dag_with_catchup_and_backfill.py
[2024-01-26T21:25:11.721+0000] {logging_mixin.py:149} INFO - [2024-01-26T21:25:11.720+0000] {dag.py:2726} INFO - Sync 1 DAGs
[2024-01-26T21:25:13.796+0000] {logging_mixin.py:149} INFO - [2024-01-26T21:25:13.792+0000] {dag.py:3486} INFO - Setting next_dagrun for dag_with_catchup_backfill_v02 to 2024-01-25T16:00:00+00:00, run_after=2024-01-26T16:00:00+00:00
[2024-01-26T21:25:15.643+0000] {processor.py:179} INFO - Processing /opt/airflow/dags/dag_with_catchup_and_backfill.py took 10.829 seconds
[2024-01-26T21:25:47.444+0000] {processor.py:157} INFO - Started process (PID=453) to work on /opt/airflow/dags/dag_with_catchup_and_backfill.py
[2024-01-26T21:25:47.565+0000] {processor.py:826} INFO - Processing file /opt/airflow/dags/dag_with_catchup_and_backfill.py for tasks to queue
[2024-01-26T21:25:47.608+0000] {logging_mixin.py:149} INFO - [2024-01-26T21:25:47.606+0000] {dagbag.py:541} INFO - Filling up the DagBag from /opt/airflow/dags/dag_with_catchup_and_backfill.py
[2024-01-26T21:25:48.611+0000] {processor.py:836} INFO - DAG(s) dict_keys(['dag_with_catchup_backfill_v02']) retrieved from /opt/airflow/dags/dag_with_catchup_and_backfill.py
[2024-01-26T21:25:53.171+0000] {logging_mixin.py:149} INFO - [2024-01-26T21:25:53.167+0000] {dag.py:2726} INFO - Sync 1 DAGs
[2024-01-26T21:25:55.763+0000] {logging_mixin.py:149} INFO - [2024-01-26T21:25:55.762+0000] {dag.py:3486} INFO - Setting next_dagrun for dag_with_catchup_backfill_v02 to 2024-01-25T16:00:00+00:00, run_after=2024-01-26T16:00:00+00:00
[2024-01-26T21:25:57.887+0000] {processor.py:179} INFO - Processing /opt/airflow/dags/dag_with_catchup_and_backfill.py took 10.653 seconds
[2024-01-26T21:27:28.942+0000] {processor.py:157} INFO - Started process (PID=459) to work on /opt/airflow/dags/dag_with_catchup_and_backfill.py
[2024-01-26T21:27:28.981+0000] {processor.py:826} INFO - Processing file /opt/airflow/dags/dag_with_catchup_and_backfill.py for tasks to queue
[2024-01-26T21:27:29.018+0000] {logging_mixin.py:149} INFO - [2024-01-26T21:27:29.018+0000] {dagbag.py:541} INFO - Filling up the DagBag from /opt/airflow/dags/dag_with_catchup_and_backfill.py
[2024-01-26T21:27:29.385+0000] {processor.py:836} INFO - DAG(s) dict_keys(['dag_with_catchup_backfill_v02']) retrieved from /opt/airflow/dags/dag_with_catchup_and_backfill.py
[2024-01-26T21:27:33.787+0000] {logging_mixin.py:149} INFO - [2024-01-26T21:27:33.786+0000] {dag.py:2726} INFO - Sync 1 DAGs
[2024-01-26T21:27:38.241+0000] {logging_mixin.py:149} INFO - [2024-01-26T21:27:38.225+0000] {dag.py:3486} INFO - Setting next_dagrun for dag_with_catchup_backfill_v02 to 2024-01-25T16:00:00+00:00, run_after=2024-01-26T16:00:00+00:00
[2024-01-26T21:27:40.008+0000] {processor.py:179} INFO - Processing /opt/airflow/dags/dag_with_catchup_and_backfill.py took 11.160 seconds
[2024-01-26T21:29:19.402+0000] {processor.py:157} INFO - Started process (PID=481) to work on /opt/airflow/dags/dag_with_catchup_and_backfill.py
[2024-01-26T21:29:19.902+0000] {processor.py:826} INFO - Processing file /opt/airflow/dags/dag_with_catchup_and_backfill.py for tasks to queue
[2024-01-26T21:29:20.249+0000] {logging_mixin.py:149} INFO - [2024-01-26T21:29:20.228+0000] {dagbag.py:541} INFO - Filling up the DagBag from /opt/airflow/dags/dag_with_catchup_and_backfill.py
[2024-01-26T21:29:26.962+0000] {processor.py:836} INFO - DAG(s) dict_keys(['dag_with_catchup_backfill_v02']) retrieved from /opt/airflow/dags/dag_with_catchup_and_backfill.py
[2024-01-26T21:29:47.211+0000] {logging_mixin.py:149} INFO - [2024-01-26T21:29:47.210+0000] {dag.py:2726} INFO - Sync 1 DAGs
[2024-01-26T21:29:51.636+0000] {logging_mixin.py:149} INFO - [2024-01-26T21:29:51.633+0000] {dag.py:3486} INFO - Setting next_dagrun for dag_with_catchup_backfill_v02 to 2024-01-25T16:00:00+00:00, run_after=2024-01-26T16:00:00+00:00
[2024-01-26T21:29:54.506+0000] {processor.py:179} INFO - Processing /opt/airflow/dags/dag_with_catchup_and_backfill.py took 37.021 seconds
[2024-01-26T21:31:32.848+0000] {processor.py:157} INFO - Started process (PID=510) to work on /opt/airflow/dags/dag_with_catchup_and_backfill.py
[2024-01-26T21:31:33.910+0000] {processor.py:826} INFO - Processing file /opt/airflow/dags/dag_with_catchup_and_backfill.py for tasks to queue
[2024-01-26T21:31:35.279+0000] {logging_mixin.py:149} INFO - [2024-01-26T21:31:35.277+0000] {dagbag.py:541} INFO - Filling up the DagBag from /opt/airflow/dags/dag_with_catchup_and_backfill.py
[2024-01-26T21:31:38.335+0000] {processor.py:836} INFO - DAG(s) dict_keys(['dag_with_catchup_backfill_v02']) retrieved from /opt/airflow/dags/dag_with_catchup_and_backfill.py
[2024-01-26T21:31:43.759+0000] {logging_mixin.py:149} INFO - [2024-01-26T21:31:43.752+0000] {dag.py:2726} INFO - Sync 1 DAGs
[2024-01-26T21:31:46.562+0000] {logging_mixin.py:149} INFO - [2024-01-26T21:31:46.557+0000] {dag.py:3486} INFO - Setting next_dagrun for dag_with_catchup_backfill_v02 to 2024-01-25T16:00:00+00:00, run_after=2024-01-26T16:00:00+00:00
[2024-01-26T21:31:49.063+0000] {processor.py:179} INFO - Processing /opt/airflow/dags/dag_with_catchup_and_backfill.py took 16.460 seconds
[2024-01-26T21:32:22.870+0000] {processor.py:157} INFO - Started process (PID=532) to work on /opt/airflow/dags/dag_with_catchup_and_backfill.py
[2024-01-26T21:32:23.205+0000] {processor.py:826} INFO - Processing file /opt/airflow/dags/dag_with_catchup_and_backfill.py for tasks to queue
[2024-01-26T21:32:23.509+0000] {logging_mixin.py:149} INFO - [2024-01-26T21:32:23.445+0000] {dagbag.py:541} INFO - Filling up the DagBag from /opt/airflow/dags/dag_with_catchup_and_backfill.py
[2024-01-26T21:32:25.040+0000] {processor.py:836} INFO - DAG(s) dict_keys(['dag_with_catchup_backfill_v02']) retrieved from /opt/airflow/dags/dag_with_catchup_and_backfill.py
[2024-01-26T21:32:29.072+0000] {logging_mixin.py:149} INFO - [2024-01-26T21:32:29.071+0000] {dag.py:2726} INFO - Sync 1 DAGs
[2024-01-26T21:32:33.053+0000] {logging_mixin.py:149} INFO - [2024-01-26T21:32:33.052+0000] {dag.py:3486} INFO - Setting next_dagrun for dag_with_catchup_backfill_v02 to 2024-01-25T16:00:00+00:00, run_after=2024-01-26T16:00:00+00:00
[2024-01-26T21:32:36.806+0000] {processor.py:179} INFO - Processing /opt/airflow/dags/dag_with_catchup_and_backfill.py took 14.478 seconds
[2024-01-26T21:34:07.256+0000] {processor.py:157} INFO - Started process (PID=547) to work on /opt/airflow/dags/dag_with_catchup_and_backfill.py
[2024-01-26T21:34:07.310+0000] {processor.py:826} INFO - Processing file /opt/airflow/dags/dag_with_catchup_and_backfill.py for tasks to queue
[2024-01-26T21:34:07.333+0000] {logging_mixin.py:149} INFO - [2024-01-26T21:34:07.332+0000] {dagbag.py:541} INFO - Filling up the DagBag from /opt/airflow/dags/dag_with_catchup_and_backfill.py
[2024-01-26T21:34:07.959+0000] {processor.py:836} INFO - DAG(s) dict_keys(['dag_with_catchup_backfill_v02']) retrieved from /opt/airflow/dags/dag_with_catchup_and_backfill.py
[2024-01-26T21:34:09.268+0000] {logging_mixin.py:149} INFO - [2024-01-26T21:34:09.267+0000] {dag.py:2726} INFO - Sync 1 DAGs
[2024-01-26T21:34:10.356+0000] {logging_mixin.py:149} INFO - [2024-01-26T21:34:10.349+0000] {dag.py:3486} INFO - Setting next_dagrun for dag_with_catchup_backfill_v02 to 2024-01-25T16:00:00+00:00, run_after=2024-01-26T16:00:00+00:00
[2024-01-26T21:34:11.430+0000] {processor.py:179} INFO - Processing /opt/airflow/dags/dag_with_catchup_and_backfill.py took 4.318 seconds
[2024-01-26T21:35:59.936+0000] {processor.py:157} INFO - Started process (PID=576) to work on /opt/airflow/dags/dag_with_catchup_and_backfill.py
[2024-01-26T21:36:00.031+0000] {processor.py:826} INFO - Processing file /opt/airflow/dags/dag_with_catchup_and_backfill.py for tasks to queue
[2024-01-26T21:36:00.108+0000] {logging_mixin.py:149} INFO - [2024-01-26T21:36:00.106+0000] {dagbag.py:541} INFO - Filling up the DagBag from /opt/airflow/dags/dag_with_catchup_and_backfill.py
[2024-01-26T21:36:01.099+0000] {processor.py:836} INFO - DAG(s) dict_keys(['dag_with_catchup_backfill_v02']) retrieved from /opt/airflow/dags/dag_with_catchup_and_backfill.py
[2024-01-26T21:36:03.468+0000] {logging_mixin.py:149} INFO - [2024-01-26T21:36:03.467+0000] {dag.py:2726} INFO - Sync 1 DAGs
[2024-01-26T21:36:05.385+0000] {logging_mixin.py:149} INFO - [2024-01-26T21:36:05.382+0000] {dag.py:3486} INFO - Setting next_dagrun for dag_with_catchup_backfill_v02 to 2024-01-25T16:00:00+00:00, run_after=2024-01-26T16:00:00+00:00
[2024-01-26T21:36:11.696+0000] {processor.py:179} INFO - Processing /opt/airflow/dags/dag_with_catchup_and_backfill.py took 11.917 seconds
