[2024-01-26T12:56:09.228+0000] {processor.py:157} INFO - Started process (PID=39) to work on /opt/airflow/dags/dag_with_postgres_operator.py
[2024-01-26T12:56:09.237+0000] {processor.py:826} INFO - Processing file /opt/airflow/dags/dag_with_postgres_operator.py for tasks to queue
[2024-01-26T12:56:09.246+0000] {logging_mixin.py:149} INFO - [2024-01-26T12:56:09.245+0000] {dagbag.py:541} INFO - Filling up the DagBag from /opt/airflow/dags/dag_with_postgres_operator.py
[2024-01-26T12:56:09.366+0000] {processor.py:836} INFO - DAG(s) dict_keys(['dag_with_postgres_operator_v03']) retrieved from /opt/airflow/dags/dag_with_postgres_operator.py
[2024-01-26T12:56:09.804+0000] {logging_mixin.py:149} INFO - [2024-01-26T12:56:09.803+0000] {manager.py:504} INFO - Created Permission View: can delete on DAG:dag_with_postgres_operator_v03
[2024-01-26T12:56:10.187+0000] {logging_mixin.py:149} INFO - [2024-01-26T12:56:10.186+0000] {manager.py:504} INFO - Created Permission View: can edit on DAG:dag_with_postgres_operator_v03
[2024-01-26T12:56:10.284+0000] {logging_mixin.py:149} INFO - [2024-01-26T12:56:10.283+0000] {manager.py:504} INFO - Created Permission View: can read on DAG:dag_with_postgres_operator_v03
[2024-01-26T12:56:10.409+0000] {logging_mixin.py:149} INFO - [2024-01-26T12:56:10.409+0000] {dag.py:2726} INFO - Sync 1 DAGs
[2024-01-26T12:56:10.500+0000] {logging_mixin.py:149} INFO - [2024-01-26T12:56:10.499+0000] {dag.py:2747} INFO - Creating ORM DAG for dag_with_postgres_operator_v03
[2024-01-26T12:56:10.611+0000] {logging_mixin.py:149} INFO - [2024-01-26T12:56:10.609+0000] {dag.py:3486} INFO - Setting next_dagrun for dag_with_postgres_operator_v03 to 2024-01-24T16:00:00+00:00, run_after=2024-01-25T16:00:00+00:00
[2024-01-26T12:56:10.750+0000] {processor.py:179} INFO - Processing /opt/airflow/dags/dag_with_postgres_operator.py took 1.537 seconds
[2024-01-26T12:56:41.490+0000] {processor.py:157} INFO - Started process (PID=56) to work on /opt/airflow/dags/dag_with_postgres_operator.py
[2024-01-26T12:56:41.495+0000] {processor.py:826} INFO - Processing file /opt/airflow/dags/dag_with_postgres_operator.py for tasks to queue
[2024-01-26T12:56:41.499+0000] {logging_mixin.py:149} INFO - [2024-01-26T12:56:41.498+0000] {dagbag.py:541} INFO - Filling up the DagBag from /opt/airflow/dags/dag_with_postgres_operator.py
[2024-01-26T12:56:41.548+0000] {processor.py:836} INFO - DAG(s) dict_keys(['dag_with_postgres_operator_v03']) retrieved from /opt/airflow/dags/dag_with_postgres_operator.py
[2024-01-26T12:56:41.645+0000] {logging_mixin.py:149} INFO - [2024-01-26T12:56:41.644+0000] {dag.py:2726} INFO - Sync 1 DAGs
[2024-01-26T12:56:41.759+0000] {logging_mixin.py:149} INFO - [2024-01-26T12:56:41.758+0000] {dag.py:3486} INFO - Setting next_dagrun for dag_with_postgres_operator_v03 to 2024-01-24T16:00:00+00:00, run_after=2024-01-25T16:00:00+00:00
[2024-01-26T12:56:41.829+0000] {processor.py:179} INFO - Processing /opt/airflow/dags/dag_with_postgres_operator.py took 0.357 seconds
[2024-01-26T12:57:19.457+0000] {processor.py:157} INFO - Started process (PID=73) to work on /opt/airflow/dags/dag_with_postgres_operator.py
[2024-01-26T12:57:19.487+0000] {processor.py:826} INFO - Processing file /opt/airflow/dags/dag_with_postgres_operator.py for tasks to queue
[2024-01-26T12:57:19.528+0000] {logging_mixin.py:149} INFO - [2024-01-26T12:57:19.525+0000] {dagbag.py:541} INFO - Filling up the DagBag from /opt/airflow/dags/dag_with_postgres_operator.py
[2024-01-26T12:57:19.995+0000] {processor.py:836} INFO - DAG(s) dict_keys(['dag_with_postgres_operator_v03']) retrieved from /opt/airflow/dags/dag_with_postgres_operator.py
[2024-01-26T12:57:20.449+0000] {logging_mixin.py:149} INFO - [2024-01-26T12:57:20.447+0000] {dag.py:2726} INFO - Sync 1 DAGs
[2024-01-26T12:57:20.800+0000] {logging_mixin.py:149} INFO - [2024-01-26T12:57:20.800+0000] {dag.py:3486} INFO - Setting next_dagrun for dag_with_postgres_operator_v03 to 2024-01-24T16:00:00+00:00, run_after=2024-01-25T16:00:00+00:00
[2024-01-26T12:57:22.743+0000] {processor.py:179} INFO - Processing /opt/airflow/dags/dag_with_postgres_operator.py took 3.336 seconds
[2024-01-26T12:57:54.669+0000] {processor.py:157} INFO - Started process (PID=89) to work on /opt/airflow/dags/dag_with_postgres_operator.py
[2024-01-26T12:57:54.687+0000] {processor.py:826} INFO - Processing file /opt/airflow/dags/dag_with_postgres_operator.py for tasks to queue
[2024-01-26T12:57:54.707+0000] {logging_mixin.py:149} INFO - [2024-01-26T12:57:54.704+0000] {dagbag.py:541} INFO - Filling up the DagBag from /opt/airflow/dags/dag_with_postgres_operator.py
[2024-01-26T12:57:54.908+0000] {processor.py:836} INFO - DAG(s) dict_keys(['dag_with_postgres_operator_v03']) retrieved from /opt/airflow/dags/dag_with_postgres_operator.py
[2024-01-26T12:57:55.314+0000] {logging_mixin.py:149} INFO - [2024-01-26T12:57:55.313+0000] {dag.py:2726} INFO - Sync 1 DAGs
[2024-01-26T12:57:56.683+0000] {logging_mixin.py:149} INFO - [2024-01-26T12:57:56.682+0000] {dag.py:3486} INFO - Setting next_dagrun for dag_with_postgres_operator_v03 to 2024-01-24T16:00:00+00:00, run_after=2024-01-25T16:00:00+00:00
[2024-01-26T12:57:56.848+0000] {processor.py:179} INFO - Processing /opt/airflow/dags/dag_with_postgres_operator.py took 2.232 seconds
[2024-01-26T12:58:27.719+0000] {processor.py:157} INFO - Started process (PID=105) to work on /opt/airflow/dags/dag_with_postgres_operator.py
[2024-01-26T12:58:27.726+0000] {processor.py:826} INFO - Processing file /opt/airflow/dags/dag_with_postgres_operator.py for tasks to queue
[2024-01-26T12:58:27.734+0000] {logging_mixin.py:149} INFO - [2024-01-26T12:58:27.734+0000] {dagbag.py:541} INFO - Filling up the DagBag from /opt/airflow/dags/dag_with_postgres_operator.py
[2024-01-26T12:58:27.801+0000] {processor.py:836} INFO - DAG(s) dict_keys(['dag_with_postgres_operator_v03']) retrieved from /opt/airflow/dags/dag_with_postgres_operator.py
[2024-01-26T12:58:27.913+0000] {logging_mixin.py:149} INFO - [2024-01-26T12:58:27.912+0000] {dag.py:2726} INFO - Sync 1 DAGs
[2024-01-26T12:58:28.205+0000] {logging_mixin.py:149} INFO - [2024-01-26T12:58:28.205+0000] {dag.py:3486} INFO - Setting next_dagrun for dag_with_postgres_operator_v03 to 2024-01-24T16:00:00+00:00, run_after=2024-01-25T16:00:00+00:00
[2024-01-26T12:58:28.248+0000] {processor.py:179} INFO - Processing /opt/airflow/dags/dag_with_postgres_operator.py took 0.548 seconds
[2024-01-26T12:58:58.938+0000] {processor.py:157} INFO - Started process (PID=121) to work on /opt/airflow/dags/dag_with_postgres_operator.py
[2024-01-26T12:58:58.945+0000] {processor.py:826} INFO - Processing file /opt/airflow/dags/dag_with_postgres_operator.py for tasks to queue
[2024-01-26T12:58:58.950+0000] {logging_mixin.py:149} INFO - [2024-01-26T12:58:58.949+0000] {dagbag.py:541} INFO - Filling up the DagBag from /opt/airflow/dags/dag_with_postgres_operator.py
[2024-01-26T12:58:58.995+0000] {processor.py:836} INFO - DAG(s) dict_keys(['dag_with_postgres_operator_v03']) retrieved from /opt/airflow/dags/dag_with_postgres_operator.py
[2024-01-26T12:58:59.258+0000] {logging_mixin.py:149} INFO - [2024-01-26T12:58:59.258+0000] {dag.py:2726} INFO - Sync 1 DAGs
[2024-01-26T12:58:59.301+0000] {logging_mixin.py:149} INFO - [2024-01-26T12:58:59.300+0000] {dag.py:3486} INFO - Setting next_dagrun for dag_with_postgres_operator_v03 to 2024-01-24T16:00:00+00:00, run_after=2024-01-25T16:00:00+00:00
[2024-01-26T12:58:59.335+0000] {processor.py:179} INFO - Processing /opt/airflow/dags/dag_with_postgres_operator.py took 0.409 seconds
[2024-01-26T12:59:29.487+0000] {processor.py:157} INFO - Started process (PID=137) to work on /opt/airflow/dags/dag_with_postgres_operator.py
[2024-01-26T12:59:29.493+0000] {processor.py:826} INFO - Processing file /opt/airflow/dags/dag_with_postgres_operator.py for tasks to queue
[2024-01-26T12:59:29.497+0000] {logging_mixin.py:149} INFO - [2024-01-26T12:59:29.497+0000] {dagbag.py:541} INFO - Filling up the DagBag from /opt/airflow/dags/dag_with_postgres_operator.py
[2024-01-26T12:59:29.916+0000] {processor.py:836} INFO - DAG(s) dict_keys(['dag_with_postgres_operator_v03']) retrieved from /opt/airflow/dags/dag_with_postgres_operator.py
[2024-01-26T12:59:29.985+0000] {logging_mixin.py:149} INFO - [2024-01-26T12:59:29.985+0000] {dag.py:2726} INFO - Sync 1 DAGs
[2024-01-26T12:59:30.038+0000] {logging_mixin.py:149} INFO - [2024-01-26T12:59:30.038+0000] {dag.py:3486} INFO - Setting next_dagrun for dag_with_postgres_operator_v03 to 2024-01-24T16:00:00+00:00, run_after=2024-01-25T16:00:00+00:00
[2024-01-26T12:59:30.117+0000] {processor.py:179} INFO - Processing /opt/airflow/dags/dag_with_postgres_operator.py took 0.642 seconds
[2024-01-26T13:00:00.332+0000] {processor.py:157} INFO - Started process (PID=153) to work on /opt/airflow/dags/dag_with_postgres_operator.py
[2024-01-26T13:00:00.347+0000] {processor.py:826} INFO - Processing file /opt/airflow/dags/dag_with_postgres_operator.py for tasks to queue
[2024-01-26T13:00:00.357+0000] {logging_mixin.py:149} INFO - [2024-01-26T13:00:00.356+0000] {dagbag.py:541} INFO - Filling up the DagBag from /opt/airflow/dags/dag_with_postgres_operator.py
[2024-01-26T13:00:00.475+0000] {processor.py:836} INFO - DAG(s) dict_keys(['dag_with_postgres_operator_v03']) retrieved from /opt/airflow/dags/dag_with_postgres_operator.py
[2024-01-26T13:00:00.633+0000] {logging_mixin.py:149} INFO - [2024-01-26T13:00:00.632+0000] {dag.py:2726} INFO - Sync 1 DAGs
[2024-01-26T13:00:00.742+0000] {logging_mixin.py:149} INFO - [2024-01-26T13:00:00.742+0000] {dag.py:3486} INFO - Setting next_dagrun for dag_with_postgres_operator_v03 to 2024-01-24T16:00:00+00:00, run_after=2024-01-25T16:00:00+00:00
[2024-01-26T13:00:00.801+0000] {processor.py:179} INFO - Processing /opt/airflow/dags/dag_with_postgres_operator.py took 0.489 seconds
[2024-01-26T13:00:31.821+0000] {processor.py:157} INFO - Started process (PID=169) to work on /opt/airflow/dags/dag_with_postgres_operator.py
[2024-01-26T13:00:31.827+0000] {processor.py:826} INFO - Processing file /opt/airflow/dags/dag_with_postgres_operator.py for tasks to queue
[2024-01-26T13:00:31.831+0000] {logging_mixin.py:149} INFO - [2024-01-26T13:00:31.830+0000] {dagbag.py:541} INFO - Filling up the DagBag from /opt/airflow/dags/dag_with_postgres_operator.py
[2024-01-26T13:00:31.881+0000] {processor.py:836} INFO - DAG(s) dict_keys(['dag_with_postgres_operator_v03']) retrieved from /opt/airflow/dags/dag_with_postgres_operator.py
[2024-01-26T13:00:31.963+0000] {logging_mixin.py:149} INFO - [2024-01-26T13:00:31.962+0000] {dag.py:2726} INFO - Sync 1 DAGs
[2024-01-26T13:00:32.027+0000] {logging_mixin.py:149} INFO - [2024-01-26T13:00:32.026+0000] {dag.py:3486} INFO - Setting next_dagrun for dag_with_postgres_operator_v03 to 2024-01-24T16:00:00+00:00, run_after=2024-01-25T16:00:00+00:00
[2024-01-26T13:00:32.074+0000] {processor.py:179} INFO - Processing /opt/airflow/dags/dag_with_postgres_operator.py took 0.264 seconds
[2024-01-26T13:01:02.392+0000] {processor.py:157} INFO - Started process (PID=185) to work on /opt/airflow/dags/dag_with_postgres_operator.py
[2024-01-26T13:01:02.406+0000] {processor.py:826} INFO - Processing file /opt/airflow/dags/dag_with_postgres_operator.py for tasks to queue
[2024-01-26T13:01:02.415+0000] {logging_mixin.py:149} INFO - [2024-01-26T13:01:02.414+0000] {dagbag.py:541} INFO - Filling up the DagBag from /opt/airflow/dags/dag_with_postgres_operator.py
[2024-01-26T13:01:02.502+0000] {processor.py:836} INFO - DAG(s) dict_keys(['dag_with_postgres_operator_v03']) retrieved from /opt/airflow/dags/dag_with_postgres_operator.py
[2024-01-26T13:01:02.675+0000] {logging_mixin.py:149} INFO - [2024-01-26T13:01:02.674+0000] {dag.py:2726} INFO - Sync 1 DAGs
[2024-01-26T13:01:02.814+0000] {logging_mixin.py:149} INFO - [2024-01-26T13:01:02.813+0000] {dag.py:3486} INFO - Setting next_dagrun for dag_with_postgres_operator_v03 to 2024-01-24T16:00:00+00:00, run_after=2024-01-25T16:00:00+00:00
[2024-01-26T13:01:02.904+0000] {processor.py:179} INFO - Processing /opt/airflow/dags/dag_with_postgres_operator.py took 0.529 seconds
[2024-01-26T13:01:33.666+0000] {processor.py:157} INFO - Started process (PID=208) to work on /opt/airflow/dags/dag_with_postgres_operator.py
[2024-01-26T13:01:33.671+0000] {processor.py:826} INFO - Processing file /opt/airflow/dags/dag_with_postgres_operator.py for tasks to queue
[2024-01-26T13:01:33.677+0000] {logging_mixin.py:149} INFO - [2024-01-26T13:01:33.677+0000] {dagbag.py:541} INFO - Filling up the DagBag from /opt/airflow/dags/dag_with_postgres_operator.py
[2024-01-26T13:01:33.711+0000] {processor.py:836} INFO - DAG(s) dict_keys(['dag_with_postgres_operator_v03']) retrieved from /opt/airflow/dags/dag_with_postgres_operator.py
[2024-01-26T13:01:33.771+0000] {logging_mixin.py:149} INFO - [2024-01-26T13:01:33.771+0000] {dag.py:2726} INFO - Sync 1 DAGs
[2024-01-26T13:01:33.818+0000] {logging_mixin.py:149} INFO - [2024-01-26T13:01:33.817+0000] {dag.py:3486} INFO - Setting next_dagrun for dag_with_postgres_operator_v03 to 2024-01-24T16:00:00+00:00, run_after=2024-01-25T16:00:00+00:00
[2024-01-26T13:01:33.852+0000] {processor.py:179} INFO - Processing /opt/airflow/dags/dag_with_postgres_operator.py took 0.194 seconds
[2024-01-26T13:02:04.048+0000] {processor.py:157} INFO - Started process (PID=224) to work on /opt/airflow/dags/dag_with_postgres_operator.py
[2024-01-26T13:02:04.053+0000] {processor.py:826} INFO - Processing file /opt/airflow/dags/dag_with_postgres_operator.py for tasks to queue
[2024-01-26T13:02:04.056+0000] {logging_mixin.py:149} INFO - [2024-01-26T13:02:04.056+0000] {dagbag.py:541} INFO - Filling up the DagBag from /opt/airflow/dags/dag_with_postgres_operator.py
[2024-01-26T13:02:04.096+0000] {processor.py:836} INFO - DAG(s) dict_keys(['dag_with_postgres_operator_v03']) retrieved from /opt/airflow/dags/dag_with_postgres_operator.py
[2024-01-26T13:02:04.172+0000] {logging_mixin.py:149} INFO - [2024-01-26T13:02:04.172+0000] {dag.py:2726} INFO - Sync 1 DAGs
[2024-01-26T13:02:04.221+0000] {logging_mixin.py:149} INFO - [2024-01-26T13:02:04.220+0000] {dag.py:3486} INFO - Setting next_dagrun for dag_with_postgres_operator_v03 to 2024-01-24T16:00:00+00:00, run_after=2024-01-25T16:00:00+00:00
[2024-01-26T13:02:04.312+0000] {processor.py:179} INFO - Processing /opt/airflow/dags/dag_with_postgres_operator.py took 0.271 seconds
[2024-01-26T13:02:34.711+0000] {processor.py:157} INFO - Started process (PID=240) to work on /opt/airflow/dags/dag_with_postgres_operator.py
[2024-01-26T13:02:34.715+0000] {processor.py:826} INFO - Processing file /opt/airflow/dags/dag_with_postgres_operator.py for tasks to queue
[2024-01-26T13:02:34.718+0000] {logging_mixin.py:149} INFO - [2024-01-26T13:02:34.718+0000] {dagbag.py:541} INFO - Filling up the DagBag from /opt/airflow/dags/dag_with_postgres_operator.py
[2024-01-26T13:02:34.755+0000] {processor.py:836} INFO - DAG(s) dict_keys(['dag_with_postgres_operator_v03']) retrieved from /opt/airflow/dags/dag_with_postgres_operator.py
[2024-01-26T13:02:34.812+0000] {logging_mixin.py:149} INFO - [2024-01-26T13:02:34.812+0000] {dag.py:2726} INFO - Sync 1 DAGs
[2024-01-26T13:02:34.857+0000] {logging_mixin.py:149} INFO - [2024-01-26T13:02:34.857+0000] {dag.py:3486} INFO - Setting next_dagrun for dag_with_postgres_operator_v03 to 2024-01-24T16:00:00+00:00, run_after=2024-01-25T16:00:00+00:00
[2024-01-26T13:02:34.891+0000] {processor.py:179} INFO - Processing /opt/airflow/dags/dag_with_postgres_operator.py took 0.188 seconds
[2024-01-26T13:03:04.978+0000] {processor.py:157} INFO - Started process (PID=256) to work on /opt/airflow/dags/dag_with_postgres_operator.py
[2024-01-26T13:03:04.981+0000] {processor.py:826} INFO - Processing file /opt/airflow/dags/dag_with_postgres_operator.py for tasks to queue
[2024-01-26T13:03:04.984+0000] {logging_mixin.py:149} INFO - [2024-01-26T13:03:04.984+0000] {dagbag.py:541} INFO - Filling up the DagBag from /opt/airflow/dags/dag_with_postgres_operator.py
[2024-01-26T13:03:05.016+0000] {processor.py:836} INFO - DAG(s) dict_keys(['dag_with_postgres_operator_v03']) retrieved from /opt/airflow/dags/dag_with_postgres_operator.py
[2024-01-26T13:03:05.073+0000] {logging_mixin.py:149} INFO - [2024-01-26T13:03:05.073+0000] {dag.py:2726} INFO - Sync 1 DAGs
[2024-01-26T13:03:05.123+0000] {logging_mixin.py:149} INFO - [2024-01-26T13:03:05.122+0000] {dag.py:3486} INFO - Setting next_dagrun for dag_with_postgres_operator_v03 to 2024-01-24T16:00:00+00:00, run_after=2024-01-25T16:00:00+00:00
[2024-01-26T13:03:05.166+0000] {processor.py:179} INFO - Processing /opt/airflow/dags/dag_with_postgres_operator.py took 0.195 seconds
[2024-01-26T13:03:35.601+0000] {processor.py:157} INFO - Started process (PID=272) to work on /opt/airflow/dags/dag_with_postgres_operator.py
[2024-01-26T13:03:35.606+0000] {processor.py:826} INFO - Processing file /opt/airflow/dags/dag_with_postgres_operator.py for tasks to queue
[2024-01-26T13:03:35.611+0000] {logging_mixin.py:149} INFO - [2024-01-26T13:03:35.611+0000] {dagbag.py:541} INFO - Filling up the DagBag from /opt/airflow/dags/dag_with_postgres_operator.py
[2024-01-26T13:03:35.661+0000] {processor.py:836} INFO - DAG(s) dict_keys(['dag_with_postgres_operator_v03']) retrieved from /opt/airflow/dags/dag_with_postgres_operator.py
[2024-01-26T13:03:35.735+0000] {logging_mixin.py:149} INFO - [2024-01-26T13:03:35.735+0000] {dag.py:2726} INFO - Sync 1 DAGs
[2024-01-26T13:03:35.872+0000] {logging_mixin.py:149} INFO - [2024-01-26T13:03:35.871+0000] {dag.py:3486} INFO - Setting next_dagrun for dag_with_postgres_operator_v03 to 2024-01-24T16:00:00+00:00, run_after=2024-01-25T16:00:00+00:00
[2024-01-26T13:03:35.940+0000] {processor.py:179} INFO - Processing /opt/airflow/dags/dag_with_postgres_operator.py took 0.351 seconds
[2024-01-26T13:04:06.957+0000] {processor.py:157} INFO - Started process (PID=287) to work on /opt/airflow/dags/dag_with_postgres_operator.py
[2024-01-26T13:04:06.971+0000] {processor.py:826} INFO - Processing file /opt/airflow/dags/dag_with_postgres_operator.py for tasks to queue
[2024-01-26T13:04:06.982+0000] {logging_mixin.py:149} INFO - [2024-01-26T13:04:06.980+0000] {dagbag.py:541} INFO - Filling up the DagBag from /opt/airflow/dags/dag_with_postgres_operator.py
[2024-01-26T13:04:07.119+0000] {processor.py:836} INFO - DAG(s) dict_keys(['dag_with_postgres_operator_v03']) retrieved from /opt/airflow/dags/dag_with_postgres_operator.py
[2024-01-26T13:04:07.302+0000] {logging_mixin.py:149} INFO - [2024-01-26T13:04:07.298+0000] {dag.py:2726} INFO - Sync 1 DAGs
[2024-01-26T13:04:07.421+0000] {logging_mixin.py:149} INFO - [2024-01-26T13:04:07.420+0000] {dag.py:3486} INFO - Setting next_dagrun for dag_with_postgres_operator_v03 to 2024-01-24T16:00:00+00:00, run_after=2024-01-25T16:00:00+00:00
[2024-01-26T13:04:07.497+0000] {processor.py:179} INFO - Processing /opt/airflow/dags/dag_with_postgres_operator.py took 0.556 seconds
[2024-01-26T13:04:37.773+0000] {processor.py:157} INFO - Started process (PID=302) to work on /opt/airflow/dags/dag_with_postgres_operator.py
[2024-01-26T13:04:37.777+0000] {processor.py:826} INFO - Processing file /opt/airflow/dags/dag_with_postgres_operator.py for tasks to queue
[2024-01-26T13:04:37.782+0000] {logging_mixin.py:149} INFO - [2024-01-26T13:04:37.782+0000] {dagbag.py:541} INFO - Filling up the DagBag from /opt/airflow/dags/dag_with_postgres_operator.py
[2024-01-26T13:04:37.820+0000] {processor.py:836} INFO - DAG(s) dict_keys(['dag_with_postgres_operator_v03']) retrieved from /opt/airflow/dags/dag_with_postgres_operator.py
[2024-01-26T13:04:37.882+0000] {logging_mixin.py:149} INFO - [2024-01-26T13:04:37.882+0000] {dag.py:2726} INFO - Sync 1 DAGs
[2024-01-26T13:04:37.931+0000] {logging_mixin.py:149} INFO - [2024-01-26T13:04:37.931+0000] {dag.py:3486} INFO - Setting next_dagrun for dag_with_postgres_operator_v03 to 2024-01-24T16:00:00+00:00, run_after=2024-01-25T16:00:00+00:00
[2024-01-26T13:04:37.970+0000] {processor.py:179} INFO - Processing /opt/airflow/dags/dag_with_postgres_operator.py took 0.206 seconds
[2024-01-26T13:12:20.599+0000] {processor.py:157} INFO - Started process (PID=46) to work on /opt/airflow/dags/dag_with_postgres_operator.py
[2024-01-26T13:12:20.635+0000] {processor.py:826} INFO - Processing file /opt/airflow/dags/dag_with_postgres_operator.py for tasks to queue
[2024-01-26T13:12:20.649+0000] {logging_mixin.py:149} INFO - [2024-01-26T13:12:20.648+0000] {dagbag.py:541} INFO - Filling up the DagBag from /opt/airflow/dags/dag_with_postgres_operator.py
[2024-01-26T13:12:20.959+0000] {processor.py:836} INFO - DAG(s) dict_keys(['dag_with_postgres_operator_v03']) retrieved from /opt/airflow/dags/dag_with_postgres_operator.py
[2024-01-26T13:12:21.405+0000] {logging_mixin.py:149} INFO - [2024-01-26T13:12:21.404+0000] {dag.py:2726} INFO - Sync 1 DAGs
[2024-01-26T13:12:21.954+0000] {logging_mixin.py:149} INFO - [2024-01-26T13:12:21.954+0000] {dag.py:3486} INFO - Setting next_dagrun for dag_with_postgres_operator_v03 to 2024-01-24T16:00:00+00:00, run_after=2024-01-25T16:00:00+00:00
[2024-01-26T13:12:22.142+0000] {processor.py:179} INFO - Processing /opt/airflow/dags/dag_with_postgres_operator.py took 1.589 seconds
[2024-01-26T13:12:52.548+0000] {processor.py:157} INFO - Started process (PID=60) to work on /opt/airflow/dags/dag_with_postgres_operator.py
[2024-01-26T13:12:52.571+0000] {processor.py:826} INFO - Processing file /opt/airflow/dags/dag_with_postgres_operator.py for tasks to queue
[2024-01-26T13:12:52.593+0000] {logging_mixin.py:149} INFO - [2024-01-26T13:12:52.592+0000] {dagbag.py:541} INFO - Filling up the DagBag from /opt/airflow/dags/dag_with_postgres_operator.py
[2024-01-26T13:12:53.395+0000] {processor.py:836} INFO - DAG(s) dict_keys(['dag_with_postgres_operator_v03']) retrieved from /opt/airflow/dags/dag_with_postgres_operator.py
[2024-01-26T13:12:53.919+0000] {logging_mixin.py:149} INFO - [2024-01-26T13:12:53.917+0000] {dag.py:2726} INFO - Sync 1 DAGs
[2024-01-26T13:12:54.369+0000] {logging_mixin.py:149} INFO - [2024-01-26T13:12:54.357+0000] {dag.py:3486} INFO - Setting next_dagrun for dag_with_postgres_operator_v03 to 2024-01-24T16:00:00+00:00, run_after=2024-01-25T16:00:00+00:00
[2024-01-26T13:12:54.797+0000] {processor.py:179} INFO - Processing /opt/airflow/dags/dag_with_postgres_operator.py took 2.308 seconds
[2024-01-26T13:13:25.173+0000] {processor.py:157} INFO - Started process (PID=75) to work on /opt/airflow/dags/dag_with_postgres_operator.py
[2024-01-26T13:13:25.181+0000] {processor.py:826} INFO - Processing file /opt/airflow/dags/dag_with_postgres_operator.py for tasks to queue
[2024-01-26T13:13:25.189+0000] {logging_mixin.py:149} INFO - [2024-01-26T13:13:25.188+0000] {dagbag.py:541} INFO - Filling up the DagBag from /opt/airflow/dags/dag_with_postgres_operator.py
[2024-01-26T13:13:25.253+0000] {processor.py:836} INFO - DAG(s) dict_keys(['dag_with_postgres_operator_v03']) retrieved from /opt/airflow/dags/dag_with_postgres_operator.py
[2024-01-26T13:13:25.382+0000] {logging_mixin.py:149} INFO - [2024-01-26T13:13:25.382+0000] {dag.py:2726} INFO - Sync 1 DAGs
[2024-01-26T13:13:25.515+0000] {logging_mixin.py:149} INFO - [2024-01-26T13:13:25.514+0000] {dag.py:3486} INFO - Setting next_dagrun for dag_with_postgres_operator_v03 to 2024-01-24T16:00:00+00:00, run_after=2024-01-25T16:00:00+00:00
[2024-01-26T13:13:25.955+0000] {processor.py:179} INFO - Processing /opt/airflow/dags/dag_with_postgres_operator.py took 0.796 seconds
[2024-01-26T13:13:56.661+0000] {processor.py:157} INFO - Started process (PID=90) to work on /opt/airflow/dags/dag_with_postgres_operator.py
[2024-01-26T13:13:56.666+0000] {processor.py:826} INFO - Processing file /opt/airflow/dags/dag_with_postgres_operator.py for tasks to queue
[2024-01-26T13:13:56.671+0000] {logging_mixin.py:149} INFO - [2024-01-26T13:13:56.671+0000] {dagbag.py:541} INFO - Filling up the DagBag from /opt/airflow/dags/dag_with_postgres_operator.py
[2024-01-26T13:13:56.717+0000] {processor.py:836} INFO - DAG(s) dict_keys(['dag_with_postgres_operator_v03']) retrieved from /opt/airflow/dags/dag_with_postgres_operator.py
[2024-01-26T13:13:56.807+0000] {logging_mixin.py:149} INFO - [2024-01-26T13:13:56.806+0000] {dag.py:2726} INFO - Sync 1 DAGs
[2024-01-26T13:13:57.113+0000] {logging_mixin.py:149} INFO - [2024-01-26T13:13:57.112+0000] {dag.py:3486} INFO - Setting next_dagrun for dag_with_postgres_operator_v03 to 2024-01-24T16:00:00+00:00, run_after=2024-01-25T16:00:00+00:00
[2024-01-26T13:13:57.180+0000] {processor.py:179} INFO - Processing /opt/airflow/dags/dag_with_postgres_operator.py took 0.529 seconds
[2024-01-26T13:14:27.626+0000] {processor.py:157} INFO - Started process (PID=105) to work on /opt/airflow/dags/dag_with_postgres_operator.py
[2024-01-26T13:14:27.631+0000] {processor.py:826} INFO - Processing file /opt/airflow/dags/dag_with_postgres_operator.py for tasks to queue
[2024-01-26T13:14:27.634+0000] {logging_mixin.py:149} INFO - [2024-01-26T13:14:27.634+0000] {dagbag.py:541} INFO - Filling up the DagBag from /opt/airflow/dags/dag_with_postgres_operator.py
[2024-01-26T13:14:27.672+0000] {processor.py:836} INFO - DAG(s) dict_keys(['dag_with_postgres_operator_v03']) retrieved from /opt/airflow/dags/dag_with_postgres_operator.py
[2024-01-26T13:14:27.744+0000] {logging_mixin.py:149} INFO - [2024-01-26T13:14:27.744+0000] {dag.py:2726} INFO - Sync 1 DAGs
[2024-01-26T13:14:27.978+0000] {logging_mixin.py:149} INFO - [2024-01-26T13:14:27.978+0000] {dag.py:3486} INFO - Setting next_dagrun for dag_with_postgres_operator_v03 to 2024-01-24T16:00:00+00:00, run_after=2024-01-25T16:00:00+00:00
[2024-01-26T13:14:28.043+0000] {processor.py:179} INFO - Processing /opt/airflow/dags/dag_with_postgres_operator.py took 0.426 seconds
[2024-01-26T13:14:58.462+0000] {processor.py:157} INFO - Started process (PID=120) to work on /opt/airflow/dags/dag_with_postgres_operator.py
[2024-01-26T13:14:58.466+0000] {processor.py:826} INFO - Processing file /opt/airflow/dags/dag_with_postgres_operator.py for tasks to queue
[2024-01-26T13:14:58.469+0000] {logging_mixin.py:149} INFO - [2024-01-26T13:14:58.468+0000] {dagbag.py:541} INFO - Filling up the DagBag from /opt/airflow/dags/dag_with_postgres_operator.py
[2024-01-26T13:14:58.497+0000] {processor.py:836} INFO - DAG(s) dict_keys(['dag_with_postgres_operator_v03']) retrieved from /opt/airflow/dags/dag_with_postgres_operator.py
[2024-01-26T13:14:58.692+0000] {logging_mixin.py:149} INFO - [2024-01-26T13:14:58.692+0000] {dag.py:2726} INFO - Sync 1 DAGs
[2024-01-26T13:14:58.726+0000] {logging_mixin.py:149} INFO - [2024-01-26T13:14:58.726+0000] {dag.py:3486} INFO - Setting next_dagrun for dag_with_postgres_operator_v03 to 2024-01-24T16:00:00+00:00, run_after=2024-01-25T16:00:00+00:00
[2024-01-26T13:14:58.753+0000] {processor.py:179} INFO - Processing /opt/airflow/dags/dag_with_postgres_operator.py took 0.296 seconds
[2024-01-26T13:15:29.069+0000] {processor.py:157} INFO - Started process (PID=135) to work on /opt/airflow/dags/dag_with_postgres_operator.py
[2024-01-26T13:15:29.072+0000] {processor.py:826} INFO - Processing file /opt/airflow/dags/dag_with_postgres_operator.py for tasks to queue
[2024-01-26T13:15:29.075+0000] {logging_mixin.py:149} INFO - [2024-01-26T13:15:29.075+0000] {dagbag.py:541} INFO - Filling up the DagBag from /opt/airflow/dags/dag_with_postgres_operator.py
[2024-01-26T13:15:29.102+0000] {processor.py:836} INFO - DAG(s) dict_keys(['dag_with_postgres_operator_v03']) retrieved from /opt/airflow/dags/dag_with_postgres_operator.py
[2024-01-26T13:15:29.298+0000] {logging_mixin.py:149} INFO - [2024-01-26T13:15:29.298+0000] {dag.py:2726} INFO - Sync 1 DAGs
[2024-01-26T13:15:29.333+0000] {logging_mixin.py:149} INFO - [2024-01-26T13:15:29.333+0000] {dag.py:3486} INFO - Setting next_dagrun for dag_with_postgres_operator_v03 to 2024-01-24T16:00:00+00:00, run_after=2024-01-25T16:00:00+00:00
[2024-01-26T13:15:29.359+0000] {processor.py:179} INFO - Processing /opt/airflow/dags/dag_with_postgres_operator.py took 0.297 seconds
[2024-01-26T13:15:59.657+0000] {processor.py:157} INFO - Started process (PID=150) to work on /opt/airflow/dags/dag_with_postgres_operator.py
[2024-01-26T13:15:59.660+0000] {processor.py:826} INFO - Processing file /opt/airflow/dags/dag_with_postgres_operator.py for tasks to queue
[2024-01-26T13:15:59.663+0000] {logging_mixin.py:149} INFO - [2024-01-26T13:15:59.663+0000] {dagbag.py:541} INFO - Filling up the DagBag from /opt/airflow/dags/dag_with_postgres_operator.py
[2024-01-26T13:15:59.690+0000] {processor.py:836} INFO - DAG(s) dict_keys(['dag_with_postgres_operator_v03']) retrieved from /opt/airflow/dags/dag_with_postgres_operator.py
[2024-01-26T13:15:59.743+0000] {logging_mixin.py:149} INFO - [2024-01-26T13:15:59.743+0000] {dag.py:2726} INFO - Sync 1 DAGs
[2024-01-26T13:15:59.784+0000] {logging_mixin.py:149} INFO - [2024-01-26T13:15:59.784+0000] {dag.py:3486} INFO - Setting next_dagrun for dag_with_postgres_operator_v03 to 2024-01-24T16:00:00+00:00, run_after=2024-01-25T16:00:00+00:00
[2024-01-26T13:15:59.814+0000] {processor.py:179} INFO - Processing /opt/airflow/dags/dag_with_postgres_operator.py took 0.163 seconds
[2024-01-26T13:16:30.677+0000] {processor.py:157} INFO - Started process (PID=165) to work on /opt/airflow/dags/dag_with_postgres_operator.py
[2024-01-26T13:16:30.680+0000] {processor.py:826} INFO - Processing file /opt/airflow/dags/dag_with_postgres_operator.py for tasks to queue
[2024-01-26T13:16:30.683+0000] {logging_mixin.py:149} INFO - [2024-01-26T13:16:30.683+0000] {dagbag.py:541} INFO - Filling up the DagBag from /opt/airflow/dags/dag_with_postgres_operator.py
[2024-01-26T13:16:30.709+0000] {processor.py:836} INFO - DAG(s) dict_keys(['dag_with_postgres_operator_v03']) retrieved from /opt/airflow/dags/dag_with_postgres_operator.py
[2024-01-26T13:16:30.757+0000] {logging_mixin.py:149} INFO - [2024-01-26T13:16:30.756+0000] {dag.py:2726} INFO - Sync 1 DAGs
[2024-01-26T13:16:30.797+0000] {logging_mixin.py:149} INFO - [2024-01-26T13:16:30.796+0000] {dag.py:3486} INFO - Setting next_dagrun for dag_with_postgres_operator_v03 to 2024-01-24T16:00:00+00:00, run_after=2024-01-25T16:00:00+00:00
[2024-01-26T13:16:30.824+0000] {processor.py:179} INFO - Processing /opt/airflow/dags/dag_with_postgres_operator.py took 0.153 seconds
[2024-01-26T13:17:01.576+0000] {processor.py:157} INFO - Started process (PID=180) to work on /opt/airflow/dags/dag_with_postgres_operator.py
[2024-01-26T13:17:01.580+0000] {processor.py:826} INFO - Processing file /opt/airflow/dags/dag_with_postgres_operator.py for tasks to queue
[2024-01-26T13:17:01.583+0000] {logging_mixin.py:149} INFO - [2024-01-26T13:17:01.583+0000] {dagbag.py:541} INFO - Filling up the DagBag from /opt/airflow/dags/dag_with_postgres_operator.py
[2024-01-26T13:17:01.616+0000] {processor.py:836} INFO - DAG(s) dict_keys(['dag_with_postgres_operator_v03']) retrieved from /opt/airflow/dags/dag_with_postgres_operator.py
[2024-01-26T13:17:01.672+0000] {logging_mixin.py:149} INFO - [2024-01-26T13:17:01.672+0000] {dag.py:2726} INFO - Sync 1 DAGs
[2024-01-26T13:17:01.730+0000] {logging_mixin.py:149} INFO - [2024-01-26T13:17:01.729+0000] {dag.py:3486} INFO - Setting next_dagrun for dag_with_postgres_operator_v03 to 2024-01-24T16:00:00+00:00, run_after=2024-01-25T16:00:00+00:00
[2024-01-26T13:17:01.774+0000] {processor.py:179} INFO - Processing /opt/airflow/dags/dag_with_postgres_operator.py took 0.205 seconds
[2024-01-26T13:17:31.976+0000] {processor.py:157} INFO - Started process (PID=199) to work on /opt/airflow/dags/dag_with_postgres_operator.py
[2024-01-26T13:17:31.978+0000] {processor.py:826} INFO - Processing file /opt/airflow/dags/dag_with_postgres_operator.py for tasks to queue
[2024-01-26T13:17:31.981+0000] {logging_mixin.py:149} INFO - [2024-01-26T13:17:31.981+0000] {dagbag.py:541} INFO - Filling up the DagBag from /opt/airflow/dags/dag_with_postgres_operator.py
[2024-01-26T13:17:32.010+0000] {processor.py:836} INFO - DAG(s) dict_keys(['dag_with_postgres_operator_v03']) retrieved from /opt/airflow/dags/dag_with_postgres_operator.py
[2024-01-26T13:17:32.061+0000] {logging_mixin.py:149} INFO - [2024-01-26T13:17:32.061+0000] {dag.py:2726} INFO - Sync 1 DAGs
[2024-01-26T13:17:32.100+0000] {logging_mixin.py:149} INFO - [2024-01-26T13:17:32.100+0000] {dag.py:3486} INFO - Setting next_dagrun for dag_with_postgres_operator_v03 to 2024-01-24T16:00:00+00:00, run_after=2024-01-25T16:00:00+00:00
[2024-01-26T13:17:32.129+0000] {processor.py:179} INFO - Processing /opt/airflow/dags/dag_with_postgres_operator.py took 0.159 seconds
[2024-01-26T13:18:02.334+0000] {processor.py:157} INFO - Started process (PID=214) to work on /opt/airflow/dags/dag_with_postgres_operator.py
[2024-01-26T13:18:02.338+0000] {processor.py:826} INFO - Processing file /opt/airflow/dags/dag_with_postgres_operator.py for tasks to queue
[2024-01-26T13:18:02.342+0000] {logging_mixin.py:149} INFO - [2024-01-26T13:18:02.342+0000] {dagbag.py:541} INFO - Filling up the DagBag from /opt/airflow/dags/dag_with_postgres_operator.py
[2024-01-26T13:18:02.370+0000] {processor.py:836} INFO - DAG(s) dict_keys(['dag_with_postgres_operator_v03']) retrieved from /opt/airflow/dags/dag_with_postgres_operator.py
[2024-01-26T13:18:02.420+0000] {logging_mixin.py:149} INFO - [2024-01-26T13:18:02.419+0000] {dag.py:2726} INFO - Sync 1 DAGs
[2024-01-26T13:18:02.459+0000] {logging_mixin.py:149} INFO - [2024-01-26T13:18:02.459+0000] {dag.py:3486} INFO - Setting next_dagrun for dag_with_postgres_operator_v03 to 2024-01-24T16:00:00+00:00, run_after=2024-01-25T16:00:00+00:00
[2024-01-26T13:18:02.492+0000] {processor.py:179} INFO - Processing /opt/airflow/dags/dag_with_postgres_operator.py took 0.163 seconds
[2024-01-26T13:18:32.806+0000] {processor.py:157} INFO - Started process (PID=229) to work on /opt/airflow/dags/dag_with_postgres_operator.py
[2024-01-26T13:18:32.810+0000] {processor.py:826} INFO - Processing file /opt/airflow/dags/dag_with_postgres_operator.py for tasks to queue
[2024-01-26T13:18:32.815+0000] {logging_mixin.py:149} INFO - [2024-01-26T13:18:32.814+0000] {dagbag.py:541} INFO - Filling up the DagBag from /opt/airflow/dags/dag_with_postgres_operator.py
[2024-01-26T13:18:32.846+0000] {processor.py:836} INFO - DAG(s) dict_keys(['dag_with_postgres_operator_v03']) retrieved from /opt/airflow/dags/dag_with_postgres_operator.py
[2024-01-26T13:18:32.900+0000] {logging_mixin.py:149} INFO - [2024-01-26T13:18:32.900+0000] {dag.py:2726} INFO - Sync 1 DAGs
[2024-01-26T13:18:32.945+0000] {logging_mixin.py:149} INFO - [2024-01-26T13:18:32.945+0000] {dag.py:3486} INFO - Setting next_dagrun for dag_with_postgres_operator_v03 to 2024-01-24T16:00:00+00:00, run_after=2024-01-25T16:00:00+00:00
[2024-01-26T13:18:32.983+0000] {processor.py:179} INFO - Processing /opt/airflow/dags/dag_with_postgres_operator.py took 0.185 seconds
[2024-01-26T13:19:03.076+0000] {processor.py:157} INFO - Started process (PID=244) to work on /opt/airflow/dags/dag_with_postgres_operator.py
[2024-01-26T13:19:03.079+0000] {processor.py:826} INFO - Processing file /opt/airflow/dags/dag_with_postgres_operator.py for tasks to queue
[2024-01-26T13:19:03.082+0000] {logging_mixin.py:149} INFO - [2024-01-26T13:19:03.081+0000] {dagbag.py:541} INFO - Filling up the DagBag from /opt/airflow/dags/dag_with_postgres_operator.py
[2024-01-26T13:19:03.109+0000] {processor.py:836} INFO - DAG(s) dict_keys(['dag_with_postgres_operator_v03']) retrieved from /opt/airflow/dags/dag_with_postgres_operator.py
[2024-01-26T13:19:03.159+0000] {logging_mixin.py:149} INFO - [2024-01-26T13:19:03.159+0000] {dag.py:2726} INFO - Sync 1 DAGs
[2024-01-26T13:19:03.199+0000] {logging_mixin.py:149} INFO - [2024-01-26T13:19:03.199+0000] {dag.py:3486} INFO - Setting next_dagrun for dag_with_postgres_operator_v03 to 2024-01-24T16:00:00+00:00, run_after=2024-01-25T16:00:00+00:00
[2024-01-26T13:19:03.227+0000] {processor.py:179} INFO - Processing /opt/airflow/dags/dag_with_postgres_operator.py took 0.157 seconds
[2024-01-26T13:19:33.412+0000] {processor.py:157} INFO - Started process (PID=259) to work on /opt/airflow/dags/dag_with_postgres_operator.py
[2024-01-26T13:19:33.415+0000] {processor.py:826} INFO - Processing file /opt/airflow/dags/dag_with_postgres_operator.py for tasks to queue
[2024-01-26T13:19:33.418+0000] {logging_mixin.py:149} INFO - [2024-01-26T13:19:33.418+0000] {dagbag.py:541} INFO - Filling up the DagBag from /opt/airflow/dags/dag_with_postgres_operator.py
[2024-01-26T13:19:33.445+0000] {processor.py:836} INFO - DAG(s) dict_keys(['dag_with_postgres_operator_v03']) retrieved from /opt/airflow/dags/dag_with_postgres_operator.py
[2024-01-26T13:19:33.495+0000] {logging_mixin.py:149} INFO - [2024-01-26T13:19:33.495+0000] {dag.py:2726} INFO - Sync 1 DAGs
[2024-01-26T13:19:33.535+0000] {logging_mixin.py:149} INFO - [2024-01-26T13:19:33.535+0000] {dag.py:3486} INFO - Setting next_dagrun for dag_with_postgres_operator_v03 to 2024-01-24T16:00:00+00:00, run_after=2024-01-25T16:00:00+00:00
[2024-01-26T13:19:33.565+0000] {processor.py:179} INFO - Processing /opt/airflow/dags/dag_with_postgres_operator.py took 0.159 seconds
[2024-01-26T13:20:03.673+0000] {processor.py:157} INFO - Started process (PID=274) to work on /opt/airflow/dags/dag_with_postgres_operator.py
[2024-01-26T13:20:03.675+0000] {processor.py:826} INFO - Processing file /opt/airflow/dags/dag_with_postgres_operator.py for tasks to queue
[2024-01-26T13:20:03.678+0000] {logging_mixin.py:149} INFO - [2024-01-26T13:20:03.678+0000] {dagbag.py:541} INFO - Filling up the DagBag from /opt/airflow/dags/dag_with_postgres_operator.py
[2024-01-26T13:20:03.705+0000] {processor.py:836} INFO - DAG(s) dict_keys(['dag_with_postgres_operator_v03']) retrieved from /opt/airflow/dags/dag_with_postgres_operator.py
[2024-01-26T13:20:03.755+0000] {logging_mixin.py:149} INFO - [2024-01-26T13:20:03.755+0000] {dag.py:2726} INFO - Sync 1 DAGs
[2024-01-26T13:20:03.794+0000] {logging_mixin.py:149} INFO - [2024-01-26T13:20:03.794+0000] {dag.py:3486} INFO - Setting next_dagrun for dag_with_postgres_operator_v03 to 2024-01-24T16:00:00+00:00, run_after=2024-01-25T16:00:00+00:00
[2024-01-26T13:20:03.824+0000] {processor.py:179} INFO - Processing /opt/airflow/dags/dag_with_postgres_operator.py took 0.157 seconds
[2024-01-26T13:20:34.527+0000] {processor.py:157} INFO - Started process (PID=289) to work on /opt/airflow/dags/dag_with_postgres_operator.py
[2024-01-26T13:20:34.530+0000] {processor.py:826} INFO - Processing file /opt/airflow/dags/dag_with_postgres_operator.py for tasks to queue
[2024-01-26T13:20:34.533+0000] {logging_mixin.py:149} INFO - [2024-01-26T13:20:34.533+0000] {dagbag.py:541} INFO - Filling up the DagBag from /opt/airflow/dags/dag_with_postgres_operator.py
[2024-01-26T13:20:34.564+0000] {processor.py:836} INFO - DAG(s) dict_keys(['dag_with_postgres_operator_v03']) retrieved from /opt/airflow/dags/dag_with_postgres_operator.py
[2024-01-26T13:20:34.624+0000] {logging_mixin.py:149} INFO - [2024-01-26T13:20:34.624+0000] {dag.py:2726} INFO - Sync 1 DAGs
[2024-01-26T13:20:34.667+0000] {logging_mixin.py:149} INFO - [2024-01-26T13:20:34.667+0000] {dag.py:3486} INFO - Setting next_dagrun for dag_with_postgres_operator_v03 to 2024-01-24T16:00:00+00:00, run_after=2024-01-25T16:00:00+00:00
[2024-01-26T13:20:34.699+0000] {processor.py:179} INFO - Processing /opt/airflow/dags/dag_with_postgres_operator.py took 0.177 seconds
[2024-01-26T13:21:05.245+0000] {processor.py:157} INFO - Started process (PID=304) to work on /opt/airflow/dags/dag_with_postgres_operator.py
[2024-01-26T13:21:05.248+0000] {processor.py:826} INFO - Processing file /opt/airflow/dags/dag_with_postgres_operator.py for tasks to queue
[2024-01-26T13:21:05.251+0000] {logging_mixin.py:149} INFO - [2024-01-26T13:21:05.251+0000] {dagbag.py:541} INFO - Filling up the DagBag from /opt/airflow/dags/dag_with_postgres_operator.py
[2024-01-26T13:21:05.282+0000] {processor.py:836} INFO - DAG(s) dict_keys(['dag_with_postgres_operator_v03']) retrieved from /opt/airflow/dags/dag_with_postgres_operator.py
[2024-01-26T13:21:05.335+0000] {logging_mixin.py:149} INFO - [2024-01-26T13:21:05.334+0000] {dag.py:2726} INFO - Sync 1 DAGs
[2024-01-26T13:21:05.377+0000] {logging_mixin.py:149} INFO - [2024-01-26T13:21:05.377+0000] {dag.py:3486} INFO - Setting next_dagrun for dag_with_postgres_operator_v03 to 2024-01-24T16:00:00+00:00, run_after=2024-01-25T16:00:00+00:00
[2024-01-26T13:21:05.410+0000] {processor.py:179} INFO - Processing /opt/airflow/dags/dag_with_postgres_operator.py took 0.171 seconds
[2024-01-26T13:21:36.179+0000] {processor.py:157} INFO - Started process (PID=329) to work on /opt/airflow/dags/dag_with_postgres_operator.py
[2024-01-26T13:21:36.182+0000] {processor.py:826} INFO - Processing file /opt/airflow/dags/dag_with_postgres_operator.py for tasks to queue
[2024-01-26T13:21:36.185+0000] {logging_mixin.py:149} INFO - [2024-01-26T13:21:36.185+0000] {dagbag.py:541} INFO - Filling up the DagBag from /opt/airflow/dags/dag_with_postgres_operator.py
[2024-01-26T13:21:36.215+0000] {processor.py:836} INFO - DAG(s) dict_keys(['dag_with_postgres_operator_v03']) retrieved from /opt/airflow/dags/dag_with_postgres_operator.py
[2024-01-26T13:21:36.268+0000] {logging_mixin.py:149} INFO - [2024-01-26T13:21:36.267+0000] {dag.py:2726} INFO - Sync 1 DAGs
[2024-01-26T13:21:36.312+0000] {logging_mixin.py:149} INFO - [2024-01-26T13:21:36.312+0000] {dag.py:3486} INFO - Setting next_dagrun for dag_with_postgres_operator_v03 to 2024-01-24T16:00:00+00:00, run_after=2024-01-25T16:00:00+00:00
[2024-01-26T13:21:36.341+0000] {processor.py:179} INFO - Processing /opt/airflow/dags/dag_with_postgres_operator.py took 0.168 seconds
[2024-01-26T13:22:07.293+0000] {processor.py:157} INFO - Started process (PID=344) to work on /opt/airflow/dags/dag_with_postgres_operator.py
[2024-01-26T13:22:07.296+0000] {processor.py:826} INFO - Processing file /opt/airflow/dags/dag_with_postgres_operator.py for tasks to queue
[2024-01-26T13:22:07.299+0000] {logging_mixin.py:149} INFO - [2024-01-26T13:22:07.299+0000] {dagbag.py:541} INFO - Filling up the DagBag from /opt/airflow/dags/dag_with_postgres_operator.py
[2024-01-26T13:22:07.327+0000] {processor.py:836} INFO - DAG(s) dict_keys(['dag_with_postgres_operator_v03']) retrieved from /opt/airflow/dags/dag_with_postgres_operator.py
[2024-01-26T13:22:07.376+0000] {logging_mixin.py:149} INFO - [2024-01-26T13:22:07.376+0000] {dag.py:2726} INFO - Sync 1 DAGs
[2024-01-26T13:22:07.418+0000] {logging_mixin.py:149} INFO - [2024-01-26T13:22:07.417+0000] {dag.py:3486} INFO - Setting next_dagrun for dag_with_postgres_operator_v03 to 2024-01-24T16:00:00+00:00, run_after=2024-01-25T16:00:00+00:00
[2024-01-26T13:22:07.446+0000] {processor.py:179} INFO - Processing /opt/airflow/dags/dag_with_postgres_operator.py took 0.159 seconds
[2024-01-26T13:22:37.497+0000] {processor.py:157} INFO - Started process (PID=359) to work on /opt/airflow/dags/dag_with_postgres_operator.py
[2024-01-26T13:22:37.501+0000] {processor.py:826} INFO - Processing file /opt/airflow/dags/dag_with_postgres_operator.py for tasks to queue
[2024-01-26T13:22:37.504+0000] {logging_mixin.py:149} INFO - [2024-01-26T13:22:37.504+0000] {dagbag.py:541} INFO - Filling up the DagBag from /opt/airflow/dags/dag_with_postgres_operator.py
[2024-01-26T13:22:37.550+0000] {processor.py:836} INFO - DAG(s) dict_keys(['dag_with_postgres_operator_v03']) retrieved from /opt/airflow/dags/dag_with_postgres_operator.py
[2024-01-26T13:22:37.642+0000] {logging_mixin.py:149} INFO - [2024-01-26T13:22:37.642+0000] {dag.py:2726} INFO - Sync 1 DAGs
[2024-01-26T13:22:37.685+0000] {logging_mixin.py:149} INFO - [2024-01-26T13:22:37.685+0000] {dag.py:3486} INFO - Setting next_dagrun for dag_with_postgres_operator_v03 to 2024-01-24T16:00:00+00:00, run_after=2024-01-25T16:00:00+00:00
[2024-01-26T13:22:37.715+0000] {processor.py:179} INFO - Processing /opt/airflow/dags/dag_with_postgres_operator.py took 0.225 seconds
[2024-01-26T13:23:07.885+0000] {processor.py:157} INFO - Started process (PID=374) to work on /opt/airflow/dags/dag_with_postgres_operator.py
[2024-01-26T13:23:07.889+0000] {processor.py:826} INFO - Processing file /opt/airflow/dags/dag_with_postgres_operator.py for tasks to queue
[2024-01-26T13:23:07.891+0000] {logging_mixin.py:149} INFO - [2024-01-26T13:23:07.891+0000] {dagbag.py:541} INFO - Filling up the DagBag from /opt/airflow/dags/dag_with_postgres_operator.py
[2024-01-26T13:23:07.919+0000] {processor.py:836} INFO - DAG(s) dict_keys(['dag_with_postgres_operator_v03']) retrieved from /opt/airflow/dags/dag_with_postgres_operator.py
[2024-01-26T13:23:07.971+0000] {logging_mixin.py:149} INFO - [2024-01-26T13:23:07.971+0000] {dag.py:2726} INFO - Sync 1 DAGs
[2024-01-26T13:23:08.012+0000] {logging_mixin.py:149} INFO - [2024-01-26T13:23:08.011+0000] {dag.py:3486} INFO - Setting next_dagrun for dag_with_postgres_operator_v03 to 2024-01-24T16:00:00+00:00, run_after=2024-01-25T16:00:00+00:00
[2024-01-26T13:23:08.039+0000] {processor.py:179} INFO - Processing /opt/airflow/dags/dag_with_postgres_operator.py took 0.159 seconds
