[2024-01-26T12:56:06.889+0000] {processor.py:157} INFO - Started process (PID=36) to work on /opt/airflow/dags/dag_with_cron_expression.py
[2024-01-26T12:56:06.898+0000] {processor.py:826} INFO - Processing file /opt/airflow/dags/dag_with_cron_expression.py for tasks to queue
[2024-01-26T12:56:06.907+0000] {logging_mixin.py:149} INFO - [2024-01-26T12:56:06.906+0000] {dagbag.py:541} INFO - Filling up the DagBag from /opt/airflow/dags/dag_with_cron_expression.py
[2024-01-26T12:56:07.096+0000] {processor.py:836} INFO - DAG(s) dict_keys(['dag_with_cron_expression_v04']) retrieved from /opt/airflow/dags/dag_with_cron_expression.py
[2024-01-26T12:56:07.680+0000] {logging_mixin.py:149} INFO - [2024-01-26T12:56:07.679+0000] {manager.py:504} INFO - Created Permission View: can delete on DAG:dag_with_cron_expression_v04
[2024-01-26T12:56:07.714+0000] {logging_mixin.py:149} INFO - [2024-01-26T12:56:07.713+0000] {manager.py:504} INFO - Created Permission View: can edit on DAG:dag_with_cron_expression_v04
[2024-01-26T12:56:07.740+0000] {logging_mixin.py:149} INFO - [2024-01-26T12:56:07.739+0000] {manager.py:504} INFO - Created Permission View: can read on DAG:dag_with_cron_expression_v04
[2024-01-26T12:56:07.787+0000] {logging_mixin.py:149} INFO - [2024-01-26T12:56:07.787+0000] {dag.py:2726} INFO - Sync 1 DAGs
[2024-01-26T12:56:07.838+0000] {logging_mixin.py:149} INFO - [2024-01-26T12:56:07.838+0000] {dag.py:2747} INFO - Creating ORM DAG for dag_with_cron_expression_v04
[2024-01-26T12:56:07.907+0000] {logging_mixin.py:149} INFO - [2024-01-26T12:56:07.907+0000] {dag.py:3486} INFO - Setting next_dagrun for dag_with_cron_expression_v04 to 2024-01-24T19:00:00+00:00, run_after=2024-01-25T19:00:00+00:00
[2024-01-26T12:56:07.980+0000] {processor.py:179} INFO - Processing /opt/airflow/dags/dag_with_cron_expression.py took 1.116 seconds
[2024-01-26T12:56:39.123+0000] {processor.py:157} INFO - Started process (PID=54) to work on /opt/airflow/dags/dag_with_cron_expression.py
[2024-01-26T12:56:39.136+0000] {processor.py:826} INFO - Processing file /opt/airflow/dags/dag_with_cron_expression.py for tasks to queue
[2024-01-26T12:56:39.141+0000] {logging_mixin.py:149} INFO - [2024-01-26T12:56:39.140+0000] {dagbag.py:541} INFO - Filling up the DagBag from /opt/airflow/dags/dag_with_cron_expression.py
[2024-01-26T12:56:39.202+0000] {processor.py:836} INFO - DAG(s) dict_keys(['dag_with_cron_expression_v04']) retrieved from /opt/airflow/dags/dag_with_cron_expression.py
[2024-01-26T12:56:39.327+0000] {logging_mixin.py:149} INFO - [2024-01-26T12:56:39.327+0000] {dag.py:2726} INFO - Sync 1 DAGs
[2024-01-26T12:56:39.399+0000] {logging_mixin.py:149} INFO - [2024-01-26T12:56:39.398+0000] {dag.py:3486} INFO - Setting next_dagrun for dag_with_cron_expression_v04 to 2024-01-24T19:00:00+00:00, run_after=2024-01-25T19:00:00+00:00
[2024-01-26T12:56:39.452+0000] {processor.py:179} INFO - Processing /opt/airflow/dags/dag_with_cron_expression.py took 0.357 seconds
[2024-01-26T12:57:16.554+0000] {processor.py:157} INFO - Started process (PID=71) to work on /opt/airflow/dags/dag_with_cron_expression.py
[2024-01-26T12:57:16.581+0000] {processor.py:826} INFO - Processing file /opt/airflow/dags/dag_with_cron_expression.py for tasks to queue
[2024-01-26T12:57:16.597+0000] {logging_mixin.py:149} INFO - [2024-01-26T12:57:16.596+0000] {dagbag.py:541} INFO - Filling up the DagBag from /opt/airflow/dags/dag_with_cron_expression.py
[2024-01-26T12:57:16.814+0000] {processor.py:836} INFO - DAG(s) dict_keys(['dag_with_cron_expression_v04']) retrieved from /opt/airflow/dags/dag_with_cron_expression.py
[2024-01-26T12:57:17.162+0000] {logging_mixin.py:149} INFO - [2024-01-26T12:57:17.161+0000] {dag.py:2726} INFO - Sync 1 DAGs
[2024-01-26T12:57:17.550+0000] {logging_mixin.py:149} INFO - [2024-01-26T12:57:17.548+0000] {dag.py:3486} INFO - Setting next_dagrun for dag_with_cron_expression_v04 to 2024-01-24T19:00:00+00:00, run_after=2024-01-25T19:00:00+00:00
[2024-01-26T12:57:18.877+0000] {processor.py:179} INFO - Processing /opt/airflow/dags/dag_with_cron_expression.py took 2.377 seconds
[2024-01-26T12:57:51.967+0000] {processor.py:157} INFO - Started process (PID=87) to work on /opt/airflow/dags/dag_with_cron_expression.py
[2024-01-26T12:57:52.006+0000] {processor.py:826} INFO - Processing file /opt/airflow/dags/dag_with_cron_expression.py for tasks to queue
[2024-01-26T12:57:52.031+0000] {logging_mixin.py:149} INFO - [2024-01-26T12:57:52.029+0000] {dagbag.py:541} INFO - Filling up the DagBag from /opt/airflow/dags/dag_with_cron_expression.py
[2024-01-26T12:57:52.255+0000] {processor.py:836} INFO - DAG(s) dict_keys(['dag_with_cron_expression_v04']) retrieved from /opt/airflow/dags/dag_with_cron_expression.py
[2024-01-26T12:57:52.882+0000] {logging_mixin.py:149} INFO - [2024-01-26T12:57:52.881+0000] {dag.py:2726} INFO - Sync 1 DAGs
[2024-01-26T12:57:54.121+0000] {logging_mixin.py:149} INFO - [2024-01-26T12:57:54.120+0000] {dag.py:3486} INFO - Setting next_dagrun for dag_with_cron_expression_v04 to 2024-01-24T19:00:00+00:00, run_after=2024-01-25T19:00:00+00:00
[2024-01-26T12:57:54.292+0000] {processor.py:179} INFO - Processing /opt/airflow/dags/dag_with_cron_expression.py took 2.368 seconds
[2024-01-26T12:58:24.753+0000] {processor.py:157} INFO - Started process (PID=103) to work on /opt/airflow/dags/dag_with_cron_expression.py
[2024-01-26T12:58:24.759+0000] {processor.py:826} INFO - Processing file /opt/airflow/dags/dag_with_cron_expression.py for tasks to queue
[2024-01-26T12:58:24.765+0000] {logging_mixin.py:149} INFO - [2024-01-26T12:58:24.764+0000] {dagbag.py:541} INFO - Filling up the DagBag from /opt/airflow/dags/dag_with_cron_expression.py
[2024-01-26T12:58:24.814+0000] {processor.py:836} INFO - DAG(s) dict_keys(['dag_with_cron_expression_v04']) retrieved from /opt/airflow/dags/dag_with_cron_expression.py
[2024-01-26T12:58:24.934+0000] {logging_mixin.py:149} INFO - [2024-01-26T12:58:24.934+0000] {dag.py:2726} INFO - Sync 1 DAGs
[2024-01-26T12:58:25.510+0000] {logging_mixin.py:149} INFO - [2024-01-26T12:58:25.509+0000] {dag.py:3486} INFO - Setting next_dagrun for dag_with_cron_expression_v04 to 2024-01-24T19:00:00+00:00, run_after=2024-01-25T19:00:00+00:00
[2024-01-26T12:58:25.582+0000] {processor.py:179} INFO - Processing /opt/airflow/dags/dag_with_cron_expression.py took 0.839 seconds
[2024-01-26T12:58:56.521+0000] {processor.py:157} INFO - Started process (PID=119) to work on /opt/airflow/dags/dag_with_cron_expression.py
[2024-01-26T12:58:56.525+0000] {processor.py:826} INFO - Processing file /opt/airflow/dags/dag_with_cron_expression.py for tasks to queue
[2024-01-26T12:58:56.528+0000] {logging_mixin.py:149} INFO - [2024-01-26T12:58:56.528+0000] {dagbag.py:541} INFO - Filling up the DagBag from /opt/airflow/dags/dag_with_cron_expression.py
[2024-01-26T12:58:56.559+0000] {processor.py:836} INFO - DAG(s) dict_keys(['dag_with_cron_expression_v04']) retrieved from /opt/airflow/dags/dag_with_cron_expression.py
[2024-01-26T12:58:56.784+0000] {logging_mixin.py:149} INFO - [2024-01-26T12:58:56.784+0000] {dag.py:2726} INFO - Sync 1 DAGs
[2024-01-26T12:58:56.827+0000] {logging_mixin.py:149} INFO - [2024-01-26T12:58:56.827+0000] {dag.py:3486} INFO - Setting next_dagrun for dag_with_cron_expression_v04 to 2024-01-24T19:00:00+00:00, run_after=2024-01-25T19:00:00+00:00
[2024-01-26T12:58:56.859+0000] {processor.py:179} INFO - Processing /opt/airflow/dags/dag_with_cron_expression.py took 0.345 seconds
[2024-01-26T12:59:27.264+0000] {processor.py:157} INFO - Started process (PID=135) to work on /opt/airflow/dags/dag_with_cron_expression.py
[2024-01-26T12:59:27.275+0000] {processor.py:826} INFO - Processing file /opt/airflow/dags/dag_with_cron_expression.py for tasks to queue
[2024-01-26T12:59:27.284+0000] {logging_mixin.py:149} INFO - [2024-01-26T12:59:27.283+0000] {dagbag.py:541} INFO - Filling up the DagBag from /opt/airflow/dags/dag_with_cron_expression.py
[2024-01-26T12:59:28.130+0000] {processor.py:836} INFO - DAG(s) dict_keys(['dag_with_cron_expression_v04']) retrieved from /opt/airflow/dags/dag_with_cron_expression.py
[2024-01-26T12:59:28.230+0000] {logging_mixin.py:149} INFO - [2024-01-26T12:59:28.230+0000] {dag.py:2726} INFO - Sync 1 DAGs
[2024-01-26T12:59:28.315+0000] {logging_mixin.py:149} INFO - [2024-01-26T12:59:28.314+0000] {dag.py:3486} INFO - Setting next_dagrun for dag_with_cron_expression_v04 to 2024-01-24T19:00:00+00:00, run_after=2024-01-25T19:00:00+00:00
[2024-01-26T12:59:28.386+0000] {processor.py:179} INFO - Processing /opt/airflow/dags/dag_with_cron_expression.py took 1.155 seconds
[2024-01-26T12:59:58.750+0000] {processor.py:157} INFO - Started process (PID=151) to work on /opt/airflow/dags/dag_with_cron_expression.py
[2024-01-26T12:59:58.787+0000] {processor.py:826} INFO - Processing file /opt/airflow/dags/dag_with_cron_expression.py for tasks to queue
[2024-01-26T12:59:58.795+0000] {logging_mixin.py:149} INFO - [2024-01-26T12:59:58.794+0000] {dagbag.py:541} INFO - Filling up the DagBag from /opt/airflow/dags/dag_with_cron_expression.py
[2024-01-26T12:59:58.866+0000] {processor.py:836} INFO - DAG(s) dict_keys(['dag_with_cron_expression_v04']) retrieved from /opt/airflow/dags/dag_with_cron_expression.py
[2024-01-26T12:59:58.996+0000] {logging_mixin.py:149} INFO - [2024-01-26T12:59:58.995+0000] {dag.py:2726} INFO - Sync 1 DAGs
[2024-01-26T12:59:59.084+0000] {logging_mixin.py:149} INFO - [2024-01-26T12:59:59.084+0000] {dag.py:3486} INFO - Setting next_dagrun for dag_with_cron_expression_v04 to 2024-01-24T19:00:00+00:00, run_after=2024-01-25T19:00:00+00:00
[2024-01-26T12:59:59.154+0000] {processor.py:179} INFO - Processing /opt/airflow/dags/dag_with_cron_expression.py took 0.420 seconds
[2024-01-26T13:00:29.491+0000] {processor.py:157} INFO - Started process (PID=167) to work on /opt/airflow/dags/dag_with_cron_expression.py
[2024-01-26T13:00:29.497+0000] {processor.py:826} INFO - Processing file /opt/airflow/dags/dag_with_cron_expression.py for tasks to queue
[2024-01-26T13:00:29.501+0000] {logging_mixin.py:149} INFO - [2024-01-26T13:00:29.501+0000] {dagbag.py:541} INFO - Filling up the DagBag from /opt/airflow/dags/dag_with_cron_expression.py
[2024-01-26T13:00:29.550+0000] {processor.py:836} INFO - DAG(s) dict_keys(['dag_with_cron_expression_v04']) retrieved from /opt/airflow/dags/dag_with_cron_expression.py
[2024-01-26T13:00:29.625+0000] {logging_mixin.py:149} INFO - [2024-01-26T13:00:29.625+0000] {dag.py:2726} INFO - Sync 1 DAGs
[2024-01-26T13:00:29.687+0000] {logging_mixin.py:149} INFO - [2024-01-26T13:00:29.687+0000] {dag.py:3486} INFO - Setting next_dagrun for dag_with_cron_expression_v04 to 2024-01-24T19:00:00+00:00, run_after=2024-01-25T19:00:00+00:00
[2024-01-26T13:00:29.732+0000] {processor.py:179} INFO - Processing /opt/airflow/dags/dag_with_cron_expression.py took 0.251 seconds
[2024-01-26T13:01:01.037+0000] {processor.py:157} INFO - Started process (PID=183) to work on /opt/airflow/dags/dag_with_cron_expression.py
[2024-01-26T13:01:01.050+0000] {processor.py:826} INFO - Processing file /opt/airflow/dags/dag_with_cron_expression.py for tasks to queue
[2024-01-26T13:01:01.063+0000] {logging_mixin.py:149} INFO - [2024-01-26T13:01:01.061+0000] {dagbag.py:541} INFO - Filling up the DagBag from /opt/airflow/dags/dag_with_cron_expression.py
[2024-01-26T13:01:01.432+0000] {processor.py:836} INFO - DAG(s) dict_keys(['dag_with_cron_expression_v04']) retrieved from /opt/airflow/dags/dag_with_cron_expression.py
[2024-01-26T13:01:01.912+0000] {logging_mixin.py:149} INFO - [2024-01-26T13:01:01.912+0000] {dag.py:2726} INFO - Sync 1 DAGs
[2024-01-26T13:01:02.164+0000] {logging_mixin.py:149} INFO - [2024-01-26T13:01:02.162+0000] {dag.py:3486} INFO - Setting next_dagrun for dag_with_cron_expression_v04 to 2024-01-24T19:00:00+00:00, run_after=2024-01-25T19:00:00+00:00
[2024-01-26T13:01:02.296+0000] {processor.py:179} INFO - Processing /opt/airflow/dags/dag_with_cron_expression.py took 1.303 seconds
[2024-01-26T13:01:32.440+0000] {processor.py:157} INFO - Started process (PID=199) to work on /opt/airflow/dags/dag_with_cron_expression.py
[2024-01-26T13:01:32.443+0000] {processor.py:826} INFO - Processing file /opt/airflow/dags/dag_with_cron_expression.py for tasks to queue
[2024-01-26T13:01:32.446+0000] {logging_mixin.py:149} INFO - [2024-01-26T13:01:32.446+0000] {dagbag.py:541} INFO - Filling up the DagBag from /opt/airflow/dags/dag_with_cron_expression.py
[2024-01-26T13:01:32.477+0000] {processor.py:836} INFO - DAG(s) dict_keys(['dag_with_cron_expression_v04']) retrieved from /opt/airflow/dags/dag_with_cron_expression.py
[2024-01-26T13:01:32.529+0000] {logging_mixin.py:149} INFO - [2024-01-26T13:01:32.529+0000] {dag.py:2726} INFO - Sync 1 DAGs
[2024-01-26T13:01:32.571+0000] {logging_mixin.py:149} INFO - [2024-01-26T13:01:32.571+0000] {dag.py:3486} INFO - Setting next_dagrun for dag_with_cron_expression_v04 to 2024-01-24T19:00:00+00:00, run_after=2024-01-25T19:00:00+00:00
[2024-01-26T13:01:32.602+0000] {processor.py:179} INFO - Processing /opt/airflow/dags/dag_with_cron_expression.py took 0.169 seconds
[2024-01-26T13:02:02.764+0000] {processor.py:157} INFO - Started process (PID=215) to work on /opt/airflow/dags/dag_with_cron_expression.py
[2024-01-26T13:02:02.767+0000] {processor.py:826} INFO - Processing file /opt/airflow/dags/dag_with_cron_expression.py for tasks to queue
[2024-01-26T13:02:02.771+0000] {logging_mixin.py:149} INFO - [2024-01-26T13:02:02.770+0000] {dagbag.py:541} INFO - Filling up the DagBag from /opt/airflow/dags/dag_with_cron_expression.py
[2024-01-26T13:02:02.799+0000] {processor.py:836} INFO - DAG(s) dict_keys(['dag_with_cron_expression_v04']) retrieved from /opt/airflow/dags/dag_with_cron_expression.py
[2024-01-26T13:02:02.860+0000] {logging_mixin.py:149} INFO - [2024-01-26T13:02:02.860+0000] {dag.py:2726} INFO - Sync 1 DAGs
[2024-01-26T13:02:02.935+0000] {logging_mixin.py:149} INFO - [2024-01-26T13:02:02.934+0000] {dag.py:3486} INFO - Setting next_dagrun for dag_with_cron_expression_v04 to 2024-01-24T19:00:00+00:00, run_after=2024-01-25T19:00:00+00:00
[2024-01-26T13:02:02.982+0000] {processor.py:179} INFO - Processing /opt/airflow/dags/dag_with_cron_expression.py took 0.224 seconds
[2024-01-26T13:02:33.377+0000] {processor.py:157} INFO - Started process (PID=238) to work on /opt/airflow/dags/dag_with_cron_expression.py
[2024-01-26T13:02:33.383+0000] {processor.py:826} INFO - Processing file /opt/airflow/dags/dag_with_cron_expression.py for tasks to queue
[2024-01-26T13:02:33.387+0000] {logging_mixin.py:149} INFO - [2024-01-26T13:02:33.386+0000] {dagbag.py:541} INFO - Filling up the DagBag from /opt/airflow/dags/dag_with_cron_expression.py
[2024-01-26T13:02:33.432+0000] {processor.py:836} INFO - DAG(s) dict_keys(['dag_with_cron_expression_v04']) retrieved from /opt/airflow/dags/dag_with_cron_expression.py
[2024-01-26T13:02:33.516+0000] {logging_mixin.py:149} INFO - [2024-01-26T13:02:33.516+0000] {dag.py:2726} INFO - Sync 1 DAGs
[2024-01-26T13:02:33.580+0000] {logging_mixin.py:149} INFO - [2024-01-26T13:02:33.579+0000] {dag.py:3486} INFO - Setting next_dagrun for dag_with_cron_expression_v04 to 2024-01-24T19:00:00+00:00, run_after=2024-01-25T19:00:00+00:00
[2024-01-26T13:02:33.632+0000] {processor.py:179} INFO - Processing /opt/airflow/dags/dag_with_cron_expression.py took 0.263 seconds
[2024-01-26T13:03:03.705+0000] {processor.py:157} INFO - Started process (PID=254) to work on /opt/airflow/dags/dag_with_cron_expression.py
[2024-01-26T13:03:03.710+0000] {processor.py:826} INFO - Processing file /opt/airflow/dags/dag_with_cron_expression.py for tasks to queue
[2024-01-26T13:03:03.713+0000] {logging_mixin.py:149} INFO - [2024-01-26T13:03:03.713+0000] {dagbag.py:541} INFO - Filling up the DagBag from /opt/airflow/dags/dag_with_cron_expression.py
[2024-01-26T13:03:03.746+0000] {processor.py:836} INFO - DAG(s) dict_keys(['dag_with_cron_expression_v04']) retrieved from /opt/airflow/dags/dag_with_cron_expression.py
[2024-01-26T13:03:03.811+0000] {logging_mixin.py:149} INFO - [2024-01-26T13:03:03.811+0000] {dag.py:2726} INFO - Sync 1 DAGs
[2024-01-26T13:03:03.864+0000] {logging_mixin.py:149} INFO - [2024-01-26T13:03:03.864+0000] {dag.py:3486} INFO - Setting next_dagrun for dag_with_cron_expression_v04 to 2024-01-24T19:00:00+00:00, run_after=2024-01-25T19:00:00+00:00
[2024-01-26T13:03:03.900+0000] {processor.py:179} INFO - Processing /opt/airflow/dags/dag_with_cron_expression.py took 0.202 seconds
[2024-01-26T13:03:34.259+0000] {processor.py:157} INFO - Started process (PID=270) to work on /opt/airflow/dags/dag_with_cron_expression.py
[2024-01-26T13:03:34.264+0000] {processor.py:826} INFO - Processing file /opt/airflow/dags/dag_with_cron_expression.py for tasks to queue
[2024-01-26T13:03:34.269+0000] {logging_mixin.py:149} INFO - [2024-01-26T13:03:34.268+0000] {dagbag.py:541} INFO - Filling up the DagBag from /opt/airflow/dags/dag_with_cron_expression.py
[2024-01-26T13:03:34.314+0000] {processor.py:836} INFO - DAG(s) dict_keys(['dag_with_cron_expression_v04']) retrieved from /opt/airflow/dags/dag_with_cron_expression.py
[2024-01-26T13:03:34.397+0000] {logging_mixin.py:149} INFO - [2024-01-26T13:03:34.396+0000] {dag.py:2726} INFO - Sync 1 DAGs
[2024-01-26T13:03:34.458+0000] {logging_mixin.py:149} INFO - [2024-01-26T13:03:34.458+0000] {dag.py:3486} INFO - Setting next_dagrun for dag_with_cron_expression_v04 to 2024-01-24T19:00:00+00:00, run_after=2024-01-25T19:00:00+00:00
[2024-01-26T13:03:34.512+0000] {processor.py:179} INFO - Processing /opt/airflow/dags/dag_with_cron_expression.py took 0.262 seconds
[2024-01-26T13:04:05.538+0000] {processor.py:157} INFO - Started process (PID=285) to work on /opt/airflow/dags/dag_with_cron_expression.py
[2024-01-26T13:04:05.545+0000] {processor.py:826} INFO - Processing file /opt/airflow/dags/dag_with_cron_expression.py for tasks to queue
[2024-01-26T13:04:05.551+0000] {logging_mixin.py:149} INFO - [2024-01-26T13:04:05.551+0000] {dagbag.py:541} INFO - Filling up the DagBag from /opt/airflow/dags/dag_with_cron_expression.py
[2024-01-26T13:04:05.614+0000] {processor.py:836} INFO - DAG(s) dict_keys(['dag_with_cron_expression_v04']) retrieved from /opt/airflow/dags/dag_with_cron_expression.py
[2024-01-26T13:04:05.702+0000] {logging_mixin.py:149} INFO - [2024-01-26T13:04:05.702+0000] {dag.py:2726} INFO - Sync 1 DAGs
[2024-01-26T13:04:05.778+0000] {logging_mixin.py:149} INFO - [2024-01-26T13:04:05.778+0000] {dag.py:3486} INFO - Setting next_dagrun for dag_with_cron_expression_v04 to 2024-01-24T19:00:00+00:00, run_after=2024-01-25T19:00:00+00:00
[2024-01-26T13:04:05.832+0000] {processor.py:179} INFO - Processing /opt/airflow/dags/dag_with_cron_expression.py took 0.311 seconds
[2024-01-26T13:04:36.273+0000] {processor.py:157} INFO - Started process (PID=300) to work on /opt/airflow/dags/dag_with_cron_expression.py
[2024-01-26T13:04:36.278+0000] {processor.py:826} INFO - Processing file /opt/airflow/dags/dag_with_cron_expression.py for tasks to queue
[2024-01-26T13:04:36.284+0000] {logging_mixin.py:149} INFO - [2024-01-26T13:04:36.283+0000] {dagbag.py:541} INFO - Filling up the DagBag from /opt/airflow/dags/dag_with_cron_expression.py
[2024-01-26T13:04:36.359+0000] {processor.py:836} INFO - DAG(s) dict_keys(['dag_with_cron_expression_v04']) retrieved from /opt/airflow/dags/dag_with_cron_expression.py
[2024-01-26T13:04:36.548+0000] {logging_mixin.py:149} INFO - [2024-01-26T13:04:36.548+0000] {dag.py:2726} INFO - Sync 1 DAGs
[2024-01-26T13:04:36.656+0000] {logging_mixin.py:149} INFO - [2024-01-26T13:04:36.656+0000] {dag.py:3486} INFO - Setting next_dagrun for dag_with_cron_expression_v04 to 2024-01-24T19:00:00+00:00, run_after=2024-01-25T19:00:00+00:00
[2024-01-26T13:04:36.706+0000] {processor.py:179} INFO - Processing /opt/airflow/dags/dag_with_cron_expression.py took 0.447 seconds
[2024-01-26T13:12:06.497+0000] {processor.py:157} INFO - Started process (PID=44) to work on /opt/airflow/dags/dag_with_cron_expression.py
[2024-01-26T13:12:06.518+0000] {processor.py:826} INFO - Processing file /opt/airflow/dags/dag_with_cron_expression.py for tasks to queue
[2024-01-26T13:12:06.529+0000] {logging_mixin.py:149} INFO - [2024-01-26T13:12:06.528+0000] {dagbag.py:541} INFO - Filling up the DagBag from /opt/airflow/dags/dag_with_cron_expression.py
[2024-01-26T13:12:06.841+0000] {processor.py:836} INFO - DAG(s) dict_keys(['dag_with_cron_expression_v04']) retrieved from /opt/airflow/dags/dag_with_cron_expression.py
[2024-01-26T13:12:07.219+0000] {logging_mixin.py:149} INFO - [2024-01-26T13:12:07.218+0000] {dag.py:2726} INFO - Sync 1 DAGs
[2024-01-26T13:12:11.078+0000] {logging_mixin.py:149} INFO - [2024-01-26T13:12:10.898+0000] {dag.py:3486} INFO - Setting next_dagrun for dag_with_cron_expression_v04 to 2024-01-24T19:00:00+00:00, run_after=2024-01-25T19:00:00+00:00
[2024-01-26T13:12:14.882+0000] {processor.py:179} INFO - Processing /opt/airflow/dags/dag_with_cron_expression.py took 8.429 seconds
[2024-01-26T13:12:51.188+0000] {processor.py:157} INFO - Started process (PID=58) to work on /opt/airflow/dags/dag_with_cron_expression.py
[2024-01-26T13:12:51.202+0000] {processor.py:826} INFO - Processing file /opt/airflow/dags/dag_with_cron_expression.py for tasks to queue
[2024-01-26T13:12:51.211+0000] {logging_mixin.py:149} INFO - [2024-01-26T13:12:51.210+0000] {dagbag.py:541} INFO - Filling up the DagBag from /opt/airflow/dags/dag_with_cron_expression.py
[2024-01-26T13:12:51.478+0000] {processor.py:836} INFO - DAG(s) dict_keys(['dag_with_cron_expression_v04']) retrieved from /opt/airflow/dags/dag_with_cron_expression.py
[2024-01-26T13:12:51.793+0000] {logging_mixin.py:149} INFO - [2024-01-26T13:12:51.793+0000] {dag.py:2726} INFO - Sync 1 DAGs
[2024-01-26T13:12:52.106+0000] {logging_mixin.py:149} INFO - [2024-01-26T13:12:52.106+0000] {dag.py:3486} INFO - Setting next_dagrun for dag_with_cron_expression_v04 to 2024-01-24T19:00:00+00:00, run_after=2024-01-25T19:00:00+00:00
[2024-01-26T13:12:52.290+0000] {processor.py:179} INFO - Processing /opt/airflow/dags/dag_with_cron_expression.py took 1.178 seconds
[2024-01-26T13:13:22.942+0000] {processor.py:157} INFO - Started process (PID=73) to work on /opt/airflow/dags/dag_with_cron_expression.py
[2024-01-26T13:13:22.951+0000] {processor.py:826} INFO - Processing file /opt/airflow/dags/dag_with_cron_expression.py for tasks to queue
[2024-01-26T13:13:22.957+0000] {logging_mixin.py:149} INFO - [2024-01-26T13:13:22.956+0000] {dagbag.py:541} INFO - Filling up the DagBag from /opt/airflow/dags/dag_with_cron_expression.py
[2024-01-26T13:13:23.021+0000] {processor.py:836} INFO - DAG(s) dict_keys(['dag_with_cron_expression_v04']) retrieved from /opt/airflow/dags/dag_with_cron_expression.py
[2024-01-26T13:13:23.132+0000] {logging_mixin.py:149} INFO - [2024-01-26T13:13:23.132+0000] {dag.py:2726} INFO - Sync 1 DAGs
[2024-01-26T13:13:23.233+0000] {logging_mixin.py:149} INFO - [2024-01-26T13:13:23.232+0000] {dag.py:3486} INFO - Setting next_dagrun for dag_with_cron_expression_v04 to 2024-01-24T19:00:00+00:00, run_after=2024-01-25T19:00:00+00:00
[2024-01-26T13:13:24.247+0000] {processor.py:179} INFO - Processing /opt/airflow/dags/dag_with_cron_expression.py took 1.319 seconds
[2024-01-26T13:13:54.596+0000] {processor.py:157} INFO - Started process (PID=88) to work on /opt/airflow/dags/dag_with_cron_expression.py
[2024-01-26T13:13:54.601+0000] {processor.py:826} INFO - Processing file /opt/airflow/dags/dag_with_cron_expression.py for tasks to queue
[2024-01-26T13:13:54.606+0000] {logging_mixin.py:149} INFO - [2024-01-26T13:13:54.605+0000] {dagbag.py:541} INFO - Filling up the DagBag from /opt/airflow/dags/dag_with_cron_expression.py
[2024-01-26T13:13:54.652+0000] {processor.py:836} INFO - DAG(s) dict_keys(['dag_with_cron_expression_v04']) retrieved from /opt/airflow/dags/dag_with_cron_expression.py
[2024-01-26T13:13:54.730+0000] {logging_mixin.py:149} INFO - [2024-01-26T13:13:54.729+0000] {dag.py:2726} INFO - Sync 1 DAGs
[2024-01-26T13:13:55.011+0000] {logging_mixin.py:149} INFO - [2024-01-26T13:13:55.011+0000] {dag.py:3486} INFO - Setting next_dagrun for dag_with_cron_expression_v04 to 2024-01-24T19:00:00+00:00, run_after=2024-01-25T19:00:00+00:00
[2024-01-26T13:13:55.055+0000] {processor.py:179} INFO - Processing /opt/airflow/dags/dag_with_cron_expression.py took 0.467 seconds
[2024-01-26T13:14:25.572+0000] {processor.py:157} INFO - Started process (PID=103) to work on /opt/airflow/dags/dag_with_cron_expression.py
[2024-01-26T13:14:25.579+0000] {processor.py:826} INFO - Processing file /opt/airflow/dags/dag_with_cron_expression.py for tasks to queue
[2024-01-26T13:14:25.588+0000] {logging_mixin.py:149} INFO - [2024-01-26T13:14:25.588+0000] {dagbag.py:541} INFO - Filling up the DagBag from /opt/airflow/dags/dag_with_cron_expression.py
[2024-01-26T13:14:25.659+0000] {processor.py:836} INFO - DAG(s) dict_keys(['dag_with_cron_expression_v04']) retrieved from /opt/airflow/dags/dag_with_cron_expression.py
[2024-01-26T13:14:25.742+0000] {logging_mixin.py:149} INFO - [2024-01-26T13:14:25.741+0000] {dag.py:2726} INFO - Sync 1 DAGs
[2024-01-26T13:14:25.992+0000] {logging_mixin.py:149} INFO - [2024-01-26T13:14:25.992+0000] {dag.py:3486} INFO - Setting next_dagrun for dag_with_cron_expression_v04 to 2024-01-24T19:00:00+00:00, run_after=2024-01-25T19:00:00+00:00
[2024-01-26T13:14:26.033+0000] {processor.py:179} INFO - Processing /opt/airflow/dags/dag_with_cron_expression.py took 0.470 seconds
[2024-01-26T13:14:56.111+0000] {processor.py:157} INFO - Started process (PID=118) to work on /opt/airflow/dags/dag_with_cron_expression.py
[2024-01-26T13:14:56.114+0000] {processor.py:826} INFO - Processing file /opt/airflow/dags/dag_with_cron_expression.py for tasks to queue
[2024-01-26T13:14:56.117+0000] {logging_mixin.py:149} INFO - [2024-01-26T13:14:56.117+0000] {dagbag.py:541} INFO - Filling up the DagBag from /opt/airflow/dags/dag_with_cron_expression.py
[2024-01-26T13:14:56.142+0000] {processor.py:836} INFO - DAG(s) dict_keys(['dag_with_cron_expression_v04']) retrieved from /opt/airflow/dags/dag_with_cron_expression.py
[2024-01-26T13:14:56.336+0000] {logging_mixin.py:149} INFO - [2024-01-26T13:14:56.335+0000] {dag.py:2726} INFO - Sync 1 DAGs
[2024-01-26T13:14:56.371+0000] {logging_mixin.py:149} INFO - [2024-01-26T13:14:56.370+0000] {dag.py:3486} INFO - Setting next_dagrun for dag_with_cron_expression_v04 to 2024-01-24T19:00:00+00:00, run_after=2024-01-25T19:00:00+00:00
[2024-01-26T13:14:56.397+0000] {processor.py:179} INFO - Processing /opt/airflow/dags/dag_with_cron_expression.py took 0.290 seconds
[2024-01-26T13:15:27.026+0000] {processor.py:157} INFO - Started process (PID=133) to work on /opt/airflow/dags/dag_with_cron_expression.py
[2024-01-26T13:15:27.029+0000] {processor.py:826} INFO - Processing file /opt/airflow/dags/dag_with_cron_expression.py for tasks to queue
[2024-01-26T13:15:27.032+0000] {logging_mixin.py:149} INFO - [2024-01-26T13:15:27.032+0000] {dagbag.py:541} INFO - Filling up the DagBag from /opt/airflow/dags/dag_with_cron_expression.py
[2024-01-26T13:15:27.062+0000] {processor.py:836} INFO - DAG(s) dict_keys(['dag_with_cron_expression_v04']) retrieved from /opt/airflow/dags/dag_with_cron_expression.py
[2024-01-26T13:15:27.260+0000] {logging_mixin.py:149} INFO - [2024-01-26T13:15:27.259+0000] {dag.py:2726} INFO - Sync 1 DAGs
[2024-01-26T13:15:27.304+0000] {logging_mixin.py:149} INFO - [2024-01-26T13:15:27.303+0000] {dag.py:3486} INFO - Setting next_dagrun for dag_with_cron_expression_v04 to 2024-01-24T19:00:00+00:00, run_after=2024-01-25T19:00:00+00:00
[2024-01-26T13:15:27.338+0000] {processor.py:179} INFO - Processing /opt/airflow/dags/dag_with_cron_expression.py took 0.317 seconds
[2024-01-26T13:15:57.414+0000] {processor.py:157} INFO - Started process (PID=148) to work on /opt/airflow/dags/dag_with_cron_expression.py
[2024-01-26T13:15:57.417+0000] {processor.py:826} INFO - Processing file /opt/airflow/dags/dag_with_cron_expression.py for tasks to queue
[2024-01-26T13:15:57.420+0000] {logging_mixin.py:149} INFO - [2024-01-26T13:15:57.420+0000] {dagbag.py:541} INFO - Filling up the DagBag from /opt/airflow/dags/dag_with_cron_expression.py
[2024-01-26T13:15:57.448+0000] {processor.py:836} INFO - DAG(s) dict_keys(['dag_with_cron_expression_v04']) retrieved from /opt/airflow/dags/dag_with_cron_expression.py
[2024-01-26T13:15:57.502+0000] {logging_mixin.py:149} INFO - [2024-01-26T13:15:57.502+0000] {dag.py:2726} INFO - Sync 1 DAGs
[2024-01-26T13:15:57.549+0000] {logging_mixin.py:149} INFO - [2024-01-26T13:15:57.549+0000] {dag.py:3486} INFO - Setting next_dagrun for dag_with_cron_expression_v04 to 2024-01-24T19:00:00+00:00, run_after=2024-01-25T19:00:00+00:00
[2024-01-26T13:15:57.588+0000] {processor.py:179} INFO - Processing /opt/airflow/dags/dag_with_cron_expression.py took 0.181 seconds
[2024-01-26T13:16:28.459+0000] {processor.py:157} INFO - Started process (PID=163) to work on /opt/airflow/dags/dag_with_cron_expression.py
[2024-01-26T13:16:28.462+0000] {processor.py:826} INFO - Processing file /opt/airflow/dags/dag_with_cron_expression.py for tasks to queue
[2024-01-26T13:16:28.465+0000] {logging_mixin.py:149} INFO - [2024-01-26T13:16:28.464+0000] {dagbag.py:541} INFO - Filling up the DagBag from /opt/airflow/dags/dag_with_cron_expression.py
[2024-01-26T13:16:28.491+0000] {processor.py:836} INFO - DAG(s) dict_keys(['dag_with_cron_expression_v04']) retrieved from /opt/airflow/dags/dag_with_cron_expression.py
[2024-01-26T13:16:28.542+0000] {logging_mixin.py:149} INFO - [2024-01-26T13:16:28.542+0000] {dag.py:2726} INFO - Sync 1 DAGs
[2024-01-26T13:16:28.586+0000] {logging_mixin.py:149} INFO - [2024-01-26T13:16:28.585+0000] {dag.py:3486} INFO - Setting next_dagrun for dag_with_cron_expression_v04 to 2024-01-24T19:00:00+00:00, run_after=2024-01-25T19:00:00+00:00
[2024-01-26T13:16:28.616+0000] {processor.py:179} INFO - Processing /opt/airflow/dags/dag_with_cron_expression.py took 0.163 seconds
[2024-01-26T13:16:59.289+0000] {processor.py:157} INFO - Started process (PID=178) to work on /opt/airflow/dags/dag_with_cron_expression.py
[2024-01-26T13:16:59.293+0000] {processor.py:826} INFO - Processing file /opt/airflow/dags/dag_with_cron_expression.py for tasks to queue
[2024-01-26T13:16:59.297+0000] {logging_mixin.py:149} INFO - [2024-01-26T13:16:59.297+0000] {dagbag.py:541} INFO - Filling up the DagBag from /opt/airflow/dags/dag_with_cron_expression.py
[2024-01-26T13:16:59.333+0000] {processor.py:836} INFO - DAG(s) dict_keys(['dag_with_cron_expression_v04']) retrieved from /opt/airflow/dags/dag_with_cron_expression.py
[2024-01-26T13:16:59.393+0000] {logging_mixin.py:149} INFO - [2024-01-26T13:16:59.393+0000] {dag.py:2726} INFO - Sync 1 DAGs
[2024-01-26T13:16:59.455+0000] {logging_mixin.py:149} INFO - [2024-01-26T13:16:59.454+0000] {dag.py:3486} INFO - Setting next_dagrun for dag_with_cron_expression_v04 to 2024-01-24T19:00:00+00:00, run_after=2024-01-25T19:00:00+00:00
[2024-01-26T13:16:59.496+0000] {processor.py:179} INFO - Processing /opt/airflow/dags/dag_with_cron_expression.py took 0.215 seconds
[2024-01-26T13:17:29.724+0000] {processor.py:157} INFO - Started process (PID=197) to work on /opt/airflow/dags/dag_with_cron_expression.py
[2024-01-26T13:17:29.727+0000] {processor.py:826} INFO - Processing file /opt/airflow/dags/dag_with_cron_expression.py for tasks to queue
[2024-01-26T13:17:29.730+0000] {logging_mixin.py:149} INFO - [2024-01-26T13:17:29.729+0000] {dagbag.py:541} INFO - Filling up the DagBag from /opt/airflow/dags/dag_with_cron_expression.py
[2024-01-26T13:17:29.757+0000] {processor.py:836} INFO - DAG(s) dict_keys(['dag_with_cron_expression_v04']) retrieved from /opt/airflow/dags/dag_with_cron_expression.py
[2024-01-26T13:17:29.806+0000] {logging_mixin.py:149} INFO - [2024-01-26T13:17:29.806+0000] {dag.py:2726} INFO - Sync 1 DAGs
[2024-01-26T13:17:29.849+0000] {logging_mixin.py:149} INFO - [2024-01-26T13:17:29.849+0000] {dag.py:3486} INFO - Setting next_dagrun for dag_with_cron_expression_v04 to 2024-01-24T19:00:00+00:00, run_after=2024-01-25T19:00:00+00:00
[2024-01-26T13:17:29.909+0000] {processor.py:179} INFO - Processing /opt/airflow/dags/dag_with_cron_expression.py took 0.190 seconds
[2024-01-26T13:18:00.113+0000] {processor.py:157} INFO - Started process (PID=212) to work on /opt/airflow/dags/dag_with_cron_expression.py
[2024-01-26T13:18:00.115+0000] {processor.py:826} INFO - Processing file /opt/airflow/dags/dag_with_cron_expression.py for tasks to queue
[2024-01-26T13:18:00.118+0000] {logging_mixin.py:149} INFO - [2024-01-26T13:18:00.118+0000] {dagbag.py:541} INFO - Filling up the DagBag from /opt/airflow/dags/dag_with_cron_expression.py
[2024-01-26T13:18:00.144+0000] {processor.py:836} INFO - DAG(s) dict_keys(['dag_with_cron_expression_v04']) retrieved from /opt/airflow/dags/dag_with_cron_expression.py
[2024-01-26T13:18:00.196+0000] {logging_mixin.py:149} INFO - [2024-01-26T13:18:00.195+0000] {dag.py:2726} INFO - Sync 1 DAGs
[2024-01-26T13:18:00.235+0000] {logging_mixin.py:149} INFO - [2024-01-26T13:18:00.235+0000] {dag.py:3486} INFO - Setting next_dagrun for dag_with_cron_expression_v04 to 2024-01-24T19:00:00+00:00, run_after=2024-01-25T19:00:00+00:00
[2024-01-26T13:18:00.271+0000] {processor.py:179} INFO - Processing /opt/airflow/dags/dag_with_cron_expression.py took 0.164 seconds
[2024-01-26T13:18:31.238+0000] {processor.py:157} INFO - Started process (PID=227) to work on /opt/airflow/dags/dag_with_cron_expression.py
[2024-01-26T13:18:31.242+0000] {processor.py:826} INFO - Processing file /opt/airflow/dags/dag_with_cron_expression.py for tasks to queue
[2024-01-26T13:18:31.244+0000] {logging_mixin.py:149} INFO - [2024-01-26T13:18:31.244+0000] {dagbag.py:541} INFO - Filling up the DagBag from /opt/airflow/dags/dag_with_cron_expression.py
[2024-01-26T13:18:31.280+0000] {processor.py:836} INFO - DAG(s) dict_keys(['dag_with_cron_expression_v04']) retrieved from /opt/airflow/dags/dag_with_cron_expression.py
[2024-01-26T13:18:31.341+0000] {logging_mixin.py:149} INFO - [2024-01-26T13:18:31.341+0000] {dag.py:2726} INFO - Sync 1 DAGs
[2024-01-26T13:18:31.387+0000] {logging_mixin.py:149} INFO - [2024-01-26T13:18:31.386+0000] {dag.py:3486} INFO - Setting next_dagrun for dag_with_cron_expression_v04 to 2024-01-24T19:00:00+00:00, run_after=2024-01-25T19:00:00+00:00
[2024-01-26T13:18:31.424+0000] {processor.py:179} INFO - Processing /opt/airflow/dags/dag_with_cron_expression.py took 0.192 seconds
[2024-01-26T13:19:01.668+0000] {processor.py:157} INFO - Started process (PID=242) to work on /opt/airflow/dags/dag_with_cron_expression.py
[2024-01-26T13:19:01.670+0000] {processor.py:826} INFO - Processing file /opt/airflow/dags/dag_with_cron_expression.py for tasks to queue
[2024-01-26T13:19:01.672+0000] {logging_mixin.py:149} INFO - [2024-01-26T13:19:01.672+0000] {dagbag.py:541} INFO - Filling up the DagBag from /opt/airflow/dags/dag_with_cron_expression.py
[2024-01-26T13:19:01.698+0000] {processor.py:836} INFO - DAG(s) dict_keys(['dag_with_cron_expression_v04']) retrieved from /opt/airflow/dags/dag_with_cron_expression.py
[2024-01-26T13:19:01.747+0000] {logging_mixin.py:149} INFO - [2024-01-26T13:19:01.747+0000] {dag.py:2726} INFO - Sync 1 DAGs
[2024-01-26T13:19:01.789+0000] {logging_mixin.py:149} INFO - [2024-01-26T13:19:01.789+0000] {dag.py:3486} INFO - Setting next_dagrun for dag_with_cron_expression_v04 to 2024-01-24T19:00:00+00:00, run_after=2024-01-25T19:00:00+00:00
[2024-01-26T13:19:01.817+0000] {processor.py:179} INFO - Processing /opt/airflow/dags/dag_with_cron_expression.py took 0.155 seconds
[2024-01-26T13:19:31.954+0000] {processor.py:157} INFO - Started process (PID=257) to work on /opt/airflow/dags/dag_with_cron_expression.py
[2024-01-26T13:19:31.957+0000] {processor.py:826} INFO - Processing file /opt/airflow/dags/dag_with_cron_expression.py for tasks to queue
[2024-01-26T13:19:31.960+0000] {logging_mixin.py:149} INFO - [2024-01-26T13:19:31.960+0000] {dagbag.py:541} INFO - Filling up the DagBag from /opt/airflow/dags/dag_with_cron_expression.py
[2024-01-26T13:19:31.987+0000] {processor.py:836} INFO - DAG(s) dict_keys(['dag_with_cron_expression_v04']) retrieved from /opt/airflow/dags/dag_with_cron_expression.py
[2024-01-26T13:19:32.037+0000] {logging_mixin.py:149} INFO - [2024-01-26T13:19:32.037+0000] {dag.py:2726} INFO - Sync 1 DAGs
[2024-01-26T13:19:32.078+0000] {logging_mixin.py:149} INFO - [2024-01-26T13:19:32.078+0000] {dag.py:3486} INFO - Setting next_dagrun for dag_with_cron_expression_v04 to 2024-01-24T19:00:00+00:00, run_after=2024-01-25T19:00:00+00:00
[2024-01-26T13:19:32.108+0000] {processor.py:179} INFO - Processing /opt/airflow/dags/dag_with_cron_expression.py took 0.161 seconds
[2024-01-26T13:20:02.449+0000] {processor.py:157} INFO - Started process (PID=272) to work on /opt/airflow/dags/dag_with_cron_expression.py
[2024-01-26T13:20:02.453+0000] {processor.py:826} INFO - Processing file /opt/airflow/dags/dag_with_cron_expression.py for tasks to queue
[2024-01-26T13:20:02.458+0000] {logging_mixin.py:149} INFO - [2024-01-26T13:20:02.457+0000] {dagbag.py:541} INFO - Filling up the DagBag from /opt/airflow/dags/dag_with_cron_expression.py
[2024-01-26T13:20:02.490+0000] {processor.py:836} INFO - DAG(s) dict_keys(['dag_with_cron_expression_v04']) retrieved from /opt/airflow/dags/dag_with_cron_expression.py
[2024-01-26T13:20:02.544+0000] {logging_mixin.py:149} INFO - [2024-01-26T13:20:02.544+0000] {dag.py:2726} INFO - Sync 1 DAGs
[2024-01-26T13:20:02.587+0000] {logging_mixin.py:149} INFO - [2024-01-26T13:20:02.587+0000] {dag.py:3486} INFO - Setting next_dagrun for dag_with_cron_expression_v04 to 2024-01-24T19:00:00+00:00, run_after=2024-01-25T19:00:00+00:00
[2024-01-26T13:20:02.620+0000] {processor.py:179} INFO - Processing /opt/airflow/dags/dag_with_cron_expression.py took 0.178 seconds
[2024-01-26T13:20:33.272+0000] {processor.py:157} INFO - Started process (PID=287) to work on /opt/airflow/dags/dag_with_cron_expression.py
[2024-01-26T13:20:33.277+0000] {processor.py:826} INFO - Processing file /opt/airflow/dags/dag_with_cron_expression.py for tasks to queue
[2024-01-26T13:20:33.281+0000] {logging_mixin.py:149} INFO - [2024-01-26T13:20:33.280+0000] {dagbag.py:541} INFO - Filling up the DagBag from /opt/airflow/dags/dag_with_cron_expression.py
[2024-01-26T13:20:33.317+0000] {processor.py:836} INFO - DAG(s) dict_keys(['dag_with_cron_expression_v04']) retrieved from /opt/airflow/dags/dag_with_cron_expression.py
[2024-01-26T13:20:33.378+0000] {logging_mixin.py:149} INFO - [2024-01-26T13:20:33.378+0000] {dag.py:2726} INFO - Sync 1 DAGs
[2024-01-26T13:20:33.430+0000] {logging_mixin.py:149} INFO - [2024-01-26T13:20:33.430+0000] {dag.py:3486} INFO - Setting next_dagrun for dag_with_cron_expression_v04 to 2024-01-24T19:00:00+00:00, run_after=2024-01-25T19:00:00+00:00
[2024-01-26T13:20:33.466+0000] {processor.py:179} INFO - Processing /opt/airflow/dags/dag_with_cron_expression.py took 0.202 seconds
[2024-01-26T13:21:03.880+0000] {processor.py:157} INFO - Started process (PID=302) to work on /opt/airflow/dags/dag_with_cron_expression.py
[2024-01-26T13:21:03.885+0000] {processor.py:826} INFO - Processing file /opt/airflow/dags/dag_with_cron_expression.py for tasks to queue
[2024-01-26T13:21:03.890+0000] {logging_mixin.py:149} INFO - [2024-01-26T13:21:03.890+0000] {dagbag.py:541} INFO - Filling up the DagBag from /opt/airflow/dags/dag_with_cron_expression.py
[2024-01-26T13:21:03.944+0000] {processor.py:836} INFO - DAG(s) dict_keys(['dag_with_cron_expression_v04']) retrieved from /opt/airflow/dags/dag_with_cron_expression.py
[2024-01-26T13:21:04.023+0000] {logging_mixin.py:149} INFO - [2024-01-26T13:21:04.023+0000] {dag.py:2726} INFO - Sync 1 DAGs
[2024-01-26T13:21:04.094+0000] {logging_mixin.py:149} INFO - [2024-01-26T13:21:04.094+0000] {dag.py:3486} INFO - Setting next_dagrun for dag_with_cron_expression_v04 to 2024-01-24T19:00:00+00:00, run_after=2024-01-25T19:00:00+00:00
[2024-01-26T13:21:04.167+0000] {processor.py:179} INFO - Processing /opt/airflow/dags/dag_with_cron_expression.py took 0.299 seconds
[2024-01-26T13:21:35.136+0000] {processor.py:157} INFO - Started process (PID=327) to work on /opt/airflow/dags/dag_with_cron_expression.py
[2024-01-26T13:21:35.141+0000] {processor.py:826} INFO - Processing file /opt/airflow/dags/dag_with_cron_expression.py for tasks to queue
[2024-01-26T13:21:35.144+0000] {logging_mixin.py:149} INFO - [2024-01-26T13:21:35.143+0000] {dagbag.py:541} INFO - Filling up the DagBag from /opt/airflow/dags/dag_with_cron_expression.py
[2024-01-26T13:21:35.175+0000] {processor.py:836} INFO - DAG(s) dict_keys(['dag_with_cron_expression_v04']) retrieved from /opt/airflow/dags/dag_with_cron_expression.py
[2024-01-26T13:21:35.227+0000] {logging_mixin.py:149} INFO - [2024-01-26T13:21:35.227+0000] {dag.py:2726} INFO - Sync 1 DAGs
[2024-01-26T13:21:35.270+0000] {logging_mixin.py:149} INFO - [2024-01-26T13:21:35.270+0000] {dag.py:3486} INFO - Setting next_dagrun for dag_with_cron_expression_v04 to 2024-01-24T19:00:00+00:00, run_after=2024-01-25T19:00:00+00:00
[2024-01-26T13:21:35.301+0000] {processor.py:179} INFO - Processing /opt/airflow/dags/dag_with_cron_expression.py took 0.171 seconds
[2024-01-26T13:22:06.072+0000] {processor.py:157} INFO - Started process (PID=342) to work on /opt/airflow/dags/dag_with_cron_expression.py
[2024-01-26T13:22:06.078+0000] {processor.py:826} INFO - Processing file /opt/airflow/dags/dag_with_cron_expression.py for tasks to queue
[2024-01-26T13:22:06.081+0000] {logging_mixin.py:149} INFO - [2024-01-26T13:22:06.080+0000] {dagbag.py:541} INFO - Filling up the DagBag from /opt/airflow/dags/dag_with_cron_expression.py
[2024-01-26T13:22:06.108+0000] {processor.py:836} INFO - DAG(s) dict_keys(['dag_with_cron_expression_v04']) retrieved from /opt/airflow/dags/dag_with_cron_expression.py
[2024-01-26T13:22:06.159+0000] {logging_mixin.py:149} INFO - [2024-01-26T13:22:06.159+0000] {dag.py:2726} INFO - Sync 1 DAGs
[2024-01-26T13:22:06.202+0000] {logging_mixin.py:149} INFO - [2024-01-26T13:22:06.202+0000] {dag.py:3486} INFO - Setting next_dagrun for dag_with_cron_expression_v04 to 2024-01-24T19:00:00+00:00, run_after=2024-01-25T19:00:00+00:00
[2024-01-26T13:22:06.233+0000] {processor.py:179} INFO - Processing /opt/airflow/dags/dag_with_cron_expression.py took 0.166 seconds
[2024-01-26T13:22:37.219+0000] {processor.py:157} INFO - Started process (PID=357) to work on /opt/airflow/dags/dag_with_cron_expression.py
[2024-01-26T13:22:37.223+0000] {processor.py:826} INFO - Processing file /opt/airflow/dags/dag_with_cron_expression.py for tasks to queue
[2024-01-26T13:22:37.226+0000] {logging_mixin.py:149} INFO - [2024-01-26T13:22:37.226+0000] {dagbag.py:541} INFO - Filling up the DagBag from /opt/airflow/dags/dag_with_cron_expression.py
[2024-01-26T13:22:37.257+0000] {processor.py:836} INFO - DAG(s) dict_keys(['dag_with_cron_expression_v04']) retrieved from /opt/airflow/dags/dag_with_cron_expression.py
[2024-01-26T13:22:37.313+0000] {logging_mixin.py:149} INFO - [2024-01-26T13:22:37.313+0000] {dag.py:2726} INFO - Sync 1 DAGs
[2024-01-26T13:22:37.363+0000] {logging_mixin.py:149} INFO - [2024-01-26T13:22:37.363+0000] {dag.py:3486} INFO - Setting next_dagrun for dag_with_cron_expression_v04 to 2024-01-24T19:00:00+00:00, run_after=2024-01-25T19:00:00+00:00
[2024-01-26T13:22:37.398+0000] {processor.py:179} INFO - Processing /opt/airflow/dags/dag_with_cron_expression.py took 0.184 seconds
[2024-01-26T13:23:07.664+0000] {processor.py:157} INFO - Started process (PID=372) to work on /opt/airflow/dags/dag_with_cron_expression.py
[2024-01-26T13:23:07.668+0000] {processor.py:826} INFO - Processing file /opt/airflow/dags/dag_with_cron_expression.py for tasks to queue
[2024-01-26T13:23:07.671+0000] {logging_mixin.py:149} INFO - [2024-01-26T13:23:07.671+0000] {dagbag.py:541} INFO - Filling up the DagBag from /opt/airflow/dags/dag_with_cron_expression.py
[2024-01-26T13:23:07.701+0000] {processor.py:836} INFO - DAG(s) dict_keys(['dag_with_cron_expression_v04']) retrieved from /opt/airflow/dags/dag_with_cron_expression.py
[2024-01-26T13:23:07.755+0000] {logging_mixin.py:149} INFO - [2024-01-26T13:23:07.755+0000] {dag.py:2726} INFO - Sync 1 DAGs
[2024-01-26T13:23:07.797+0000] {logging_mixin.py:149} INFO - [2024-01-26T13:23:07.797+0000] {dag.py:3486} INFO - Setting next_dagrun for dag_with_cron_expression_v04 to 2024-01-24T19:00:00+00:00, run_after=2024-01-25T19:00:00+00:00
[2024-01-26T13:23:07.829+0000] {processor.py:179} INFO - Processing /opt/airflow/dags/dag_with_cron_expression.py took 0.172 seconds
