[2024-01-26T12:56:10.769+0000] {processor.py:157} INFO - Started process (PID=40) to work on /opt/airflow/dags/dag_with_python_dependencies.py
[2024-01-26T12:56:10.797+0000] {processor.py:826} INFO - Processing file /opt/airflow/dags/dag_with_python_dependencies.py for tasks to queue
[2024-01-26T12:56:10.816+0000] {logging_mixin.py:149} INFO - [2024-01-26T12:56:10.804+0000] {dagbag.py:541} INFO - Filling up the DagBag from /opt/airflow/dags/dag_with_python_dependencies.py
[2024-01-26T12:56:11.034+0000] {processor.py:836} INFO - DAG(s) dict_keys(['dag_with_python_dependencies_v03']) retrieved from /opt/airflow/dags/dag_with_python_dependencies.py
[2024-01-26T12:56:13.189+0000] {logging_mixin.py:149} INFO - [2024-01-26T12:56:13.184+0000] {manager.py:504} INFO - Created Permission View: can delete on DAG:dag_with_python_dependencies_v03
[2024-01-26T12:56:15.392+0000] {logging_mixin.py:149} INFO - [2024-01-26T12:56:15.391+0000] {manager.py:504} INFO - Created Permission View: can edit on DAG:dag_with_python_dependencies_v03
[2024-01-26T12:56:15.516+0000] {logging_mixin.py:149} INFO - [2024-01-26T12:56:15.515+0000] {manager.py:504} INFO - Created Permission View: can read on DAG:dag_with_python_dependencies_v03
[2024-01-26T12:56:15.599+0000] {logging_mixin.py:149} INFO - [2024-01-26T12:56:15.599+0000] {dag.py:2726} INFO - Sync 1 DAGs
[2024-01-26T12:56:15.657+0000] {logging_mixin.py:149} INFO - [2024-01-26T12:56:15.657+0000] {dag.py:2747} INFO - Creating ORM DAG for dag_with_python_dependencies_v03
[2024-01-26T12:56:15.736+0000] {logging_mixin.py:149} INFO - [2024-01-26T12:56:15.735+0000] {dag.py:3486} INFO - Setting next_dagrun for dag_with_python_dependencies_v03 to 2024-01-24T16:00:00+00:00, run_after=2024-01-25T16:00:00+00:00
[2024-01-26T12:56:15.884+0000] {processor.py:179} INFO - Processing /opt/airflow/dags/dag_with_python_dependencies.py took 5.145 seconds
[2024-01-26T12:56:46.926+0000] {processor.py:157} INFO - Started process (PID=57) to work on /opt/airflow/dags/dag_with_python_dependencies.py
[2024-01-26T12:56:46.933+0000] {processor.py:826} INFO - Processing file /opt/airflow/dags/dag_with_python_dependencies.py for tasks to queue
[2024-01-26T12:56:46.942+0000] {logging_mixin.py:149} INFO - [2024-01-26T12:56:46.941+0000] {dagbag.py:541} INFO - Filling up the DagBag from /opt/airflow/dags/dag_with_python_dependencies.py
[2024-01-26T12:56:47.008+0000] {processor.py:836} INFO - DAG(s) dict_keys(['dag_with_python_dependencies_v03']) retrieved from /opt/airflow/dags/dag_with_python_dependencies.py
[2024-01-26T12:56:47.136+0000] {logging_mixin.py:149} INFO - [2024-01-26T12:56:47.135+0000] {dag.py:2726} INFO - Sync 1 DAGs
[2024-01-26T12:56:47.209+0000] {logging_mixin.py:149} INFO - [2024-01-26T12:56:47.209+0000] {dag.py:3486} INFO - Setting next_dagrun for dag_with_python_dependencies_v03 to 2024-01-24T16:00:00+00:00, run_after=2024-01-25T16:00:00+00:00
[2024-01-26T12:56:47.268+0000] {processor.py:179} INFO - Processing /opt/airflow/dags/dag_with_python_dependencies.py took 0.358 seconds
[2024-01-26T12:57:19.968+0000] {processor.py:157} INFO - Started process (PID=74) to work on /opt/airflow/dags/dag_with_python_dependencies.py
[2024-01-26T12:57:19.989+0000] {processor.py:826} INFO - Processing file /opt/airflow/dags/dag_with_python_dependencies.py for tasks to queue
[2024-01-26T12:57:20.016+0000] {logging_mixin.py:149} INFO - [2024-01-26T12:57:20.014+0000] {dagbag.py:541} INFO - Filling up the DagBag from /opt/airflow/dags/dag_with_python_dependencies.py
[2024-01-26T12:57:20.290+0000] {processor.py:836} INFO - DAG(s) dict_keys(['dag_with_python_dependencies_v03']) retrieved from /opt/airflow/dags/dag_with_python_dependencies.py
[2024-01-26T12:57:20.674+0000] {logging_mixin.py:149} INFO - [2024-01-26T12:57:20.673+0000] {dag.py:2726} INFO - Sync 1 DAGs
[2024-01-26T12:57:21.117+0000] {logging_mixin.py:149} INFO - [2024-01-26T12:57:21.115+0000] {dag.py:3486} INFO - Setting next_dagrun for dag_with_python_dependencies_v03 to 2024-01-24T16:00:00+00:00, run_after=2024-01-25T16:00:00+00:00
[2024-01-26T12:57:23.485+0000] {processor.py:179} INFO - Processing /opt/airflow/dags/dag_with_python_dependencies.py took 3.581 seconds
[2024-01-26T12:57:54.904+0000] {processor.py:157} INFO - Started process (PID=90) to work on /opt/airflow/dags/dag_with_python_dependencies.py
[2024-01-26T12:57:54.919+0000] {processor.py:826} INFO - Processing file /opt/airflow/dags/dag_with_python_dependencies.py for tasks to queue
[2024-01-26T12:57:54.937+0000] {logging_mixin.py:149} INFO - [2024-01-26T12:57:54.936+0000] {dagbag.py:541} INFO - Filling up the DagBag from /opt/airflow/dags/dag_with_python_dependencies.py
[2024-01-26T12:57:55.149+0000] {processor.py:836} INFO - DAG(s) dict_keys(['dag_with_python_dependencies_v03']) retrieved from /opt/airflow/dags/dag_with_python_dependencies.py
[2024-01-26T12:57:55.904+0000] {logging_mixin.py:149} INFO - [2024-01-26T12:57:55.903+0000] {dag.py:2726} INFO - Sync 1 DAGs
[2024-01-26T12:57:56.960+0000] {logging_mixin.py:149} INFO - [2024-01-26T12:57:56.959+0000] {dag.py:3486} INFO - Setting next_dagrun for dag_with_python_dependencies_v03 to 2024-01-24T16:00:00+00:00, run_after=2024-01-25T16:00:00+00:00
[2024-01-26T12:57:57.129+0000] {processor.py:179} INFO - Processing /opt/airflow/dags/dag_with_python_dependencies.py took 2.259 seconds
[2024-01-26T12:58:27.746+0000] {processor.py:157} INFO - Started process (PID=106) to work on /opt/airflow/dags/dag_with_python_dependencies.py
[2024-01-26T12:58:27.753+0000] {processor.py:826} INFO - Processing file /opt/airflow/dags/dag_with_python_dependencies.py for tasks to queue
[2024-01-26T12:58:27.760+0000] {logging_mixin.py:149} INFO - [2024-01-26T12:58:27.759+0000] {dagbag.py:541} INFO - Filling up the DagBag from /opt/airflow/dags/dag_with_python_dependencies.py
[2024-01-26T12:58:27.820+0000] {processor.py:836} INFO - DAG(s) dict_keys(['dag_with_python_dependencies_v03']) retrieved from /opt/airflow/dags/dag_with_python_dependencies.py
[2024-01-26T12:58:27.923+0000] {logging_mixin.py:149} INFO - [2024-01-26T12:58:27.922+0000] {dag.py:2726} INFO - Sync 1 DAGs
[2024-01-26T12:58:28.211+0000] {logging_mixin.py:149} INFO - [2024-01-26T12:58:28.210+0000] {dag.py:3486} INFO - Setting next_dagrun for dag_with_python_dependencies_v03 to 2024-01-24T16:00:00+00:00, run_after=2024-01-25T16:00:00+00:00
[2024-01-26T12:58:28.253+0000] {processor.py:179} INFO - Processing /opt/airflow/dags/dag_with_python_dependencies.py took 0.519 seconds
[2024-01-26T12:58:58.955+0000] {processor.py:157} INFO - Started process (PID=122) to work on /opt/airflow/dags/dag_with_python_dependencies.py
[2024-01-26T12:58:58.959+0000] {processor.py:826} INFO - Processing file /opt/airflow/dags/dag_with_python_dependencies.py for tasks to queue
[2024-01-26T12:58:58.963+0000] {logging_mixin.py:149} INFO - [2024-01-26T12:58:58.962+0000] {dagbag.py:541} INFO - Filling up the DagBag from /opt/airflow/dags/dag_with_python_dependencies.py
[2024-01-26T12:58:59.008+0000] {processor.py:836} INFO - DAG(s) dict_keys(['dag_with_python_dependencies_v03']) retrieved from /opt/airflow/dags/dag_with_python_dependencies.py
[2024-01-26T12:58:59.264+0000] {logging_mixin.py:149} INFO - [2024-01-26T12:58:59.264+0000] {dag.py:2726} INFO - Sync 1 DAGs
[2024-01-26T12:58:59.310+0000] {logging_mixin.py:149} INFO - [2024-01-26T12:58:59.310+0000] {dag.py:3486} INFO - Setting next_dagrun for dag_with_python_dependencies_v03 to 2024-01-24T16:00:00+00:00, run_after=2024-01-25T16:00:00+00:00
[2024-01-26T12:58:59.347+0000] {processor.py:179} INFO - Processing /opt/airflow/dags/dag_with_python_dependencies.py took 0.402 seconds
[2024-01-26T12:59:29.500+0000] {processor.py:157} INFO - Started process (PID=138) to work on /opt/airflow/dags/dag_with_python_dependencies.py
[2024-01-26T12:59:29.512+0000] {processor.py:826} INFO - Processing file /opt/airflow/dags/dag_with_python_dependencies.py for tasks to queue
[2024-01-26T12:59:29.520+0000] {logging_mixin.py:149} INFO - [2024-01-26T12:59:29.519+0000] {dagbag.py:541} INFO - Filling up the DagBag from /opt/airflow/dags/dag_with_python_dependencies.py
[2024-01-26T12:59:29.932+0000] {processor.py:836} INFO - DAG(s) dict_keys(['dag_with_python_dependencies_v03']) retrieved from /opt/airflow/dags/dag_with_python_dependencies.py
[2024-01-26T12:59:29.995+0000] {logging_mixin.py:149} INFO - [2024-01-26T12:59:29.995+0000] {dag.py:2726} INFO - Sync 1 DAGs
[2024-01-26T12:59:30.062+0000] {logging_mixin.py:149} INFO - [2024-01-26T12:59:30.061+0000] {dag.py:3486} INFO - Setting next_dagrun for dag_with_python_dependencies_v03 to 2024-01-24T16:00:00+00:00, run_after=2024-01-25T16:00:00+00:00
[2024-01-26T12:59:30.168+0000] {processor.py:179} INFO - Processing /opt/airflow/dags/dag_with_python_dependencies.py took 0.676 seconds
[2024-01-26T13:00:00.397+0000] {processor.py:157} INFO - Started process (PID=154) to work on /opt/airflow/dags/dag_with_python_dependencies.py
[2024-01-26T13:00:00.410+0000] {processor.py:826} INFO - Processing file /opt/airflow/dags/dag_with_python_dependencies.py for tasks to queue
[2024-01-26T13:00:00.422+0000] {logging_mixin.py:149} INFO - [2024-01-26T13:00:00.421+0000] {dagbag.py:541} INFO - Filling up the DagBag from /opt/airflow/dags/dag_with_python_dependencies.py
[2024-01-26T13:00:00.507+0000] {processor.py:836} INFO - DAG(s) dict_keys(['dag_with_python_dependencies_v03']) retrieved from /opt/airflow/dags/dag_with_python_dependencies.py
[2024-01-26T13:00:00.664+0000] {logging_mixin.py:149} INFO - [2024-01-26T13:00:00.663+0000] {dag.py:2726} INFO - Sync 1 DAGs
[2024-01-26T13:00:00.770+0000] {logging_mixin.py:149} INFO - [2024-01-26T13:00:00.769+0000] {dag.py:3486} INFO - Setting next_dagrun for dag_with_python_dependencies_v03 to 2024-01-24T16:00:00+00:00, run_after=2024-01-25T16:00:00+00:00
[2024-01-26T13:00:00.829+0000] {processor.py:179} INFO - Processing /opt/airflow/dags/dag_with_python_dependencies.py took 0.475 seconds
[2024-01-26T13:00:31.846+0000] {processor.py:157} INFO - Started process (PID=170) to work on /opt/airflow/dags/dag_with_python_dependencies.py
[2024-01-26T13:00:31.850+0000] {processor.py:826} INFO - Processing file /opt/airflow/dags/dag_with_python_dependencies.py for tasks to queue
[2024-01-26T13:00:31.855+0000] {logging_mixin.py:149} INFO - [2024-01-26T13:00:31.854+0000] {dagbag.py:541} INFO - Filling up the DagBag from /opt/airflow/dags/dag_with_python_dependencies.py
[2024-01-26T13:00:31.897+0000] {processor.py:836} INFO - DAG(s) dict_keys(['dag_with_python_dependencies_v03']) retrieved from /opt/airflow/dags/dag_with_python_dependencies.py
[2024-01-26T13:00:31.976+0000] {logging_mixin.py:149} INFO - [2024-01-26T13:00:31.976+0000] {dag.py:2726} INFO - Sync 1 DAGs
[2024-01-26T13:00:32.038+0000] {logging_mixin.py:149} INFO - [2024-01-26T13:00:32.038+0000] {dag.py:3486} INFO - Setting next_dagrun for dag_with_python_dependencies_v03 to 2024-01-24T16:00:00+00:00, run_after=2024-01-25T16:00:00+00:00
[2024-01-26T13:00:32.085+0000] {processor.py:179} INFO - Processing /opt/airflow/dags/dag_with_python_dependencies.py took 0.250 seconds
[2024-01-26T13:01:03.044+0000] {processor.py:157} INFO - Started process (PID=193) to work on /opt/airflow/dags/dag_with_python_dependencies.py
[2024-01-26T13:01:03.052+0000] {processor.py:826} INFO - Processing file /opt/airflow/dags/dag_with_python_dependencies.py for tasks to queue
[2024-01-26T13:01:03.061+0000] {logging_mixin.py:149} INFO - [2024-01-26T13:01:03.060+0000] {dagbag.py:541} INFO - Filling up the DagBag from /opt/airflow/dags/dag_with_python_dependencies.py
[2024-01-26T13:01:03.148+0000] {processor.py:836} INFO - DAG(s) dict_keys(['dag_with_python_dependencies_v03']) retrieved from /opt/airflow/dags/dag_with_python_dependencies.py
[2024-01-26T13:01:03.256+0000] {logging_mixin.py:149} INFO - [2024-01-26T13:01:03.255+0000] {dag.py:2726} INFO - Sync 1 DAGs
[2024-01-26T13:01:03.374+0000] {logging_mixin.py:149} INFO - [2024-01-26T13:01:03.374+0000] {dag.py:3486} INFO - Setting next_dagrun for dag_with_python_dependencies_v03 to 2024-01-24T16:00:00+00:00, run_after=2024-01-25T16:00:00+00:00
[2024-01-26T13:01:03.447+0000] {processor.py:179} INFO - Processing /opt/airflow/dags/dag_with_python_dependencies.py took 0.419 seconds
[2024-01-26T13:01:33.682+0000] {processor.py:157} INFO - Started process (PID=209) to work on /opt/airflow/dags/dag_with_python_dependencies.py
[2024-01-26T13:01:33.687+0000] {processor.py:826} INFO - Processing file /opt/airflow/dags/dag_with_python_dependencies.py for tasks to queue
[2024-01-26T13:01:33.690+0000] {logging_mixin.py:149} INFO - [2024-01-26T13:01:33.690+0000] {dagbag.py:541} INFO - Filling up the DagBag from /opt/airflow/dags/dag_with_python_dependencies.py
[2024-01-26T13:01:33.724+0000] {processor.py:836} INFO - DAG(s) dict_keys(['dag_with_python_dependencies_v03']) retrieved from /opt/airflow/dags/dag_with_python_dependencies.py
[2024-01-26T13:01:33.782+0000] {logging_mixin.py:149} INFO - [2024-01-26T13:01:33.782+0000] {dag.py:2726} INFO - Sync 1 DAGs
[2024-01-26T13:01:33.829+0000] {logging_mixin.py:149} INFO - [2024-01-26T13:01:33.829+0000] {dag.py:3486} INFO - Setting next_dagrun for dag_with_python_dependencies_v03 to 2024-01-24T16:00:00+00:00, run_after=2024-01-25T16:00:00+00:00
[2024-01-26T13:01:33.865+0000] {processor.py:179} INFO - Processing /opt/airflow/dags/dag_with_python_dependencies.py took 0.189 seconds
[2024-01-26T13:02:04.062+0000] {processor.py:157} INFO - Started process (PID=225) to work on /opt/airflow/dags/dag_with_python_dependencies.py
[2024-01-26T13:02:04.067+0000] {processor.py:826} INFO - Processing file /opt/airflow/dags/dag_with_python_dependencies.py for tasks to queue
[2024-01-26T13:02:04.072+0000] {logging_mixin.py:149} INFO - [2024-01-26T13:02:04.071+0000] {dagbag.py:541} INFO - Filling up the DagBag from /opt/airflow/dags/dag_with_python_dependencies.py
[2024-01-26T13:02:04.107+0000] {processor.py:836} INFO - DAG(s) dict_keys(['dag_with_python_dependencies_v03']) retrieved from /opt/airflow/dags/dag_with_python_dependencies.py
[2024-01-26T13:02:04.172+0000] {logging_mixin.py:149} INFO - [2024-01-26T13:02:04.172+0000] {dag.py:2726} INFO - Sync 1 DAGs
[2024-01-26T13:02:04.221+0000] {logging_mixin.py:149} INFO - [2024-01-26T13:02:04.220+0000] {dag.py:3486} INFO - Setting next_dagrun for dag_with_python_dependencies_v03 to 2024-01-24T16:00:00+00:00, run_after=2024-01-25T16:00:00+00:00
[2024-01-26T13:02:04.269+0000] {processor.py:179} INFO - Processing /opt/airflow/dags/dag_with_python_dependencies.py took 0.213 seconds
[2024-01-26T13:02:34.725+0000] {processor.py:157} INFO - Started process (PID=241) to work on /opt/airflow/dags/dag_with_python_dependencies.py
[2024-01-26T13:02:34.729+0000] {processor.py:826} INFO - Processing file /opt/airflow/dags/dag_with_python_dependencies.py for tasks to queue
[2024-01-26T13:02:34.732+0000] {logging_mixin.py:149} INFO - [2024-01-26T13:02:34.732+0000] {dagbag.py:541} INFO - Filling up the DagBag from /opt/airflow/dags/dag_with_python_dependencies.py
[2024-01-26T13:02:34.765+0000] {processor.py:836} INFO - DAG(s) dict_keys(['dag_with_python_dependencies_v03']) retrieved from /opt/airflow/dags/dag_with_python_dependencies.py
[2024-01-26T13:02:34.818+0000] {logging_mixin.py:149} INFO - [2024-01-26T13:02:34.818+0000] {dag.py:2726} INFO - Sync 1 DAGs
[2024-01-26T13:02:34.863+0000] {logging_mixin.py:149} INFO - [2024-01-26T13:02:34.863+0000] {dag.py:3486} INFO - Setting next_dagrun for dag_with_python_dependencies_v03 to 2024-01-24T16:00:00+00:00, run_after=2024-01-25T16:00:00+00:00
[2024-01-26T13:02:34.896+0000] {processor.py:179} INFO - Processing /opt/airflow/dags/dag_with_python_dependencies.py took 0.178 seconds
[2024-01-26T13:03:04.994+0000] {processor.py:157} INFO - Started process (PID=257) to work on /opt/airflow/dags/dag_with_python_dependencies.py
[2024-01-26T13:03:04.997+0000] {processor.py:826} INFO - Processing file /opt/airflow/dags/dag_with_python_dependencies.py for tasks to queue
[2024-01-26T13:03:05.000+0000] {logging_mixin.py:149} INFO - [2024-01-26T13:03:05.000+0000] {dagbag.py:541} INFO - Filling up the DagBag from /opt/airflow/dags/dag_with_python_dependencies.py
[2024-01-26T13:03:05.030+0000] {processor.py:836} INFO - DAG(s) dict_keys(['dag_with_python_dependencies_v03']) retrieved from /opt/airflow/dags/dag_with_python_dependencies.py
[2024-01-26T13:03:05.084+0000] {logging_mixin.py:149} INFO - [2024-01-26T13:03:05.084+0000] {dag.py:2726} INFO - Sync 1 DAGs
[2024-01-26T13:03:05.136+0000] {logging_mixin.py:149} INFO - [2024-01-26T13:03:05.136+0000] {dag.py:3486} INFO - Setting next_dagrun for dag_with_python_dependencies_v03 to 2024-01-24T16:00:00+00:00, run_after=2024-01-25T16:00:00+00:00
[2024-01-26T13:03:05.179+0000] {processor.py:179} INFO - Processing /opt/airflow/dags/dag_with_python_dependencies.py took 0.193 seconds
[2024-01-26T13:03:35.621+0000] {processor.py:157} INFO - Started process (PID=273) to work on /opt/airflow/dags/dag_with_python_dependencies.py
[2024-01-26T13:03:35.627+0000] {processor.py:826} INFO - Processing file /opt/airflow/dags/dag_with_python_dependencies.py for tasks to queue
[2024-01-26T13:03:35.634+0000] {logging_mixin.py:149} INFO - [2024-01-26T13:03:35.633+0000] {dagbag.py:541} INFO - Filling up the DagBag from /opt/airflow/dags/dag_with_python_dependencies.py
[2024-01-26T13:03:35.678+0000] {processor.py:836} INFO - DAG(s) dict_keys(['dag_with_python_dependencies_v03']) retrieved from /opt/airflow/dags/dag_with_python_dependencies.py
[2024-01-26T13:03:35.747+0000] {logging_mixin.py:149} INFO - [2024-01-26T13:03:35.747+0000] {dag.py:2726} INFO - Sync 1 DAGs
[2024-01-26T13:03:35.858+0000] {logging_mixin.py:149} INFO - [2024-01-26T13:03:35.858+0000] {dag.py:3486} INFO - Setting next_dagrun for dag_with_python_dependencies_v03 to 2024-01-24T16:00:00+00:00, run_after=2024-01-25T16:00:00+00:00
[2024-01-26T13:03:35.910+0000] {processor.py:179} INFO - Processing /opt/airflow/dags/dag_with_python_dependencies.py took 0.300 seconds
[2024-01-26T13:04:06.995+0000] {processor.py:157} INFO - Started process (PID=288) to work on /opt/airflow/dags/dag_with_python_dependencies.py
[2024-01-26T13:04:07.005+0000] {processor.py:826} INFO - Processing file /opt/airflow/dags/dag_with_python_dependencies.py for tasks to queue
[2024-01-26T13:04:07.017+0000] {logging_mixin.py:149} INFO - [2024-01-26T13:04:07.016+0000] {dagbag.py:541} INFO - Filling up the DagBag from /opt/airflow/dags/dag_with_python_dependencies.py
[2024-01-26T13:04:07.121+0000] {processor.py:836} INFO - DAG(s) dict_keys(['dag_with_python_dependencies_v03']) retrieved from /opt/airflow/dags/dag_with_python_dependencies.py
[2024-01-26T13:04:07.310+0000] {logging_mixin.py:149} INFO - [2024-01-26T13:04:07.309+0000] {dag.py:2726} INFO - Sync 1 DAGs
[2024-01-26T13:04:07.423+0000] {logging_mixin.py:149} INFO - [2024-01-26T13:04:07.422+0000] {dag.py:3486} INFO - Setting next_dagrun for dag_with_python_dependencies_v03 to 2024-01-24T16:00:00+00:00, run_after=2024-01-25T16:00:00+00:00
[2024-01-26T13:04:07.498+0000] {processor.py:179} INFO - Processing /opt/airflow/dags/dag_with_python_dependencies.py took 0.524 seconds
[2024-01-26T13:04:37.791+0000] {processor.py:157} INFO - Started process (PID=303) to work on /opt/airflow/dags/dag_with_python_dependencies.py
[2024-01-26T13:04:37.795+0000] {processor.py:826} INFO - Processing file /opt/airflow/dags/dag_with_python_dependencies.py for tasks to queue
[2024-01-26T13:04:37.798+0000] {logging_mixin.py:149} INFO - [2024-01-26T13:04:37.798+0000] {dagbag.py:541} INFO - Filling up the DagBag from /opt/airflow/dags/dag_with_python_dependencies.py
[2024-01-26T13:04:37.831+0000] {processor.py:836} INFO - DAG(s) dict_keys(['dag_with_python_dependencies_v03']) retrieved from /opt/airflow/dags/dag_with_python_dependencies.py
[2024-01-26T13:04:37.891+0000] {logging_mixin.py:149} INFO - [2024-01-26T13:04:37.891+0000] {dag.py:2726} INFO - Sync 1 DAGs
[2024-01-26T13:04:37.941+0000] {logging_mixin.py:149} INFO - [2024-01-26T13:04:37.940+0000] {dag.py:3486} INFO - Setting next_dagrun for dag_with_python_dependencies_v03 to 2024-01-24T16:00:00+00:00, run_after=2024-01-25T16:00:00+00:00
[2024-01-26T13:04:37.977+0000] {processor.py:179} INFO - Processing /opt/airflow/dags/dag_with_python_dependencies.py took 0.193 seconds
[2024-01-26T13:12:22.110+0000] {processor.py:157} INFO - Started process (PID=47) to work on /opt/airflow/dags/dag_with_python_dependencies.py
[2024-01-26T13:12:22.128+0000] {processor.py:826} INFO - Processing file /opt/airflow/dags/dag_with_python_dependencies.py for tasks to queue
[2024-01-26T13:12:22.146+0000] {logging_mixin.py:149} INFO - [2024-01-26T13:12:22.145+0000] {dagbag.py:541} INFO - Filling up the DagBag from /opt/airflow/dags/dag_with_python_dependencies.py
[2024-01-26T13:12:22.314+0000] {processor.py:836} INFO - DAG(s) dict_keys(['dag_with_python_dependencies_v03']) retrieved from /opt/airflow/dags/dag_with_python_dependencies.py
[2024-01-26T13:12:22.732+0000] {logging_mixin.py:149} INFO - [2024-01-26T13:12:22.731+0000] {dag.py:2726} INFO - Sync 1 DAGs
[2024-01-26T13:12:23.171+0000] {logging_mixin.py:149} INFO - [2024-01-26T13:12:23.167+0000] {dag.py:3486} INFO - Setting next_dagrun for dag_with_python_dependencies_v03 to 2024-01-24T16:00:00+00:00, run_after=2024-01-25T16:00:00+00:00
[2024-01-26T13:12:23.653+0000] {processor.py:179} INFO - Processing /opt/airflow/dags/dag_with_python_dependencies.py took 1.571 seconds
[2024-01-26T13:12:54.596+0000] {processor.py:157} INFO - Started process (PID=61) to work on /opt/airflow/dags/dag_with_python_dependencies.py
[2024-01-26T13:12:54.617+0000] {processor.py:826} INFO - Processing file /opt/airflow/dags/dag_with_python_dependencies.py for tasks to queue
[2024-01-26T13:12:54.689+0000] {logging_mixin.py:149} INFO - [2024-01-26T13:12:54.687+0000] {dagbag.py:541} INFO - Filling up the DagBag from /opt/airflow/dags/dag_with_python_dependencies.py
[2024-01-26T13:12:55.121+0000] {processor.py:836} INFO - DAG(s) dict_keys(['dag_with_python_dependencies_v03']) retrieved from /opt/airflow/dags/dag_with_python_dependencies.py
[2024-01-26T13:12:56.323+0000] {logging_mixin.py:149} INFO - [2024-01-26T13:12:56.317+0000] {dag.py:2726} INFO - Sync 1 DAGs
[2024-01-26T13:12:57.477+0000] {logging_mixin.py:149} INFO - [2024-01-26T13:12:57.433+0000] {dag.py:3486} INFO - Setting next_dagrun for dag_with_python_dependencies_v03 to 2024-01-24T16:00:00+00:00, run_after=2024-01-25T16:00:00+00:00
[2024-01-26T13:12:57.810+0000] {processor.py:179} INFO - Processing /opt/airflow/dags/dag_with_python_dependencies.py took 3.222 seconds
[2024-01-26T13:13:28.025+0000] {processor.py:157} INFO - Started process (PID=76) to work on /opt/airflow/dags/dag_with_python_dependencies.py
[2024-01-26T13:13:28.033+0000] {processor.py:826} INFO - Processing file /opt/airflow/dags/dag_with_python_dependencies.py for tasks to queue
[2024-01-26T13:13:28.041+0000] {logging_mixin.py:149} INFO - [2024-01-26T13:13:28.041+0000] {dagbag.py:541} INFO - Filling up the DagBag from /opt/airflow/dags/dag_with_python_dependencies.py
[2024-01-26T13:13:28.115+0000] {processor.py:836} INFO - DAG(s) dict_keys(['dag_with_python_dependencies_v03']) retrieved from /opt/airflow/dags/dag_with_python_dependencies.py
[2024-01-26T13:13:28.241+0000] {logging_mixin.py:149} INFO - [2024-01-26T13:13:28.241+0000] {dag.py:2726} INFO - Sync 1 DAGs
[2024-01-26T13:13:28.353+0000] {logging_mixin.py:149} INFO - [2024-01-26T13:13:28.352+0000] {dag.py:3486} INFO - Setting next_dagrun for dag_with_python_dependencies_v03 to 2024-01-24T16:00:00+00:00, run_after=2024-01-25T16:00:00+00:00
[2024-01-26T13:13:28.850+0000] {processor.py:179} INFO - Processing /opt/airflow/dags/dag_with_python_dependencies.py took 0.840 seconds
[2024-01-26T13:13:59.295+0000] {processor.py:157} INFO - Started process (PID=91) to work on /opt/airflow/dags/dag_with_python_dependencies.py
[2024-01-26T13:13:59.300+0000] {processor.py:826} INFO - Processing file /opt/airflow/dags/dag_with_python_dependencies.py for tasks to queue
[2024-01-26T13:13:59.304+0000] {logging_mixin.py:149} INFO - [2024-01-26T13:13:59.304+0000] {dagbag.py:541} INFO - Filling up the DagBag from /opt/airflow/dags/dag_with_python_dependencies.py
[2024-01-26T13:13:59.351+0000] {processor.py:836} INFO - DAG(s) dict_keys(['dag_with_python_dependencies_v03']) retrieved from /opt/airflow/dags/dag_with_python_dependencies.py
[2024-01-26T13:13:59.431+0000] {logging_mixin.py:149} INFO - [2024-01-26T13:13:59.431+0000] {dag.py:2726} INFO - Sync 1 DAGs
[2024-01-26T13:13:59.719+0000] {logging_mixin.py:149} INFO - [2024-01-26T13:13:59.718+0000] {dag.py:3486} INFO - Setting next_dagrun for dag_with_python_dependencies_v03 to 2024-01-24T16:00:00+00:00, run_after=2024-01-25T16:00:00+00:00
[2024-01-26T13:13:59.764+0000] {processor.py:179} INFO - Processing /opt/airflow/dags/dag_with_python_dependencies.py took 0.480 seconds
[2024-01-26T13:14:30.129+0000] {processor.py:157} INFO - Started process (PID=106) to work on /opt/airflow/dags/dag_with_python_dependencies.py
[2024-01-26T13:14:30.133+0000] {processor.py:826} INFO - Processing file /opt/airflow/dags/dag_with_python_dependencies.py for tasks to queue
[2024-01-26T13:14:30.136+0000] {logging_mixin.py:149} INFO - [2024-01-26T13:14:30.136+0000] {dagbag.py:541} INFO - Filling up the DagBag from /opt/airflow/dags/dag_with_python_dependencies.py
[2024-01-26T13:14:30.171+0000] {processor.py:836} INFO - DAG(s) dict_keys(['dag_with_python_dependencies_v03']) retrieved from /opt/airflow/dags/dag_with_python_dependencies.py
[2024-01-26T13:14:30.234+0000] {logging_mixin.py:149} INFO - [2024-01-26T13:14:30.234+0000] {dag.py:2726} INFO - Sync 1 DAGs
[2024-01-26T13:14:30.458+0000] {logging_mixin.py:149} INFO - [2024-01-26T13:14:30.458+0000] {dag.py:3486} INFO - Setting next_dagrun for dag_with_python_dependencies_v03 to 2024-01-24T16:00:00+00:00, run_after=2024-01-25T16:00:00+00:00
[2024-01-26T13:14:30.492+0000] {processor.py:179} INFO - Processing /opt/airflow/dags/dag_with_python_dependencies.py took 0.371 seconds
[2024-01-26T13:15:00.814+0000] {processor.py:157} INFO - Started process (PID=121) to work on /opt/airflow/dags/dag_with_python_dependencies.py
[2024-01-26T13:15:00.817+0000] {processor.py:826} INFO - Processing file /opt/airflow/dags/dag_with_python_dependencies.py for tasks to queue
[2024-01-26T13:15:00.820+0000] {logging_mixin.py:149} INFO - [2024-01-26T13:15:00.819+0000] {dagbag.py:541} INFO - Filling up the DagBag from /opt/airflow/dags/dag_with_python_dependencies.py
[2024-01-26T13:15:00.846+0000] {processor.py:836} INFO - DAG(s) dict_keys(['dag_with_python_dependencies_v03']) retrieved from /opt/airflow/dags/dag_with_python_dependencies.py
[2024-01-26T13:15:01.042+0000] {logging_mixin.py:149} INFO - [2024-01-26T13:15:01.042+0000] {dag.py:2726} INFO - Sync 1 DAGs
[2024-01-26T13:15:01.076+0000] {logging_mixin.py:149} INFO - [2024-01-26T13:15:01.076+0000] {dag.py:3486} INFO - Setting next_dagrun for dag_with_python_dependencies_v03 to 2024-01-24T16:00:00+00:00, run_after=2024-01-25T16:00:00+00:00
[2024-01-26T13:15:01.102+0000] {processor.py:179} INFO - Processing /opt/airflow/dags/dag_with_python_dependencies.py took 0.295 seconds
[2024-01-26T13:15:31.418+0000] {processor.py:157} INFO - Started process (PID=136) to work on /opt/airflow/dags/dag_with_python_dependencies.py
[2024-01-26T13:15:31.421+0000] {processor.py:826} INFO - Processing file /opt/airflow/dags/dag_with_python_dependencies.py for tasks to queue
[2024-01-26T13:15:31.423+0000] {logging_mixin.py:149} INFO - [2024-01-26T13:15:31.423+0000] {dagbag.py:541} INFO - Filling up the DagBag from /opt/airflow/dags/dag_with_python_dependencies.py
[2024-01-26T13:15:31.602+0000] {processor.py:836} INFO - DAG(s) dict_keys(['dag_with_python_dependencies_v03']) retrieved from /opt/airflow/dags/dag_with_python_dependencies.py
[2024-01-26T13:15:31.643+0000] {logging_mixin.py:149} INFO - [2024-01-26T13:15:31.642+0000] {dag.py:2726} INFO - Sync 1 DAGs
[2024-01-26T13:15:31.676+0000] {logging_mixin.py:149} INFO - [2024-01-26T13:15:31.676+0000] {dag.py:3486} INFO - Setting next_dagrun for dag_with_python_dependencies_v03 to 2024-01-24T16:00:00+00:00, run_after=2024-01-25T16:00:00+00:00
[2024-01-26T13:15:31.702+0000] {processor.py:179} INFO - Processing /opt/airflow/dags/dag_with_python_dependencies.py took 0.290 seconds
[2024-01-26T13:16:01.807+0000] {processor.py:157} INFO - Started process (PID=151) to work on /opt/airflow/dags/dag_with_python_dependencies.py
[2024-01-26T13:16:01.810+0000] {processor.py:826} INFO - Processing file /opt/airflow/dags/dag_with_python_dependencies.py for tasks to queue
[2024-01-26T13:16:01.814+0000] {logging_mixin.py:149} INFO - [2024-01-26T13:16:01.814+0000] {dagbag.py:541} INFO - Filling up the DagBag from /opt/airflow/dags/dag_with_python_dependencies.py
[2024-01-26T13:16:01.842+0000] {processor.py:836} INFO - DAG(s) dict_keys(['dag_with_python_dependencies_v03']) retrieved from /opt/airflow/dags/dag_with_python_dependencies.py
[2024-01-26T13:16:01.891+0000] {logging_mixin.py:149} INFO - [2024-01-26T13:16:01.891+0000] {dag.py:2726} INFO - Sync 1 DAGs
[2024-01-26T13:16:01.929+0000] {logging_mixin.py:149} INFO - [2024-01-26T13:16:01.929+0000] {dag.py:3486} INFO - Setting next_dagrun for dag_with_python_dependencies_v03 to 2024-01-24T16:00:00+00:00, run_after=2024-01-25T16:00:00+00:00
[2024-01-26T13:16:01.959+0000] {processor.py:179} INFO - Processing /opt/airflow/dags/dag_with_python_dependencies.py took 0.158 seconds
[2024-01-26T13:16:32.928+0000] {processor.py:157} INFO - Started process (PID=166) to work on /opt/airflow/dags/dag_with_python_dependencies.py
[2024-01-26T13:16:32.937+0000] {processor.py:826} INFO - Processing file /opt/airflow/dags/dag_with_python_dependencies.py for tasks to queue
[2024-01-26T13:16:32.942+0000] {logging_mixin.py:149} INFO - [2024-01-26T13:16:32.941+0000] {dagbag.py:541} INFO - Filling up the DagBag from /opt/airflow/dags/dag_with_python_dependencies.py
[2024-01-26T13:16:33.102+0000] {processor.py:836} INFO - DAG(s) dict_keys(['dag_with_python_dependencies_v03']) retrieved from /opt/airflow/dags/dag_with_python_dependencies.py
[2024-01-26T13:16:33.198+0000] {logging_mixin.py:149} INFO - [2024-01-26T13:16:33.197+0000] {dag.py:2726} INFO - Sync 1 DAGs
[2024-01-26T13:16:33.283+0000] {logging_mixin.py:149} INFO - [2024-01-26T13:16:33.283+0000] {dag.py:3486} INFO - Setting next_dagrun for dag_with_python_dependencies_v03 to 2024-01-24T16:00:00+00:00, run_after=2024-01-25T16:00:00+00:00
[2024-01-26T13:16:33.329+0000] {processor.py:179} INFO - Processing /opt/airflow/dags/dag_with_python_dependencies.py took 0.416 seconds
[2024-01-26T13:17:03.764+0000] {processor.py:157} INFO - Started process (PID=181) to work on /opt/airflow/dags/dag_with_python_dependencies.py
[2024-01-26T13:17:03.768+0000] {processor.py:826} INFO - Processing file /opt/airflow/dags/dag_with_python_dependencies.py for tasks to queue
[2024-01-26T13:17:03.773+0000] {logging_mixin.py:149} INFO - [2024-01-26T13:17:03.772+0000] {dagbag.py:541} INFO - Filling up the DagBag from /opt/airflow/dags/dag_with_python_dependencies.py
[2024-01-26T13:17:03.807+0000] {processor.py:836} INFO - DAG(s) dict_keys(['dag_with_python_dependencies_v03']) retrieved from /opt/airflow/dags/dag_with_python_dependencies.py
[2024-01-26T13:17:03.869+0000] {logging_mixin.py:149} INFO - [2024-01-26T13:17:03.869+0000] {dag.py:2726} INFO - Sync 1 DAGs
[2024-01-26T13:17:03.924+0000] {logging_mixin.py:149} INFO - [2024-01-26T13:17:03.924+0000] {dag.py:3486} INFO - Setting next_dagrun for dag_with_python_dependencies_v03 to 2024-01-24T16:00:00+00:00, run_after=2024-01-25T16:00:00+00:00
[2024-01-26T13:17:03.963+0000] {processor.py:179} INFO - Processing /opt/airflow/dags/dag_with_python_dependencies.py took 0.211 seconds
[2024-01-26T13:17:34.190+0000] {processor.py:157} INFO - Started process (PID=200) to work on /opt/airflow/dags/dag_with_python_dependencies.py
[2024-01-26T13:17:34.193+0000] {processor.py:826} INFO - Processing file /opt/airflow/dags/dag_with_python_dependencies.py for tasks to queue
[2024-01-26T13:17:34.196+0000] {logging_mixin.py:149} INFO - [2024-01-26T13:17:34.196+0000] {dagbag.py:541} INFO - Filling up the DagBag from /opt/airflow/dags/dag_with_python_dependencies.py
[2024-01-26T13:17:34.224+0000] {processor.py:836} INFO - DAG(s) dict_keys(['dag_with_python_dependencies_v03']) retrieved from /opt/airflow/dags/dag_with_python_dependencies.py
[2024-01-26T13:17:34.284+0000] {logging_mixin.py:149} INFO - [2024-01-26T13:17:34.284+0000] {dag.py:2726} INFO - Sync 1 DAGs
[2024-01-26T13:17:34.329+0000] {logging_mixin.py:149} INFO - [2024-01-26T13:17:34.329+0000] {dag.py:3486} INFO - Setting next_dagrun for dag_with_python_dependencies_v03 to 2024-01-24T16:00:00+00:00, run_after=2024-01-25T16:00:00+00:00
[2024-01-26T13:17:34.362+0000] {processor.py:179} INFO - Processing /opt/airflow/dags/dag_with_python_dependencies.py took 0.178 seconds
[2024-01-26T13:18:04.550+0000] {processor.py:157} INFO - Started process (PID=215) to work on /opt/airflow/dags/dag_with_python_dependencies.py
[2024-01-26T13:18:04.553+0000] {processor.py:826} INFO - Processing file /opt/airflow/dags/dag_with_python_dependencies.py for tasks to queue
[2024-01-26T13:18:04.556+0000] {logging_mixin.py:149} INFO - [2024-01-26T13:18:04.556+0000] {dagbag.py:541} INFO - Filling up the DagBag from /opt/airflow/dags/dag_with_python_dependencies.py
[2024-01-26T13:18:04.586+0000] {processor.py:836} INFO - DAG(s) dict_keys(['dag_with_python_dependencies_v03']) retrieved from /opt/airflow/dags/dag_with_python_dependencies.py
[2024-01-26T13:18:04.637+0000] {logging_mixin.py:149} INFO - [2024-01-26T13:18:04.637+0000] {dag.py:2726} INFO - Sync 1 DAGs
[2024-01-26T13:18:04.677+0000] {logging_mixin.py:149} INFO - [2024-01-26T13:18:04.677+0000] {dag.py:3486} INFO - Setting next_dagrun for dag_with_python_dependencies_v03 to 2024-01-24T16:00:00+00:00, run_after=2024-01-25T16:00:00+00:00
[2024-01-26T13:18:04.707+0000] {processor.py:179} INFO - Processing /opt/airflow/dags/dag_with_python_dependencies.py took 0.162 seconds
[2024-01-26T13:18:34.825+0000] {processor.py:157} INFO - Started process (PID=230) to work on /opt/airflow/dags/dag_with_python_dependencies.py
[2024-01-26T13:18:34.829+0000] {processor.py:826} INFO - Processing file /opt/airflow/dags/dag_with_python_dependencies.py for tasks to queue
[2024-01-26T13:18:34.831+0000] {logging_mixin.py:149} INFO - [2024-01-26T13:18:34.831+0000] {dagbag.py:541} INFO - Filling up the DagBag from /opt/airflow/dags/dag_with_python_dependencies.py
[2024-01-26T13:18:34.858+0000] {processor.py:836} INFO - DAG(s) dict_keys(['dag_with_python_dependencies_v03']) retrieved from /opt/airflow/dags/dag_with_python_dependencies.py
[2024-01-26T13:18:34.912+0000] {logging_mixin.py:149} INFO - [2024-01-26T13:18:34.912+0000] {dag.py:2726} INFO - Sync 1 DAGs
[2024-01-26T13:18:34.955+0000] {logging_mixin.py:149} INFO - [2024-01-26T13:18:34.955+0000] {dag.py:3486} INFO - Setting next_dagrun for dag_with_python_dependencies_v03 to 2024-01-24T16:00:00+00:00, run_after=2024-01-25T16:00:00+00:00
[2024-01-26T13:18:34.989+0000] {processor.py:179} INFO - Processing /opt/airflow/dags/dag_with_python_dependencies.py took 0.171 seconds
[2024-01-26T13:19:05.099+0000] {processor.py:157} INFO - Started process (PID=245) to work on /opt/airflow/dags/dag_with_python_dependencies.py
[2024-01-26T13:19:05.103+0000] {processor.py:826} INFO - Processing file /opt/airflow/dags/dag_with_python_dependencies.py for tasks to queue
[2024-01-26T13:19:05.106+0000] {logging_mixin.py:149} INFO - [2024-01-26T13:19:05.105+0000] {dagbag.py:541} INFO - Filling up the DagBag from /opt/airflow/dags/dag_with_python_dependencies.py
[2024-01-26T13:19:05.134+0000] {processor.py:836} INFO - DAG(s) dict_keys(['dag_with_python_dependencies_v03']) retrieved from /opt/airflow/dags/dag_with_python_dependencies.py
[2024-01-26T13:19:05.185+0000] {logging_mixin.py:149} INFO - [2024-01-26T13:19:05.184+0000] {dag.py:2726} INFO - Sync 1 DAGs
[2024-01-26T13:19:05.230+0000] {logging_mixin.py:149} INFO - [2024-01-26T13:19:05.230+0000] {dag.py:3486} INFO - Setting next_dagrun for dag_with_python_dependencies_v03 to 2024-01-24T16:00:00+00:00, run_after=2024-01-25T16:00:00+00:00
[2024-01-26T13:19:05.261+0000] {processor.py:179} INFO - Processing /opt/airflow/dags/dag_with_python_dependencies.py took 0.168 seconds
[2024-01-26T13:19:35.431+0000] {processor.py:157} INFO - Started process (PID=260) to work on /opt/airflow/dags/dag_with_python_dependencies.py
[2024-01-26T13:19:35.434+0000] {processor.py:826} INFO - Processing file /opt/airflow/dags/dag_with_python_dependencies.py for tasks to queue
[2024-01-26T13:19:35.437+0000] {logging_mixin.py:149} INFO - [2024-01-26T13:19:35.437+0000] {dagbag.py:541} INFO - Filling up the DagBag from /opt/airflow/dags/dag_with_python_dependencies.py
[2024-01-26T13:19:35.467+0000] {processor.py:836} INFO - DAG(s) dict_keys(['dag_with_python_dependencies_v03']) retrieved from /opt/airflow/dags/dag_with_python_dependencies.py
[2024-01-26T13:19:35.518+0000] {logging_mixin.py:149} INFO - [2024-01-26T13:19:35.518+0000] {dag.py:2726} INFO - Sync 1 DAGs
[2024-01-26T13:19:35.558+0000] {logging_mixin.py:149} INFO - [2024-01-26T13:19:35.558+0000] {dag.py:3486} INFO - Setting next_dagrun for dag_with_python_dependencies_v03 to 2024-01-24T16:00:00+00:00, run_after=2024-01-25T16:00:00+00:00
[2024-01-26T13:19:35.588+0000] {processor.py:179} INFO - Processing /opt/airflow/dags/dag_with_python_dependencies.py took 0.163 seconds
[2024-01-26T13:20:05.697+0000] {processor.py:157} INFO - Started process (PID=275) to work on /opt/airflow/dags/dag_with_python_dependencies.py
[2024-01-26T13:20:05.699+0000] {processor.py:826} INFO - Processing file /opt/airflow/dags/dag_with_python_dependencies.py for tasks to queue
[2024-01-26T13:20:05.702+0000] {logging_mixin.py:149} INFO - [2024-01-26T13:20:05.701+0000] {dagbag.py:541} INFO - Filling up the DagBag from /opt/airflow/dags/dag_with_python_dependencies.py
[2024-01-26T13:20:05.728+0000] {processor.py:836} INFO - DAG(s) dict_keys(['dag_with_python_dependencies_v03']) retrieved from /opt/airflow/dags/dag_with_python_dependencies.py
[2024-01-26T13:20:05.778+0000] {logging_mixin.py:149} INFO - [2024-01-26T13:20:05.778+0000] {dag.py:2726} INFO - Sync 1 DAGs
[2024-01-26T13:20:05.817+0000] {logging_mixin.py:149} INFO - [2024-01-26T13:20:05.817+0000] {dag.py:3486} INFO - Setting next_dagrun for dag_with_python_dependencies_v03 to 2024-01-24T16:00:00+00:00, run_after=2024-01-25T16:00:00+00:00
[2024-01-26T13:20:05.845+0000] {processor.py:179} INFO - Processing /opt/airflow/dags/dag_with_python_dependencies.py took 0.156 seconds
[2024-01-26T13:20:36.578+0000] {processor.py:157} INFO - Started process (PID=290) to work on /opt/airflow/dags/dag_with_python_dependencies.py
[2024-01-26T13:20:36.583+0000] {processor.py:826} INFO - Processing file /opt/airflow/dags/dag_with_python_dependencies.py for tasks to queue
[2024-01-26T13:20:36.586+0000] {logging_mixin.py:149} INFO - [2024-01-26T13:20:36.586+0000] {dagbag.py:541} INFO - Filling up the DagBag from /opt/airflow/dags/dag_with_python_dependencies.py
[2024-01-26T13:20:36.624+0000] {processor.py:836} INFO - DAG(s) dict_keys(['dag_with_python_dependencies_v03']) retrieved from /opt/airflow/dags/dag_with_python_dependencies.py
[2024-01-26T13:20:36.686+0000] {logging_mixin.py:149} INFO - [2024-01-26T13:20:36.685+0000] {dag.py:2726} INFO - Sync 1 DAGs
[2024-01-26T13:20:36.732+0000] {logging_mixin.py:149} INFO - [2024-01-26T13:20:36.732+0000] {dag.py:3486} INFO - Setting next_dagrun for dag_with_python_dependencies_v03 to 2024-01-24T16:00:00+00:00, run_after=2024-01-25T16:00:00+00:00
[2024-01-26T13:20:36.766+0000] {processor.py:179} INFO - Processing /opt/airflow/dags/dag_with_python_dependencies.py took 0.197 seconds
[2024-01-26T13:21:07.289+0000] {processor.py:157} INFO - Started process (PID=305) to work on /opt/airflow/dags/dag_with_python_dependencies.py
[2024-01-26T13:21:07.293+0000] {processor.py:826} INFO - Processing file /opt/airflow/dags/dag_with_python_dependencies.py for tasks to queue
[2024-01-26T13:21:07.296+0000] {logging_mixin.py:149} INFO - [2024-01-26T13:21:07.296+0000] {dagbag.py:541} INFO - Filling up the DagBag from /opt/airflow/dags/dag_with_python_dependencies.py
[2024-01-26T13:21:07.324+0000] {processor.py:836} INFO - DAG(s) dict_keys(['dag_with_python_dependencies_v03']) retrieved from /opt/airflow/dags/dag_with_python_dependencies.py
[2024-01-26T13:21:07.381+0000] {logging_mixin.py:149} INFO - [2024-01-26T13:21:07.381+0000] {dag.py:2726} INFO - Sync 1 DAGs
[2024-01-26T13:21:07.445+0000] {logging_mixin.py:149} INFO - [2024-01-26T13:21:07.444+0000] {dag.py:3486} INFO - Setting next_dagrun for dag_with_python_dependencies_v03 to 2024-01-24T16:00:00+00:00, run_after=2024-01-25T16:00:00+00:00
[2024-01-26T13:21:07.489+0000] {processor.py:179} INFO - Processing /opt/airflow/dags/dag_with_python_dependencies.py took 0.206 seconds
[2024-01-26T13:21:38.376+0000] {processor.py:157} INFO - Started process (PID=337) to work on /opt/airflow/dags/dag_with_python_dependencies.py
[2024-01-26T13:21:38.380+0000] {processor.py:826} INFO - Processing file /opt/airflow/dags/dag_with_python_dependencies.py for tasks to queue
[2024-01-26T13:21:38.384+0000] {logging_mixin.py:149} INFO - [2024-01-26T13:21:38.383+0000] {dagbag.py:541} INFO - Filling up the DagBag from /opt/airflow/dags/dag_with_python_dependencies.py
[2024-01-26T13:21:38.413+0000] {processor.py:836} INFO - DAG(s) dict_keys(['dag_with_python_dependencies_v03']) retrieved from /opt/airflow/dags/dag_with_python_dependencies.py
[2024-01-26T13:21:38.466+0000] {logging_mixin.py:149} INFO - [2024-01-26T13:21:38.465+0000] {dag.py:2726} INFO - Sync 1 DAGs
[2024-01-26T13:21:38.510+0000] {logging_mixin.py:149} INFO - [2024-01-26T13:21:38.510+0000] {dag.py:3486} INFO - Setting next_dagrun for dag_with_python_dependencies_v03 to 2024-01-24T16:00:00+00:00, run_after=2024-01-25T16:00:00+00:00
[2024-01-26T13:21:38.538+0000] {processor.py:179} INFO - Processing /opt/airflow/dags/dag_with_python_dependencies.py took 0.169 seconds
[2024-01-26T13:22:09.326+0000] {processor.py:157} INFO - Started process (PID=352) to work on /opt/airflow/dags/dag_with_python_dependencies.py
[2024-01-26T13:22:09.330+0000] {processor.py:826} INFO - Processing file /opt/airflow/dags/dag_with_python_dependencies.py for tasks to queue
[2024-01-26T13:22:09.332+0000] {logging_mixin.py:149} INFO - [2024-01-26T13:22:09.332+0000] {dagbag.py:541} INFO - Filling up the DagBag from /opt/airflow/dags/dag_with_python_dependencies.py
[2024-01-26T13:22:09.360+0000] {processor.py:836} INFO - DAG(s) dict_keys(['dag_with_python_dependencies_v03']) retrieved from /opt/airflow/dags/dag_with_python_dependencies.py
[2024-01-26T13:22:09.413+0000] {logging_mixin.py:149} INFO - [2024-01-26T13:22:09.413+0000] {dag.py:2726} INFO - Sync 1 DAGs
[2024-01-26T13:22:09.458+0000] {logging_mixin.py:149} INFO - [2024-01-26T13:22:09.458+0000] {dag.py:3486} INFO - Setting next_dagrun for dag_with_python_dependencies_v03 to 2024-01-24T16:00:00+00:00, run_after=2024-01-25T16:00:00+00:00
[2024-01-26T13:22:09.500+0000] {processor.py:179} INFO - Processing /opt/airflow/dags/dag_with_python_dependencies.py took 0.180 seconds
[2024-01-26T13:22:39.780+0000] {processor.py:157} INFO - Started process (PID=367) to work on /opt/airflow/dags/dag_with_python_dependencies.py
[2024-01-26T13:22:39.784+0000] {processor.py:826} INFO - Processing file /opt/airflow/dags/dag_with_python_dependencies.py for tasks to queue
[2024-01-26T13:22:39.786+0000] {logging_mixin.py:149} INFO - [2024-01-26T13:22:39.786+0000] {dagbag.py:541} INFO - Filling up the DagBag from /opt/airflow/dags/dag_with_python_dependencies.py
[2024-01-26T13:22:39.815+0000] {processor.py:836} INFO - DAG(s) dict_keys(['dag_with_python_dependencies_v03']) retrieved from /opt/airflow/dags/dag_with_python_dependencies.py
[2024-01-26T13:22:39.869+0000] {logging_mixin.py:149} INFO - [2024-01-26T13:22:39.869+0000] {dag.py:2726} INFO - Sync 1 DAGs
[2024-01-26T13:22:39.910+0000] {logging_mixin.py:149} INFO - [2024-01-26T13:22:39.909+0000] {dag.py:3486} INFO - Setting next_dagrun for dag_with_python_dependencies_v03 to 2024-01-24T16:00:00+00:00, run_after=2024-01-25T16:00:00+00:00
[2024-01-26T13:22:39.939+0000] {processor.py:179} INFO - Processing /opt/airflow/dags/dag_with_python_dependencies.py took 0.166 seconds
[2024-01-26T13:23:10.109+0000] {processor.py:157} INFO - Started process (PID=382) to work on /opt/airflow/dags/dag_with_python_dependencies.py
[2024-01-26T13:23:10.114+0000] {processor.py:826} INFO - Processing file /opt/airflow/dags/dag_with_python_dependencies.py for tasks to queue
[2024-01-26T13:23:10.117+0000] {logging_mixin.py:149} INFO - [2024-01-26T13:23:10.117+0000] {dagbag.py:541} INFO - Filling up the DagBag from /opt/airflow/dags/dag_with_python_dependencies.py
[2024-01-26T13:23:10.147+0000] {processor.py:836} INFO - DAG(s) dict_keys(['dag_with_python_dependencies_v03']) retrieved from /opt/airflow/dags/dag_with_python_dependencies.py
[2024-01-26T13:23:10.205+0000] {logging_mixin.py:149} INFO - [2024-01-26T13:23:10.204+0000] {dag.py:2726} INFO - Sync 1 DAGs
[2024-01-26T13:23:10.252+0000] {logging_mixin.py:149} INFO - [2024-01-26T13:23:10.252+0000] {dag.py:3486} INFO - Setting next_dagrun for dag_with_python_dependencies_v03 to 2024-01-24T16:00:00+00:00, run_after=2024-01-25T16:00:00+00:00
[2024-01-26T13:23:10.293+0000] {processor.py:179} INFO - Processing /opt/airflow/dags/dag_with_python_dependencies.py took 0.191 seconds
