[2024-01-26T12:56:11.548+0000] {processor.py:157} INFO - Started process (PID=41) to work on /opt/airflow/dags/dag_with_taskflow_api.py
[2024-01-26T12:56:11.677+0000] {processor.py:826} INFO - Processing file /opt/airflow/dags/dag_with_taskflow_api.py for tasks to queue
[2024-01-26T12:56:11.733+0000] {logging_mixin.py:149} INFO - [2024-01-26T12:56:11.732+0000] {dagbag.py:541} INFO - Filling up the DagBag from /opt/airflow/dags/dag_with_taskflow_api.py
[2024-01-26T12:56:12.420+0000] {processor.py:836} INFO - DAG(s) dict_keys(['dag_with_taskflow_api_v02']) retrieved from /opt/airflow/dags/dag_with_taskflow_api.py
[2024-01-26T12:56:15.574+0000] {logging_mixin.py:149} INFO - [2024-01-26T12:56:15.573+0000] {manager.py:504} INFO - Created Permission View: can delete on DAG:dag_with_taskflow_api_v02
[2024-01-26T12:56:15.625+0000] {logging_mixin.py:149} INFO - [2024-01-26T12:56:15.624+0000] {manager.py:504} INFO - Created Permission View: can edit on DAG:dag_with_taskflow_api_v02
[2024-01-26T12:56:15.670+0000] {logging_mixin.py:149} INFO - [2024-01-26T12:56:15.669+0000] {manager.py:504} INFO - Created Permission View: can read on DAG:dag_with_taskflow_api_v02
[2024-01-26T12:56:15.758+0000] {logging_mixin.py:149} INFO - [2024-01-26T12:56:15.757+0000] {dag.py:2726} INFO - Sync 1 DAGs
[2024-01-26T12:56:15.862+0000] {logging_mixin.py:149} INFO - [2024-01-26T12:56:15.862+0000] {dag.py:2747} INFO - Creating ORM DAG for dag_with_taskflow_api_v02
[2024-01-26T12:56:15.959+0000] {logging_mixin.py:149} INFO - [2024-01-26T12:56:15.958+0000] {dag.py:3486} INFO - Setting next_dagrun for dag_with_taskflow_api_v02 to 2024-01-24T16:00:00+00:00, run_after=2024-01-25T16:00:00+00:00
[2024-01-26T12:56:16.052+0000] {processor.py:179} INFO - Processing /opt/airflow/dags/dag_with_taskflow_api.py took 4.629 seconds
[2024-01-26T12:56:46.971+0000] {processor.py:157} INFO - Started process (PID=58) to work on /opt/airflow/dags/dag_with_taskflow_api.py
[2024-01-26T12:56:46.976+0000] {processor.py:826} INFO - Processing file /opt/airflow/dags/dag_with_taskflow_api.py for tasks to queue
[2024-01-26T12:56:46.982+0000] {logging_mixin.py:149} INFO - [2024-01-26T12:56:46.982+0000] {dagbag.py:541} INFO - Filling up the DagBag from /opt/airflow/dags/dag_with_taskflow_api.py
[2024-01-26T12:56:47.050+0000] {processor.py:836} INFO - DAG(s) dict_keys(['dag_with_taskflow_api_v02']) retrieved from /opt/airflow/dags/dag_with_taskflow_api.py
[2024-01-26T12:56:47.165+0000] {logging_mixin.py:149} INFO - [2024-01-26T12:56:47.165+0000] {dag.py:2726} INFO - Sync 1 DAGs
[2024-01-26T12:56:47.240+0000] {logging_mixin.py:149} INFO - [2024-01-26T12:56:47.239+0000] {dag.py:3486} INFO - Setting next_dagrun for dag_with_taskflow_api_v02 to 2024-01-24T16:00:00+00:00, run_after=2024-01-25T16:00:00+00:00
[2024-01-26T12:56:47.299+0000] {processor.py:179} INFO - Processing /opt/airflow/dags/dag_with_taskflow_api.py took 0.340 seconds
[2024-01-26T12:57:23.176+0000] {processor.py:157} INFO - Started process (PID=75) to work on /opt/airflow/dags/dag_with_taskflow_api.py
[2024-01-26T12:57:23.200+0000] {processor.py:826} INFO - Processing file /opt/airflow/dags/dag_with_taskflow_api.py for tasks to queue
[2024-01-26T12:57:23.234+0000] {logging_mixin.py:149} INFO - [2024-01-26T12:57:23.231+0000] {dagbag.py:541} INFO - Filling up the DagBag from /opt/airflow/dags/dag_with_taskflow_api.py
[2024-01-26T12:57:23.554+0000] {processor.py:836} INFO - DAG(s) dict_keys(['dag_with_taskflow_api_v02']) retrieved from /opt/airflow/dags/dag_with_taskflow_api.py
[2024-01-26T12:57:24.076+0000] {logging_mixin.py:149} INFO - [2024-01-26T12:57:24.073+0000] {dag.py:2726} INFO - Sync 1 DAGs
[2024-01-26T12:57:24.515+0000] {logging_mixin.py:149} INFO - [2024-01-26T12:57:24.513+0000] {dag.py:3486} INFO - Setting next_dagrun for dag_with_taskflow_api_v02 to 2024-01-24T16:00:00+00:00, run_after=2024-01-25T16:00:00+00:00
[2024-01-26T12:57:25.916+0000] {processor.py:179} INFO - Processing /opt/airflow/dags/dag_with_taskflow_api.py took 2.711 seconds
[2024-01-26T12:57:57.155+0000] {processor.py:157} INFO - Started process (PID=91) to work on /opt/airflow/dags/dag_with_taskflow_api.py
[2024-01-26T12:57:57.203+0000] {processor.py:826} INFO - Processing file /opt/airflow/dags/dag_with_taskflow_api.py for tasks to queue
[2024-01-26T12:57:57.230+0000] {logging_mixin.py:149} INFO - [2024-01-26T12:57:57.229+0000] {dagbag.py:541} INFO - Filling up the DagBag from /opt/airflow/dags/dag_with_taskflow_api.py
[2024-01-26T12:57:57.402+0000] {processor.py:836} INFO - DAG(s) dict_keys(['dag_with_taskflow_api_v02']) retrieved from /opt/airflow/dags/dag_with_taskflow_api.py
[2024-01-26T12:57:57.693+0000] {logging_mixin.py:149} INFO - [2024-01-26T12:57:57.691+0000] {dag.py:2726} INFO - Sync 1 DAGs
[2024-01-26T12:57:58.696+0000] {logging_mixin.py:149} INFO - [2024-01-26T12:57:58.695+0000] {dag.py:3486} INFO - Setting next_dagrun for dag_with_taskflow_api_v02 to 2024-01-24T16:00:00+00:00, run_after=2024-01-25T16:00:00+00:00
[2024-01-26T12:57:58.808+0000] {processor.py:179} INFO - Processing /opt/airflow/dags/dag_with_taskflow_api.py took 1.692 seconds
[2024-01-26T12:58:29.347+0000] {processor.py:157} INFO - Started process (PID=107) to work on /opt/airflow/dags/dag_with_taskflow_api.py
[2024-01-26T12:58:29.353+0000] {processor.py:826} INFO - Processing file /opt/airflow/dags/dag_with_taskflow_api.py for tasks to queue
[2024-01-26T12:58:29.357+0000] {logging_mixin.py:149} INFO - [2024-01-26T12:58:29.357+0000] {dagbag.py:541} INFO - Filling up the DagBag from /opt/airflow/dags/dag_with_taskflow_api.py
[2024-01-26T12:58:29.405+0000] {processor.py:836} INFO - DAG(s) dict_keys(['dag_with_taskflow_api_v02']) retrieved from /opt/airflow/dags/dag_with_taskflow_api.py
[2024-01-26T12:58:29.483+0000] {logging_mixin.py:149} INFO - [2024-01-26T12:58:29.483+0000] {dag.py:2726} INFO - Sync 1 DAGs
[2024-01-26T12:58:29.761+0000] {logging_mixin.py:149} INFO - [2024-01-26T12:58:29.761+0000] {dag.py:3486} INFO - Setting next_dagrun for dag_with_taskflow_api_v02 to 2024-01-24T16:00:00+00:00, run_after=2024-01-25T16:00:00+00:00
[2024-01-26T12:58:29.804+0000] {processor.py:179} INFO - Processing /opt/airflow/dags/dag_with_taskflow_api.py took 0.466 seconds
[2024-01-26T12:59:00.416+0000] {processor.py:157} INFO - Started process (PID=123) to work on /opt/airflow/dags/dag_with_taskflow_api.py
[2024-01-26T12:59:00.421+0000] {processor.py:826} INFO - Processing file /opt/airflow/dags/dag_with_taskflow_api.py for tasks to queue
[2024-01-26T12:59:00.424+0000] {logging_mixin.py:149} INFO - [2024-01-26T12:59:00.423+0000] {dagbag.py:541} INFO - Filling up the DagBag from /opt/airflow/dags/dag_with_taskflow_api.py
[2024-01-26T12:59:00.466+0000] {processor.py:836} INFO - DAG(s) dict_keys(['dag_with_taskflow_api_v02']) retrieved from /opt/airflow/dags/dag_with_taskflow_api.py
[2024-01-26T12:59:00.700+0000] {logging_mixin.py:149} INFO - [2024-01-26T12:59:00.700+0000] {dag.py:2726} INFO - Sync 1 DAGs
[2024-01-26T12:59:00.741+0000] {logging_mixin.py:149} INFO - [2024-01-26T12:59:00.740+0000] {dag.py:3486} INFO - Setting next_dagrun for dag_with_taskflow_api_v02 to 2024-01-24T16:00:00+00:00, run_after=2024-01-25T16:00:00+00:00
[2024-01-26T12:59:00.774+0000] {processor.py:179} INFO - Processing /opt/airflow/dags/dag_with_taskflow_api.py took 0.366 seconds
[2024-01-26T12:59:31.232+0000] {processor.py:157} INFO - Started process (PID=139) to work on /opt/airflow/dags/dag_with_taskflow_api.py
[2024-01-26T12:59:31.237+0000] {processor.py:826} INFO - Processing file /opt/airflow/dags/dag_with_taskflow_api.py for tasks to queue
[2024-01-26T12:59:31.241+0000] {logging_mixin.py:149} INFO - [2024-01-26T12:59:31.240+0000] {dagbag.py:541} INFO - Filling up the DagBag from /opt/airflow/dags/dag_with_taskflow_api.py
[2024-01-26T12:59:31.485+0000] {processor.py:836} INFO - DAG(s) dict_keys(['dag_with_taskflow_api_v02']) retrieved from /opt/airflow/dags/dag_with_taskflow_api.py
[2024-01-26T12:59:31.544+0000] {logging_mixin.py:149} INFO - [2024-01-26T12:59:31.544+0000] {dag.py:2726} INFO - Sync 1 DAGs
[2024-01-26T12:59:31.589+0000] {logging_mixin.py:149} INFO - [2024-01-26T12:59:31.589+0000] {dag.py:3486} INFO - Setting next_dagrun for dag_with_taskflow_api_v02 to 2024-01-24T16:00:00+00:00, run_after=2024-01-25T16:00:00+00:00
[2024-01-26T12:59:31.631+0000] {processor.py:179} INFO - Processing /opt/airflow/dags/dag_with_taskflow_api.py took 0.411 seconds
[2024-01-26T13:00:01.931+0000] {processor.py:157} INFO - Started process (PID=155) to work on /opt/airflow/dags/dag_with_taskflow_api.py
[2024-01-26T13:00:01.947+0000] {processor.py:826} INFO - Processing file /opt/airflow/dags/dag_with_taskflow_api.py for tasks to queue
[2024-01-26T13:00:01.954+0000] {logging_mixin.py:149} INFO - [2024-01-26T13:00:01.953+0000] {dagbag.py:541} INFO - Filling up the DagBag from /opt/airflow/dags/dag_with_taskflow_api.py
[2024-01-26T13:00:02.031+0000] {processor.py:836} INFO - DAG(s) dict_keys(['dag_with_taskflow_api_v02']) retrieved from /opt/airflow/dags/dag_with_taskflow_api.py
[2024-01-26T13:00:02.166+0000] {logging_mixin.py:149} INFO - [2024-01-26T13:00:02.166+0000] {dag.py:2726} INFO - Sync 1 DAGs
[2024-01-26T13:00:02.269+0000] {logging_mixin.py:149} INFO - [2024-01-26T13:00:02.269+0000] {dag.py:3486} INFO - Setting next_dagrun for dag_with_taskflow_api_v02 to 2024-01-24T16:00:00+00:00, run_after=2024-01-25T16:00:00+00:00
[2024-01-26T13:00:02.344+0000] {processor.py:179} INFO - Processing /opt/airflow/dags/dag_with_taskflow_api.py took 0.432 seconds
[2024-01-26T13:00:33.169+0000] {processor.py:157} INFO - Started process (PID=178) to work on /opt/airflow/dags/dag_with_taskflow_api.py
[2024-01-26T13:00:33.175+0000] {processor.py:826} INFO - Processing file /opt/airflow/dags/dag_with_taskflow_api.py for tasks to queue
[2024-01-26T13:00:33.182+0000] {logging_mixin.py:149} INFO - [2024-01-26T13:00:33.181+0000] {dagbag.py:541} INFO - Filling up the DagBag from /opt/airflow/dags/dag_with_taskflow_api.py
[2024-01-26T13:00:33.253+0000] {processor.py:836} INFO - DAG(s) dict_keys(['dag_with_taskflow_api_v02']) retrieved from /opt/airflow/dags/dag_with_taskflow_api.py
[2024-01-26T13:00:33.350+0000] {logging_mixin.py:149} INFO - [2024-01-26T13:00:33.350+0000] {dag.py:2726} INFO - Sync 1 DAGs
[2024-01-26T13:00:33.419+0000] {logging_mixin.py:149} INFO - [2024-01-26T13:00:33.419+0000] {dag.py:3486} INFO - Setting next_dagrun for dag_with_taskflow_api_v02 to 2024-01-24T16:00:00+00:00, run_after=2024-01-25T16:00:00+00:00
[2024-01-26T13:00:33.461+0000] {processor.py:179} INFO - Processing /opt/airflow/dags/dag_with_taskflow_api.py took 0.307 seconds
[2024-01-26T13:01:03.556+0000] {processor.py:157} INFO - Started process (PID=194) to work on /opt/airflow/dags/dag_with_taskflow_api.py
[2024-01-26T13:01:03.563+0000] {processor.py:826} INFO - Processing file /opt/airflow/dags/dag_with_taskflow_api.py for tasks to queue
[2024-01-26T13:01:03.570+0000] {logging_mixin.py:149} INFO - [2024-01-26T13:01:03.569+0000] {dagbag.py:541} INFO - Filling up the DagBag from /opt/airflow/dags/dag_with_taskflow_api.py
[2024-01-26T13:01:03.639+0000] {processor.py:836} INFO - DAG(s) dict_keys(['dag_with_taskflow_api_v02']) retrieved from /opt/airflow/dags/dag_with_taskflow_api.py
[2024-01-26T13:01:03.764+0000] {logging_mixin.py:149} INFO - [2024-01-26T13:01:03.763+0000] {dag.py:2726} INFO - Sync 1 DAGs
[2024-01-26T13:01:03.859+0000] {logging_mixin.py:149} INFO - [2024-01-26T13:01:03.859+0000] {dag.py:3486} INFO - Setting next_dagrun for dag_with_taskflow_api_v02 to 2024-01-24T16:00:00+00:00, run_after=2024-01-25T16:00:00+00:00
[2024-01-26T13:01:03.927+0000] {processor.py:179} INFO - Processing /opt/airflow/dags/dag_with_taskflow_api.py took 0.385 seconds
[2024-01-26T13:01:34.913+0000] {processor.py:157} INFO - Started process (PID=210) to work on /opt/airflow/dags/dag_with_taskflow_api.py
[2024-01-26T13:01:34.917+0000] {processor.py:826} INFO - Processing file /opt/airflow/dags/dag_with_taskflow_api.py for tasks to queue
[2024-01-26T13:01:34.920+0000] {logging_mixin.py:149} INFO - [2024-01-26T13:01:34.920+0000] {dagbag.py:541} INFO - Filling up the DagBag from /opt/airflow/dags/dag_with_taskflow_api.py
[2024-01-26T13:01:34.957+0000] {processor.py:836} INFO - DAG(s) dict_keys(['dag_with_taskflow_api_v02']) retrieved from /opt/airflow/dags/dag_with_taskflow_api.py
[2024-01-26T13:01:35.022+0000] {logging_mixin.py:149} INFO - [2024-01-26T13:01:35.022+0000] {dag.py:2726} INFO - Sync 1 DAGs
[2024-01-26T13:01:35.073+0000] {logging_mixin.py:149} INFO - [2024-01-26T13:01:35.073+0000] {dag.py:3486} INFO - Setting next_dagrun for dag_with_taskflow_api_v02 to 2024-01-24T16:00:00+00:00, run_after=2024-01-25T16:00:00+00:00
[2024-01-26T13:01:35.108+0000] {processor.py:179} INFO - Processing /opt/airflow/dags/dag_with_taskflow_api.py took 0.203 seconds
[2024-01-26T13:02:05.393+0000] {processor.py:157} INFO - Started process (PID=226) to work on /opt/airflow/dags/dag_with_taskflow_api.py
[2024-01-26T13:02:05.400+0000] {processor.py:826} INFO - Processing file /opt/airflow/dags/dag_with_taskflow_api.py for tasks to queue
[2024-01-26T13:02:05.406+0000] {logging_mixin.py:149} INFO - [2024-01-26T13:02:05.406+0000] {dagbag.py:541} INFO - Filling up the DagBag from /opt/airflow/dags/dag_with_taskflow_api.py
[2024-01-26T13:02:05.477+0000] {processor.py:836} INFO - DAG(s) dict_keys(['dag_with_taskflow_api_v02']) retrieved from /opt/airflow/dags/dag_with_taskflow_api.py
[2024-01-26T13:02:05.550+0000] {logging_mixin.py:149} INFO - [2024-01-26T13:02:05.549+0000] {dag.py:2726} INFO - Sync 1 DAGs
[2024-01-26T13:02:05.634+0000] {logging_mixin.py:149} INFO - [2024-01-26T13:02:05.633+0000] {dag.py:3486} INFO - Setting next_dagrun for dag_with_taskflow_api_v02 to 2024-01-24T16:00:00+00:00, run_after=2024-01-25T16:00:00+00:00
[2024-01-26T13:02:05.707+0000] {processor.py:179} INFO - Processing /opt/airflow/dags/dag_with_taskflow_api.py took 0.330 seconds
[2024-01-26T13:02:35.952+0000] {processor.py:157} INFO - Started process (PID=242) to work on /opt/airflow/dags/dag_with_taskflow_api.py
[2024-01-26T13:02:35.956+0000] {processor.py:826} INFO - Processing file /opt/airflow/dags/dag_with_taskflow_api.py for tasks to queue
[2024-01-26T13:02:35.959+0000] {logging_mixin.py:149} INFO - [2024-01-26T13:02:35.958+0000] {dagbag.py:541} INFO - Filling up the DagBag from /opt/airflow/dags/dag_with_taskflow_api.py
[2024-01-26T13:02:35.993+0000] {processor.py:836} INFO - DAG(s) dict_keys(['dag_with_taskflow_api_v02']) retrieved from /opt/airflow/dags/dag_with_taskflow_api.py
[2024-01-26T13:02:36.048+0000] {logging_mixin.py:149} INFO - [2024-01-26T13:02:36.048+0000] {dag.py:2726} INFO - Sync 1 DAGs
[2024-01-26T13:02:36.092+0000] {logging_mixin.py:149} INFO - [2024-01-26T13:02:36.092+0000] {dag.py:3486} INFO - Setting next_dagrun for dag_with_taskflow_api_v02 to 2024-01-24T16:00:00+00:00, run_after=2024-01-25T16:00:00+00:00
[2024-01-26T13:02:36.125+0000] {processor.py:179} INFO - Processing /opt/airflow/dags/dag_with_taskflow_api.py took 0.180 seconds
[2024-01-26T13:03:06.223+0000] {processor.py:157} INFO - Started process (PID=258) to work on /opt/airflow/dags/dag_with_taskflow_api.py
[2024-01-26T13:03:06.227+0000] {processor.py:826} INFO - Processing file /opt/airflow/dags/dag_with_taskflow_api.py for tasks to queue
[2024-01-26T13:03:06.230+0000] {logging_mixin.py:149} INFO - [2024-01-26T13:03:06.230+0000] {dagbag.py:541} INFO - Filling up the DagBag from /opt/airflow/dags/dag_with_taskflow_api.py
[2024-01-26T13:03:06.261+0000] {processor.py:836} INFO - DAG(s) dict_keys(['dag_with_taskflow_api_v02']) retrieved from /opt/airflow/dags/dag_with_taskflow_api.py
[2024-01-26T13:03:06.316+0000] {logging_mixin.py:149} INFO - [2024-01-26T13:03:06.316+0000] {dag.py:2726} INFO - Sync 1 DAGs
[2024-01-26T13:03:06.360+0000] {logging_mixin.py:149} INFO - [2024-01-26T13:03:06.359+0000] {dag.py:3486} INFO - Setting next_dagrun for dag_with_taskflow_api_v02 to 2024-01-24T16:00:00+00:00, run_after=2024-01-25T16:00:00+00:00
[2024-01-26T13:03:06.392+0000] {processor.py:179} INFO - Processing /opt/airflow/dags/dag_with_taskflow_api.py took 0.175 seconds
[2024-01-26T13:03:37.004+0000] {processor.py:157} INFO - Started process (PID=274) to work on /opt/airflow/dags/dag_with_taskflow_api.py
[2024-01-26T13:03:37.009+0000] {processor.py:826} INFO - Processing file /opt/airflow/dags/dag_with_taskflow_api.py for tasks to queue
[2024-01-26T13:03:37.017+0000] {logging_mixin.py:149} INFO - [2024-01-26T13:03:37.016+0000] {dagbag.py:541} INFO - Filling up the DagBag from /opt/airflow/dags/dag_with_taskflow_api.py
[2024-01-26T13:03:37.068+0000] {processor.py:836} INFO - DAG(s) dict_keys(['dag_with_taskflow_api_v02']) retrieved from /opt/airflow/dags/dag_with_taskflow_api.py
[2024-01-26T13:03:37.145+0000] {logging_mixin.py:149} INFO - [2024-01-26T13:03:37.144+0000] {dag.py:2726} INFO - Sync 1 DAGs
[2024-01-26T13:03:37.206+0000] {logging_mixin.py:149} INFO - [2024-01-26T13:03:37.205+0000] {dag.py:3486} INFO - Setting next_dagrun for dag_with_taskflow_api_v02 to 2024-01-24T16:00:00+00:00, run_after=2024-01-25T16:00:00+00:00
[2024-01-26T13:03:37.265+0000] {processor.py:179} INFO - Processing /opt/airflow/dags/dag_with_taskflow_api.py took 0.276 seconds
[2024-01-26T13:04:07.617+0000] {processor.py:157} INFO - Started process (PID=289) to work on /opt/airflow/dags/dag_with_taskflow_api.py
[2024-01-26T13:04:07.625+0000] {processor.py:826} INFO - Processing file /opt/airflow/dags/dag_with_taskflow_api.py for tasks to queue
[2024-01-26T13:04:07.632+0000] {logging_mixin.py:149} INFO - [2024-01-26T13:04:07.631+0000] {dagbag.py:541} INFO - Filling up the DagBag from /opt/airflow/dags/dag_with_taskflow_api.py
[2024-01-26T13:04:07.711+0000] {processor.py:836} INFO - DAG(s) dict_keys(['dag_with_taskflow_api_v02']) retrieved from /opt/airflow/dags/dag_with_taskflow_api.py
[2024-01-26T13:04:07.826+0000] {logging_mixin.py:149} INFO - [2024-01-26T13:04:07.825+0000] {dag.py:2726} INFO - Sync 1 DAGs
[2024-01-26T13:04:07.904+0000] {logging_mixin.py:149} INFO - [2024-01-26T13:04:07.904+0000] {dag.py:3486} INFO - Setting next_dagrun for dag_with_taskflow_api_v02 to 2024-01-24T16:00:00+00:00, run_after=2024-01-25T16:00:00+00:00
[2024-01-26T13:04:07.975+0000] {processor.py:179} INFO - Processing /opt/airflow/dags/dag_with_taskflow_api.py took 0.374 seconds
[2024-01-26T13:04:39.037+0000] {processor.py:157} INFO - Started process (PID=304) to work on /opt/airflow/dags/dag_with_taskflow_api.py
[2024-01-26T13:04:39.041+0000] {processor.py:826} INFO - Processing file /opt/airflow/dags/dag_with_taskflow_api.py for tasks to queue
[2024-01-26T13:04:39.044+0000] {logging_mixin.py:149} INFO - [2024-01-26T13:04:39.044+0000] {dagbag.py:541} INFO - Filling up the DagBag from /opt/airflow/dags/dag_with_taskflow_api.py
[2024-01-26T13:04:39.082+0000] {processor.py:836} INFO - DAG(s) dict_keys(['dag_with_taskflow_api_v02']) retrieved from /opt/airflow/dags/dag_with_taskflow_api.py
[2024-01-26T13:04:39.156+0000] {logging_mixin.py:149} INFO - [2024-01-26T13:04:39.155+0000] {dag.py:2726} INFO - Sync 1 DAGs
[2024-01-26T13:04:39.234+0000] {logging_mixin.py:149} INFO - [2024-01-26T13:04:39.234+0000] {dag.py:3486} INFO - Setting next_dagrun for dag_with_taskflow_api_v02 to 2024-01-24T16:00:00+00:00, run_after=2024-01-25T16:00:00+00:00
[2024-01-26T13:04:39.290+0000] {processor.py:179} INFO - Processing /opt/airflow/dags/dag_with_taskflow_api.py took 0.261 seconds
[2024-01-26T13:12:22.767+0000] {processor.py:157} INFO - Started process (PID=48) to work on /opt/airflow/dags/dag_with_taskflow_api.py
[2024-01-26T13:12:22.792+0000] {processor.py:826} INFO - Processing file /opt/airflow/dags/dag_with_taskflow_api.py for tasks to queue
[2024-01-26T13:12:22.821+0000] {logging_mixin.py:149} INFO - [2024-01-26T13:12:22.819+0000] {dagbag.py:541} INFO - Filling up the DagBag from /opt/airflow/dags/dag_with_taskflow_api.py
[2024-01-26T13:12:23.101+0000] {processor.py:836} INFO - DAG(s) dict_keys(['dag_with_taskflow_api_v02']) retrieved from /opt/airflow/dags/dag_with_taskflow_api.py
[2024-01-26T13:12:24.257+0000] {logging_mixin.py:149} INFO - [2024-01-26T13:12:24.256+0000] {dag.py:2726} INFO - Sync 1 DAGs
[2024-01-26T13:12:24.620+0000] {logging_mixin.py:149} INFO - [2024-01-26T13:12:24.619+0000] {dag.py:3486} INFO - Setting next_dagrun for dag_with_taskflow_api_v02 to 2024-01-24T16:00:00+00:00, run_after=2024-01-25T16:00:00+00:00
[2024-01-26T13:12:24.804+0000] {processor.py:179} INFO - Processing /opt/airflow/dags/dag_with_taskflow_api.py took 2.089 seconds
[2024-01-26T13:12:55.319+0000] {processor.py:157} INFO - Started process (PID=62) to work on /opt/airflow/dags/dag_with_taskflow_api.py
[2024-01-26T13:12:55.351+0000] {processor.py:826} INFO - Processing file /opt/airflow/dags/dag_with_taskflow_api.py for tasks to queue
[2024-01-26T13:12:55.385+0000] {logging_mixin.py:149} INFO - [2024-01-26T13:12:55.383+0000] {dagbag.py:541} INFO - Filling up the DagBag from /opt/airflow/dags/dag_with_taskflow_api.py
[2024-01-26T13:12:56.791+0000] {processor.py:836} INFO - DAG(s) dict_keys(['dag_with_taskflow_api_v02']) retrieved from /opt/airflow/dags/dag_with_taskflow_api.py
[2024-01-26T13:12:57.885+0000] {logging_mixin.py:149} INFO - [2024-01-26T13:12:57.884+0000] {dag.py:2726} INFO - Sync 1 DAGs
[2024-01-26T13:12:58.179+0000] {logging_mixin.py:149} INFO - [2024-01-26T13:12:58.178+0000] {dag.py:3486} INFO - Setting next_dagrun for dag_with_taskflow_api_v02 to 2024-01-24T16:00:00+00:00, run_after=2024-01-25T16:00:00+00:00
[2024-01-26T13:12:58.448+0000] {processor.py:179} INFO - Processing /opt/airflow/dags/dag_with_taskflow_api.py took 3.151 seconds
[2024-01-26T13:13:29.033+0000] {processor.py:157} INFO - Started process (PID=77) to work on /opt/airflow/dags/dag_with_taskflow_api.py
[2024-01-26T13:13:29.041+0000] {processor.py:826} INFO - Processing file /opt/airflow/dags/dag_with_taskflow_api.py for tasks to queue
[2024-01-26T13:13:29.051+0000] {logging_mixin.py:149} INFO - [2024-01-26T13:13:29.050+0000] {dagbag.py:541} INFO - Filling up the DagBag from /opt/airflow/dags/dag_with_taskflow_api.py
[2024-01-26T13:13:29.131+0000] {processor.py:836} INFO - DAG(s) dict_keys(['dag_with_taskflow_api_v02']) retrieved from /opt/airflow/dags/dag_with_taskflow_api.py
[2024-01-26T13:13:29.253+0000] {logging_mixin.py:149} INFO - [2024-01-26T13:13:29.252+0000] {dag.py:2726} INFO - Sync 1 DAGs
[2024-01-26T13:13:29.362+0000] {logging_mixin.py:149} INFO - [2024-01-26T13:13:29.361+0000] {dag.py:3486} INFO - Setting next_dagrun for dag_with_taskflow_api_v02 to 2024-01-24T16:00:00+00:00, run_after=2024-01-25T16:00:00+00:00
[2024-01-26T13:13:29.801+0000] {processor.py:179} INFO - Processing /opt/airflow/dags/dag_with_taskflow_api.py took 0.786 seconds
[2024-01-26T13:14:00.800+0000] {processor.py:157} INFO - Started process (PID=92) to work on /opt/airflow/dags/dag_with_taskflow_api.py
[2024-01-26T13:14:00.805+0000] {processor.py:826} INFO - Processing file /opt/airflow/dags/dag_with_taskflow_api.py for tasks to queue
[2024-01-26T13:14:00.811+0000] {logging_mixin.py:149} INFO - [2024-01-26T13:14:00.810+0000] {dagbag.py:541} INFO - Filling up the DagBag from /opt/airflow/dags/dag_with_taskflow_api.py
[2024-01-26T13:14:00.861+0000] {processor.py:836} INFO - DAG(s) dict_keys(['dag_with_taskflow_api_v02']) retrieved from /opt/airflow/dags/dag_with_taskflow_api.py
[2024-01-26T13:14:00.938+0000] {logging_mixin.py:149} INFO - [2024-01-26T13:14:00.937+0000] {dag.py:2726} INFO - Sync 1 DAGs
[2024-01-26T13:14:01.268+0000] {logging_mixin.py:149} INFO - [2024-01-26T13:14:01.268+0000] {dag.py:3486} INFO - Setting next_dagrun for dag_with_taskflow_api_v02 to 2024-01-24T16:00:00+00:00, run_after=2024-01-25T16:00:00+00:00
[2024-01-26T13:14:01.316+0000] {processor.py:179} INFO - Processing /opt/airflow/dags/dag_with_taskflow_api.py took 0.527 seconds
[2024-01-26T13:14:31.575+0000] {processor.py:157} INFO - Started process (PID=107) to work on /opt/airflow/dags/dag_with_taskflow_api.py
[2024-01-26T13:14:31.579+0000] {processor.py:826} INFO - Processing file /opt/airflow/dags/dag_with_taskflow_api.py for tasks to queue
[2024-01-26T13:14:31.582+0000] {logging_mixin.py:149} INFO - [2024-01-26T13:14:31.582+0000] {dagbag.py:541} INFO - Filling up the DagBag from /opt/airflow/dags/dag_with_taskflow_api.py
[2024-01-26T13:14:31.619+0000] {processor.py:836} INFO - DAG(s) dict_keys(['dag_with_taskflow_api_v02']) retrieved from /opt/airflow/dags/dag_with_taskflow_api.py
[2024-01-26T13:14:31.684+0000] {logging_mixin.py:149} INFO - [2024-01-26T13:14:31.683+0000] {dag.py:2726} INFO - Sync 1 DAGs
[2024-01-26T13:14:31.902+0000] {logging_mixin.py:149} INFO - [2024-01-26T13:14:31.901+0000] {dag.py:3486} INFO - Setting next_dagrun for dag_with_taskflow_api_v02 to 2024-01-24T16:00:00+00:00, run_after=2024-01-25T16:00:00+00:00
[2024-01-26T13:14:31.935+0000] {processor.py:179} INFO - Processing /opt/airflow/dags/dag_with_taskflow_api.py took 0.368 seconds
[2024-01-26T13:15:02.167+0000] {processor.py:157} INFO - Started process (PID=122) to work on /opt/airflow/dags/dag_with_taskflow_api.py
[2024-01-26T13:15:02.169+0000] {processor.py:826} INFO - Processing file /opt/airflow/dags/dag_with_taskflow_api.py for tasks to queue
[2024-01-26T13:15:02.172+0000] {logging_mixin.py:149} INFO - [2024-01-26T13:15:02.172+0000] {dagbag.py:541} INFO - Filling up the DagBag from /opt/airflow/dags/dag_with_taskflow_api.py
[2024-01-26T13:15:02.203+0000] {processor.py:836} INFO - DAG(s) dict_keys(['dag_with_taskflow_api_v02']) retrieved from /opt/airflow/dags/dag_with_taskflow_api.py
[2024-01-26T13:15:02.399+0000] {logging_mixin.py:149} INFO - [2024-01-26T13:15:02.399+0000] {dag.py:2726} INFO - Sync 1 DAGs
[2024-01-26T13:15:02.434+0000] {logging_mixin.py:149} INFO - [2024-01-26T13:15:02.434+0000] {dag.py:3486} INFO - Setting next_dagrun for dag_with_taskflow_api_v02 to 2024-01-24T16:00:00+00:00, run_after=2024-01-25T16:00:00+00:00
[2024-01-26T13:15:02.460+0000] {processor.py:179} INFO - Processing /opt/airflow/dags/dag_with_taskflow_api.py took 0.300 seconds
[2024-01-26T13:15:32.759+0000] {processor.py:157} INFO - Started process (PID=137) to work on /opt/airflow/dags/dag_with_taskflow_api.py
[2024-01-26T13:15:32.762+0000] {processor.py:826} INFO - Processing file /opt/airflow/dags/dag_with_taskflow_api.py for tasks to queue
[2024-01-26T13:15:32.764+0000] {logging_mixin.py:149} INFO - [2024-01-26T13:15:32.764+0000] {dagbag.py:541} INFO - Filling up the DagBag from /opt/airflow/dags/dag_with_taskflow_api.py
[2024-01-26T13:15:32.945+0000] {processor.py:836} INFO - DAG(s) dict_keys(['dag_with_taskflow_api_v02']) retrieved from /opt/airflow/dags/dag_with_taskflow_api.py
[2024-01-26T13:15:32.985+0000] {logging_mixin.py:149} INFO - [2024-01-26T13:15:32.985+0000] {dag.py:2726} INFO - Sync 1 DAGs
[2024-01-26T13:15:33.020+0000] {logging_mixin.py:149} INFO - [2024-01-26T13:15:33.019+0000] {dag.py:3486} INFO - Setting next_dagrun for dag_with_taskflow_api_v02 to 2024-01-24T16:00:00+00:00, run_after=2024-01-25T16:00:00+00:00
[2024-01-26T13:15:33.047+0000] {processor.py:179} INFO - Processing /opt/airflow/dags/dag_with_taskflow_api.py took 0.295 seconds
[2024-01-26T13:16:03.887+0000] {processor.py:157} INFO - Started process (PID=152) to work on /opt/airflow/dags/dag_with_taskflow_api.py
[2024-01-26T13:16:03.890+0000] {processor.py:826} INFO - Processing file /opt/airflow/dags/dag_with_taskflow_api.py for tasks to queue
[2024-01-26T13:16:03.892+0000] {logging_mixin.py:149} INFO - [2024-01-26T13:16:03.892+0000] {dagbag.py:541} INFO - Filling up the DagBag from /opt/airflow/dags/dag_with_taskflow_api.py
[2024-01-26T13:16:03.922+0000] {processor.py:836} INFO - DAG(s) dict_keys(['dag_with_taskflow_api_v02']) retrieved from /opt/airflow/dags/dag_with_taskflow_api.py
[2024-01-26T13:16:03.975+0000] {logging_mixin.py:149} INFO - [2024-01-26T13:16:03.974+0000] {dag.py:2726} INFO - Sync 1 DAGs
[2024-01-26T13:16:04.015+0000] {logging_mixin.py:149} INFO - [2024-01-26T13:16:04.015+0000] {dag.py:3486} INFO - Setting next_dagrun for dag_with_taskflow_api_v02 to 2024-01-24T16:00:00+00:00, run_after=2024-01-25T16:00:00+00:00
[2024-01-26T13:16:04.044+0000] {processor.py:179} INFO - Processing /opt/airflow/dags/dag_with_taskflow_api.py took 0.163 seconds
[2024-01-26T13:16:34.471+0000] {processor.py:157} INFO - Started process (PID=167) to work on /opt/airflow/dags/dag_with_taskflow_api.py
[2024-01-26T13:16:34.488+0000] {processor.py:826} INFO - Processing file /opt/airflow/dags/dag_with_taskflow_api.py for tasks to queue
[2024-01-26T13:16:34.495+0000] {logging_mixin.py:149} INFO - [2024-01-26T13:16:34.494+0000] {dagbag.py:541} INFO - Filling up the DagBag from /opt/airflow/dags/dag_with_taskflow_api.py
[2024-01-26T13:16:34.564+0000] {processor.py:836} INFO - DAG(s) dict_keys(['dag_with_taskflow_api_v02']) retrieved from /opt/airflow/dags/dag_with_taskflow_api.py
[2024-01-26T13:16:34.680+0000] {logging_mixin.py:149} INFO - [2024-01-26T13:16:34.680+0000] {dag.py:2726} INFO - Sync 1 DAGs
[2024-01-26T13:16:34.766+0000] {logging_mixin.py:149} INFO - [2024-01-26T13:16:34.766+0000] {dag.py:3486} INFO - Setting next_dagrun for dag_with_taskflow_api_v02 to 2024-01-24T16:00:00+00:00, run_after=2024-01-25T16:00:00+00:00
[2024-01-26T13:16:34.821+0000] {processor.py:179} INFO - Processing /opt/airflow/dags/dag_with_taskflow_api.py took 0.378 seconds
[2024-01-26T13:17:05.115+0000] {processor.py:157} INFO - Started process (PID=186) to work on /opt/airflow/dags/dag_with_taskflow_api.py
[2024-01-26T13:17:05.133+0000] {processor.py:826} INFO - Processing file /opt/airflow/dags/dag_with_taskflow_api.py for tasks to queue
[2024-01-26T13:17:05.169+0000] {logging_mixin.py:149} INFO - [2024-01-26T13:17:05.153+0000] {dagbag.py:541} INFO - Filling up the DagBag from /opt/airflow/dags/dag_with_taskflow_api.py
[2024-01-26T13:17:05.254+0000] {processor.py:836} INFO - DAG(s) dict_keys(['dag_with_taskflow_api_v02']) retrieved from /opt/airflow/dags/dag_with_taskflow_api.py
[2024-01-26T13:17:05.442+0000] {logging_mixin.py:149} INFO - [2024-01-26T13:17:05.441+0000] {dag.py:2726} INFO - Sync 1 DAGs
[2024-01-26T13:17:05.523+0000] {logging_mixin.py:149} INFO - [2024-01-26T13:17:05.522+0000] {dag.py:3486} INFO - Setting next_dagrun for dag_with_taskflow_api_v02 to 2024-01-24T16:00:00+00:00, run_after=2024-01-25T16:00:00+00:00
[2024-01-26T13:17:05.891+0000] {processor.py:179} INFO - Processing /opt/airflow/dags/dag_with_taskflow_api.py took 0.836 seconds
[2024-01-26T13:17:36.212+0000] {processor.py:157} INFO - Started process (PID=201) to work on /opt/airflow/dags/dag_with_taskflow_api.py
[2024-01-26T13:17:36.216+0000] {processor.py:826} INFO - Processing file /opt/airflow/dags/dag_with_taskflow_api.py for tasks to queue
[2024-01-26T13:17:36.219+0000] {logging_mixin.py:149} INFO - [2024-01-26T13:17:36.219+0000] {dagbag.py:541} INFO - Filling up the DagBag from /opt/airflow/dags/dag_with_taskflow_api.py
[2024-01-26T13:17:36.251+0000] {processor.py:836} INFO - DAG(s) dict_keys(['dag_with_taskflow_api_v02']) retrieved from /opt/airflow/dags/dag_with_taskflow_api.py
[2024-01-26T13:17:36.324+0000] {logging_mixin.py:149} INFO - [2024-01-26T13:17:36.323+0000] {dag.py:2726} INFO - Sync 1 DAGs
[2024-01-26T13:17:36.371+0000] {logging_mixin.py:149} INFO - [2024-01-26T13:17:36.370+0000] {dag.py:3486} INFO - Setting next_dagrun for dag_with_taskflow_api_v02 to 2024-01-24T16:00:00+00:00, run_after=2024-01-25T16:00:00+00:00
[2024-01-26T13:17:36.406+0000] {processor.py:179} INFO - Processing /opt/airflow/dags/dag_with_taskflow_api.py took 0.201 seconds
[2024-01-26T13:18:06.660+0000] {processor.py:157} INFO - Started process (PID=216) to work on /opt/airflow/dags/dag_with_taskflow_api.py
[2024-01-26T13:18:06.665+0000] {processor.py:826} INFO - Processing file /opt/airflow/dags/dag_with_taskflow_api.py for tasks to queue
[2024-01-26T13:18:06.669+0000] {logging_mixin.py:149} INFO - [2024-01-26T13:18:06.668+0000] {dagbag.py:541} INFO - Filling up the DagBag from /opt/airflow/dags/dag_with_taskflow_api.py
[2024-01-26T13:18:06.712+0000] {processor.py:836} INFO - DAG(s) dict_keys(['dag_with_taskflow_api_v02']) retrieved from /opt/airflow/dags/dag_with_taskflow_api.py
[2024-01-26T13:18:06.768+0000] {logging_mixin.py:149} INFO - [2024-01-26T13:18:06.767+0000] {dag.py:2726} INFO - Sync 1 DAGs
[2024-01-26T13:18:06.807+0000] {logging_mixin.py:149} INFO - [2024-01-26T13:18:06.807+0000] {dag.py:3486} INFO - Setting next_dagrun for dag_with_taskflow_api_v02 to 2024-01-24T16:00:00+00:00, run_after=2024-01-25T16:00:00+00:00
[2024-01-26T13:18:06.836+0000] {processor.py:179} INFO - Processing /opt/airflow/dags/dag_with_taskflow_api.py took 0.183 seconds
[2024-01-26T13:18:37.309+0000] {processor.py:157} INFO - Started process (PID=231) to work on /opt/airflow/dags/dag_with_taskflow_api.py
[2024-01-26T13:18:37.318+0000] {processor.py:826} INFO - Processing file /opt/airflow/dags/dag_with_taskflow_api.py for tasks to queue
[2024-01-26T13:18:37.323+0000] {logging_mixin.py:149} INFO - [2024-01-26T13:18:37.323+0000] {dagbag.py:541} INFO - Filling up the DagBag from /opt/airflow/dags/dag_with_taskflow_api.py
[2024-01-26T13:18:37.391+0000] {processor.py:836} INFO - DAG(s) dict_keys(['dag_with_taskflow_api_v02']) retrieved from /opt/airflow/dags/dag_with_taskflow_api.py
[2024-01-26T13:18:37.549+0000] {logging_mixin.py:149} INFO - [2024-01-26T13:18:37.549+0000] {dag.py:2726} INFO - Sync 1 DAGs
[2024-01-26T13:18:37.595+0000] {logging_mixin.py:149} INFO - [2024-01-26T13:18:37.595+0000] {dag.py:3486} INFO - Setting next_dagrun for dag_with_taskflow_api_v02 to 2024-01-24T16:00:00+00:00, run_after=2024-01-25T16:00:00+00:00
[2024-01-26T13:18:37.632+0000] {processor.py:179} INFO - Processing /opt/airflow/dags/dag_with_taskflow_api.py took 0.341 seconds
[2024-01-26T13:19:08.309+0000] {processor.py:157} INFO - Started process (PID=253) to work on /opt/airflow/dags/dag_with_taskflow_api.py
[2024-01-26T13:19:08.312+0000] {processor.py:826} INFO - Processing file /opt/airflow/dags/dag_with_taskflow_api.py for tasks to queue
[2024-01-26T13:19:08.315+0000] {logging_mixin.py:149} INFO - [2024-01-26T13:19:08.314+0000] {dagbag.py:541} INFO - Filling up the DagBag from /opt/airflow/dags/dag_with_taskflow_api.py
[2024-01-26T13:19:08.344+0000] {processor.py:836} INFO - DAG(s) dict_keys(['dag_with_taskflow_api_v02']) retrieved from /opt/airflow/dags/dag_with_taskflow_api.py
[2024-01-26T13:19:08.393+0000] {logging_mixin.py:149} INFO - [2024-01-26T13:19:08.393+0000] {dag.py:2726} INFO - Sync 1 DAGs
[2024-01-26T13:19:08.433+0000] {logging_mixin.py:149} INFO - [2024-01-26T13:19:08.433+0000] {dag.py:3486} INFO - Setting next_dagrun for dag_with_taskflow_api_v02 to 2024-01-24T16:00:00+00:00, run_after=2024-01-25T16:00:00+00:00
[2024-01-26T13:19:08.461+0000] {processor.py:179} INFO - Processing /opt/airflow/dags/dag_with_taskflow_api.py took 0.158 seconds
[2024-01-26T13:19:38.656+0000] {processor.py:157} INFO - Started process (PID=268) to work on /opt/airflow/dags/dag_with_taskflow_api.py
[2024-01-26T13:19:38.660+0000] {processor.py:826} INFO - Processing file /opt/airflow/dags/dag_with_taskflow_api.py for tasks to queue
[2024-01-26T13:19:38.665+0000] {logging_mixin.py:149} INFO - [2024-01-26T13:19:38.663+0000] {dagbag.py:541} INFO - Filling up the DagBag from /opt/airflow/dags/dag_with_taskflow_api.py
[2024-01-26T13:19:38.696+0000] {processor.py:836} INFO - DAG(s) dict_keys(['dag_with_taskflow_api_v02']) retrieved from /opt/airflow/dags/dag_with_taskflow_api.py
[2024-01-26T13:19:38.777+0000] {logging_mixin.py:149} INFO - [2024-01-26T13:19:38.777+0000] {dag.py:2726} INFO - Sync 1 DAGs
[2024-01-26T13:19:38.822+0000] {logging_mixin.py:149} INFO - [2024-01-26T13:19:38.821+0000] {dag.py:3486} INFO - Setting next_dagrun for dag_with_taskflow_api_v02 to 2024-01-24T16:00:00+00:00, run_after=2024-01-25T16:00:00+00:00
[2024-01-26T13:19:38.854+0000] {processor.py:179} INFO - Processing /opt/airflow/dags/dag_with_taskflow_api.py took 0.203 seconds
[2024-01-26T13:20:09.908+0000] {processor.py:157} INFO - Started process (PID=283) to work on /opt/airflow/dags/dag_with_taskflow_api.py
[2024-01-26T13:20:09.910+0000] {processor.py:826} INFO - Processing file /opt/airflow/dags/dag_with_taskflow_api.py for tasks to queue
[2024-01-26T13:20:09.913+0000] {logging_mixin.py:149} INFO - [2024-01-26T13:20:09.913+0000] {dagbag.py:541} INFO - Filling up the DagBag from /opt/airflow/dags/dag_with_taskflow_api.py
[2024-01-26T13:20:09.941+0000] {processor.py:836} INFO - DAG(s) dict_keys(['dag_with_taskflow_api_v02']) retrieved from /opt/airflow/dags/dag_with_taskflow_api.py
[2024-01-26T13:20:09.992+0000] {logging_mixin.py:149} INFO - [2024-01-26T13:20:09.991+0000] {dag.py:2726} INFO - Sync 1 DAGs
[2024-01-26T13:20:10.032+0000] {logging_mixin.py:149} INFO - [2024-01-26T13:20:10.032+0000] {dag.py:3486} INFO - Setting next_dagrun for dag_with_taskflow_api_v02 to 2024-01-24T16:00:00+00:00, run_after=2024-01-25T16:00:00+00:00
[2024-01-26T13:20:10.061+0000] {processor.py:179} INFO - Processing /opt/airflow/dags/dag_with_taskflow_api.py took 0.159 seconds
[2024-01-26T13:20:40.786+0000] {processor.py:157} INFO - Started process (PID=298) to work on /opt/airflow/dags/dag_with_taskflow_api.py
[2024-01-26T13:20:40.789+0000] {processor.py:826} INFO - Processing file /opt/airflow/dags/dag_with_taskflow_api.py for tasks to queue
[2024-01-26T13:20:40.794+0000] {logging_mixin.py:149} INFO - [2024-01-26T13:20:40.793+0000] {dagbag.py:541} INFO - Filling up the DagBag from /opt/airflow/dags/dag_with_taskflow_api.py
[2024-01-26T13:20:40.828+0000] {processor.py:836} INFO - DAG(s) dict_keys(['dag_with_taskflow_api_v02']) retrieved from /opt/airflow/dags/dag_with_taskflow_api.py
[2024-01-26T13:20:40.883+0000] {logging_mixin.py:149} INFO - [2024-01-26T13:20:40.883+0000] {dag.py:2726} INFO - Sync 1 DAGs
[2024-01-26T13:20:40.928+0000] {logging_mixin.py:149} INFO - [2024-01-26T13:20:40.927+0000] {dag.py:3486} INFO - Setting next_dagrun for dag_with_taskflow_api_v02 to 2024-01-24T16:00:00+00:00, run_after=2024-01-25T16:00:00+00:00
[2024-01-26T13:20:40.958+0000] {processor.py:179} INFO - Processing /opt/airflow/dags/dag_with_taskflow_api.py took 0.178 seconds
[2024-01-26T13:21:11.560+0000] {processor.py:157} INFO - Started process (PID=317) to work on /opt/airflow/dags/dag_with_taskflow_api.py
[2024-01-26T13:21:11.610+0000] {processor.py:826} INFO - Processing file /opt/airflow/dags/dag_with_taskflow_api.py for tasks to queue
[2024-01-26T13:21:11.618+0000] {logging_mixin.py:149} INFO - [2024-01-26T13:21:11.617+0000] {dagbag.py:541} INFO - Filling up the DagBag from /opt/airflow/dags/dag_with_taskflow_api.py
[2024-01-26T13:21:11.679+0000] {processor.py:836} INFO - DAG(s) dict_keys(['dag_with_taskflow_api_v02']) retrieved from /opt/airflow/dags/dag_with_taskflow_api.py
[2024-01-26T13:21:11.746+0000] {logging_mixin.py:149} INFO - [2024-01-26T13:21:11.746+0000] {dag.py:2726} INFO - Sync 1 DAGs
[2024-01-26T13:21:11.820+0000] {logging_mixin.py:149} INFO - [2024-01-26T13:21:11.820+0000] {dag.py:3486} INFO - Setting next_dagrun for dag_with_taskflow_api_v02 to 2024-01-24T16:00:00+00:00, run_after=2024-01-25T16:00:00+00:00
[2024-01-26T13:21:11.870+0000] {processor.py:179} INFO - Processing /opt/airflow/dags/dag_with_taskflow_api.py took 0.330 seconds
[2024-01-26T13:21:42.437+0000] {processor.py:157} INFO - Started process (PID=338) to work on /opt/airflow/dags/dag_with_taskflow_api.py
[2024-01-26T13:21:42.440+0000] {processor.py:826} INFO - Processing file /opt/airflow/dags/dag_with_taskflow_api.py for tasks to queue
[2024-01-26T13:21:42.443+0000] {logging_mixin.py:149} INFO - [2024-01-26T13:21:42.443+0000] {dagbag.py:541} INFO - Filling up the DagBag from /opt/airflow/dags/dag_with_taskflow_api.py
[2024-01-26T13:21:42.476+0000] {processor.py:836} INFO - DAG(s) dict_keys(['dag_with_taskflow_api_v02']) retrieved from /opt/airflow/dags/dag_with_taskflow_api.py
[2024-01-26T13:21:42.529+0000] {logging_mixin.py:149} INFO - [2024-01-26T13:21:42.529+0000] {dag.py:2726} INFO - Sync 1 DAGs
[2024-01-26T13:21:42.571+0000] {logging_mixin.py:149} INFO - [2024-01-26T13:21:42.571+0000] {dag.py:3486} INFO - Setting next_dagrun for dag_with_taskflow_api_v02 to 2024-01-24T16:00:00+00:00, run_after=2024-01-25T16:00:00+00:00
[2024-01-26T13:21:42.602+0000] {processor.py:179} INFO - Processing /opt/airflow/dags/dag_with_taskflow_api.py took 0.171 seconds
[2024-01-26T13:22:13.592+0000] {processor.py:157} INFO - Started process (PID=353) to work on /opt/airflow/dags/dag_with_taskflow_api.py
[2024-01-26T13:22:13.595+0000] {processor.py:826} INFO - Processing file /opt/airflow/dags/dag_with_taskflow_api.py for tasks to queue
[2024-01-26T13:22:13.598+0000] {logging_mixin.py:149} INFO - [2024-01-26T13:22:13.597+0000] {dagbag.py:541} INFO - Filling up the DagBag from /opt/airflow/dags/dag_with_taskflow_api.py
[2024-01-26T13:22:13.630+0000] {processor.py:836} INFO - DAG(s) dict_keys(['dag_with_taskflow_api_v02']) retrieved from /opt/airflow/dags/dag_with_taskflow_api.py
[2024-01-26T13:22:13.684+0000] {logging_mixin.py:149} INFO - [2024-01-26T13:22:13.684+0000] {dag.py:2726} INFO - Sync 1 DAGs
[2024-01-26T13:22:13.725+0000] {logging_mixin.py:149} INFO - [2024-01-26T13:22:13.725+0000] {dag.py:3486} INFO - Setting next_dagrun for dag_with_taskflow_api_v02 to 2024-01-24T16:00:00+00:00, run_after=2024-01-25T16:00:00+00:00
[2024-01-26T13:22:13.755+0000] {processor.py:179} INFO - Processing /opt/airflow/dags/dag_with_taskflow_api.py took 0.168 seconds
[2024-01-26T13:22:43.813+0000] {processor.py:157} INFO - Started process (PID=368) to work on /opt/airflow/dags/dag_with_taskflow_api.py
[2024-01-26T13:22:43.816+0000] {processor.py:826} INFO - Processing file /opt/airflow/dags/dag_with_taskflow_api.py for tasks to queue
[2024-01-26T13:22:43.819+0000] {logging_mixin.py:149} INFO - [2024-01-26T13:22:43.819+0000] {dagbag.py:541} INFO - Filling up the DagBag from /opt/airflow/dags/dag_with_taskflow_api.py
[2024-01-26T13:22:43.850+0000] {processor.py:836} INFO - DAG(s) dict_keys(['dag_with_taskflow_api_v02']) retrieved from /opt/airflow/dags/dag_with_taskflow_api.py
[2024-01-26T13:22:43.902+0000] {logging_mixin.py:149} INFO - [2024-01-26T13:22:43.901+0000] {dag.py:2726} INFO - Sync 1 DAGs
[2024-01-26T13:22:43.945+0000] {logging_mixin.py:149} INFO - [2024-01-26T13:22:43.944+0000] {dag.py:3486} INFO - Setting next_dagrun for dag_with_taskflow_api_v02 to 2024-01-24T16:00:00+00:00, run_after=2024-01-25T16:00:00+00:00
[2024-01-26T13:22:43.978+0000] {processor.py:179} INFO - Processing /opt/airflow/dags/dag_with_taskflow_api.py took 0.171 seconds
[2024-01-26T13:23:14.153+0000] {processor.py:157} INFO - Started process (PID=383) to work on /opt/airflow/dags/dag_with_taskflow_api.py
[2024-01-26T13:23:14.156+0000] {processor.py:826} INFO - Processing file /opt/airflow/dags/dag_with_taskflow_api.py for tasks to queue
[2024-01-26T13:23:14.159+0000] {logging_mixin.py:149} INFO - [2024-01-26T13:23:14.158+0000] {dagbag.py:541} INFO - Filling up the DagBag from /opt/airflow/dags/dag_with_taskflow_api.py
[2024-01-26T13:23:14.191+0000] {processor.py:836} INFO - DAG(s) dict_keys(['dag_with_taskflow_api_v02']) retrieved from /opt/airflow/dags/dag_with_taskflow_api.py
[2024-01-26T13:23:14.244+0000] {logging_mixin.py:149} INFO - [2024-01-26T13:23:14.244+0000] {dag.py:2726} INFO - Sync 1 DAGs
[2024-01-26T13:23:14.286+0000] {logging_mixin.py:149} INFO - [2024-01-26T13:23:14.286+0000] {dag.py:3486} INFO - Setting next_dagrun for dag_with_taskflow_api_v02 to 2024-01-24T16:00:00+00:00, run_after=2024-01-25T16:00:00+00:00
[2024-01-26T13:23:14.317+0000] {processor.py:179} INFO - Processing /opt/airflow/dags/dag_with_taskflow_api.py took 0.170 seconds
