[2024-01-26T12:56:16.174+0000] {processor.py:157} INFO - Started process (PID=42) to work on /opt/airflow/dags/our_first_dag.py
[2024-01-26T12:56:16.184+0000] {processor.py:826} INFO - Processing file /opt/airflow/dags/our_first_dag.py for tasks to queue
[2024-01-26T12:56:16.189+0000] {logging_mixin.py:149} INFO - [2024-01-26T12:56:16.189+0000] {dagbag.py:541} INFO - Filling up the DagBag from /opt/airflow/dags/our_first_dag.py
[2024-01-26T12:56:16.308+0000] {processor.py:836} INFO - DAG(s) dict_keys(['our_first_dag_v5']) retrieved from /opt/airflow/dags/our_first_dag.py
[2024-01-26T12:56:17.201+0000] {logging_mixin.py:149} INFO - [2024-01-26T12:56:17.200+0000] {manager.py:504} INFO - Created Permission View: can delete on DAG:our_first_dag_v5
[2024-01-26T12:56:17.289+0000] {logging_mixin.py:149} INFO - [2024-01-26T12:56:17.289+0000] {manager.py:504} INFO - Created Permission View: can edit on DAG:our_first_dag_v5
[2024-01-26T12:56:17.318+0000] {logging_mixin.py:149} INFO - [2024-01-26T12:56:17.317+0000] {manager.py:504} INFO - Created Permission View: can read on DAG:our_first_dag_v5
[2024-01-26T12:56:17.378+0000] {logging_mixin.py:149} INFO - [2024-01-26T12:56:17.377+0000] {dag.py:2726} INFO - Sync 1 DAGs
[2024-01-26T12:56:17.426+0000] {logging_mixin.py:149} INFO - [2024-01-26T12:56:17.425+0000] {dag.py:2747} INFO - Creating ORM DAG for our_first_dag_v5
[2024-01-26T12:56:17.470+0000] {logging_mixin.py:149} INFO - [2024-01-26T12:56:17.470+0000] {dag.py:3486} INFO - Setting next_dagrun for our_first_dag_v5 to 2024-01-24T16:00:00+00:00, run_after=2024-01-25T16:00:00+00:00
[2024-01-26T12:56:17.542+0000] {processor.py:179} INFO - Processing /opt/airflow/dags/our_first_dag.py took 1.382 seconds
[2024-01-26T12:56:48.365+0000] {processor.py:157} INFO - Started process (PID=59) to work on /opt/airflow/dags/our_first_dag.py
[2024-01-26T12:56:48.372+0000] {processor.py:826} INFO - Processing file /opt/airflow/dags/our_first_dag.py for tasks to queue
[2024-01-26T12:56:48.377+0000] {logging_mixin.py:149} INFO - [2024-01-26T12:56:48.376+0000] {dagbag.py:541} INFO - Filling up the DagBag from /opt/airflow/dags/our_first_dag.py
[2024-01-26T12:56:48.440+0000] {processor.py:836} INFO - DAG(s) dict_keys(['our_first_dag_v5']) retrieved from /opt/airflow/dags/our_first_dag.py
[2024-01-26T12:56:48.517+0000] {logging_mixin.py:149} INFO - [2024-01-26T12:56:48.516+0000] {dag.py:2726} INFO - Sync 1 DAGs
[2024-01-26T12:56:48.583+0000] {logging_mixin.py:149} INFO - [2024-01-26T12:56:48.582+0000] {dag.py:3486} INFO - Setting next_dagrun for our_first_dag_v5 to 2024-01-24T16:00:00+00:00, run_after=2024-01-25T16:00:00+00:00
[2024-01-26T12:56:48.620+0000] {processor.py:179} INFO - Processing /opt/airflow/dags/our_first_dag.py took 0.265 seconds
[2024-01-26T12:57:23.913+0000] {processor.py:157} INFO - Started process (PID=76) to work on /opt/airflow/dags/our_first_dag.py
[2024-01-26T12:57:23.937+0000] {processor.py:826} INFO - Processing file /opt/airflow/dags/our_first_dag.py for tasks to queue
[2024-01-26T12:57:23.956+0000] {logging_mixin.py:149} INFO - [2024-01-26T12:57:23.955+0000] {dagbag.py:541} INFO - Filling up the DagBag from /opt/airflow/dags/our_first_dag.py
[2024-01-26T12:57:24.249+0000] {processor.py:836} INFO - DAG(s) dict_keys(['our_first_dag_v5']) retrieved from /opt/airflow/dags/our_first_dag.py
[2024-01-26T12:57:24.766+0000] {logging_mixin.py:149} INFO - [2024-01-26T12:57:24.765+0000] {dag.py:2726} INFO - Sync 1 DAGs
[2024-01-26T12:57:25.161+0000] {logging_mixin.py:149} INFO - [2024-01-26T12:57:25.158+0000] {dag.py:3486} INFO - Setting next_dagrun for our_first_dag_v5 to 2024-01-24T16:00:00+00:00, run_after=2024-01-25T16:00:00+00:00
[2024-01-26T12:57:26.644+0000] {processor.py:179} INFO - Processing /opt/airflow/dags/our_first_dag.py took 2.696 seconds
[2024-01-26T12:57:57.436+0000] {processor.py:157} INFO - Started process (PID=92) to work on /opt/airflow/dags/our_first_dag.py
[2024-01-26T12:57:57.456+0000] {processor.py:826} INFO - Processing file /opt/airflow/dags/our_first_dag.py for tasks to queue
[2024-01-26T12:57:57.468+0000] {logging_mixin.py:149} INFO - [2024-01-26T12:57:57.466+0000] {dagbag.py:541} INFO - Filling up the DagBag from /opt/airflow/dags/our_first_dag.py
[2024-01-26T12:57:57.623+0000] {processor.py:836} INFO - DAG(s) dict_keys(['our_first_dag_v5']) retrieved from /opt/airflow/dags/our_first_dag.py
[2024-01-26T12:57:58.004+0000] {logging_mixin.py:149} INFO - [2024-01-26T12:57:58.002+0000] {dag.py:2726} INFO - Sync 1 DAGs
[2024-01-26T12:57:58.892+0000] {logging_mixin.py:149} INFO - [2024-01-26T12:57:58.891+0000] {dag.py:3486} INFO - Setting next_dagrun for our_first_dag_v5 to 2024-01-24T16:00:00+00:00, run_after=2024-01-25T16:00:00+00:00
[2024-01-26T12:57:59.012+0000] {processor.py:179} INFO - Processing /opt/airflow/dags/our_first_dag.py took 1.622 seconds
[2024-01-26T12:58:29.367+0000] {processor.py:157} INFO - Started process (PID=108) to work on /opt/airflow/dags/our_first_dag.py
[2024-01-26T12:58:29.374+0000] {processor.py:826} INFO - Processing file /opt/airflow/dags/our_first_dag.py for tasks to queue
[2024-01-26T12:58:29.378+0000] {logging_mixin.py:149} INFO - [2024-01-26T12:58:29.378+0000] {dagbag.py:541} INFO - Filling up the DagBag from /opt/airflow/dags/our_first_dag.py
[2024-01-26T12:58:29.423+0000] {processor.py:836} INFO - DAG(s) dict_keys(['our_first_dag_v5']) retrieved from /opt/airflow/dags/our_first_dag.py
[2024-01-26T12:58:29.506+0000] {logging_mixin.py:149} INFO - [2024-01-26T12:58:29.506+0000] {dag.py:2726} INFO - Sync 1 DAGs
[2024-01-26T12:58:29.778+0000] {logging_mixin.py:149} INFO - [2024-01-26T12:58:29.778+0000] {dag.py:3486} INFO - Setting next_dagrun for our_first_dag_v5 to 2024-01-24T16:00:00+00:00, run_after=2024-01-25T16:00:00+00:00
[2024-01-26T12:58:29.822+0000] {processor.py:179} INFO - Processing /opt/airflow/dags/our_first_dag.py took 0.465 seconds
[2024-01-26T12:59:00.430+0000] {processor.py:157} INFO - Started process (PID=124) to work on /opt/airflow/dags/our_first_dag.py
[2024-01-26T12:59:00.434+0000] {processor.py:826} INFO - Processing file /opt/airflow/dags/our_first_dag.py for tasks to queue
[2024-01-26T12:59:00.438+0000] {logging_mixin.py:149} INFO - [2024-01-26T12:59:00.438+0000] {dagbag.py:541} INFO - Filling up the DagBag from /opt/airflow/dags/our_first_dag.py
[2024-01-26T12:59:00.478+0000] {processor.py:836} INFO - DAG(s) dict_keys(['our_first_dag_v5']) retrieved from /opt/airflow/dags/our_first_dag.py
[2024-01-26T12:59:00.711+0000] {logging_mixin.py:149} INFO - [2024-01-26T12:59:00.710+0000] {dag.py:2726} INFO - Sync 1 DAGs
[2024-01-26T12:59:00.752+0000] {logging_mixin.py:149} INFO - [2024-01-26T12:59:00.751+0000] {dag.py:3486} INFO - Setting next_dagrun for our_first_dag_v5 to 2024-01-24T16:00:00+00:00, run_after=2024-01-25T16:00:00+00:00
[2024-01-26T12:59:00.786+0000] {processor.py:179} INFO - Processing /opt/airflow/dags/our_first_dag.py took 0.362 seconds
[2024-01-26T12:59:31.254+0000] {processor.py:157} INFO - Started process (PID=140) to work on /opt/airflow/dags/our_first_dag.py
[2024-01-26T12:59:31.259+0000] {processor.py:826} INFO - Processing file /opt/airflow/dags/our_first_dag.py for tasks to queue
[2024-01-26T12:59:31.263+0000] {logging_mixin.py:149} INFO - [2024-01-26T12:59:31.263+0000] {dagbag.py:541} INFO - Filling up the DagBag from /opt/airflow/dags/our_first_dag.py
[2024-01-26T12:59:31.495+0000] {processor.py:836} INFO - DAG(s) dict_keys(['our_first_dag_v5']) retrieved from /opt/airflow/dags/our_first_dag.py
[2024-01-26T12:59:31.552+0000] {logging_mixin.py:149} INFO - [2024-01-26T12:59:31.552+0000] {dag.py:2726} INFO - Sync 1 DAGs
[2024-01-26T12:59:31.597+0000] {logging_mixin.py:149} INFO - [2024-01-26T12:59:31.597+0000] {dag.py:3486} INFO - Setting next_dagrun for our_first_dag_v5 to 2024-01-24T16:00:00+00:00, run_after=2024-01-25T16:00:00+00:00
[2024-01-26T12:59:31.635+0000] {processor.py:179} INFO - Processing /opt/airflow/dags/our_first_dag.py took 0.390 seconds
[2024-01-26T13:00:01.959+0000] {processor.py:157} INFO - Started process (PID=156) to work on /opt/airflow/dags/our_first_dag.py
[2024-01-26T13:00:01.967+0000] {processor.py:826} INFO - Processing file /opt/airflow/dags/our_first_dag.py for tasks to queue
[2024-01-26T13:00:01.980+0000] {logging_mixin.py:149} INFO - [2024-01-26T13:00:01.979+0000] {dagbag.py:541} INFO - Filling up the DagBag from /opt/airflow/dags/our_first_dag.py
[2024-01-26T13:00:02.061+0000] {processor.py:836} INFO - DAG(s) dict_keys(['our_first_dag_v5']) retrieved from /opt/airflow/dags/our_first_dag.py
[2024-01-26T13:00:02.205+0000] {logging_mixin.py:149} INFO - [2024-01-26T13:00:02.204+0000] {dag.py:2726} INFO - Sync 1 DAGs
[2024-01-26T13:00:02.305+0000] {logging_mixin.py:149} INFO - [2024-01-26T13:00:02.305+0000] {dag.py:3486} INFO - Setting next_dagrun for our_first_dag_v5 to 2024-01-24T16:00:00+00:00, run_after=2024-01-25T16:00:00+00:00
[2024-01-26T13:00:02.375+0000] {processor.py:179} INFO - Processing /opt/airflow/dags/our_first_dag.py took 0.428 seconds
[2024-01-26T13:00:33.189+0000] {processor.py:157} INFO - Started process (PID=179) to work on /opt/airflow/dags/our_first_dag.py
[2024-01-26T13:00:33.195+0000] {processor.py:826} INFO - Processing file /opt/airflow/dags/our_first_dag.py for tasks to queue
[2024-01-26T13:00:33.201+0000] {logging_mixin.py:149} INFO - [2024-01-26T13:00:33.201+0000] {dagbag.py:541} INFO - Filling up the DagBag from /opt/airflow/dags/our_first_dag.py
[2024-01-26T13:00:33.270+0000] {processor.py:836} INFO - DAG(s) dict_keys(['our_first_dag_v5']) retrieved from /opt/airflow/dags/our_first_dag.py
[2024-01-26T13:00:33.359+0000] {logging_mixin.py:149} INFO - [2024-01-26T13:00:33.358+0000] {dag.py:2726} INFO - Sync 1 DAGs
[2024-01-26T13:00:33.421+0000] {logging_mixin.py:149} INFO - [2024-01-26T13:00:33.421+0000] {dag.py:3486} INFO - Setting next_dagrun for our_first_dag_v5 to 2024-01-24T16:00:00+00:00, run_after=2024-01-25T16:00:00+00:00
[2024-01-26T13:00:33.465+0000] {processor.py:179} INFO - Processing /opt/airflow/dags/our_first_dag.py took 0.287 seconds
[2024-01-26T13:01:04.047+0000] {processor.py:157} INFO - Started process (PID=195) to work on /opt/airflow/dags/our_first_dag.py
[2024-01-26T13:01:04.056+0000] {processor.py:826} INFO - Processing file /opt/airflow/dags/our_first_dag.py for tasks to queue
[2024-01-26T13:01:04.062+0000] {logging_mixin.py:149} INFO - [2024-01-26T13:01:04.062+0000] {dagbag.py:541} INFO - Filling up the DagBag from /opt/airflow/dags/our_first_dag.py
[2024-01-26T13:01:04.133+0000] {processor.py:836} INFO - DAG(s) dict_keys(['our_first_dag_v5']) retrieved from /opt/airflow/dags/our_first_dag.py
[2024-01-26T13:01:04.239+0000] {logging_mixin.py:149} INFO - [2024-01-26T13:01:04.239+0000] {dag.py:2726} INFO - Sync 1 DAGs
[2024-01-26T13:01:04.314+0000] {logging_mixin.py:149} INFO - [2024-01-26T13:01:04.314+0000] {dag.py:3486} INFO - Setting next_dagrun for our_first_dag_v5 to 2024-01-24T16:00:00+00:00, run_after=2024-01-25T16:00:00+00:00
[2024-01-26T13:01:04.368+0000] {processor.py:179} INFO - Processing /opt/airflow/dags/our_first_dag.py took 0.337 seconds
[2024-01-26T13:01:34.927+0000] {processor.py:157} INFO - Started process (PID=211) to work on /opt/airflow/dags/our_first_dag.py
[2024-01-26T13:01:34.932+0000] {processor.py:826} INFO - Processing file /opt/airflow/dags/our_first_dag.py for tasks to queue
[2024-01-26T13:01:34.935+0000] {logging_mixin.py:149} INFO - [2024-01-26T13:01:34.935+0000] {dagbag.py:541} INFO - Filling up the DagBag from /opt/airflow/dags/our_first_dag.py
[2024-01-26T13:01:34.969+0000] {processor.py:836} INFO - DAG(s) dict_keys(['our_first_dag_v5']) retrieved from /opt/airflow/dags/our_first_dag.py
[2024-01-26T13:01:35.032+0000] {logging_mixin.py:149} INFO - [2024-01-26T13:01:35.032+0000] {dag.py:2726} INFO - Sync 1 DAGs
[2024-01-26T13:01:35.082+0000] {logging_mixin.py:149} INFO - [2024-01-26T13:01:35.081+0000] {dag.py:3486} INFO - Setting next_dagrun for our_first_dag_v5 to 2024-01-24T16:00:00+00:00, run_after=2024-01-25T16:00:00+00:00
[2024-01-26T13:01:35.117+0000] {processor.py:179} INFO - Processing /opt/airflow/dags/our_first_dag.py took 0.197 seconds
[2024-01-26T13:02:05.426+0000] {processor.py:157} INFO - Started process (PID=227) to work on /opt/airflow/dags/our_first_dag.py
[2024-01-26T13:02:05.436+0000] {processor.py:826} INFO - Processing file /opt/airflow/dags/our_first_dag.py for tasks to queue
[2024-01-26T13:02:05.443+0000] {logging_mixin.py:149} INFO - [2024-01-26T13:02:05.442+0000] {dagbag.py:541} INFO - Filling up the DagBag from /opt/airflow/dags/our_first_dag.py
[2024-01-26T13:02:05.493+0000] {processor.py:836} INFO - DAG(s) dict_keys(['our_first_dag_v5']) retrieved from /opt/airflow/dags/our_first_dag.py
[2024-01-26T13:02:05.599+0000] {logging_mixin.py:149} INFO - [2024-01-26T13:02:05.598+0000] {dag.py:2726} INFO - Sync 1 DAGs
[2024-01-26T13:02:05.694+0000] {logging_mixin.py:149} INFO - [2024-01-26T13:02:05.693+0000] {dag.py:3486} INFO - Setting next_dagrun for our_first_dag_v5 to 2024-01-24T16:00:00+00:00, run_after=2024-01-25T16:00:00+00:00
[2024-01-26T13:02:05.750+0000] {processor.py:179} INFO - Processing /opt/airflow/dags/our_first_dag.py took 0.334 seconds
[2024-01-26T13:02:35.966+0000] {processor.py:157} INFO - Started process (PID=243) to work on /opt/airflow/dags/our_first_dag.py
[2024-01-26T13:02:35.969+0000] {processor.py:826} INFO - Processing file /opt/airflow/dags/our_first_dag.py for tasks to queue
[2024-01-26T13:02:35.972+0000] {logging_mixin.py:149} INFO - [2024-01-26T13:02:35.972+0000] {dagbag.py:541} INFO - Filling up the DagBag from /opt/airflow/dags/our_first_dag.py
[2024-01-26T13:02:36.003+0000] {processor.py:836} INFO - DAG(s) dict_keys(['our_first_dag_v5']) retrieved from /opt/airflow/dags/our_first_dag.py
[2024-01-26T13:02:36.057+0000] {logging_mixin.py:149} INFO - [2024-01-26T13:02:36.057+0000] {dag.py:2726} INFO - Sync 1 DAGs
[2024-01-26T13:02:36.101+0000] {logging_mixin.py:149} INFO - [2024-01-26T13:02:36.100+0000] {dag.py:3486} INFO - Setting next_dagrun for our_first_dag_v5 to 2024-01-24T16:00:00+00:00, run_after=2024-01-25T16:00:00+00:00
[2024-01-26T13:02:36.134+0000] {processor.py:179} INFO - Processing /opt/airflow/dags/our_first_dag.py took 0.176 seconds
[2024-01-26T13:03:06.238+0000] {processor.py:157} INFO - Started process (PID=259) to work on /opt/airflow/dags/our_first_dag.py
[2024-01-26T13:03:06.241+0000] {processor.py:826} INFO - Processing file /opt/airflow/dags/our_first_dag.py for tasks to queue
[2024-01-26T13:03:06.244+0000] {logging_mixin.py:149} INFO - [2024-01-26T13:03:06.244+0000] {dagbag.py:541} INFO - Filling up the DagBag from /opt/airflow/dags/our_first_dag.py
[2024-01-26T13:03:06.273+0000] {processor.py:836} INFO - DAG(s) dict_keys(['our_first_dag_v5']) retrieved from /opt/airflow/dags/our_first_dag.py
[2024-01-26T13:03:06.326+0000] {logging_mixin.py:149} INFO - [2024-01-26T13:03:06.325+0000] {dag.py:2726} INFO - Sync 1 DAGs
[2024-01-26T13:03:06.368+0000] {logging_mixin.py:149} INFO - [2024-01-26T13:03:06.368+0000] {dag.py:3486} INFO - Setting next_dagrun for our_first_dag_v5 to 2024-01-24T16:00:00+00:00, run_after=2024-01-25T16:00:00+00:00
[2024-01-26T13:03:06.403+0000] {processor.py:179} INFO - Processing /opt/airflow/dags/our_first_dag.py took 0.171 seconds
[2024-01-26T13:03:37.019+0000] {processor.py:157} INFO - Started process (PID=275) to work on /opt/airflow/dags/our_first_dag.py
[2024-01-26T13:03:37.024+0000] {processor.py:826} INFO - Processing file /opt/airflow/dags/our_first_dag.py for tasks to queue
[2024-01-26T13:03:37.028+0000] {logging_mixin.py:149} INFO - [2024-01-26T13:03:37.027+0000] {dagbag.py:541} INFO - Filling up the DagBag from /opt/airflow/dags/our_first_dag.py
[2024-01-26T13:03:37.076+0000] {processor.py:836} INFO - DAG(s) dict_keys(['our_first_dag_v5']) retrieved from /opt/airflow/dags/our_first_dag.py
[2024-01-26T13:03:37.156+0000] {logging_mixin.py:149} INFO - [2024-01-26T13:03:37.156+0000] {dag.py:2726} INFO - Sync 1 DAGs
[2024-01-26T13:03:37.220+0000] {logging_mixin.py:149} INFO - [2024-01-26T13:03:37.220+0000] {dag.py:3486} INFO - Setting next_dagrun for our_first_dag_v5 to 2024-01-24T16:00:00+00:00, run_after=2024-01-25T16:00:00+00:00
[2024-01-26T13:03:37.282+0000] {processor.py:179} INFO - Processing /opt/airflow/dags/our_first_dag.py took 0.273 seconds
[2024-01-26T13:04:08.071+0000] {processor.py:157} INFO - Started process (PID=290) to work on /opt/airflow/dags/our_first_dag.py
[2024-01-26T13:04:08.079+0000] {processor.py:826} INFO - Processing file /opt/airflow/dags/our_first_dag.py for tasks to queue
[2024-01-26T13:04:08.084+0000] {logging_mixin.py:149} INFO - [2024-01-26T13:04:08.084+0000] {dagbag.py:541} INFO - Filling up the DagBag from /opt/airflow/dags/our_first_dag.py
[2024-01-26T13:04:08.147+0000] {processor.py:836} INFO - DAG(s) dict_keys(['our_first_dag_v5']) retrieved from /opt/airflow/dags/our_first_dag.py
[2024-01-26T13:04:08.254+0000] {logging_mixin.py:149} INFO - [2024-01-26T13:04:08.254+0000] {dag.py:2726} INFO - Sync 1 DAGs
[2024-01-26T13:04:08.336+0000] {logging_mixin.py:149} INFO - [2024-01-26T13:04:08.336+0000] {dag.py:3486} INFO - Setting next_dagrun for our_first_dag_v5 to 2024-01-24T16:00:00+00:00, run_after=2024-01-25T16:00:00+00:00
[2024-01-26T13:04:08.393+0000] {processor.py:179} INFO - Processing /opt/airflow/dags/our_first_dag.py took 0.336 seconds
[2024-01-26T13:04:39.054+0000] {processor.py:157} INFO - Started process (PID=305) to work on /opt/airflow/dags/our_first_dag.py
[2024-01-26T13:04:39.057+0000] {processor.py:826} INFO - Processing file /opt/airflow/dags/our_first_dag.py for tasks to queue
[2024-01-26T13:04:39.060+0000] {logging_mixin.py:149} INFO - [2024-01-26T13:04:39.059+0000] {dagbag.py:541} INFO - Filling up the DagBag from /opt/airflow/dags/our_first_dag.py
[2024-01-26T13:04:39.091+0000] {processor.py:836} INFO - DAG(s) dict_keys(['our_first_dag_v5']) retrieved from /opt/airflow/dags/our_first_dag.py
[2024-01-26T13:04:39.171+0000] {logging_mixin.py:149} INFO - [2024-01-26T13:04:39.170+0000] {dag.py:2726} INFO - Sync 1 DAGs
[2024-01-26T13:04:39.252+0000] {logging_mixin.py:149} INFO - [2024-01-26T13:04:39.251+0000] {dag.py:3486} INFO - Setting next_dagrun for our_first_dag_v5 to 2024-01-24T16:00:00+00:00, run_after=2024-01-25T16:00:00+00:00
[2024-01-26T13:04:39.304+0000] {processor.py:179} INFO - Processing /opt/airflow/dags/our_first_dag.py took 0.257 seconds
[2024-01-26T13:12:24.303+0000] {processor.py:157} INFO - Started process (PID=49) to work on /opt/airflow/dags/our_first_dag.py
[2024-01-26T13:12:24.338+0000] {processor.py:826} INFO - Processing file /opt/airflow/dags/our_first_dag.py for tasks to queue
[2024-01-26T13:12:24.356+0000] {logging_mixin.py:149} INFO - [2024-01-26T13:12:24.354+0000] {dagbag.py:541} INFO - Filling up the DagBag from /opt/airflow/dags/our_first_dag.py
[2024-01-26T13:12:25.084+0000] {processor.py:836} INFO - DAG(s) dict_keys(['our_first_dag_v5']) retrieved from /opt/airflow/dags/our_first_dag.py
[2024-01-26T13:12:27.696+0000] {logging_mixin.py:149} INFO - [2024-01-26T13:12:27.694+0000] {dag.py:2726} INFO - Sync 1 DAGs
[2024-01-26T13:12:28.901+0000] {logging_mixin.py:149} INFO - [2024-01-26T13:12:28.872+0000] {dag.py:3486} INFO - Setting next_dagrun for our_first_dag_v5 to 2024-01-24T16:00:00+00:00, run_after=2024-01-25T16:00:00+00:00
[2024-01-26T13:12:29.570+0000] {processor.py:179} INFO - Processing /opt/airflow/dags/our_first_dag.py took 5.375 seconds
[2024-01-26T13:13:00.883+0000] {processor.py:157} INFO - Started process (PID=63) to work on /opt/airflow/dags/our_first_dag.py
[2024-01-26T13:13:00.922+0000] {processor.py:826} INFO - Processing file /opt/airflow/dags/our_first_dag.py for tasks to queue
[2024-01-26T13:13:00.947+0000] {logging_mixin.py:149} INFO - [2024-01-26T13:13:00.946+0000] {dagbag.py:541} INFO - Filling up the DagBag from /opt/airflow/dags/our_first_dag.py
[2024-01-26T13:13:01.154+0000] {processor.py:836} INFO - DAG(s) dict_keys(['our_first_dag_v5']) retrieved from /opt/airflow/dags/our_first_dag.py
[2024-01-26T13:13:01.372+0000] {logging_mixin.py:149} INFO - [2024-01-26T13:13:01.371+0000] {dag.py:2726} INFO - Sync 1 DAGs
[2024-01-26T13:13:01.572+0000] {logging_mixin.py:149} INFO - [2024-01-26T13:13:01.571+0000] {dag.py:3486} INFO - Setting next_dagrun for our_first_dag_v5 to 2024-01-24T16:00:00+00:00, run_after=2024-01-25T16:00:00+00:00
[2024-01-26T13:13:01.710+0000] {processor.py:179} INFO - Processing /opt/airflow/dags/our_first_dag.py took 0.900 seconds
[2024-01-26T13:13:32.058+0000] {processor.py:157} INFO - Started process (PID=78) to work on /opt/airflow/dags/our_first_dag.py
[2024-01-26T13:13:32.070+0000] {processor.py:826} INFO - Processing file /opt/airflow/dags/our_first_dag.py for tasks to queue
[2024-01-26T13:13:32.082+0000] {logging_mixin.py:149} INFO - [2024-01-26T13:13:32.080+0000] {dagbag.py:541} INFO - Filling up the DagBag from /opt/airflow/dags/our_first_dag.py
[2024-01-26T13:13:32.237+0000] {processor.py:836} INFO - DAG(s) dict_keys(['our_first_dag_v5']) retrieved from /opt/airflow/dags/our_first_dag.py
[2024-01-26T13:13:32.524+0000] {logging_mixin.py:149} INFO - [2024-01-26T13:13:32.523+0000] {dag.py:2726} INFO - Sync 1 DAGs
[2024-01-26T13:13:32.832+0000] {logging_mixin.py:149} INFO - [2024-01-26T13:13:32.831+0000] {dag.py:3486} INFO - Setting next_dagrun for our_first_dag_v5 to 2024-01-24T16:00:00+00:00, run_after=2024-01-25T16:00:00+00:00
[2024-01-26T13:13:33.497+0000] {processor.py:179} INFO - Processing /opt/airflow/dags/our_first_dag.py took 1.478 seconds
[2024-01-26T13:14:03.899+0000] {processor.py:157} INFO - Started process (PID=93) to work on /opt/airflow/dags/our_first_dag.py
[2024-01-26T13:14:03.904+0000] {processor.py:826} INFO - Processing file /opt/airflow/dags/our_first_dag.py for tasks to queue
[2024-01-26T13:14:03.909+0000] {logging_mixin.py:149} INFO - [2024-01-26T13:14:03.908+0000] {dagbag.py:541} INFO - Filling up the DagBag from /opt/airflow/dags/our_first_dag.py
[2024-01-26T13:14:03.961+0000] {processor.py:836} INFO - DAG(s) dict_keys(['our_first_dag_v5']) retrieved from /opt/airflow/dags/our_first_dag.py
[2024-01-26T13:14:04.049+0000] {logging_mixin.py:149} INFO - [2024-01-26T13:14:04.049+0000] {dag.py:2726} INFO - Sync 1 DAGs
[2024-01-26T13:14:04.434+0000] {logging_mixin.py:149} INFO - [2024-01-26T13:14:04.434+0000] {dag.py:3486} INFO - Setting next_dagrun for our_first_dag_v5 to 2024-01-24T16:00:00+00:00, run_after=2024-01-25T16:00:00+00:00
[2024-01-26T13:14:04.480+0000] {processor.py:179} INFO - Processing /opt/airflow/dags/our_first_dag.py took 0.591 seconds
[2024-01-26T13:14:34.614+0000] {processor.py:157} INFO - Started process (PID=108) to work on /opt/airflow/dags/our_first_dag.py
[2024-01-26T13:14:34.618+0000] {processor.py:826} INFO - Processing file /opt/airflow/dags/our_first_dag.py for tasks to queue
[2024-01-26T13:14:34.622+0000] {logging_mixin.py:149} INFO - [2024-01-26T13:14:34.621+0000] {dagbag.py:541} INFO - Filling up the DagBag from /opt/airflow/dags/our_first_dag.py
[2024-01-26T13:14:34.655+0000] {processor.py:836} INFO - DAG(s) dict_keys(['our_first_dag_v5']) retrieved from /opt/airflow/dags/our_first_dag.py
[2024-01-26T13:14:34.718+0000] {logging_mixin.py:149} INFO - [2024-01-26T13:14:34.718+0000] {dag.py:2726} INFO - Sync 1 DAGs
[2024-01-26T13:14:34.925+0000] {logging_mixin.py:149} INFO - [2024-01-26T13:14:34.925+0000] {dag.py:3486} INFO - Setting next_dagrun for our_first_dag_v5 to 2024-01-24T16:00:00+00:00, run_after=2024-01-25T16:00:00+00:00
[2024-01-26T13:14:34.959+0000] {processor.py:179} INFO - Processing /opt/airflow/dags/our_first_dag.py took 0.353 seconds
[2024-01-26T13:15:05.206+0000] {processor.py:157} INFO - Started process (PID=123) to work on /opt/airflow/dags/our_first_dag.py
[2024-01-26T13:15:05.219+0000] {processor.py:826} INFO - Processing file /opt/airflow/dags/our_first_dag.py for tasks to queue
[2024-01-26T13:15:05.222+0000] {logging_mixin.py:149} INFO - [2024-01-26T13:15:05.222+0000] {dagbag.py:541} INFO - Filling up the DagBag from /opt/airflow/dags/our_first_dag.py
[2024-01-26T13:15:05.280+0000] {processor.py:836} INFO - DAG(s) dict_keys(['our_first_dag_v5']) retrieved from /opt/airflow/dags/our_first_dag.py
[2024-01-26T13:15:05.549+0000] {logging_mixin.py:149} INFO - [2024-01-26T13:15:05.549+0000] {dag.py:2726} INFO - Sync 1 DAGs
[2024-01-26T13:15:05.587+0000] {logging_mixin.py:149} INFO - [2024-01-26T13:15:05.587+0000] {dag.py:3486} INFO - Setting next_dagrun for our_first_dag_v5 to 2024-01-24T16:00:00+00:00, run_after=2024-01-25T16:00:00+00:00
[2024-01-26T13:15:05.624+0000] {processor.py:179} INFO - Processing /opt/airflow/dags/our_first_dag.py took 0.427 seconds
[2024-01-26T13:15:35.785+0000] {processor.py:157} INFO - Started process (PID=138) to work on /opt/airflow/dags/our_first_dag.py
[2024-01-26T13:15:35.788+0000] {processor.py:826} INFO - Processing file /opt/airflow/dags/our_first_dag.py for tasks to queue
[2024-01-26T13:15:35.791+0000] {logging_mixin.py:149} INFO - [2024-01-26T13:15:35.791+0000] {dagbag.py:541} INFO - Filling up the DagBag from /opt/airflow/dags/our_first_dag.py
[2024-01-26T13:15:35.974+0000] {processor.py:836} INFO - DAG(s) dict_keys(['our_first_dag_v5']) retrieved from /opt/airflow/dags/our_first_dag.py
[2024-01-26T13:15:36.015+0000] {logging_mixin.py:149} INFO - [2024-01-26T13:15:36.015+0000] {dag.py:2726} INFO - Sync 1 DAGs
[2024-01-26T13:15:36.053+0000] {logging_mixin.py:149} INFO - [2024-01-26T13:15:36.053+0000] {dag.py:3486} INFO - Setting next_dagrun for our_first_dag_v5 to 2024-01-24T16:00:00+00:00, run_after=2024-01-25T16:00:00+00:00
[2024-01-26T13:15:36.080+0000] {processor.py:179} INFO - Processing /opt/airflow/dags/our_first_dag.py took 0.301 seconds
[2024-01-26T13:16:07.039+0000] {processor.py:157} INFO - Started process (PID=160) to work on /opt/airflow/dags/our_first_dag.py
[2024-01-26T13:16:07.042+0000] {processor.py:826} INFO - Processing file /opt/airflow/dags/our_first_dag.py for tasks to queue
[2024-01-26T13:16:07.044+0000] {logging_mixin.py:149} INFO - [2024-01-26T13:16:07.044+0000] {dagbag.py:541} INFO - Filling up the DagBag from /opt/airflow/dags/our_first_dag.py
[2024-01-26T13:16:07.077+0000] {processor.py:836} INFO - DAG(s) dict_keys(['our_first_dag_v5']) retrieved from /opt/airflow/dags/our_first_dag.py
[2024-01-26T13:16:07.128+0000] {logging_mixin.py:149} INFO - [2024-01-26T13:16:07.128+0000] {dag.py:2726} INFO - Sync 1 DAGs
[2024-01-26T13:16:07.168+0000] {logging_mixin.py:149} INFO - [2024-01-26T13:16:07.168+0000] {dag.py:3486} INFO - Setting next_dagrun for our_first_dag_v5 to 2024-01-24T16:00:00+00:00, run_after=2024-01-25T16:00:00+00:00
[2024-01-26T13:16:07.198+0000] {processor.py:179} INFO - Processing /opt/airflow/dags/our_first_dag.py took 0.166 seconds
[2024-01-26T13:16:37.512+0000] {processor.py:157} INFO - Started process (PID=175) to work on /opt/airflow/dags/our_first_dag.py
[2024-01-26T13:16:37.519+0000] {processor.py:826} INFO - Processing file /opt/airflow/dags/our_first_dag.py for tasks to queue
[2024-01-26T13:16:37.530+0000] {logging_mixin.py:149} INFO - [2024-01-26T13:16:37.529+0000] {dagbag.py:541} INFO - Filling up the DagBag from /opt/airflow/dags/our_first_dag.py
[2024-01-26T13:16:37.599+0000] {processor.py:836} INFO - DAG(s) dict_keys(['our_first_dag_v5']) retrieved from /opt/airflow/dags/our_first_dag.py
[2024-01-26T13:16:37.754+0000] {logging_mixin.py:149} INFO - [2024-01-26T13:16:37.754+0000] {dag.py:2726} INFO - Sync 1 DAGs
[2024-01-26T13:16:37.857+0000] {logging_mixin.py:149} INFO - [2024-01-26T13:16:37.856+0000] {dag.py:3486} INFO - Setting next_dagrun for our_first_dag_v5 to 2024-01-24T16:00:00+00:00, run_after=2024-01-25T16:00:00+00:00
[2024-01-26T13:16:37.938+0000] {processor.py:179} INFO - Processing /opt/airflow/dags/our_first_dag.py took 0.451 seconds
[2024-01-26T13:17:08.985+0000] {processor.py:157} INFO - Started process (PID=194) to work on /opt/airflow/dags/our_first_dag.py
[2024-01-26T13:17:08.989+0000] {processor.py:826} INFO - Processing file /opt/airflow/dags/our_first_dag.py for tasks to queue
[2024-01-26T13:17:08.991+0000] {logging_mixin.py:149} INFO - [2024-01-26T13:17:08.991+0000] {dagbag.py:541} INFO - Filling up the DagBag from /opt/airflow/dags/our_first_dag.py
[2024-01-26T13:17:09.025+0000] {processor.py:836} INFO - DAG(s) dict_keys(['our_first_dag_v5']) retrieved from /opt/airflow/dags/our_first_dag.py
[2024-01-26T13:17:09.094+0000] {logging_mixin.py:149} INFO - [2024-01-26T13:17:09.093+0000] {dag.py:2726} INFO - Sync 1 DAGs
[2024-01-26T13:17:09.168+0000] {logging_mixin.py:149} INFO - [2024-01-26T13:17:09.167+0000] {dag.py:3486} INFO - Setting next_dagrun for our_first_dag_v5 to 2024-01-24T16:00:00+00:00, run_after=2024-01-25T16:00:00+00:00
[2024-01-26T13:17:09.204+0000] {processor.py:179} INFO - Processing /opt/airflow/dags/our_first_dag.py took 0.225 seconds
[2024-01-26T13:17:39.454+0000] {processor.py:157} INFO - Started process (PID=209) to work on /opt/airflow/dags/our_first_dag.py
[2024-01-26T13:17:39.459+0000] {processor.py:826} INFO - Processing file /opt/airflow/dags/our_first_dag.py for tasks to queue
[2024-01-26T13:17:39.463+0000] {logging_mixin.py:149} INFO - [2024-01-26T13:17:39.463+0000] {dagbag.py:541} INFO - Filling up the DagBag from /opt/airflow/dags/our_first_dag.py
[2024-01-26T13:17:39.518+0000] {processor.py:836} INFO - DAG(s) dict_keys(['our_first_dag_v5']) retrieved from /opt/airflow/dags/our_first_dag.py
[2024-01-26T13:17:39.650+0000] {logging_mixin.py:149} INFO - [2024-01-26T13:17:39.649+0000] {dag.py:2726} INFO - Sync 1 DAGs
[2024-01-26T13:17:39.695+0000] {logging_mixin.py:149} INFO - [2024-01-26T13:17:39.695+0000] {dag.py:3486} INFO - Setting next_dagrun for our_first_dag_v5 to 2024-01-24T16:00:00+00:00, run_after=2024-01-25T16:00:00+00:00
[2024-01-26T13:17:39.728+0000] {processor.py:179} INFO - Processing /opt/airflow/dags/our_first_dag.py took 0.282 seconds
[2024-01-26T13:18:09.794+0000] {processor.py:157} INFO - Started process (PID=224) to work on /opt/airflow/dags/our_first_dag.py
[2024-01-26T13:18:09.796+0000] {processor.py:826} INFO - Processing file /opt/airflow/dags/our_first_dag.py for tasks to queue
[2024-01-26T13:18:09.800+0000] {logging_mixin.py:149} INFO - [2024-01-26T13:18:09.800+0000] {dagbag.py:541} INFO - Filling up the DagBag from /opt/airflow/dags/our_first_dag.py
[2024-01-26T13:18:09.827+0000] {processor.py:836} INFO - DAG(s) dict_keys(['our_first_dag_v5']) retrieved from /opt/airflow/dags/our_first_dag.py
[2024-01-26T13:18:09.878+0000] {logging_mixin.py:149} INFO - [2024-01-26T13:18:09.877+0000] {dag.py:2726} INFO - Sync 1 DAGs
[2024-01-26T13:18:09.917+0000] {logging_mixin.py:149} INFO - [2024-01-26T13:18:09.917+0000] {dag.py:3486} INFO - Setting next_dagrun for our_first_dag_v5 to 2024-01-24T16:00:00+00:00, run_after=2024-01-25T16:00:00+00:00
[2024-01-26T13:18:09.946+0000] {processor.py:179} INFO - Processing /opt/airflow/dags/our_first_dag.py took 0.159 seconds
[2024-01-26T13:18:40.325+0000] {processor.py:157} INFO - Started process (PID=239) to work on /opt/airflow/dags/our_first_dag.py
[2024-01-26T13:18:40.329+0000] {processor.py:826} INFO - Processing file /opt/airflow/dags/our_first_dag.py for tasks to queue
[2024-01-26T13:18:40.333+0000] {logging_mixin.py:149} INFO - [2024-01-26T13:18:40.332+0000] {dagbag.py:541} INFO - Filling up the DagBag from /opt/airflow/dags/our_first_dag.py
[2024-01-26T13:18:40.367+0000] {processor.py:836} INFO - DAG(s) dict_keys(['our_first_dag_v5']) retrieved from /opt/airflow/dags/our_first_dag.py
[2024-01-26T13:18:40.424+0000] {logging_mixin.py:149} INFO - [2024-01-26T13:18:40.423+0000] {dag.py:2726} INFO - Sync 1 DAGs
[2024-01-26T13:18:40.469+0000] {logging_mixin.py:149} INFO - [2024-01-26T13:18:40.469+0000] {dag.py:3486} INFO - Setting next_dagrun for our_first_dag_v5 to 2024-01-24T16:00:00+00:00, run_after=2024-01-25T16:00:00+00:00
[2024-01-26T13:18:40.506+0000] {processor.py:179} INFO - Processing /opt/airflow/dags/our_first_dag.py took 0.188 seconds
[2024-01-26T13:19:11.459+0000] {processor.py:157} INFO - Started process (PID=254) to work on /opt/airflow/dags/our_first_dag.py
[2024-01-26T13:19:11.467+0000] {processor.py:826} INFO - Processing file /opt/airflow/dags/our_first_dag.py for tasks to queue
[2024-01-26T13:19:11.473+0000] {logging_mixin.py:149} INFO - [2024-01-26T13:19:11.473+0000] {dagbag.py:541} INFO - Filling up the DagBag from /opt/airflow/dags/our_first_dag.py
[2024-01-26T13:19:11.537+0000] {processor.py:836} INFO - DAG(s) dict_keys(['our_first_dag_v5']) retrieved from /opt/airflow/dags/our_first_dag.py
[2024-01-26T13:19:11.652+0000] {logging_mixin.py:149} INFO - [2024-01-26T13:19:11.651+0000] {dag.py:2726} INFO - Sync 1 DAGs
[2024-01-26T13:19:11.715+0000] {logging_mixin.py:149} INFO - [2024-01-26T13:19:11.715+0000] {dag.py:3486} INFO - Setting next_dagrun for our_first_dag_v5 to 2024-01-24T16:00:00+00:00, run_after=2024-01-25T16:00:00+00:00
[2024-01-26T13:19:11.769+0000] {processor.py:179} INFO - Processing /opt/airflow/dags/our_first_dag.py took 0.331 seconds
[2024-01-26T13:19:41.938+0000] {processor.py:157} INFO - Started process (PID=269) to work on /opt/airflow/dags/our_first_dag.py
[2024-01-26T13:19:41.941+0000] {processor.py:826} INFO - Processing file /opt/airflow/dags/our_first_dag.py for tasks to queue
[2024-01-26T13:19:41.944+0000] {logging_mixin.py:149} INFO - [2024-01-26T13:19:41.944+0000] {dagbag.py:541} INFO - Filling up the DagBag from /opt/airflow/dags/our_first_dag.py
[2024-01-26T13:19:41.973+0000] {processor.py:836} INFO - DAG(s) dict_keys(['our_first_dag_v5']) retrieved from /opt/airflow/dags/our_first_dag.py
[2024-01-26T13:19:42.025+0000] {logging_mixin.py:149} INFO - [2024-01-26T13:19:42.025+0000] {dag.py:2726} INFO - Sync 1 DAGs
[2024-01-26T13:19:42.065+0000] {logging_mixin.py:149} INFO - [2024-01-26T13:19:42.064+0000] {dag.py:3486} INFO - Setting next_dagrun for our_first_dag_v5 to 2024-01-24T16:00:00+00:00, run_after=2024-01-25T16:00:00+00:00
[2024-01-26T13:19:42.093+0000] {processor.py:179} INFO - Processing /opt/airflow/dags/our_first_dag.py took 0.162 seconds
[2024-01-26T13:20:12.955+0000] {processor.py:157} INFO - Started process (PID=284) to work on /opt/airflow/dags/our_first_dag.py
[2024-01-26T13:20:12.958+0000] {processor.py:826} INFO - Processing file /opt/airflow/dags/our_first_dag.py for tasks to queue
[2024-01-26T13:20:12.961+0000] {logging_mixin.py:149} INFO - [2024-01-26T13:20:12.961+0000] {dagbag.py:541} INFO - Filling up the DagBag from /opt/airflow/dags/our_first_dag.py
[2024-01-26T13:20:12.990+0000] {processor.py:836} INFO - DAG(s) dict_keys(['our_first_dag_v5']) retrieved from /opt/airflow/dags/our_first_dag.py
[2024-01-26T13:20:13.041+0000] {logging_mixin.py:149} INFO - [2024-01-26T13:20:13.041+0000] {dag.py:2726} INFO - Sync 1 DAGs
[2024-01-26T13:20:13.081+0000] {logging_mixin.py:149} INFO - [2024-01-26T13:20:13.081+0000] {dag.py:3486} INFO - Setting next_dagrun for our_first_dag_v5 to 2024-01-24T16:00:00+00:00, run_after=2024-01-25T16:00:00+00:00
[2024-01-26T13:20:13.108+0000] {processor.py:179} INFO - Processing /opt/airflow/dags/our_first_dag.py took 0.160 seconds
[2024-01-26T13:20:43.863+0000] {processor.py:157} INFO - Started process (PID=299) to work on /opt/airflow/dags/our_first_dag.py
[2024-01-26T13:20:43.866+0000] {processor.py:826} INFO - Processing file /opt/airflow/dags/our_first_dag.py for tasks to queue
[2024-01-26T13:20:43.869+0000] {logging_mixin.py:149} INFO - [2024-01-26T13:20:43.869+0000] {dagbag.py:541} INFO - Filling up the DagBag from /opt/airflow/dags/our_first_dag.py
[2024-01-26T13:20:43.909+0000] {processor.py:836} INFO - DAG(s) dict_keys(['our_first_dag_v5']) retrieved from /opt/airflow/dags/our_first_dag.py
[2024-01-26T13:20:43.969+0000] {logging_mixin.py:149} INFO - [2024-01-26T13:20:43.968+0000] {dag.py:2726} INFO - Sync 1 DAGs
[2024-01-26T13:20:44.156+0000] {logging_mixin.py:149} INFO - [2024-01-26T13:20:44.156+0000] {dag.py:3486} INFO - Setting next_dagrun for our_first_dag_v5 to 2024-01-24T16:00:00+00:00, run_after=2024-01-25T16:00:00+00:00
[2024-01-26T13:20:44.185+0000] {processor.py:179} INFO - Processing /opt/airflow/dags/our_first_dag.py took 0.330 seconds
[2024-01-26T13:21:14.606+0000] {processor.py:157} INFO - Started process (PID=324) to work on /opt/airflow/dags/our_first_dag.py
[2024-01-26T13:21:14.608+0000] {processor.py:826} INFO - Processing file /opt/airflow/dags/our_first_dag.py for tasks to queue
[2024-01-26T13:21:14.611+0000] {logging_mixin.py:149} INFO - [2024-01-26T13:21:14.610+0000] {dagbag.py:541} INFO - Filling up the DagBag from /opt/airflow/dags/our_first_dag.py
[2024-01-26T13:21:14.638+0000] {processor.py:836} INFO - DAG(s) dict_keys(['our_first_dag_v5']) retrieved from /opt/airflow/dags/our_first_dag.py
[2024-01-26T13:21:14.689+0000] {logging_mixin.py:149} INFO - [2024-01-26T13:21:14.688+0000] {dag.py:2726} INFO - Sync 1 DAGs
[2024-01-26T13:21:14.731+0000] {logging_mixin.py:149} INFO - [2024-01-26T13:21:14.731+0000] {dag.py:3486} INFO - Setting next_dagrun for our_first_dag_v5 to 2024-01-25T16:00:00+00:00, run_after=2024-01-26T16:00:00+00:00
[2024-01-26T13:21:14.762+0000] {processor.py:179} INFO - Processing /opt/airflow/dags/our_first_dag.py took 0.162 seconds
[2024-01-26T13:21:45.630+0000] {processor.py:157} INFO - Started process (PID=339) to work on /opt/airflow/dags/our_first_dag.py
[2024-01-26T13:21:45.633+0000] {processor.py:826} INFO - Processing file /opt/airflow/dags/our_first_dag.py for tasks to queue
[2024-01-26T13:21:45.636+0000] {logging_mixin.py:149} INFO - [2024-01-26T13:21:45.636+0000] {dagbag.py:541} INFO - Filling up the DagBag from /opt/airflow/dags/our_first_dag.py
[2024-01-26T13:21:45.664+0000] {processor.py:836} INFO - DAG(s) dict_keys(['our_first_dag_v5']) retrieved from /opt/airflow/dags/our_first_dag.py
[2024-01-26T13:21:45.713+0000] {logging_mixin.py:149} INFO - [2024-01-26T13:21:45.713+0000] {dag.py:2726} INFO - Sync 1 DAGs
[2024-01-26T13:21:45.754+0000] {logging_mixin.py:149} INFO - [2024-01-26T13:21:45.754+0000] {dag.py:3486} INFO - Setting next_dagrun for our_first_dag_v5 to 2024-01-25T16:00:00+00:00, run_after=2024-01-26T16:00:00+00:00
[2024-01-26T13:21:45.782+0000] {processor.py:179} INFO - Processing /opt/airflow/dags/our_first_dag.py took 0.158 seconds
[2024-01-26T13:22:16.639+0000] {processor.py:157} INFO - Started process (PID=354) to work on /opt/airflow/dags/our_first_dag.py
[2024-01-26T13:22:16.643+0000] {processor.py:826} INFO - Processing file /opt/airflow/dags/our_first_dag.py for tasks to queue
[2024-01-26T13:22:16.646+0000] {logging_mixin.py:149} INFO - [2024-01-26T13:22:16.646+0000] {dagbag.py:541} INFO - Filling up the DagBag from /opt/airflow/dags/our_first_dag.py
[2024-01-26T13:22:16.675+0000] {processor.py:836} INFO - DAG(s) dict_keys(['our_first_dag_v5']) retrieved from /opt/airflow/dags/our_first_dag.py
[2024-01-26T13:22:16.727+0000] {logging_mixin.py:149} INFO - [2024-01-26T13:22:16.727+0000] {dag.py:2726} INFO - Sync 1 DAGs
[2024-01-26T13:22:16.770+0000] {logging_mixin.py:149} INFO - [2024-01-26T13:22:16.770+0000] {dag.py:3486} INFO - Setting next_dagrun for our_first_dag_v5 to 2024-01-25T16:00:00+00:00, run_after=2024-01-26T16:00:00+00:00
[2024-01-26T13:22:16.818+0000] {processor.py:179} INFO - Processing /opt/airflow/dags/our_first_dag.py took 0.185 seconds
[2024-01-26T13:22:47.026+0000] {processor.py:157} INFO - Started process (PID=369) to work on /opt/airflow/dags/our_first_dag.py
[2024-01-26T13:22:47.030+0000] {processor.py:826} INFO - Processing file /opt/airflow/dags/our_first_dag.py for tasks to queue
[2024-01-26T13:22:47.032+0000] {logging_mixin.py:149} INFO - [2024-01-26T13:22:47.032+0000] {dagbag.py:541} INFO - Filling up the DagBag from /opt/airflow/dags/our_first_dag.py
[2024-01-26T13:22:47.063+0000] {processor.py:836} INFO - DAG(s) dict_keys(['our_first_dag_v5']) retrieved from /opt/airflow/dags/our_first_dag.py
[2024-01-26T13:22:47.114+0000] {logging_mixin.py:149} INFO - [2024-01-26T13:22:47.113+0000] {dag.py:2726} INFO - Sync 1 DAGs
[2024-01-26T13:22:47.158+0000] {logging_mixin.py:149} INFO - [2024-01-26T13:22:47.158+0000] {dag.py:3486} INFO - Setting next_dagrun for our_first_dag_v5 to 2024-01-25T16:00:00+00:00, run_after=2024-01-26T16:00:00+00:00
[2024-01-26T13:22:47.197+0000] {processor.py:179} INFO - Processing /opt/airflow/dags/our_first_dag.py took 0.176 seconds
[2024-01-26T13:23:17.437+0000] {processor.py:157} INFO - Started process (PID=384) to work on /opt/airflow/dags/our_first_dag.py
[2024-01-26T13:23:17.440+0000] {processor.py:826} INFO - Processing file /opt/airflow/dags/our_first_dag.py for tasks to queue
[2024-01-26T13:23:17.444+0000] {logging_mixin.py:149} INFO - [2024-01-26T13:23:17.443+0000] {dagbag.py:541} INFO - Filling up the DagBag from /opt/airflow/dags/our_first_dag.py
[2024-01-26T13:23:17.477+0000] {processor.py:836} INFO - DAG(s) dict_keys(['our_first_dag_v5']) retrieved from /opt/airflow/dags/our_first_dag.py
[2024-01-26T13:23:17.537+0000] {logging_mixin.py:149} INFO - [2024-01-26T13:23:17.537+0000] {dag.py:2726} INFO - Sync 1 DAGs
[2024-01-26T13:23:17.584+0000] {logging_mixin.py:149} INFO - [2024-01-26T13:23:17.584+0000] {dag.py:3486} INFO - Setting next_dagrun for our_first_dag_v5 to 2024-01-25T16:00:00+00:00, run_after=2024-01-26T16:00:00+00:00
[2024-01-26T13:23:17.618+0000] {processor.py:179} INFO - Processing /opt/airflow/dags/our_first_dag.py took 0.188 seconds
